[0.751s] Invoking command in '/home/redi/examples/collision_avoidance': PYTHONPATH=/home/redi/examples/build/collision_avoidance/prefix_override:/home/redi/examples/install/collision_avoidance/lib/python3.8/site-packages:${PYTHONPATH} /usr/bin/python3 setup.py egg_info --egg-base ../build/collision_avoidance build --build-base /home/redi/examples/build/collision_avoidance/build install --record /home/redi/examples/build/collision_avoidance/install.log --install-scripts $base/lib/collision_avoidance --single-version-externally-managed
[1.000s] running egg_info
[1.001s] writing ../build/collision_avoidance/collision_avoidance.egg-info/PKG-INFO
[1.001s] writing dependency_links to ../build/collision_avoidance/collision_avoidance.egg-info/dependency_links.txt
[1.001s] writing entry points to ../build/collision_avoidance/collision_avoidance.egg-info/entry_points.txt
[1.001s] writing requirements to ../build/collision_avoidance/collision_avoidance.egg-info/requires.txt
[1.001s] writing top-level names to ../build/collision_avoidance/collision_avoidance.egg-info/top_level.txt
[1.033s] reading manifest file '../build/collision_avoidance/collision_avoidance.egg-info/SOURCES.txt'
[1.034s] writing manifest file '../build/collision_avoidance/collision_avoidance.egg-info/SOURCES.txt'
[1.034s] running build
[1.035s] running build_py
[1.035s] running install
[1.036s] running install_lib
[1.037s] running install_data
[1.037s] copying launch/robot_launch.py -> /home/redi/examples/install/collision_avoidance/share/collision_avoidance/launch
[1.038s] copying worlds/my_world.wbt -> /home/redi/examples/install/collision_avoidance/share/collision_avoidance/worlds
[1.038s] copying resource/my_robot.urdf -> /home/redi/examples/install/collision_avoidance/share/collision_avoidance/resource
[1.038s] copying resource/my_robot2.urdf -> /home/redi/examples/install/collision_avoidance/share/collision_avoidance/resource
[1.038s] running install_egg_info
[1.040s] removing '/home/redi/examples/install/collision_avoidance/lib/python3.8/site-packages/collision_avoidance-0.0.0-py3.8.egg-info' (and everything under it)
[1.040s] Copying ../build/collision_avoidance/collision_avoidance.egg-info to /home/redi/examples/install/collision_avoidance/lib/python3.8/site-packages/collision_avoidance-0.0.0-py3.8.egg-info
[1.041s] running install_scripts
[1.057s] Installing my_robot_driver script to /home/redi/examples/install/collision_avoidance/lib/collision_avoidance
[1.058s] writing list of installed files to '/home/redi/examples/build/collision_avoidance/install.log'
[1.078s] Invoked command in '/home/redi/examples/collision_avoidance' returned '0': PYTHONPATH=/home/redi/examples/build/collision_avoidance/prefix_override:/home/redi/examples/install/collision_avoidance/lib/python3.8/site-packages:${PYTHONPATH} /usr/bin/python3 setup.py egg_info --egg-base ../build/collision_avoidance build --build-base /home/redi/examples/build/collision_avoidance/build install --record /home/redi/examples/build/collision_avoidance/install.log --install-scripts $base/lib/collision_avoidance --single-version-externally-managed
