[1.481s] Invoking command in '/home/redi/examples/litter': PYTHONPATH=/home/redi/examples/build/litter/prefix_override:/home/redi/examples/install/litter/lib/python3.8/site-packages:${PYTHONPATH} /usr/bin/python3 setup.py egg_info --egg-base ../build/litter build --build-base /home/redi/examples/build/litter/build install --record /home/redi/examples/build/litter/install.log --install-scripts $base/lib/litter --single-version-externally-managed
[1.973s] running egg_info
[1.973s] writing ../build/litter/litter.egg-info/PKG-INFO
[1.974s] writing dependency_links to ../build/litter/litter.egg-info/dependency_links.txt
[1.975s] writing entry points to ../build/litter/litter.egg-info/entry_points.txt
[1.975s] writing requirements to ../build/litter/litter.egg-info/requires.txt
[1.975s] writing top-level names to ../build/litter/litter.egg-info/top_level.txt
[2.043s] reading manifest file '../build/litter/litter.egg-info/SOURCES.txt'
[2.045s] writing manifest file '../build/litter/litter.egg-info/SOURCES.txt'
[2.045s] running build
[2.045s] running build_py
[2.046s] running install
[2.048s] running install_lib
[2.051s] running install_data
[2.052s] running install_egg_info
[2.055s] removing '/home/redi/examples/install/litter/lib/python3.8/site-packages/litter-0.0.0-py3.8.egg-info' (and everything under it)
[2.056s] Copying ../build/litter/litter.egg-info to /home/redi/examples/install/litter/lib/python3.8/site-packages/litter-0.0.0-py3.8.egg-info
[2.058s] running install_scripts
[2.094s] Installing robot_driver script to /home/redi/examples/install/litter/lib/litter
[2.094s] writing list of installed files to '/home/redi/examples/build/litter/install.log'
[2.135s] Invoked command in '/home/redi/examples/litter' returned '0': PYTHONPATH=/home/redi/examples/build/litter/prefix_override:/home/redi/examples/install/litter/lib/python3.8/site-packages:${PYTHONPATH} /usr/bin/python3 setup.py egg_info --egg-base ../build/litter build --build-base /home/redi/examples/build/litter/build install --record /home/redi/examples/build/litter/install.log --install-scripts $base/lib/litter --single-version-externally-managed
