[0.740s] Invoking command in '/home/redi/examples/litter': PYTHONPATH=/home/redi/examples/build/litter/prefix_override:/home/redi/examples/install/litter/lib/python3.8/site-packages:${PYTHONPATH} /usr/bin/python3 setup.py egg_info --egg-base ../build/litter build --build-base /home/redi/examples/build/litter/build install --record /home/redi/examples/build/litter/install.log --install-scripts $base/lib/litter --single-version-externally-managed
[0.999s] running egg_info
[0.999s] creating ../build/litter/litter.egg-info
[0.999s] writing ../build/litter/litter.egg-info/PKG-INFO
[1.000s] writing dependency_links to ../build/litter/litter.egg-info/dependency_links.txt
[1.000s] writing entry points to ../build/litter/litter.egg-info/entry_points.txt
[1.000s] writing requirements to ../build/litter/litter.egg-info/requires.txt
[1.000s] writing top-level names to ../build/litter/litter.egg-info/top_level.txt
[1.002s] writing manifest file '../build/litter/litter.egg-info/SOURCES.txt'
[1.032s] reading manifest file '../build/litter/litter.egg-info/SOURCES.txt'
[1.033s] writing manifest file '../build/litter/litter.egg-info/SOURCES.txt'
[1.033s] running build
[1.033s] running build_py
[1.034s] creating /home/redi/examples/build/litter/build
[1.034s] creating /home/redi/examples/build/litter/build/lib
[1.034s] creating /home/redi/examples/build/litter/build/lib/litter
[1.034s] copying litter/__init__.py -> /home/redi/examples/build/litter/build/lib/litter
[1.034s] copying litter/supervisor_controller.py -> /home/redi/examples/build/litter/build/lib/litter
[1.034s] copying litter/robot_driver.py -> /home/redi/examples/build/litter/build/lib/litter
[1.034s] running install
[1.035s] running install_lib
[1.037s] creating /home/redi/examples/install/litter/lib/python3.8/site-packages/litter
[1.037s] copying /home/redi/examples/build/litter/build/lib/litter/__init__.py -> /home/redi/examples/install/litter/lib/python3.8/site-packages/litter
[1.037s] copying /home/redi/examples/build/litter/build/lib/litter/supervisor_controller.py -> /home/redi/examples/install/litter/lib/python3.8/site-packages/litter
[1.037s] copying /home/redi/examples/build/litter/build/lib/litter/robot_driver.py -> /home/redi/examples/install/litter/lib/python3.8/site-packages/litter
[1.038s] byte-compiling /home/redi/examples/install/litter/lib/python3.8/site-packages/litter/__init__.py to __init__.cpython-38.pyc
[1.041s] byte-compiling /home/redi/examples/install/litter/lib/python3.8/site-packages/litter/supervisor_controller.py to supervisor_controller.cpython-38.pyc
[1.041s] byte-compiling /home/redi/examples/install/litter/lib/python3.8/site-packages/litter/robot_driver.py to robot_driver.cpython-38.pyc
[1.041s] running install_data
[1.042s] creating /home/redi/examples/install/litter/share/ament_index
[1.042s] creating /home/redi/examples/install/litter/share/ament_index/resource_index
[1.042s] creating /home/redi/examples/install/litter/share/ament_index/resource_index/packages
[1.042s] copying resource/litter -> /home/redi/examples/install/litter/share/ament_index/resource_index/packages
[1.042s] copying package.xml -> /home/redi/examples/install/litter/share/litter
[1.042s] running install_egg_info
[1.044s] Copying ../build/litter/litter.egg-info to /home/redi/examples/install/litter/lib/python3.8/site-packages/litter-0.0.0-py3.8.egg-info
[1.045s] running install_scripts
[1.062s] Installing robot_driver script to /home/redi/examples/install/litter/lib/litter
[1.062s] writing list of installed files to '/home/redi/examples/build/litter/install.log'
[1.085s] Invoked command in '/home/redi/examples/litter' returned '0': PYTHONPATH=/home/redi/examples/build/litter/prefix_override:/home/redi/examples/install/litter/lib/python3.8/site-packages:${PYTHONPATH} /usr/bin/python3 setup.py egg_info --egg-base ../build/litter build --build-base /home/redi/examples/build/litter/build install --record /home/redi/examples/build/litter/install.log --install-scripts $base/lib/litter --single-version-externally-managed
