-- Found ament_cmake: 0.9.11 (/opt/ros/foxy/share/ament_cmake/cmake)
-- Using PYTHON_EXECUTABLE: /usr/bin/python3
-- Found rclcpp: 2.4.2 (/opt/ros/foxy/share/rclcpp/cmake)
-- Using all available rosidl_typesupport_c: rosidl_typesupport_fastrtps_c;rosidl_typesupport_introspection_c
-- Found rosidl_adapter: 1.3.0 (/opt/ros/foxy/share/rosidl_adapter/cmake)
-- Found OpenSSL: /usr/lib/x86_64-linux-gnu/libcrypto.so (found version "1.1.1f")  
-- Found FastRTPS: /opt/ros/foxy/include  
-- Using all available rosidl_typesupport_cpp: rosidl_typesupport_fastrtps_cpp;rosidl_typesupport_introspection_cpp
-- Found rmw_implementation_cmake: 1.0.3 (/opt/ros/foxy/share/rmw_implementation_cmake/cmake)
-- Using RMW implementation 'rmw_fastrtps_cpp' as default
-- Looking for pthread.h
-- Looking for pthread.h - found
-- Performing Test CMAKE_HAVE_LIBC_PTHREAD
-- Performing Test CMAKE_HAVE_LIBC_PTHREAD - Failed
-- Looking for pthread_create in pthreads
-- Looking for pthread_create in pthreads - not found
-- Looking for pthread_create in pthread
-- Looking for pthread_create in pthread - found
-- Found Threads: TRUE  
-- Found rclcpp_action: 2.4.2 (/opt/ros/foxy/share/rclcpp_action/cmake)
-- Found spazza_interfaces: 0.0.0 (/home/redi/litter/install/spazza_interfaces/share/spazza_interfaces/cmake)
-- Found plansys2_executor: 2.0.8 (/home/redi/ws2/install/plansys2_executor/share/plansys2_executor/cmake)
-- Found ros2_bdi_core: 0.0.0 (/home/redi/ws2/install/ros2_bdi_core/share/ros2_bdi_core/cmake)
-- Found ros2_bdi_interfaces: 0.0.0 (/home/redi/ws2/install/ros2_bdi_interfaces/share/ros2_bdi_interfaces/cmake)
-- Found ros2_bdi_utils: 0.0.0 (/home/redi/ws2/install/ros2_bdi_utils/share/ros2_bdi_utils/cmake)
-- Found ros2_bdi_skills: 0.0.0 (/home/redi/ws2/install/ros2_bdi_skills/share/ros2_bdi_skills/cmake)
-- Found javaff_interfaces: 0.0.0 (/home/redi/ws2/install/javaff_interfaces/share/javaff_interfaces/cmake)
CMake Error at /opt/ros/foxy/share/ament_cmake_target_dependencies/cmake/ament_target_dependencies.cmake:42 (message):
  ament_target_dependencies() the first argument must be a valid target name
Call Stack (most recent call first):
  CMakeLists.txt:38 (ament_target_dependencies)


-- Configuring incomplete, errors occurred!
See also "/home/redi/litter/build/online_bdi_spazza/CMakeFiles/CMakeOutput.log".
See also "/home/redi/litter/build/online_bdi_spazza/CMakeFiles/CMakeError.log".
make: *** [Makefile:222: cmake_check_build_system] Error 1
