[0.055s] Invoking command in '/home/redi/litter/build/online_bdi_spazza': AMENT_PREFIX_PATH=/home/redi/litter/install/spazza_interfaces:${AMENT_PREFIX_PATH} CMAKE_PREFIX_PATH=/home/redi/litter/install/spazza_interfaces:/home/redi/examples/install/spazza_interfaces:/home/redi/examples/install/bdi_spazza:/home/redi/ws2/install/ros2_bdi_on_webots:/home/redi/ws2/install/webots_ros2_simulations_interfaces:/home/redi/ws2/install/common_interfaces:/home/redi/ws2/install/visualization_msgs:/home/redi/ws2/install/test_msgs:/home/redi/ws2/install/ros2_bdi_tests:/home/redi/ws2/install/ros2_bdi_on_litter_world:/home/redi/ws2/install/ros2_bdi_skills:/home/redi/ws2/install/ros2_bdi_core:/home/redi/ws2/install/ros2_bdi_utils:/home/redi/ws2/install/plansys2_javaff_plan_solver:/home/redi/ws2/install/javaff_interfaces:/home/redi/ws2/install/ros2_bdi_interfaces:/home/redi/ws2/install/plansys2_tools:/home/redi/ws2/install/plansys2_terminal:/home/redi/ws2/install/plansys2_bt_actions:/home/redi/ws2/install/plansys2_bringup:/home/redi/ws2/install/plansys2_executor:/home/redi/ws2/install/plansys2_planner:/home/redi/ws2/install/plansys2_problem_expert:/home/redi/ws2/install/plansys2_domain_expert:/home/redi/ws2/install/plansys2_popf_plan_solver:/home/redi/ws2/install/plansys2_core:/home/redi/ws2/install/plansys2_pddl_parser:/home/redi/ws2/install/plansys2_msgs:/home/redi/ws2/install/example_interfaces:/home/redi/ws2/install/action_msgs:/home/redi/ws2/install/unique_identifier_msgs:/home/redi/ws2/install/trajectory_msgs:/home/redi/ws2/install/stereo_msgs:/home/redi/ws2/install/std_srvs:/home/redi/ws2/install/shape_msgs:/home/redi/ws2/install/sensor_msgs:/home/redi/ws2/install/nav_msgs:/home/redi/ws2/install/diagnostic_msgs:/home/redi/ws2/install/geometry_msgs:/home/redi/ws2/install/actionlib_msgs:/home/redi/ws2/install/std_msgs:/home/redi/ws2/install/statistics_msgs:/home/redi/ws2/install/rosgraph_msgs:/home/redi/ws2/install/rcljava:/home/redi/ws2/install/composition_interfaces:/home/redi/ws2/install/rcl_interfaces:/home/redi/ws2/install/plansys2_lifecycle_manager:/home/redi/ws2/install/litter_world_interfaces:/home/redi/ws2/install/lifecycle_msgs:/home/redi/ws2/install/builtin_interfaces:/home/redi/ws2/install/rosidl_default_runtime:/home/redi/ws2/install/rosidl_default_generators:/home/redi/ws2/install/rosidl_generator_java:/home/redi/ws2/install/ros2_bdi_bringup:/home/redi/ws2/install/rcljava_common:/home/redi/ws2/install/ament_cmake_export_jni_libraries:/home/redi/ws2/install/ament_cmake_export_jars:/home/redi/ws2/install/ament_java_resources:/home/redi/examples/install/test_pkg:/home/redi/examples/install/spazza:/home/redi/examples/install/collision_avoidance:/home/redi/ws2/install/webots_ros2_simulations:/home/redi/ws2/install/javaff:/home/redi/ws2/install/litter_world:/home/redi/ws2/install/sensor_msgs_py:/home/redi/ws2/install/ament_build_type_gradle:/opt/ros/foxy LD_LIBRARY_PATH=/home/redi/litter/install/spazza_interfaces/lib:${LD_LIBRARY_PATH} PYTHONPATH=/home/redi/litter/install/spazza_interfaces/lib/python3.8/site-packages:${PYTHONPATH} /usr/bin/cmake --build /home/redi/litter/build/online_bdi_spazza -- -j8 -l8
[0.152s] -- Found ament_cmake: 0.9.11 (/opt/ros/foxy/share/ament_cmake/cmake)
[0.248s] -- Using PYTHON_EXECUTABLE: /usr/bin/python3
[0.705s] -- Found rclcpp: 2.4.2 (/opt/ros/foxy/share/rclcpp/cmake)
[0.940s] -- Using all available rosidl_typesupport_c: rosidl_typesupport_fastrtps_c;rosidl_typesupport_introspection_c
[0.992s] -- Found rosidl_adapter: 1.3.0 (/opt/ros/foxy/share/rosidl_adapter/cmake)
[1.332s] -- Found OpenSSL: /usr/lib/x86_64-linux-gnu/libcrypto.so (found version "1.1.1f")  
[1.412s] -- Found FastRTPS: /opt/ros/foxy/include  
[1.668s] -- Using all available rosidl_typesupport_cpp: rosidl_typesupport_fastrtps_cpp;rosidl_typesupport_introspection_cpp
[1.894s] -- Found rmw_implementation_cmake: 1.0.3 (/opt/ros/foxy/share/rmw_implementation_cmake/cmake)
[1.904s] -- Using RMW implementation 'rmw_fastrtps_cpp' as default
[1.907s] -- Looking for pthread.h
[2.156s] -- Looking for pthread.h - found
[2.157s] -- Performing Test CMAKE_HAVE_LIBC_PTHREAD
[2.393s] -- Performing Test CMAKE_HAVE_LIBC_PTHREAD - Failed
[2.393s] -- Looking for pthread_create in pthreads
[2.604s] -- Looking for pthread_create in pthreads - not found
[2.605s] -- Looking for pthread_create in pthread
[2.836s] -- Looking for pthread_create in pthread - found
[2.838s] -- Found Threads: TRUE  
[3.265s] -- Found rclcpp_action: 2.4.2 (/opt/ros/foxy/share/rclcpp_action/cmake)
[3.460s] -- Found spazza_interfaces: 0.0.0 (/home/redi/litter/install/spazza_interfaces/share/spazza_interfaces/cmake)
[3.485s] -- Found plansys2_executor: 2.0.8 (/home/redi/ws2/install/plansys2_executor/share/plansys2_executor/cmake)
[9.212s] -- Found ros2_bdi_core: 0.0.0 (/home/redi/ws2/install/ros2_bdi_core/share/ros2_bdi_core/cmake)
[9.220s] -- Found ros2_bdi_interfaces: 0.0.0 (/home/redi/ws2/install/ros2_bdi_interfaces/share/ros2_bdi_interfaces/cmake)
[9.540s] -- Found ros2_bdi_utils: 0.0.0 (/home/redi/ws2/install/ros2_bdi_utils/share/ros2_bdi_utils/cmake)
[9.548s] -- Found ros2_bdi_skills: 0.0.0 (/home/redi/ws2/install/ros2_bdi_skills/share/ros2_bdi_skills/cmake)
[9.555s] -- Found javaff_interfaces: 0.0.0 (/home/redi/ws2/install/javaff_interfaces/share/javaff_interfaces/cmake)
[10.247s] CMake Error at /opt/ros/foxy/share/ament_cmake_target_dependencies/cmake/ament_target_dependencies.cmake:42 (message):
[10.247s]   ament_target_dependencies() the first argument must be a valid target name
[10.247s] Call Stack (most recent call first):
[10.247s]   CMakeLists.txt:38 (ament_target_dependencies)
[10.248s] 
[10.248s] 
[10.252s] -- Configuring incomplete, errors occurred!
[10.252s] See also "/home/redi/litter/build/online_bdi_spazza/CMakeFiles/CMakeOutput.log".
[10.252s] See also "/home/redi/litter/build/online_bdi_spazza/CMakeFiles/CMakeError.log".
[10.263s] make: *** [Makefile:222: cmake_check_build_system] Error 1
[10.267s] Invoked command in '/home/redi/litter/build/online_bdi_spazza' returned '2': AMENT_PREFIX_PATH=/home/redi/litter/install/spazza_interfaces:${AMENT_PREFIX_PATH} CMAKE_PREFIX_PATH=/home/redi/litter/install/spazza_interfaces:/home/redi/examples/install/spazza_interfaces:/home/redi/examples/install/bdi_spazza:/home/redi/ws2/install/ros2_bdi_on_webots:/home/redi/ws2/install/webots_ros2_simulations_interfaces:/home/redi/ws2/install/common_interfaces:/home/redi/ws2/install/visualization_msgs:/home/redi/ws2/install/test_msgs:/home/redi/ws2/install/ros2_bdi_tests:/home/redi/ws2/install/ros2_bdi_on_litter_world:/home/redi/ws2/install/ros2_bdi_skills:/home/redi/ws2/install/ros2_bdi_core:/home/redi/ws2/install/ros2_bdi_utils:/home/redi/ws2/install/plansys2_javaff_plan_solver:/home/redi/ws2/install/javaff_interfaces:/home/redi/ws2/install/ros2_bdi_interfaces:/home/redi/ws2/install/plansys2_tools:/home/redi/ws2/install/plansys2_terminal:/home/redi/ws2/install/plansys2_bt_actions:/home/redi/ws2/install/plansys2_bringup:/home/redi/ws2/install/plansys2_executor:/home/redi/ws2/install/plansys2_planner:/home/redi/ws2/install/plansys2_problem_expert:/home/redi/ws2/install/plansys2_domain_expert:/home/redi/ws2/install/plansys2_popf_plan_solver:/home/redi/ws2/install/plansys2_core:/home/redi/ws2/install/plansys2_pddl_parser:/home/redi/ws2/install/plansys2_msgs:/home/redi/ws2/install/example_interfaces:/home/redi/ws2/install/action_msgs:/home/redi/ws2/install/unique_identifier_msgs:/home/redi/ws2/install/trajectory_msgs:/home/redi/ws2/install/stereo_msgs:/home/redi/ws2/install/std_srvs:/home/redi/ws2/install/shape_msgs:/home/redi/ws2/install/sensor_msgs:/home/redi/ws2/install/nav_msgs:/home/redi/ws2/install/diagnostic_msgs:/home/redi/ws2/install/geometry_msgs:/home/redi/ws2/install/actionlib_msgs:/home/redi/ws2/install/std_msgs:/home/redi/ws2/install/statistics_msgs:/home/redi/ws2/install/rosgraph_msgs:/home/redi/ws2/install/rcljava:/home/redi/ws2/install/composition_interfaces:/home/redi/ws2/install/rcl_interfaces:/home/redi/ws2/install/plansys2_lifecycle_manager:/home/redi/ws2/install/litter_world_interfaces:/home/redi/ws2/install/lifecycle_msgs:/home/redi/ws2/install/builtin_interfaces:/home/redi/ws2/install/rosidl_default_runtime:/home/redi/ws2/install/rosidl_default_generators:/home/redi/ws2/install/rosidl_generator_java:/home/redi/ws2/install/ros2_bdi_bringup:/home/redi/ws2/install/rcljava_common:/home/redi/ws2/install/ament_cmake_export_jni_libraries:/home/redi/ws2/install/ament_cmake_export_jars:/home/redi/ws2/install/ament_java_resources:/home/redi/examples/install/test_pkg:/home/redi/examples/install/spazza:/home/redi/examples/install/collision_avoidance:/home/redi/ws2/install/webots_ros2_simulations:/home/redi/ws2/install/javaff:/home/redi/ws2/install/litter_world:/home/redi/ws2/install/sensor_msgs_py:/home/redi/ws2/install/ament_build_type_gradle:/opt/ros/foxy LD_LIBRARY_PATH=/home/redi/litter/install/spazza_interfaces/lib:${LD_LIBRARY_PATH} PYTHONPATH=/home/redi/litter/install/spazza_interfaces/lib/python3.8/site-packages:${PYTHONPATH} /usr/bin/cmake --build /home/redi/litter/build/online_bdi_spazza -- -j8 -l8
