[0.743s] Invoking command in '/home/redi/examples/litter': PYTHONPATH=/home/redi/examples/build/litter/prefix_override:/home/redi/examples/install/litter/lib/python3.8/site-packages:${PYTHONPATH} /usr/bin/python3 setup.py egg_info --egg-base ../build/litter build --build-base /home/redi/examples/build/litter/build install --record /home/redi/examples/build/litter/install.log --install-scripts $base/lib/litter --single-version-externally-managed
[0.985s] running egg_info
[0.986s] writing ../build/litter/litter.egg-info/PKG-INFO
[0.986s] writing dependency_links to ../build/litter/litter.egg-info/dependency_links.txt
[0.986s] writing entry points to ../build/litter/litter.egg-info/entry_points.txt
[0.986s] writing requirements to ../build/litter/litter.egg-info/requires.txt
[0.987s] writing top-level names to ../build/litter/litter.egg-info/top_level.txt
[1.023s] reading manifest file '../build/litter/litter.egg-info/SOURCES.txt'
[1.024s] writing manifest file '../build/litter/litter.egg-info/SOURCES.txt'
[1.024s] running build
[1.024s] running build_py
[1.024s] running install
[1.026s] running install_lib
[1.027s] running install_data
[1.028s] running install_egg_info
[1.029s] removing '/home/redi/examples/install/litter/lib/python3.8/site-packages/litter-0.0.0-py3.8.egg-info' (and everything under it)
[1.029s] Copying ../build/litter/litter.egg-info to /home/redi/examples/install/litter/lib/python3.8/site-packages/litter-0.0.0-py3.8.egg-info
[1.030s] running install_scripts
[1.048s] Installing robot_driver script to /home/redi/examples/install/litter/lib/litter
[1.048s] writing list of installed files to '/home/redi/examples/build/litter/install.log'
[1.071s] Invoked command in '/home/redi/examples/litter' returned '0': PYTHONPATH=/home/redi/examples/build/litter/prefix_override:/home/redi/examples/install/litter/lib/python3.8/site-packages:${PYTHONPATH} /usr/bin/python3 setup.py egg_info --egg-base ../build/litter build --build-base /home/redi/examples/build/litter/build install --record /home/redi/examples/build/litter/install.log --install-scripts $base/lib/litter --single-version-externally-managed
