[0.729s] Invoking command in '/home/redi/examples/litter': PYTHONPATH=/home/redi/examples/build/litter/prefix_override:/home/redi/examples/install/litter/lib/python3.8/site-packages:${PYTHONPATH} /usr/bin/python3 setup.py egg_info --egg-base ../build/litter build --build-base /home/redi/examples/build/litter/build install --record /home/redi/examples/build/litter/install.log --install-scripts $base/lib/litter --single-version-externally-managed
[0.978s] running egg_info
[0.978s] writing ../build/litter/litter.egg-info/PKG-INFO
[0.979s] writing dependency_links to ../build/litter/litter.egg-info/dependency_links.txt
[0.979s] writing entry points to ../build/litter/litter.egg-info/entry_points.txt
[0.979s] writing requirements to ../build/litter/litter.egg-info/requires.txt
[0.979s] writing top-level names to ../build/litter/litter.egg-info/top_level.txt
[1.013s] reading manifest file '../build/litter/litter.egg-info/SOURCES.txt'
[1.013s] writing manifest file '../build/litter/litter.egg-info/SOURCES.txt'
[1.013s] running build
[1.013s] running build_py
[1.014s] running install
[1.015s] running install_lib
[1.017s] running install_data
[1.018s] running install_egg_info
[1.019s] removing '/home/redi/examples/install/litter/lib/python3.8/site-packages/litter-0.0.0-py3.8.egg-info' (and everything under it)
[1.020s] Copying ../build/litter/litter.egg-info to /home/redi/examples/install/litter/lib/python3.8/site-packages/litter-0.0.0-py3.8.egg-info
[1.020s] running install_scripts
[1.039s] Installing robot_driver script to /home/redi/examples/install/litter/lib/litter
[1.039s] writing list of installed files to '/home/redi/examples/build/litter/install.log'
[1.064s] Invoked command in '/home/redi/examples/litter' returned '0': PYTHONPATH=/home/redi/examples/build/litter/prefix_override:/home/redi/examples/install/litter/lib/python3.8/site-packages:${PYTHONPATH} /usr/bin/python3 setup.py egg_info --egg-base ../build/litter build --build-base /home/redi/examples/build/litter/build install --record /home/redi/examples/build/litter/install.log --install-scripts $base/lib/litter --single-version-externally-managed
