[0.213s] DEBUG:colcon:Command line arguments: ['/usr/bin/colcon', 'build']
[0.213s] DEBUG:colcon:Parsed command line arguments: Namespace(allow_overriding=[], ament_cmake_args=None, ament_gradle_args=None, ament_gradle_task=None, base_paths=['.'], build_base='build', catkin_cmake_args=None, catkin_skip_building_tests=False, cmake_args=None, cmake_clean_cache=False, cmake_clean_first=False, cmake_force_configure=False, cmake_target=None, cmake_target_skip_unavailable=False, continue_on_error=False, event_handlers=None, executor='parallel', gradle_args=None, gradle_task=None, ignore_user_meta=False, install_base='install', log_base=None, log_level=None, main=<bound method BuildVerb.main of <colcon_core.verb.build.BuildVerb object at 0x7f91de7121f0>>, merge_install=False, metas=['./colcon.meta'], packages_above=None, packages_above_and_dependencies=None, packages_above_depth=None, packages_end=None, packages_ignore=None, packages_ignore_regex=None, packages_select=None, packages_select_build_failed=False, packages_select_by_dep=None, packages_select_regex=None, packages_select_test_failures=False, packages_skip=None, packages_skip_build_finished=False, packages_skip_by_dep=None, packages_skip_regex=None, packages_skip_test_passed=False, packages_skip_up_to=None, packages_start=None, packages_up_to=None, packages_up_to_regex=None, parallel_workers=8, paths=None, symlink_install=False, test_result_base=None, verb_extension=<colcon_core.verb.build.BuildVerb object at 0x7f91de7121f0>, verb_name='build', verb_parser=<colcon_defaults.argument_parser.defaults.DefaultArgumentsDecorator object at 0x7f91de712730>)
[0.248s] Level 1:colcon.colcon_core.package_discovery:discover_packages(colcon_meta) check parameters
[0.248s] Level 1:colcon.colcon_core.package_discovery:discover_packages(recursive) check parameters
[0.248s] Level 1:colcon.colcon_core.package_discovery:discover_packages(ignore) check parameters
[0.248s] Level 1:colcon.colcon_core.package_discovery:discover_packages(path) check parameters
[0.248s] Level 1:colcon.colcon_core.package_discovery:discover_packages(colcon_meta) discover
[0.248s] Level 1:colcon.colcon_core.package_discovery:discover_packages(recursive) discover
[0.248s] INFO:colcon.colcon_core.package_discovery:Crawling recursively for packages in '/home/redi/litter'
[0.248s] Level 1:colcon.colcon_core.package_identification:_identify(.) by extensions ['ignore', 'ignore_ament_install']
[0.248s] Level 1:colcon.colcon_core.package_identification:_identify(.) by extension 'ignore'
[0.248s] Level 1:colcon.colcon_core.package_identification:_identify(.) by extension 'ignore_ament_install'
[0.248s] Level 1:colcon.colcon_core.package_identification:_identify(.) by extensions ['colcon_pkg']
[0.248s] Level 1:colcon.colcon_core.package_identification:_identify(.) by extension 'colcon_pkg'
[0.249s] Level 1:colcon.colcon_core.package_identification:_identify(.) by extensions ['colcon_meta']
[0.249s] Level 1:colcon.colcon_core.package_identification:_identify(.) by extension 'colcon_meta'
[0.249s] Level 1:colcon.colcon_core.package_identification:_identify(.) by extensions ['ament_gradle']
[0.249s] Level 1:colcon.colcon_core.package_identification:_identify(.) by extension 'ament_gradle'
[0.249s] Level 1:colcon.colcon_core.package_identification:_identify(.) by extensions ['ros']
[0.249s] Level 1:colcon.colcon_core.package_identification:_identify(.) by extension 'ros'
[0.261s] Level 1:colcon.colcon_core.package_identification:_identify(.) by extensions ['cmake', 'gradle', 'python']
[0.262s] Level 1:colcon.colcon_core.package_identification:_identify(.) by extension 'cmake'
[0.262s] Level 1:colcon.colcon_core.package_identification:_identify(.) by extension 'gradle'
[0.262s] Level 1:colcon.colcon_core.package_identification:_identify(.) by extension 'python'
[0.262s] Level 1:colcon.colcon_core.package_identification:_identify(.) by extensions ['python_setup_py']
[0.262s] Level 1:colcon.colcon_core.package_identification:_identify(.) by extension 'python_setup_py'
[0.262s] Level 1:colcon.colcon_core.package_identification:_identify(build) by extensions ['ignore', 'ignore_ament_install']
[0.262s] Level 1:colcon.colcon_core.package_identification:_identify(build) by extension 'ignore'
[0.262s] Level 1:colcon.colcon_core.package_identification:_identify(build) ignored
[0.262s] Level 1:colcon.colcon_core.package_identification:_identify(install) by extensions ['ignore', 'ignore_ament_install']
[0.262s] Level 1:colcon.colcon_core.package_identification:_identify(install) by extension 'ignore'
[0.262s] Level 1:colcon.colcon_core.package_identification:_identify(install) ignored
[0.262s] Level 1:colcon.colcon_core.package_identification:_identify(log) by extensions ['ignore', 'ignore_ament_install']
[0.262s] Level 1:colcon.colcon_core.package_identification:_identify(log) by extension 'ignore'
[0.263s] Level 1:colcon.colcon_core.package_identification:_identify(log) ignored
[0.263s] Level 1:colcon.colcon_core.package_identification:_identify(src) by extensions ['ignore', 'ignore_ament_install']
[0.263s] Level 1:colcon.colcon_core.package_identification:_identify(src) by extension 'ignore'
[0.263s] Level 1:colcon.colcon_core.package_identification:_identify(src) by extension 'ignore_ament_install'
[0.263s] Level 1:colcon.colcon_core.package_identification:_identify(src) by extensions ['colcon_pkg']
[0.263s] Level 1:colcon.colcon_core.package_identification:_identify(src) by extension 'colcon_pkg'
[0.263s] Level 1:colcon.colcon_core.package_identification:_identify(src) by extensions ['colcon_meta']
[0.263s] Level 1:colcon.colcon_core.package_identification:_identify(src) by extension 'colcon_meta'
[0.263s] Level 1:colcon.colcon_core.package_identification:_identify(src) by extensions ['ament_gradle']
[0.263s] Level 1:colcon.colcon_core.package_identification:_identify(src) by extension 'ament_gradle'
[0.263s] Level 1:colcon.colcon_core.package_identification:_identify(src) by extensions ['ros']
[0.263s] Level 1:colcon.colcon_core.package_identification:_identify(src) by extension 'ros'
[0.263s] Level 1:colcon.colcon_core.package_identification:_identify(src) by extensions ['cmake', 'gradle', 'python']
[0.263s] Level 1:colcon.colcon_core.package_identification:_identify(src) by extension 'cmake'
[0.263s] Level 1:colcon.colcon_core.package_identification:_identify(src) by extension 'gradle'
[0.263s] Level 1:colcon.colcon_core.package_identification:_identify(src) by extension 'python'
[0.263s] Level 1:colcon.colcon_core.package_identification:_identify(src) by extensions ['python_setup_py']
[0.263s] Level 1:colcon.colcon_core.package_identification:_identify(src) by extension 'python_setup_py'
[0.264s] Level 1:colcon.colcon_core.package_identification:_identify(src/bdi_spazza) by extensions ['ignore', 'ignore_ament_install']
[0.264s] Level 1:colcon.colcon_core.package_identification:_identify(src/bdi_spazza) by extension 'ignore'
[0.264s] Level 1:colcon.colcon_core.package_identification:_identify(src/bdi_spazza) by extension 'ignore_ament_install'
[0.264s] Level 1:colcon.colcon_core.package_identification:_identify(src/bdi_spazza) by extensions ['colcon_pkg']
[0.264s] Level 1:colcon.colcon_core.package_identification:_identify(src/bdi_spazza) by extension 'colcon_pkg'
[0.264s] Level 1:colcon.colcon_core.package_identification:_identify(src/bdi_spazza) by extensions ['colcon_meta']
[0.264s] Level 1:colcon.colcon_core.package_identification:_identify(src/bdi_spazza) by extension 'colcon_meta'
[0.264s] Level 1:colcon.colcon_core.package_identification:_identify(src/bdi_spazza) by extensions ['ament_gradle']
[0.264s] Level 1:colcon.colcon_core.package_identification:_identify(src/bdi_spazza) by extension 'ament_gradle'
[0.264s] Level 1:colcon.colcon_core.package_identification:_identify(src/bdi_spazza) by extensions ['ros']
[0.264s] Level 1:colcon.colcon_core.package_identification:_identify(src/bdi_spazza) by extension 'ros'
[0.267s] DEBUG:colcon.colcon_core.package_identification:Package 'src/bdi_spazza' with type 'ros.ament_cmake' and name 'bdi_spazza'
[0.267s] Level 1:colcon.colcon_core.package_identification:_identify(src/collision_avoidance) by extensions ['ignore', 'ignore_ament_install']
[0.267s] Level 1:colcon.colcon_core.package_identification:_identify(src/collision_avoidance) by extension 'ignore'
[0.267s] Level 1:colcon.colcon_core.package_identification:_identify(src/collision_avoidance) by extension 'ignore_ament_install'
[0.268s] Level 1:colcon.colcon_core.package_identification:_identify(src/collision_avoidance) by extensions ['colcon_pkg']
[0.268s] Level 1:colcon.colcon_core.package_identification:_identify(src/collision_avoidance) by extension 'colcon_pkg'
[0.268s] Level 1:colcon.colcon_core.package_identification:_identify(src/collision_avoidance) by extensions ['colcon_meta']
[0.268s] Level 1:colcon.colcon_core.package_identification:_identify(src/collision_avoidance) by extension 'colcon_meta'
[0.268s] Level 1:colcon.colcon_core.package_identification:_identify(src/collision_avoidance) by extensions ['ament_gradle']
[0.268s] Level 1:colcon.colcon_core.package_identification:_identify(src/collision_avoidance) by extension 'ament_gradle'
[0.268s] Level 1:colcon.colcon_core.package_identification:_identify(src/collision_avoidance) by extensions ['ros']
[0.268s] Level 1:colcon.colcon_core.package_identification:_identify(src/collision_avoidance) by extension 'ros'
[0.269s] DEBUG:colcon.colcon_core.package_identification:Package 'src/collision_avoidance' with type 'ros.ament_python' and name 'collision_avoidance'
[0.269s] Level 1:colcon.colcon_core.package_identification:_identify(src/spazza) by extensions ['ignore', 'ignore_ament_install']
[0.269s] Level 1:colcon.colcon_core.package_identification:_identify(src/spazza) by extension 'ignore'
[0.269s] Level 1:colcon.colcon_core.package_identification:_identify(src/spazza) by extension 'ignore_ament_install'
[0.269s] Level 1:colcon.colcon_core.package_identification:_identify(src/spazza) by extensions ['colcon_pkg']
[0.269s] Level 1:colcon.colcon_core.package_identification:_identify(src/spazza) by extension 'colcon_pkg'
[0.269s] Level 1:colcon.colcon_core.package_identification:_identify(src/spazza) by extensions ['colcon_meta']
[0.269s] Level 1:colcon.colcon_core.package_identification:_identify(src/spazza) by extension 'colcon_meta'
[0.269s] Level 1:colcon.colcon_core.package_identification:_identify(src/spazza) by extensions ['ament_gradle']
[0.269s] Level 1:colcon.colcon_core.package_identification:_identify(src/spazza) by extension 'ament_gradle'
[0.269s] Level 1:colcon.colcon_core.package_identification:_identify(src/spazza) by extensions ['ros']
[0.269s] Level 1:colcon.colcon_core.package_identification:_identify(src/spazza) by extension 'ros'
[0.270s] DEBUG:colcon.colcon_core.package_identification:Package 'src/spazza' with type 'ros.ament_python' and name 'spazza'
[0.270s] Level 1:colcon.colcon_core.package_identification:_identify(src/spazza_interfaces) by extensions ['ignore', 'ignore_ament_install']
[0.270s] Level 1:colcon.colcon_core.package_identification:_identify(src/spazza_interfaces) by extension 'ignore'
[0.270s] Level 1:colcon.colcon_core.package_identification:_identify(src/spazza_interfaces) by extension 'ignore_ament_install'
[0.270s] Level 1:colcon.colcon_core.package_identification:_identify(src/spazza_interfaces) by extensions ['colcon_pkg']
[0.270s] Level 1:colcon.colcon_core.package_identification:_identify(src/spazza_interfaces) by extension 'colcon_pkg'
[0.270s] Level 1:colcon.colcon_core.package_identification:_identify(src/spazza_interfaces) by extensions ['colcon_meta']
[0.270s] Level 1:colcon.colcon_core.package_identification:_identify(src/spazza_interfaces) by extension 'colcon_meta'
[0.270s] Level 1:colcon.colcon_core.package_identification:_identify(src/spazza_interfaces) by extensions ['ament_gradle']
[0.270s] Level 1:colcon.colcon_core.package_identification:_identify(src/spazza_interfaces) by extension 'ament_gradle'
[0.270s] Level 1:colcon.colcon_core.package_identification:_identify(src/spazza_interfaces) by extensions ['ros']
[0.271s] Level 1:colcon.colcon_core.package_identification:_identify(src/spazza_interfaces) by extension 'ros'
[0.271s] DEBUG:colcon.colcon_core.package_identification:Package 'src/spazza_interfaces' with type 'ros.ament_cmake' and name 'spazza_interfaces'
[0.271s] Level 1:colcon.colcon_core.package_identification:_identify(src/test_pkg) by extensions ['ignore', 'ignore_ament_install']
[0.271s] Level 1:colcon.colcon_core.package_identification:_identify(src/test_pkg) by extension 'ignore'
[0.271s] Level 1:colcon.colcon_core.package_identification:_identify(src/test_pkg) by extension 'ignore_ament_install'
[0.271s] Level 1:colcon.colcon_core.package_identification:_identify(src/test_pkg) by extensions ['colcon_pkg']
[0.271s] Level 1:colcon.colcon_core.package_identification:_identify(src/test_pkg) by extension 'colcon_pkg'
[0.271s] Level 1:colcon.colcon_core.package_identification:_identify(src/test_pkg) by extensions ['colcon_meta']
[0.271s] Level 1:colcon.colcon_core.package_identification:_identify(src/test_pkg) by extension 'colcon_meta'
[0.271s] Level 1:colcon.colcon_core.package_identification:_identify(src/test_pkg) by extensions ['ament_gradle']
[0.271s] Level 1:colcon.colcon_core.package_identification:_identify(src/test_pkg) by extension 'ament_gradle'
[0.272s] Level 1:colcon.colcon_core.package_identification:_identify(src/test_pkg) by extensions ['ros']
[0.272s] Level 1:colcon.colcon_core.package_identification:_identify(src/test_pkg) by extension 'ros'
[0.272s] DEBUG:colcon.colcon_core.package_identification:Package 'src/test_pkg' with type 'ros.ament_python' and name 'test_pkg'
[0.272s] Level 1:colcon.colcon_core.package_discovery:discover_packages(recursive) using defaults
[0.272s] Level 1:colcon.colcon_core.package_discovery:discover_packages(ignore) discover
[0.272s] Level 1:colcon.colcon_core.package_discovery:discover_packages(ignore) using defaults
[0.272s] Level 1:colcon.colcon_core.package_discovery:discover_packages(path) discover
[0.272s] Level 1:colcon.colcon_core.package_discovery:discover_packages(path) using defaults
[0.296s] Level 1:colcon.colcon_core.package_discovery:discover_packages(prefix_path) check parameters
[0.296s] Level 1:colcon.colcon_core.package_discovery:discover_packages(prefix_path) discover
[0.301s] DEBUG:colcon.colcon_installed_package_information.package_discovery:Found 5 installed packages in /home/redi/examples/install
[0.304s] DEBUG:colcon.colcon_installed_package_information.package_discovery:Found 60 installed packages in /home/redi/ws2/install
[0.306s] DEBUG:colcon.colcon_installed_package_information.package_discovery:Found 289 installed packages in /opt/ros/foxy
[0.308s] Level 1:colcon.colcon_core.package_discovery:discover_packages(prefix_path) using defaults
[0.393s] Level 5:colcon.colcon_core.verb:set package 'bdi_spazza' build argument 'ament_gradle_args' from command line to 'None'
[0.393s] Level 5:colcon.colcon_core.verb:set package 'bdi_spazza' build argument 'ament_gradle_task' from command line to 'None'
[0.393s] Level 5:colcon.colcon_core.verb:set package 'bdi_spazza' build argument 'cmake_args' from command line to 'None'
[0.393s] Level 5:colcon.colcon_core.verb:set package 'bdi_spazza' build argument 'cmake_target' from command line to 'None'
[0.393s] Level 5:colcon.colcon_core.verb:set package 'bdi_spazza' build argument 'cmake_target_skip_unavailable' from command line to 'False'
[0.393s] Level 5:colcon.colcon_core.verb:set package 'bdi_spazza' build argument 'cmake_clean_cache' from command line to 'False'
[0.393s] Level 5:colcon.colcon_core.verb:set package 'bdi_spazza' build argument 'cmake_clean_first' from command line to 'False'
[0.393s] Level 5:colcon.colcon_core.verb:set package 'bdi_spazza' build argument 'cmake_force_configure' from command line to 'False'
[0.393s] Level 5:colcon.colcon_core.verb:set package 'bdi_spazza' build argument 'gradle_args' from command line to 'None'
[0.393s] Level 5:colcon.colcon_core.verb:set package 'bdi_spazza' build argument 'gradle_task' from command line to 'None'
[0.393s] Level 5:colcon.colcon_core.verb:set package 'bdi_spazza' build argument 'ament_cmake_args' from command line to 'None'
[0.394s] Level 5:colcon.colcon_core.verb:set package 'bdi_spazza' build argument 'catkin_cmake_args' from command line to 'None'
[0.394s] Level 5:colcon.colcon_core.verb:set package 'bdi_spazza' build argument 'catkin_skip_building_tests' from command line to 'False'
[0.394s] DEBUG:colcon.colcon_core.verb:Building package 'bdi_spazza' with the following arguments: {'ament_cmake_args': None, 'ament_gradle_args': None, 'ament_gradle_task': None, 'build_base': '/home/redi/litter/build/bdi_spazza', 'catkin_cmake_args': None, 'catkin_skip_building_tests': False, 'cmake_args': None, 'cmake_clean_cache': False, 'cmake_clean_first': False, 'cmake_force_configure': False, 'cmake_target': None, 'cmake_target_skip_unavailable': False, 'gradle_args': None, 'gradle_task': None, 'install_base': '/home/redi/litter/install/bdi_spazza', 'merge_install': False, 'path': '/home/redi/litter/src/bdi_spazza', 'symlink_install': False, 'test_result_base': None}
[0.395s] Level 5:colcon.colcon_core.verb:set package 'collision_avoidance' build argument 'ament_gradle_args' from command line to 'None'
[0.395s] Level 5:colcon.colcon_core.verb:set package 'collision_avoidance' build argument 'ament_gradle_task' from command line to 'None'
[0.395s] Level 5:colcon.colcon_core.verb:set package 'collision_avoidance' build argument 'cmake_args' from command line to 'None'
[0.395s] Level 5:colcon.colcon_core.verb:set package 'collision_avoidance' build argument 'cmake_target' from command line to 'None'
[0.395s] Level 5:colcon.colcon_core.verb:set package 'collision_avoidance' build argument 'cmake_target_skip_unavailable' from command line to 'False'
[0.395s] Level 5:colcon.colcon_core.verb:set package 'collision_avoidance' build argument 'cmake_clean_cache' from command line to 'False'
[0.395s] Level 5:colcon.colcon_core.verb:set package 'collision_avoidance' build argument 'cmake_clean_first' from command line to 'False'
[0.395s] Level 5:colcon.colcon_core.verb:set package 'collision_avoidance' build argument 'cmake_force_configure' from command line to 'False'
[0.395s] Level 5:colcon.colcon_core.verb:set package 'collision_avoidance' build argument 'gradle_args' from command line to 'None'
[0.395s] Level 5:colcon.colcon_core.verb:set package 'collision_avoidance' build argument 'gradle_task' from command line to 'None'
[0.395s] Level 5:colcon.colcon_core.verb:set package 'collision_avoidance' build argument 'ament_cmake_args' from command line to 'None'
[0.395s] Level 5:colcon.colcon_core.verb:set package 'collision_avoidance' build argument 'catkin_cmake_args' from command line to 'None'
[0.395s] Level 5:colcon.colcon_core.verb:set package 'collision_avoidance' build argument 'catkin_skip_building_tests' from command line to 'False'
[0.395s] DEBUG:colcon.colcon_core.verb:Building package 'collision_avoidance' with the following arguments: {'ament_cmake_args': None, 'ament_gradle_args': None, 'ament_gradle_task': None, 'build_base': '/home/redi/litter/build/collision_avoidance', 'catkin_cmake_args': None, 'catkin_skip_building_tests': False, 'cmake_args': None, 'cmake_clean_cache': False, 'cmake_clean_first': False, 'cmake_force_configure': False, 'cmake_target': None, 'cmake_target_skip_unavailable': False, 'gradle_args': None, 'gradle_task': None, 'install_base': '/home/redi/litter/install/collision_avoidance', 'merge_install': False, 'path': '/home/redi/litter/src/collision_avoidance', 'symlink_install': False, 'test_result_base': None}
[0.397s] Level 5:colcon.colcon_core.verb:set package 'spazza_interfaces' build argument 'ament_gradle_args' from command line to 'None'
[0.397s] Level 5:colcon.colcon_core.verb:set package 'spazza_interfaces' build argument 'ament_gradle_task' from command line to 'None'
[0.397s] Level 5:colcon.colcon_core.verb:set package 'spazza_interfaces' build argument 'cmake_args' from command line to 'None'
[0.397s] Level 5:colcon.colcon_core.verb:set package 'spazza_interfaces' build argument 'cmake_target' from command line to 'None'
[0.397s] Level 5:colcon.colcon_core.verb:set package 'spazza_interfaces' build argument 'cmake_target_skip_unavailable' from command line to 'False'
[0.397s] Level 5:colcon.colcon_core.verb:set package 'spazza_interfaces' build argument 'cmake_clean_cache' from command line to 'False'
[0.397s] Level 5:colcon.colcon_core.verb:set package 'spazza_interfaces' build argument 'cmake_clean_first' from command line to 'False'
[0.397s] Level 5:colcon.colcon_core.verb:set package 'spazza_interfaces' build argument 'cmake_force_configure' from command line to 'False'
[0.397s] Level 5:colcon.colcon_core.verb:set package 'spazza_interfaces' build argument 'gradle_args' from command line to 'None'
[0.397s] Level 5:colcon.colcon_core.verb:set package 'spazza_interfaces' build argument 'gradle_task' from command line to 'None'
[0.397s] Level 5:colcon.colcon_core.verb:set package 'spazza_interfaces' build argument 'ament_cmake_args' from command line to 'None'
[0.397s] Level 5:colcon.colcon_core.verb:set package 'spazza_interfaces' build argument 'catkin_cmake_args' from command line to 'None'
[0.397s] Level 5:colcon.colcon_core.verb:set package 'spazza_interfaces' build argument 'catkin_skip_building_tests' from command line to 'False'
[0.397s] DEBUG:colcon.colcon_core.verb:Building package 'spazza_interfaces' with the following arguments: {'ament_cmake_args': None, 'ament_gradle_args': None, 'ament_gradle_task': None, 'build_base': '/home/redi/litter/build/spazza_interfaces', 'catkin_cmake_args': None, 'catkin_skip_building_tests': False, 'cmake_args': None, 'cmake_clean_cache': False, 'cmake_clean_first': False, 'cmake_force_configure': False, 'cmake_target': None, 'cmake_target_skip_unavailable': False, 'gradle_args': None, 'gradle_task': None, 'install_base': '/home/redi/litter/install/spazza_interfaces', 'merge_install': False, 'path': '/home/redi/litter/src/spazza_interfaces', 'symlink_install': False, 'test_result_base': None}
[0.399s] Level 5:colcon.colcon_core.verb:set package 'test_pkg' build argument 'ament_gradle_args' from command line to 'None'
[0.399s] Level 5:colcon.colcon_core.verb:set package 'test_pkg' build argument 'ament_gradle_task' from command line to 'None'
[0.399s] Level 5:colcon.colcon_core.verb:set package 'test_pkg' build argument 'cmake_args' from command line to 'None'
[0.399s] Level 5:colcon.colcon_core.verb:set package 'test_pkg' build argument 'cmake_target' from command line to 'None'
[0.399s] Level 5:colcon.colcon_core.verb:set package 'test_pkg' build argument 'cmake_target_skip_unavailable' from command line to 'False'
[0.399s] Level 5:colcon.colcon_core.verb:set package 'test_pkg' build argument 'cmake_clean_cache' from command line to 'False'
[0.399s] Level 5:colcon.colcon_core.verb:set package 'test_pkg' build argument 'cmake_clean_first' from command line to 'False'
[0.399s] Level 5:colcon.colcon_core.verb:set package 'test_pkg' build argument 'cmake_force_configure' from command line to 'False'
[0.399s] Level 5:colcon.colcon_core.verb:set package 'test_pkg' build argument 'gradle_args' from command line to 'None'
[0.399s] Level 5:colcon.colcon_core.verb:set package 'test_pkg' build argument 'gradle_task' from command line to 'None'
[0.399s] Level 5:colcon.colcon_core.verb:set package 'test_pkg' build argument 'ament_cmake_args' from command line to 'None'
[0.399s] Level 5:colcon.colcon_core.verb:set package 'test_pkg' build argument 'catkin_cmake_args' from command line to 'None'
[0.399s] Level 5:colcon.colcon_core.verb:set package 'test_pkg' build argument 'catkin_skip_building_tests' from command line to 'False'
[0.399s] DEBUG:colcon.colcon_core.verb:Building package 'test_pkg' with the following arguments: {'ament_cmake_args': None, 'ament_gradle_args': None, 'ament_gradle_task': None, 'build_base': '/home/redi/litter/build/test_pkg', 'catkin_cmake_args': None, 'catkin_skip_building_tests': False, 'cmake_args': None, 'cmake_clean_cache': False, 'cmake_clean_first': False, 'cmake_force_configure': False, 'cmake_target': None, 'cmake_target_skip_unavailable': False, 'gradle_args': None, 'gradle_task': None, 'install_base': '/home/redi/litter/install/test_pkg', 'merge_install': False, 'path': '/home/redi/litter/src/test_pkg', 'symlink_install': False, 'test_result_base': None}
[0.401s] Level 5:colcon.colcon_core.verb:set package 'spazza' build argument 'ament_gradle_args' from command line to 'None'
[0.401s] Level 5:colcon.colcon_core.verb:set package 'spazza' build argument 'ament_gradle_task' from command line to 'None'
[0.401s] Level 5:colcon.colcon_core.verb:set package 'spazza' build argument 'cmake_args' from command line to 'None'
[0.401s] Level 5:colcon.colcon_core.verb:set package 'spazza' build argument 'cmake_target' from command line to 'None'
[0.401s] Level 5:colcon.colcon_core.verb:set package 'spazza' build argument 'cmake_target_skip_unavailable' from command line to 'False'
[0.401s] Level 5:colcon.colcon_core.verb:set package 'spazza' build argument 'cmake_clean_cache' from command line to 'False'
[0.401s] Level 5:colcon.colcon_core.verb:set package 'spazza' build argument 'cmake_clean_first' from command line to 'False'
[0.401s] Level 5:colcon.colcon_core.verb:set package 'spazza' build argument 'cmake_force_configure' from command line to 'False'
[0.401s] Level 5:colcon.colcon_core.verb:set package 'spazza' build argument 'gradle_args' from command line to 'None'
[0.401s] Level 5:colcon.colcon_core.verb:set package 'spazza' build argument 'gradle_task' from command line to 'None'
[0.401s] Level 5:colcon.colcon_core.verb:set package 'spazza' build argument 'ament_cmake_args' from command line to 'None'
[0.401s] Level 5:colcon.colcon_core.verb:set package 'spazza' build argument 'catkin_cmake_args' from command line to 'None'
[0.401s] Level 5:colcon.colcon_core.verb:set package 'spazza' build argument 'catkin_skip_building_tests' from command line to 'False'
[0.401s] DEBUG:colcon.colcon_core.verb:Building package 'spazza' with the following arguments: {'ament_cmake_args': None, 'ament_gradle_args': None, 'ament_gradle_task': None, 'build_base': '/home/redi/litter/build/spazza', 'catkin_cmake_args': None, 'catkin_skip_building_tests': False, 'cmake_args': None, 'cmake_clean_cache': False, 'cmake_clean_first': False, 'cmake_force_configure': False, 'cmake_target': None, 'cmake_target_skip_unavailable': False, 'gradle_args': None, 'gradle_task': None, 'install_base': '/home/redi/litter/install/spazza', 'merge_install': False, 'path': '/home/redi/litter/src/spazza', 'symlink_install': False, 'test_result_base': None}
[0.401s] INFO:colcon.colcon_core.executor:Executing jobs using 'parallel' executor
[0.405s] DEBUG:colcon.colcon_parallel_executor.executor.parallel:run_until_complete
[0.405s] INFO:colcon.colcon_ros.task.ament_cmake.build:Building ROS package in '/home/redi/litter/src/spazza_interfaces' with build type 'ament_cmake'
[0.405s] INFO:colcon.colcon_cmake.task.cmake.build:Building CMake package in '/home/redi/litter/src/spazza_interfaces'
[0.410s] INFO:colcon.colcon_core.plugin_system:Skipping extension 'colcon_core.shell.bat': Not used on non-Windows systems
[0.410s] INFO:colcon.colcon_core.shell:Skip shell extension 'powershell' for command environment: Not usable outside of PowerShell
[0.410s] DEBUG:colcon.colcon_core.shell:Skip shell extension 'dsv' for command environment
[0.421s] INFO:colcon.colcon_ros.task.ament_cmake.build:Building ROS package in '/home/redi/litter/src/bdi_spazza' with build type 'ament_cmake'
[0.421s] INFO:colcon.colcon_cmake.task.cmake.build:Building CMake package in '/home/redi/litter/src/bdi_spazza'
[0.423s] INFO:colcon.colcon_core.shell:Skip shell extension 'powershell' for command environment: Not usable outside of PowerShell
[0.423s] DEBUG:colcon.colcon_core.shell:Skip shell extension 'dsv' for command environment
[0.435s] INFO:colcon.colcon_ros.task.ament_python.build:Building ROS package in '/home/redi/litter/src/collision_avoidance' with build type 'ament_python'
[0.435s] Level 1:colcon.colcon_core.shell:create_environment_hook('collision_avoidance', 'ament_prefix_path')
[0.437s] INFO:colcon.colcon_core.shell:Creating environment hook '/home/redi/litter/install/collision_avoidance/share/collision_avoidance/hook/ament_prefix_path.ps1'
[0.438s] INFO:colcon.colcon_core.shell:Creating environment descriptor '/home/redi/litter/install/collision_avoidance/share/collision_avoidance/hook/ament_prefix_path.dsv'
[0.439s] INFO:colcon.colcon_core.shell:Creating environment hook '/home/redi/litter/install/collision_avoidance/share/collision_avoidance/hook/ament_prefix_path.sh'
[0.441s] INFO:colcon.colcon_core.shell:Skip shell extension 'powershell' for command environment: Not usable outside of PowerShell
[0.441s] DEBUG:colcon.colcon_core.shell:Skip shell extension 'dsv' for command environment
[0.452s] INFO:colcon.colcon_ros.task.ament_python.build:Building ROS package in '/home/redi/litter/src/test_pkg' with build type 'ament_python'
[0.453s] Level 1:colcon.colcon_core.shell:create_environment_hook('test_pkg', 'ament_prefix_path')
[0.455s] INFO:colcon.colcon_core.shell:Creating environment hook '/home/redi/litter/install/test_pkg/share/test_pkg/hook/ament_prefix_path.ps1'
[0.455s] INFO:colcon.colcon_core.shell:Creating environment descriptor '/home/redi/litter/install/test_pkg/share/test_pkg/hook/ament_prefix_path.dsv'
[0.456s] INFO:colcon.colcon_core.shell:Creating environment hook '/home/redi/litter/install/test_pkg/share/test_pkg/hook/ament_prefix_path.sh'
[0.458s] INFO:colcon.colcon_core.shell:Skip shell extension 'powershell' for command environment: Not usable outside of PowerShell
[0.458s] DEBUG:colcon.colcon_core.shell:Skip shell extension 'dsv' for command environment
[0.480s] DEBUG:colcon.colcon_core.event_handler.log_command:Invoking command in '/home/redi/litter/build/spazza_interfaces': CMAKE_PREFIX_PATH=${CMAKE_PREFIX_PATH}:/home/redi/examples/install/test_pkg:/home/redi/examples/install/spazza:/home/redi/examples/install/collision_avoidance:/home/redi/ws2/install/webots_ros2_simulations:/home/redi/ws2/install/javaff:/home/redi/ws2/install/litter_world:/home/redi/ws2/install/sensor_msgs_py:/home/redi/ws2/install/ament_build_type_gradle:/opt/ros/foxy /usr/bin/cmake /home/redi/litter/src/spazza_interfaces -DCMAKE_INSTALL_PREFIX=/home/redi/litter/install/spazza_interfaces
[0.490s] DEBUG:colcon.colcon_core.event_handler.log_command:Invoking command in '/home/redi/litter/build/bdi_spazza': CMAKE_PREFIX_PATH=${CMAKE_PREFIX_PATH}:/home/redi/examples/install/test_pkg:/home/redi/examples/install/spazza:/home/redi/examples/install/collision_avoidance:/home/redi/ws2/install/webots_ros2_simulations:/home/redi/ws2/install/javaff:/home/redi/ws2/install/litter_world:/home/redi/ws2/install/sensor_msgs_py:/home/redi/ws2/install/ament_build_type_gradle:/opt/ros/foxy /usr/bin/cmake /home/redi/litter/src/bdi_spazza -DCMAKE_INSTALL_PREFIX=/home/redi/litter/install/bdi_spazza
[0.770s] INFO:colcon.colcon_core.task.python.build:Building Python package in '/home/redi/litter/src/collision_avoidance'
[0.774s] INFO:colcon.colcon_core.shell:Skip shell extension 'powershell' for command environment: Not usable outside of PowerShell
[0.774s] DEBUG:colcon.colcon_core.shell:Skip shell extension 'dsv' for command environment
[1.072s] INFO:colcon.colcon_core.task.python.build:Building Python package in '/home/redi/litter/src/test_pkg'
[1.074s] INFO:colcon.colcon_core.shell:Skip shell extension 'powershell' for command environment: Not usable outside of PowerShell
[1.074s] DEBUG:colcon.colcon_core.shell:Skip shell extension 'dsv' for command environment
[1.546s] DEBUG:colcon.colcon_core.event_handler.log_command:Invoking command in '/home/redi/litter/src/collision_avoidance': PYTHONPATH=/home/redi/litter/build/collision_avoidance/prefix_override:/home/redi/litter/install/collision_avoidance/lib/python3.8/site-packages:${PYTHONPATH} /usr/bin/python3 setup.py egg_info --egg-base ../../build/collision_avoidance build --build-base /home/redi/litter/build/collision_avoidance/build install --record /home/redi/litter/build/collision_avoidance/install.log --install-scripts $base/lib/collision_avoidance --single-version-externally-managed
[1.583s] DEBUG:colcon.colcon_core.event_handler.log_command:Invoking command in '/home/redi/litter/src/test_pkg': PYTHONPATH=/home/redi/litter/build/test_pkg/prefix_override:/home/redi/litter/install/test_pkg/lib/python3.8/site-packages:${PYTHONPATH} /usr/bin/python3 setup.py egg_info --egg-base ../../build/test_pkg build --build-base /home/redi/litter/build/test_pkg/build install --record /home/redi/litter/build/test_pkg/install.log --install-scripts $base/lib/test_pkg --single-version-externally-managed
[1.903s] DEBUG:colcon.colcon_core.event_handler.log_command:Invoked command in '/home/redi/litter/src/collision_avoidance' returned '0': PYTHONPATH=/home/redi/litter/build/collision_avoidance/prefix_override:/home/redi/litter/install/collision_avoidance/lib/python3.8/site-packages:${PYTHONPATH} /usr/bin/python3 setup.py egg_info --egg-base ../../build/collision_avoidance build --build-base /home/redi/litter/build/collision_avoidance/build install --record /home/redi/litter/build/collision_avoidance/install.log --install-scripts $base/lib/collision_avoidance --single-version-externally-managed
[1.916s] Level 1:colcon.colcon_core.environment:checking '/home/redi/litter/install/collision_avoidance' for CMake module files
[1.917s] Level 1:colcon.colcon_core.environment:checking '/home/redi/litter/install/collision_avoidance' for CMake config files
[1.918s] Level 1:colcon.colcon_core.environment:checking '/home/redi/litter/install/collision_avoidance/lib'
[1.919s] Level 1:colcon.colcon_core.environment:checking '/home/redi/litter/install/collision_avoidance/bin'
[1.919s] Level 1:colcon.colcon_core.environment:checking '/home/redi/litter/install/collision_avoidance/lib/pkgconfig/collision_avoidance.pc'
[1.919s] Level 1:colcon.colcon_core.environment:checking '/home/redi/litter/install/collision_avoidance/lib/python3.8/site-packages'
[1.919s] Level 1:colcon.colcon_core.shell:create_environment_hook('collision_avoidance', 'pythonpath')
[1.922s] INFO:colcon.colcon_core.shell:Creating environment hook '/home/redi/litter/install/collision_avoidance/share/collision_avoidance/hook/pythonpath.ps1'
[1.923s] INFO:colcon.colcon_core.shell:Creating environment descriptor '/home/redi/litter/install/collision_avoidance/share/collision_avoidance/hook/pythonpath.dsv'
[1.924s] INFO:colcon.colcon_core.shell:Creating environment hook '/home/redi/litter/install/collision_avoidance/share/collision_avoidance/hook/pythonpath.sh'
[1.924s] Level 1:colcon.colcon_core.environment:checking '/home/redi/litter/install/collision_avoidance/bin'
[1.925s] Level 1:colcon.colcon_core.environment:create_environment_scripts_only(collision_avoidance)
[1.928s] INFO:colcon.colcon_core.shell:Creating package script '/home/redi/litter/install/collision_avoidance/share/collision_avoidance/package.ps1'
[1.931s] INFO:colcon.colcon_core.shell:Creating package descriptor '/home/redi/litter/install/collision_avoidance/share/collision_avoidance/package.dsv'
[1.933s] INFO:colcon.colcon_core.shell:Creating package script '/home/redi/litter/install/collision_avoidance/share/collision_avoidance/package.sh'
[1.935s] INFO:colcon.colcon_core.shell:Creating package script '/home/redi/litter/install/collision_avoidance/share/collision_avoidance/package.bash'
[1.937s] INFO:colcon.colcon_core.shell:Creating package script '/home/redi/litter/install/collision_avoidance/share/collision_avoidance/package.zsh'
[1.938s] Level 1:colcon.colcon_core.environment:create_file_with_runtime_dependencies(/home/redi/litter/install/collision_avoidance/share/colcon-core/packages/collision_avoidance)
[1.981s] Level 1:colcon.colcon_core.environment:checking '/home/redi/litter/install/test_pkg' for CMake module files
[1.982s] DEBUG:colcon.colcon_core.event_handler.log_command:Invoked command in '/home/redi/litter/src/test_pkg' returned '0': PYTHONPATH=/home/redi/litter/build/test_pkg/prefix_override:/home/redi/litter/install/test_pkg/lib/python3.8/site-packages:${PYTHONPATH} /usr/bin/python3 setup.py egg_info --egg-base ../../build/test_pkg build --build-base /home/redi/litter/build/test_pkg/build install --record /home/redi/litter/build/test_pkg/install.log --install-scripts $base/lib/test_pkg --single-version-externally-managed
[1.982s] Level 1:colcon.colcon_core.environment:checking '/home/redi/litter/install/test_pkg' for CMake config files
[1.983s] Level 1:colcon.colcon_core.environment:checking '/home/redi/litter/install/test_pkg/lib'
[1.983s] Level 1:colcon.colcon_core.environment:checking '/home/redi/litter/install/test_pkg/bin'
[1.983s] Level 1:colcon.colcon_core.environment:checking '/home/redi/litter/install/test_pkg/lib/pkgconfig/test_pkg.pc'
[1.983s] Level 1:colcon.colcon_core.environment:checking '/home/redi/litter/install/test_pkg/lib/python3.8/site-packages'
[1.983s] Level 1:colcon.colcon_core.shell:create_environment_hook('test_pkg', 'pythonpath')
[1.985s] INFO:colcon.colcon_core.shell:Creating environment hook '/home/redi/litter/install/test_pkg/share/test_pkg/hook/pythonpath.ps1'
[1.985s] INFO:colcon.colcon_core.shell:Creating environment descriptor '/home/redi/litter/install/test_pkg/share/test_pkg/hook/pythonpath.dsv'
[1.986s] INFO:colcon.colcon_core.shell:Creating environment hook '/home/redi/litter/install/test_pkg/share/test_pkg/hook/pythonpath.sh'
[1.986s] Level 1:colcon.colcon_core.environment:checking '/home/redi/litter/install/test_pkg/bin'
[1.986s] Level 1:colcon.colcon_core.environment:create_environment_scripts_only(test_pkg)
[1.988s] INFO:colcon.colcon_core.shell:Creating package script '/home/redi/litter/install/test_pkg/share/test_pkg/package.ps1'
[1.989s] INFO:colcon.colcon_core.shell:Creating package descriptor '/home/redi/litter/install/test_pkg/share/test_pkg/package.dsv'
[1.989s] INFO:colcon.colcon_core.shell:Creating package script '/home/redi/litter/install/test_pkg/share/test_pkg/package.sh'
[1.989s] INFO:colcon.colcon_core.shell:Creating package script '/home/redi/litter/install/test_pkg/share/test_pkg/package.bash'
[1.990s] INFO:colcon.colcon_core.shell:Creating package script '/home/redi/litter/install/test_pkg/share/test_pkg/package.zsh'
[1.990s] Level 1:colcon.colcon_core.environment:create_file_with_runtime_dependencies(/home/redi/litter/install/test_pkg/share/colcon-core/packages/test_pkg)
[3.137s] DEBUG:colcon.colcon_core.event_handler.log_command:Invoked command in '/home/redi/litter/build/spazza_interfaces' returned '0': CMAKE_PREFIX_PATH=${CMAKE_PREFIX_PATH}:/home/redi/examples/install/test_pkg:/home/redi/examples/install/spazza:/home/redi/examples/install/collision_avoidance:/home/redi/ws2/install/webots_ros2_simulations:/home/redi/ws2/install/javaff:/home/redi/ws2/install/litter_world:/home/redi/ws2/install/sensor_msgs_py:/home/redi/ws2/install/ament_build_type_gradle:/opt/ros/foxy /usr/bin/cmake /home/redi/litter/src/spazza_interfaces -DCMAKE_INSTALL_PREFIX=/home/redi/litter/install/spazza_interfaces
[3.140s] DEBUG:colcon.colcon_core.event_handler.log_command:Invoking command in '/home/redi/litter/build/spazza_interfaces': CMAKE_PREFIX_PATH=${CMAKE_PREFIX_PATH}:/home/redi/examples/install/test_pkg:/home/redi/examples/install/spazza:/home/redi/examples/install/collision_avoidance:/home/redi/ws2/install/webots_ros2_simulations:/home/redi/ws2/install/javaff:/home/redi/ws2/install/litter_world:/home/redi/ws2/install/sensor_msgs_py:/home/redi/ws2/install/ament_build_type_gradle:/opt/ros/foxy /usr/bin/cmake --build /home/redi/litter/build/spazza_interfaces -- -j8 -l8
[8.510s] DEBUG:colcon.colcon_core.event_handler.log_command:Invoked command in '/home/redi/litter/build/spazza_interfaces' returned '0': CMAKE_PREFIX_PATH=${CMAKE_PREFIX_PATH}:/home/redi/examples/install/test_pkg:/home/redi/examples/install/spazza:/home/redi/examples/install/collision_avoidance:/home/redi/ws2/install/webots_ros2_simulations:/home/redi/ws2/install/javaff:/home/redi/ws2/install/litter_world:/home/redi/ws2/install/sensor_msgs_py:/home/redi/ws2/install/ament_build_type_gradle:/opt/ros/foxy /usr/bin/cmake --build /home/redi/litter/build/spazza_interfaces -- -j8 -l8
[8.854s] DEBUG:colcon.colcon_core.event_handler.log_command:Invoking command in '/home/redi/litter/build/spazza_interfaces': CMAKE_PREFIX_PATH=${CMAKE_PREFIX_PATH}:/home/redi/examples/install/test_pkg:/home/redi/examples/install/spazza:/home/redi/examples/install/collision_avoidance:/home/redi/ws2/install/webots_ros2_simulations:/home/redi/ws2/install/javaff:/home/redi/ws2/install/litter_world:/home/redi/ws2/install/sensor_msgs_py:/home/redi/ws2/install/ament_build_type_gradle:/opt/ros/foxy /usr/bin/cmake --install /home/redi/litter/build/spazza_interfaces
[9.064s] Level 1:colcon.colcon_core.environment:create_environment_scripts_only(spazza_interfaces)
[9.072s] Level 1:colcon.colcon_core.environment:checking '/home/redi/litter/install/spazza_interfaces' for CMake module files
[9.073s] DEBUG:colcon.colcon_core.event_handler.log_command:Invoked command in '/home/redi/litter/build/spazza_interfaces' returned '0': CMAKE_PREFIX_PATH=${CMAKE_PREFIX_PATH}:/home/redi/examples/install/test_pkg:/home/redi/examples/install/spazza:/home/redi/examples/install/collision_avoidance:/home/redi/ws2/install/webots_ros2_simulations:/home/redi/ws2/install/javaff:/home/redi/ws2/install/litter_world:/home/redi/ws2/install/sensor_msgs_py:/home/redi/ws2/install/ament_build_type_gradle:/opt/ros/foxy /usr/bin/cmake --install /home/redi/litter/build/spazza_interfaces
[9.074s] Level 1:colcon.colcon_core.environment:checking '/home/redi/litter/install/spazza_interfaces' for CMake config files
[9.075s] Level 1:colcon.colcon_core.shell:create_environment_hook('spazza_interfaces', 'cmake_prefix_path')
[9.080s] INFO:colcon.colcon_core.shell:Creating environment hook '/home/redi/litter/install/spazza_interfaces/share/spazza_interfaces/hook/cmake_prefix_path.ps1'
[9.081s] INFO:colcon.colcon_core.shell:Creating environment descriptor '/home/redi/litter/install/spazza_interfaces/share/spazza_interfaces/hook/cmake_prefix_path.dsv'
[9.082s] INFO:colcon.colcon_core.shell:Creating environment hook '/home/redi/litter/install/spazza_interfaces/share/spazza_interfaces/hook/cmake_prefix_path.sh'
[9.083s] Level 1:colcon.colcon_core.environment:checking '/home/redi/litter/install/spazza_interfaces/lib'
[9.084s] Level 1:colcon.colcon_core.shell:create_environment_hook('spazza_interfaces', 'ld_library_path_lib')
[9.088s] INFO:colcon.colcon_core.shell:Creating environment hook '/home/redi/litter/install/spazza_interfaces/share/spazza_interfaces/hook/ld_library_path_lib.ps1'
[9.089s] INFO:colcon.colcon_core.shell:Creating environment descriptor '/home/redi/litter/install/spazza_interfaces/share/spazza_interfaces/hook/ld_library_path_lib.dsv'
[9.090s] INFO:colcon.colcon_core.shell:Creating environment hook '/home/redi/litter/install/spazza_interfaces/share/spazza_interfaces/hook/ld_library_path_lib.sh'
[9.091s] Level 1:colcon.colcon_core.environment:checking '/home/redi/litter/install/spazza_interfaces/bin'
[9.091s] Level 1:colcon.colcon_core.environment:checking '/home/redi/litter/install/spazza_interfaces/lib/pkgconfig/spazza_interfaces.pc'
[9.092s] Level 1:colcon.colcon_core.environment:checking '/home/redi/litter/install/spazza_interfaces/lib/python3.8/site-packages'
[9.092s] Level 1:colcon.colcon_core.shell:create_environment_hook('spazza_interfaces', 'pythonpath')
[9.096s] INFO:colcon.colcon_core.shell:Creating environment hook '/home/redi/litter/install/spazza_interfaces/share/spazza_interfaces/hook/pythonpath.ps1'
[9.097s] INFO:colcon.colcon_core.shell:Creating environment descriptor '/home/redi/litter/install/spazza_interfaces/share/spazza_interfaces/hook/pythonpath.dsv'
[9.098s] INFO:colcon.colcon_core.shell:Creating environment hook '/home/redi/litter/install/spazza_interfaces/share/spazza_interfaces/hook/pythonpath.sh'
[9.099s] Level 1:colcon.colcon_core.environment:checking '/home/redi/litter/install/spazza_interfaces/bin'
[9.104s] INFO:colcon.colcon_core.shell:Creating package script '/home/redi/litter/install/spazza_interfaces/share/spazza_interfaces/package.ps1'
[9.105s] INFO:colcon.colcon_core.shell:Creating package descriptor '/home/redi/litter/install/spazza_interfaces/share/spazza_interfaces/package.dsv'
[9.106s] INFO:colcon.colcon_core.shell:Creating package script '/home/redi/litter/install/spazza_interfaces/share/spazza_interfaces/package.sh'
[9.107s] INFO:colcon.colcon_core.shell:Creating package script '/home/redi/litter/install/spazza_interfaces/share/spazza_interfaces/package.bash'
[9.108s] INFO:colcon.colcon_core.shell:Creating package script '/home/redi/litter/install/spazza_interfaces/share/spazza_interfaces/package.zsh'
[9.109s] Level 1:colcon.colcon_core.environment:create_file_with_runtime_dependencies(/home/redi/litter/install/spazza_interfaces/share/colcon-core/packages/spazza_interfaces)
[9.629s] DEBUG:colcon.colcon_core.event_handler.log_command:Invoked command in '/home/redi/litter/build/bdi_spazza' returned '0': CMAKE_PREFIX_PATH=${CMAKE_PREFIX_PATH}:/home/redi/examples/install/test_pkg:/home/redi/examples/install/spazza:/home/redi/examples/install/collision_avoidance:/home/redi/ws2/install/webots_ros2_simulations:/home/redi/ws2/install/javaff:/home/redi/ws2/install/litter_world:/home/redi/ws2/install/sensor_msgs_py:/home/redi/ws2/install/ament_build_type_gradle:/opt/ros/foxy /usr/bin/cmake /home/redi/litter/src/bdi_spazza -DCMAKE_INSTALL_PREFIX=/home/redi/litter/install/bdi_spazza
[9.633s] DEBUG:colcon.colcon_core.event_handler.log_command:Invoking command in '/home/redi/litter/build/bdi_spazza': CMAKE_PREFIX_PATH=${CMAKE_PREFIX_PATH}:/home/redi/examples/install/test_pkg:/home/redi/examples/install/spazza:/home/redi/examples/install/collision_avoidance:/home/redi/ws2/install/webots_ros2_simulations:/home/redi/ws2/install/javaff:/home/redi/ws2/install/litter_world:/home/redi/ws2/install/sensor_msgs_py:/home/redi/ws2/install/ament_build_type_gradle:/opt/ros/foxy /usr/bin/cmake --build /home/redi/litter/build/bdi_spazza -- -j8 -l8
[9.650s] Level 1:colcon.colcon_core.environment:create_environment_scripts_only(spazza_interfaces)
[9.654s] Level 1:colcon.colcon_core.environment:checking '/home/redi/litter/install/spazza_interfaces' for CMake module files
[9.655s] Level 1:colcon.colcon_core.environment:checking '/home/redi/litter/install/spazza_interfaces' for CMake config files
[9.656s] Level 1:colcon.colcon_core.shell:create_environment_hook('spazza_interfaces', 'cmake_prefix_path')
[9.659s] INFO:colcon.colcon_core.shell:Creating environment hook '/home/redi/litter/install/spazza_interfaces/share/spazza_interfaces/hook/cmake_prefix_path.ps1'
[9.660s] INFO:colcon.colcon_core.shell:Creating environment descriptor '/home/redi/litter/install/spazza_interfaces/share/spazza_interfaces/hook/cmake_prefix_path.dsv'
[9.660s] INFO:colcon.colcon_core.shell:Creating environment hook '/home/redi/litter/install/spazza_interfaces/share/spazza_interfaces/hook/cmake_prefix_path.sh'
[9.661s] Level 1:colcon.colcon_core.environment:checking '/home/redi/litter/install/spazza_interfaces/lib'
[9.661s] Level 1:colcon.colcon_core.shell:create_environment_hook('spazza_interfaces', 'ld_library_path_lib')
[9.664s] INFO:colcon.colcon_core.shell:Creating environment hook '/home/redi/litter/install/spazza_interfaces/share/spazza_interfaces/hook/ld_library_path_lib.ps1'
[9.665s] INFO:colcon.colcon_core.shell:Creating environment descriptor '/home/redi/litter/install/spazza_interfaces/share/spazza_interfaces/hook/ld_library_path_lib.dsv'
[9.665s] INFO:colcon.colcon_core.shell:Creating environment hook '/home/redi/litter/install/spazza_interfaces/share/spazza_interfaces/hook/ld_library_path_lib.sh'
[9.666s] Level 1:colcon.colcon_core.environment:checking '/home/redi/litter/install/spazza_interfaces/bin'
[9.666s] Level 1:colcon.colcon_core.environment:checking '/home/redi/litter/install/spazza_interfaces/lib/pkgconfig/spazza_interfaces.pc'
[9.666s] Level 1:colcon.colcon_core.environment:checking '/home/redi/litter/install/spazza_interfaces/lib/python3.8/site-packages'
[9.667s] Level 1:colcon.colcon_core.shell:create_environment_hook('spazza_interfaces', 'pythonpath')
[9.669s] INFO:colcon.colcon_core.shell:Creating environment hook '/home/redi/litter/install/spazza_interfaces/share/spazza_interfaces/hook/pythonpath.ps1'
[9.670s] INFO:colcon.colcon_core.shell:Creating environment descriptor '/home/redi/litter/install/spazza_interfaces/share/spazza_interfaces/hook/pythonpath.dsv'
[9.670s] INFO:colcon.colcon_core.shell:Creating environment hook '/home/redi/litter/install/spazza_interfaces/share/spazza_interfaces/hook/pythonpath.sh'
[9.671s] Level 1:colcon.colcon_core.environment:checking '/home/redi/litter/install/spazza_interfaces/bin'
[9.674s] INFO:colcon.colcon_core.shell:Creating package script '/home/redi/litter/install/spazza_interfaces/share/spazza_interfaces/package.ps1'
[9.675s] INFO:colcon.colcon_core.shell:Creating package descriptor '/home/redi/litter/install/spazza_interfaces/share/spazza_interfaces/package.dsv'
[9.676s] INFO:colcon.colcon_core.shell:Creating package script '/home/redi/litter/install/spazza_interfaces/share/spazza_interfaces/package.sh'
[9.677s] INFO:colcon.colcon_core.shell:Creating package script '/home/redi/litter/install/spazza_interfaces/share/spazza_interfaces/package.bash'
[9.678s] INFO:colcon.colcon_core.shell:Creating package script '/home/redi/litter/install/spazza_interfaces/share/spazza_interfaces/package.zsh'
[9.678s] Level 1:colcon.colcon_core.environment:create_file_with_runtime_dependencies(/home/redi/litter/install/spazza_interfaces/share/colcon-core/packages/spazza_interfaces)
[9.679s] INFO:colcon.colcon_ros.task.ament_python.build:Building ROS package in '/home/redi/litter/src/spazza' with build type 'ament_python'
[9.679s] Level 1:colcon.colcon_core.shell:create_environment_hook('spazza', 'ament_prefix_path')
[9.682s] INFO:colcon.colcon_core.shell:Creating environment hook '/home/redi/litter/install/spazza/share/spazza/hook/ament_prefix_path.ps1'
[9.684s] INFO:colcon.colcon_core.shell:Creating environment descriptor '/home/redi/litter/install/spazza/share/spazza/hook/ament_prefix_path.dsv'
[9.685s] INFO:colcon.colcon_core.shell:Creating environment hook '/home/redi/litter/install/spazza/share/spazza/hook/ament_prefix_path.sh'
[9.690s] INFO:colcon.colcon_core.shell:Skip shell extension 'powershell' for command environment: Not usable outside of PowerShell
[9.690s] DEBUG:colcon.colcon_core.shell:Skip shell extension 'dsv' for command environment
[10.253s] INFO:colcon.colcon_core.task.python.build:Building Python package in '/home/redi/litter/src/spazza'
[10.259s] INFO:colcon.colcon_core.shell:Skip shell extension 'powershell' for command environment: Not usable outside of PowerShell
[10.259s] DEBUG:colcon.colcon_core.shell:Skip shell extension 'dsv' for command environment
[11.118s] DEBUG:colcon.colcon_core.event_handler.log_command:Invoking command in '/home/redi/litter/src/spazza': AMENT_PREFIX_PATH=/home/redi/litter/install/spazza_interfaces:${AMENT_PREFIX_PATH} CMAKE_PREFIX_PATH=/home/redi/litter/install/spazza_interfaces:${CMAKE_PREFIX_PATH} LD_LIBRARY_PATH=/home/redi/litter/install/spazza_interfaces/lib:${LD_LIBRARY_PATH} PYTHONPATH=/home/redi/litter/build/spazza/prefix_override:/home/redi/litter/install/spazza/lib/python3.8/site-packages:/home/redi/litter/install/spazza_interfaces/lib/python3.8/site-packages:${PYTHONPATH} /usr/bin/python3 setup.py egg_info --egg-base ../../build/spazza build --build-base /home/redi/litter/build/spazza/build install --record /home/redi/litter/build/spazza/install.log --install-scripts $base/lib/spazza --single-version-externally-managed
[11.534s] Level 1:colcon.colcon_core.environment:checking '/home/redi/litter/install/spazza' for CMake module files
[11.535s] DEBUG:colcon.colcon_core.event_handler.log_command:Invoked command in '/home/redi/litter/src/spazza' returned '0': AMENT_PREFIX_PATH=/home/redi/litter/install/spazza_interfaces:${AMENT_PREFIX_PATH} CMAKE_PREFIX_PATH=/home/redi/litter/install/spazza_interfaces:${CMAKE_PREFIX_PATH} LD_LIBRARY_PATH=/home/redi/litter/install/spazza_interfaces/lib:${LD_LIBRARY_PATH} PYTHONPATH=/home/redi/litter/build/spazza/prefix_override:/home/redi/litter/install/spazza/lib/python3.8/site-packages:/home/redi/litter/install/spazza_interfaces/lib/python3.8/site-packages:${PYTHONPATH} /usr/bin/python3 setup.py egg_info --egg-base ../../build/spazza build --build-base /home/redi/litter/build/spazza/build install --record /home/redi/litter/build/spazza/install.log --install-scripts $base/lib/spazza --single-version-externally-managed
[11.535s] Level 1:colcon.colcon_core.environment:checking '/home/redi/litter/install/spazza' for CMake config files
[11.537s] Level 1:colcon.colcon_core.environment:checking '/home/redi/litter/install/spazza/lib'
[11.537s] Level 1:colcon.colcon_core.environment:checking '/home/redi/litter/install/spazza/bin'
[11.537s] Level 1:colcon.colcon_core.environment:checking '/home/redi/litter/install/spazza/lib/pkgconfig/spazza.pc'
[11.537s] Level 1:colcon.colcon_core.environment:checking '/home/redi/litter/install/spazza/lib/python3.8/site-packages'
[11.538s] Level 1:colcon.colcon_core.shell:create_environment_hook('spazza', 'pythonpath')
[11.541s] INFO:colcon.colcon_core.shell:Creating environment hook '/home/redi/litter/install/spazza/share/spazza/hook/pythonpath.ps1'
[11.542s] INFO:colcon.colcon_core.shell:Creating environment descriptor '/home/redi/litter/install/spazza/share/spazza/hook/pythonpath.dsv'
[11.543s] INFO:colcon.colcon_core.shell:Creating environment hook '/home/redi/litter/install/spazza/share/spazza/hook/pythonpath.sh'
[11.543s] Level 1:colcon.colcon_core.environment:checking '/home/redi/litter/install/spazza/bin'
[11.543s] Level 1:colcon.colcon_core.environment:create_environment_scripts_only(spazza)
[11.547s] INFO:colcon.colcon_core.shell:Creating package script '/home/redi/litter/install/spazza/share/spazza/package.ps1'
[11.548s] INFO:colcon.colcon_core.shell:Creating package descriptor '/home/redi/litter/install/spazza/share/spazza/package.dsv'
[11.549s] INFO:colcon.colcon_core.shell:Creating package script '/home/redi/litter/install/spazza/share/spazza/package.sh'
[11.549s] INFO:colcon.colcon_core.shell:Creating package script '/home/redi/litter/install/spazza/share/spazza/package.bash'
[11.550s] INFO:colcon.colcon_core.shell:Creating package script '/home/redi/litter/install/spazza/share/spazza/package.zsh'
[11.550s] Level 1:colcon.colcon_core.environment:create_file_with_runtime_dependencies(/home/redi/litter/install/spazza/share/colcon-core/packages/spazza)
[19.113s] DEBUG:colcon.colcon_core.event_handler.log_command:Invoked command in '/home/redi/litter/build/bdi_spazza' returned '0': CMAKE_PREFIX_PATH=${CMAKE_PREFIX_PATH}:/home/redi/examples/install/test_pkg:/home/redi/examples/install/spazza:/home/redi/examples/install/collision_avoidance:/home/redi/ws2/install/webots_ros2_simulations:/home/redi/ws2/install/javaff:/home/redi/ws2/install/litter_world:/home/redi/ws2/install/sensor_msgs_py:/home/redi/ws2/install/ament_build_type_gradle:/opt/ros/foxy /usr/bin/cmake --build /home/redi/litter/build/bdi_spazza -- -j8 -l8
[19.207s] DEBUG:colcon.colcon_core.event_handler.log_command:Invoking command in '/home/redi/litter/build/bdi_spazza': CMAKE_PREFIX_PATH=${CMAKE_PREFIX_PATH}:/home/redi/examples/install/test_pkg:/home/redi/examples/install/spazza:/home/redi/examples/install/collision_avoidance:/home/redi/ws2/install/webots_ros2_simulations:/home/redi/ws2/install/javaff:/home/redi/ws2/install/litter_world:/home/redi/ws2/install/sensor_msgs_py:/home/redi/ws2/install/ament_build_type_gradle:/opt/ros/foxy /usr/bin/cmake --install /home/redi/litter/build/bdi_spazza
[19.235s] Level 1:colcon.colcon_core.environment:create_environment_scripts_only(bdi_spazza)
[19.240s] Level 1:colcon.colcon_core.environment:checking '/home/redi/litter/install/bdi_spazza' for CMake module files
[19.241s] DEBUG:colcon.colcon_core.event_handler.log_command:Invoked command in '/home/redi/litter/build/bdi_spazza' returned '0': CMAKE_PREFIX_PATH=${CMAKE_PREFIX_PATH}:/home/redi/examples/install/test_pkg:/home/redi/examples/install/spazza:/home/redi/examples/install/collision_avoidance:/home/redi/ws2/install/webots_ros2_simulations:/home/redi/ws2/install/javaff:/home/redi/ws2/install/litter_world:/home/redi/ws2/install/sensor_msgs_py:/home/redi/ws2/install/ament_build_type_gradle:/opt/ros/foxy /usr/bin/cmake --install /home/redi/litter/build/bdi_spazza
[19.241s] Level 1:colcon.colcon_core.environment:checking '/home/redi/litter/install/bdi_spazza' for CMake config files
[19.242s] Level 1:colcon.colcon_core.shell:create_environment_hook('bdi_spazza', 'cmake_prefix_path')
[19.245s] INFO:colcon.colcon_core.shell:Creating environment hook '/home/redi/litter/install/bdi_spazza/share/bdi_spazza/hook/cmake_prefix_path.ps1'
[19.246s] INFO:colcon.colcon_core.shell:Creating environment descriptor '/home/redi/litter/install/bdi_spazza/share/bdi_spazza/hook/cmake_prefix_path.dsv'
[19.246s] INFO:colcon.colcon_core.shell:Creating environment hook '/home/redi/litter/install/bdi_spazza/share/bdi_spazza/hook/cmake_prefix_path.sh'
[19.247s] Level 1:colcon.colcon_core.environment:checking '/home/redi/litter/install/bdi_spazza/lib'
[19.247s] Level 1:colcon.colcon_core.environment:checking '/home/redi/litter/install/bdi_spazza/bin'
[19.247s] Level 1:colcon.colcon_core.environment:checking '/home/redi/litter/install/bdi_spazza/lib/pkgconfig/bdi_spazza.pc'
[19.248s] Level 1:colcon.colcon_core.environment:checking '/home/redi/litter/install/bdi_spazza/lib/python3.8/site-packages'
[19.248s] Level 1:colcon.colcon_core.environment:checking '/home/redi/litter/install/bdi_spazza/bin'
[19.251s] INFO:colcon.colcon_core.shell:Creating package script '/home/redi/litter/install/bdi_spazza/share/bdi_spazza/package.ps1'
[19.251s] INFO:colcon.colcon_core.shell:Creating package descriptor '/home/redi/litter/install/bdi_spazza/share/bdi_spazza/package.dsv'
[19.252s] INFO:colcon.colcon_core.shell:Creating package script '/home/redi/litter/install/bdi_spazza/share/bdi_spazza/package.sh'
[19.252s] INFO:colcon.colcon_core.shell:Creating package script '/home/redi/litter/install/bdi_spazza/share/bdi_spazza/package.bash'
[19.253s] INFO:colcon.colcon_core.shell:Creating package script '/home/redi/litter/install/bdi_spazza/share/bdi_spazza/package.zsh'
[19.253s] Level 1:colcon.colcon_core.environment:create_file_with_runtime_dependencies(/home/redi/litter/install/bdi_spazza/share/colcon-core/packages/bdi_spazza)
[19.346s] Level 1:colcon.colcon_core.environment:create_environment_scripts_only(bdi_spazza)
[19.349s] Level 1:colcon.colcon_core.environment:checking '/home/redi/litter/install/bdi_spazza' for CMake module files
[19.349s] Level 1:colcon.colcon_core.environment:checking '/home/redi/litter/install/bdi_spazza' for CMake config files
[19.349s] Level 1:colcon.colcon_core.shell:create_environment_hook('bdi_spazza', 'cmake_prefix_path')
[19.351s] INFO:colcon.colcon_core.shell:Creating environment hook '/home/redi/litter/install/bdi_spazza/share/bdi_spazza/hook/cmake_prefix_path.ps1'
[19.351s] INFO:colcon.colcon_core.shell:Creating environment descriptor '/home/redi/litter/install/bdi_spazza/share/bdi_spazza/hook/cmake_prefix_path.dsv'
[19.351s] INFO:colcon.colcon_core.shell:Creating environment hook '/home/redi/litter/install/bdi_spazza/share/bdi_spazza/hook/cmake_prefix_path.sh'
[19.352s] Level 1:colcon.colcon_core.environment:checking '/home/redi/litter/install/bdi_spazza/lib'
[19.352s] Level 1:colcon.colcon_core.environment:checking '/home/redi/litter/install/bdi_spazza/bin'
[19.352s] Level 1:colcon.colcon_core.environment:checking '/home/redi/litter/install/bdi_spazza/lib/pkgconfig/bdi_spazza.pc'
[19.352s] Level 1:colcon.colcon_core.environment:checking '/home/redi/litter/install/bdi_spazza/lib/python3.8/site-packages'
[19.352s] Level 1:colcon.colcon_core.environment:checking '/home/redi/litter/install/bdi_spazza/bin'
[19.354s] INFO:colcon.colcon_core.shell:Creating package script '/home/redi/litter/install/bdi_spazza/share/bdi_spazza/package.ps1'
[19.354s] INFO:colcon.colcon_core.shell:Creating package descriptor '/home/redi/litter/install/bdi_spazza/share/bdi_spazza/package.dsv'
[19.355s] INFO:colcon.colcon_core.shell:Creating package script '/home/redi/litter/install/bdi_spazza/share/bdi_spazza/package.sh'
[19.355s] INFO:colcon.colcon_core.shell:Creating package script '/home/redi/litter/install/bdi_spazza/share/bdi_spazza/package.bash'
[19.356s] INFO:colcon.colcon_core.shell:Creating package script '/home/redi/litter/install/bdi_spazza/share/bdi_spazza/package.zsh'
[19.356s] Level 1:colcon.colcon_core.environment:create_file_with_runtime_dependencies(/home/redi/litter/install/bdi_spazza/share/colcon-core/packages/bdi_spazza)
[19.356s] DEBUG:colcon.colcon_parallel_executor.executor.parallel:closing loop
[19.357s] DEBUG:colcon.colcon_parallel_executor.executor.parallel:loop closed
[19.357s] DEBUG:colcon.colcon_parallel_executor.executor.parallel:run_until_complete finished with '0'
[19.357s] DEBUG:colcon.colcon_core.event_reactor:joining thread
[19.365s] INFO:colcon.colcon_core.plugin_system:Skipping extension 'colcon_notification.desktop_notification.terminal_notifier': Not used on non-Darwin systems
[19.365s] INFO:colcon.colcon_core.plugin_system:Skipping extension 'colcon_notification.desktop_notification.win32': Not used on non-Windows systems
[19.365s] INFO:colcon.colcon_notification.desktop_notification:Sending desktop notification using 'notify2'
[19.379s] DEBUG:colcon.colcon_core.event_reactor:joined thread
[19.381s] INFO:colcon.colcon_core.shell:Creating prefix script '/home/redi/litter/install/local_setup.ps1'
[19.382s] INFO:colcon.colcon_core.shell:Creating prefix util module '/home/redi/litter/install/_local_setup_util_ps1.py'
[19.383s] INFO:colcon.colcon_core.shell:Creating prefix chain script '/home/redi/litter/install/setup.ps1'
[19.387s] INFO:colcon.colcon_core.shell:Creating prefix script '/home/redi/litter/install/local_setup.sh'
[19.387s] INFO:colcon.colcon_core.shell:Creating prefix util module '/home/redi/litter/install/_local_setup_util_sh.py'
[19.388s] INFO:colcon.colcon_core.shell:Creating prefix chain script '/home/redi/litter/install/setup.sh'
[19.392s] INFO:colcon.colcon_core.shell:Creating prefix script '/home/redi/litter/install/local_setup.bash'
[19.393s] INFO:colcon.colcon_core.shell:Creating prefix chain script '/home/redi/litter/install/setup.bash'
[19.397s] INFO:colcon.colcon_core.shell:Creating prefix script '/home/redi/litter/install/local_setup.zsh'
[19.397s] INFO:colcon.colcon_core.shell:Creating prefix chain script '/home/redi/litter/install/setup.zsh'
