[0.745s] Invoking command in '/home/redi/examples/collision_avoidance': PYTHONPATH=/home/redi/examples/build/collision_avoidance/prefix_override:/home/redi/examples/install/collision_avoidance/lib/python3.8/site-packages:${PYTHONPATH} /usr/bin/python3 setup.py egg_info --egg-base ../build/collision_avoidance build --build-base /home/redi/examples/build/collision_avoidance/build install --record /home/redi/examples/build/collision_avoidance/install.log --install-scripts $base/lib/collision_avoidance --single-version-externally-managed
[1.009s] running egg_info
[1.009s] creating ../build/collision_avoidance/collision_avoidance.egg-info
[1.015s] writing ../build/collision_avoidance/collision_avoidance.egg-info/PKG-INFO
[1.016s] writing dependency_links to ../build/collision_avoidance/collision_avoidance.egg-info/dependency_links.txt
[1.017s] writing entry points to ../build/collision_avoidance/collision_avoidance.egg-info/entry_points.txt
[1.017s] writing requirements to ../build/collision_avoidance/collision_avoidance.egg-info/requires.txt
[1.018s] writing top-level names to ../build/collision_avoidance/collision_avoidance.egg-info/top_level.txt
[1.022s] writing manifest file '../build/collision_avoidance/collision_avoidance.egg-info/SOURCES.txt'
[1.061s] reading manifest file '../build/collision_avoidance/collision_avoidance.egg-info/SOURCES.txt'
[1.062s] writing manifest file '../build/collision_avoidance/collision_avoidance.egg-info/SOURCES.txt'
[1.062s] running build
[1.062s] running build_py
[1.062s] creating /home/redi/examples/build/collision_avoidance/build
[1.063s] creating /home/redi/examples/build/collision_avoidance/build/lib
[1.063s] creating /home/redi/examples/build/collision_avoidance/build/lib/collision_avoidance
[1.063s] copying collision_avoidance/__init__.py -> /home/redi/examples/build/collision_avoidance/build/lib/collision_avoidance
[1.063s] copying collision_avoidance/collision_avoidance_driver.py -> /home/redi/examples/build/collision_avoidance/build/lib/collision_avoidance
[1.063s] running install
[1.064s] running install_lib
[1.065s] creating /home/redi/examples/install/collision_avoidance/lib/python3.8/site-packages/collision_avoidance
[1.065s] copying /home/redi/examples/build/collision_avoidance/build/lib/collision_avoidance/__init__.py -> /home/redi/examples/install/collision_avoidance/lib/python3.8/site-packages/collision_avoidance
[1.065s] copying /home/redi/examples/build/collision_avoidance/build/lib/collision_avoidance/collision_avoidance_driver.py -> /home/redi/examples/install/collision_avoidance/lib/python3.8/site-packages/collision_avoidance
[1.066s] byte-compiling /home/redi/examples/install/collision_avoidance/lib/python3.8/site-packages/collision_avoidance/__init__.py to __init__.cpython-38.pyc
[1.067s] byte-compiling /home/redi/examples/install/collision_avoidance/lib/python3.8/site-packages/collision_avoidance/collision_avoidance_driver.py to collision_avoidance_driver.cpython-38.pyc
[1.068s] running install_data
[1.068s] creating /home/redi/examples/install/collision_avoidance/share/collision_avoidance/launch
[1.068s] copying launch/robot_launch.py -> /home/redi/examples/install/collision_avoidance/share/collision_avoidance/launch
[1.069s] creating /home/redi/examples/install/collision_avoidance/share/collision_avoidance/worlds
[1.069s] copying worlds/my_world.wbt -> /home/redi/examples/install/collision_avoidance/share/collision_avoidance/worlds
[1.069s] creating /home/redi/examples/install/collision_avoidance/share/collision_avoidance/resource
[1.069s] copying resource/my_robot.urdf -> /home/redi/examples/install/collision_avoidance/share/collision_avoidance/resource
[1.069s] running install_egg_info
[1.071s] Copying ../build/collision_avoidance/collision_avoidance.egg-info to /home/redi/examples/install/collision_avoidance/lib/python3.8/site-packages/collision_avoidance-0.0.0-py3.8.egg-info
[1.072s] running install_scripts
[1.089s] Installing my_robot_driver script to /home/redi/examples/install/collision_avoidance/lib/collision_avoidance
[1.090s] writing list of installed files to '/home/redi/examples/build/collision_avoidance/install.log'
[1.112s] Invoked command in '/home/redi/examples/collision_avoidance' returned '0': PYTHONPATH=/home/redi/examples/build/collision_avoidance/prefix_override:/home/redi/examples/install/collision_avoidance/lib/python3.8/site-packages:${PYTHONPATH} /usr/bin/python3 setup.py egg_info --egg-base ../build/collision_avoidance build --build-base /home/redi/examples/build/collision_avoidance/build install --record /home/redi/examples/build/collision_avoidance/install.log --install-scripts $base/lib/collision_avoidance --single-version-externally-managed
