running egg_info
writing ../build/litter/litter.egg-info/PKG-INFO
writing dependency_links to ../build/litter/litter.egg-info/dependency_links.txt
writing entry points to ../build/litter/litter.egg-info/entry_points.txt
writing requirements to ../build/litter/litter.egg-info/requires.txt
writing top-level names to ../build/litter/litter.egg-info/top_level.txt
reading manifest file '../build/litter/litter.egg-info/SOURCES.txt'
writing manifest file '../build/litter/litter.egg-info/SOURCES.txt'
running build
running build_py
copying litter/supervisor_controller.py -> /home/redi/examples/build/litter/build/lib/litter
running install
running install_lib
copying /home/redi/examples/build/litter/build/lib/litter/supervisor_controller.py -> /home/redi/examples/install/litter/lib/python3.8/site-packages/litter
byte-compiling /home/redi/examples/install/litter/lib/python3.8/site-packages/litter/supervisor_controller.py to supervisor_controller.cpython-38.pyc
running install_data
running install_egg_info
removing '/home/redi/examples/install/litter/lib/python3.8/site-packages/litter-0.0.0-py3.8.egg-info' (and everything under it)
Copying ../build/litter/litter.egg-info to /home/redi/examples/install/litter/lib/python3.8/site-packages/litter-0.0.0-py3.8.egg-info
running install_scripts
Installing robot_driver script to /home/redi/examples/install/litter/lib/litter
writing list of installed files to '/home/redi/examples/build/litter/install.log'
