[0.899s] Invoking command in '/home/redi/examples/litter': PYTHONPATH=/home/redi/examples/build/litter/prefix_override:/home/redi/examples/install/litter/lib/python3.8/site-packages:${PYTHONPATH} /usr/bin/python3 setup.py egg_info --egg-base ../build/litter build --build-base /home/redi/examples/build/litter/build install --record /home/redi/examples/build/litter/install.log --install-scripts $base/lib/litter --single-version-externally-managed
[1.170s] running egg_info
[1.170s] writing ../build/litter/litter.egg-info/PKG-INFO
[1.171s] writing dependency_links to ../build/litter/litter.egg-info/dependency_links.txt
[1.171s] writing entry points to ../build/litter/litter.egg-info/entry_points.txt
[1.171s] writing requirements to ../build/litter/litter.egg-info/requires.txt
[1.171s] writing top-level names to ../build/litter/litter.egg-info/top_level.txt
[1.208s] reading manifest file '../build/litter/litter.egg-info/SOURCES.txt'
[1.209s] writing manifest file '../build/litter/litter.egg-info/SOURCES.txt'
[1.209s] running build
[1.209s] running build_py
[1.210s] copying litter/supervisor_controller.py -> /home/redi/examples/build/litter/build/lib/litter
[1.210s] running install
[1.211s] running install_lib
[1.213s] copying /home/redi/examples/build/litter/build/lib/litter/supervisor_controller.py -> /home/redi/examples/install/litter/lib/python3.8/site-packages/litter
[1.214s] byte-compiling /home/redi/examples/install/litter/lib/python3.8/site-packages/litter/supervisor_controller.py to supervisor_controller.cpython-38.pyc
[1.216s] running install_data
[1.217s] running install_egg_info
[1.219s] removing '/home/redi/examples/install/litter/lib/python3.8/site-packages/litter-0.0.0-py3.8.egg-info' (and everything under it)
[1.220s] Copying ../build/litter/litter.egg-info to /home/redi/examples/install/litter/lib/python3.8/site-packages/litter-0.0.0-py3.8.egg-info
[1.221s] running install_scripts
[1.241s] Installing robot_driver script to /home/redi/examples/install/litter/lib/litter
[1.242s] writing list of installed files to '/home/redi/examples/build/litter/install.log'
[1.264s] Invoked command in '/home/redi/examples/litter' returned '0': PYTHONPATH=/home/redi/examples/build/litter/prefix_override:/home/redi/examples/install/litter/lib/python3.8/site-packages:${PYTHONPATH} /usr/bin/python3 setup.py egg_info --egg-base ../build/litter build --build-base /home/redi/examples/build/litter/build install --record /home/redi/examples/build/litter/install.log --install-scripts $base/lib/litter --single-version-externally-managed
