[0.431s] DEBUG:colcon:Command line arguments: ['/usr/bin/colcon', 'build', '--packages-select', 'online_bdi_spazza']
[0.432s] DEBUG:colcon:Parsed command line arguments: Namespace(allow_overriding=[], ament_cmake_args=None, ament_gradle_args=None, ament_gradle_task=None, base_paths=['.'], build_base='build', catkin_cmake_args=None, catkin_skip_building_tests=False, cmake_args=None, cmake_clean_cache=False, cmake_clean_first=False, cmake_force_configure=False, cmake_target=None, cmake_target_skip_unavailable=False, continue_on_error=False, event_handlers=None, executor='parallel', gradle_args=None, gradle_task=None, ignore_user_meta=False, install_base='install', log_base=None, log_level=None, main=<bound method BuildVerb.main of <colcon_core.verb.build.BuildVerb object at 0x7fb0257ab4f0>>, merge_install=False, metas=['./colcon.meta'], packages_above=None, packages_above_and_dependencies=None, packages_above_depth=None, packages_end=None, packages_ignore=None, packages_ignore_regex=None, packages_select=['online_bdi_spazza'], packages_select_build_failed=False, packages_select_by_dep=None, packages_select_regex=None, packages_select_test_failures=False, packages_skip=None, packages_skip_build_finished=False, packages_skip_by_dep=None, packages_skip_regex=None, packages_skip_test_passed=False, packages_skip_up_to=None, packages_start=None, packages_up_to=None, packages_up_to_regex=None, parallel_workers=8, paths=None, symlink_install=False, test_result_base=None, verb_extension=<colcon_core.verb.build.BuildVerb object at 0x7fb0257ab4f0>, verb_name='build', verb_parser=<colcon_defaults.argument_parser.defaults.DefaultArgumentsDecorator object at 0x7fb0257aba30>)
[0.496s] Level 1:colcon.colcon_core.package_discovery:discover_packages(colcon_meta) check parameters
[0.496s] Level 1:colcon.colcon_core.package_discovery:discover_packages(recursive) check parameters
[0.496s] Level 1:colcon.colcon_core.package_discovery:discover_packages(ignore) check parameters
[0.496s] Level 1:colcon.colcon_core.package_discovery:discover_packages(path) check parameters
[0.496s] Level 1:colcon.colcon_core.package_discovery:discover_packages(colcon_meta) discover
[0.496s] Level 1:colcon.colcon_core.package_discovery:discover_packages(recursive) discover
[0.496s] INFO:colcon.colcon_core.package_discovery:Crawling recursively for packages in '/home/redi/litter'
[0.497s] Level 1:colcon.colcon_core.package_identification:_identify(.) by extensions ['ignore', 'ignore_ament_install']
[0.497s] Level 1:colcon.colcon_core.package_identification:_identify(.) by extension 'ignore'
[0.497s] Level 1:colcon.colcon_core.package_identification:_identify(.) by extension 'ignore_ament_install'
[0.497s] Level 1:colcon.colcon_core.package_identification:_identify(.) by extensions ['colcon_pkg']
[0.497s] Level 1:colcon.colcon_core.package_identification:_identify(.) by extension 'colcon_pkg'
[0.497s] Level 1:colcon.colcon_core.package_identification:_identify(.) by extensions ['colcon_meta']
[0.497s] Level 1:colcon.colcon_core.package_identification:_identify(.) by extension 'colcon_meta'
[0.497s] Level 1:colcon.colcon_core.package_identification:_identify(.) by extensions ['ament_gradle']
[0.497s] Level 1:colcon.colcon_core.package_identification:_identify(.) by extension 'ament_gradle'
[0.497s] Level 1:colcon.colcon_core.package_identification:_identify(.) by extensions ['ros']
[0.498s] Level 1:colcon.colcon_core.package_identification:_identify(.) by extension 'ros'
[0.519s] Level 1:colcon.colcon_core.package_identification:_identify(.) by extensions ['cmake', 'gradle', 'python']
[0.519s] Level 1:colcon.colcon_core.package_identification:_identify(.) by extension 'cmake'
[0.519s] Level 1:colcon.colcon_core.package_identification:_identify(.) by extension 'gradle'
[0.519s] Level 1:colcon.colcon_core.package_identification:_identify(.) by extension 'python'
[0.520s] Level 1:colcon.colcon_core.package_identification:_identify(.) by extensions ['python_setup_py']
[0.520s] Level 1:colcon.colcon_core.package_identification:_identify(.) by extension 'python_setup_py'
[0.520s] Level 1:colcon.colcon_core.package_identification:_identify(build) by extensions ['ignore', 'ignore_ament_install']
[0.520s] Level 1:colcon.colcon_core.package_identification:_identify(build) by extension 'ignore'
[0.520s] Level 1:colcon.colcon_core.package_identification:_identify(build) ignored
[0.520s] Level 1:colcon.colcon_core.package_identification:_identify(install) by extensions ['ignore', 'ignore_ament_install']
[0.521s] Level 1:colcon.colcon_core.package_identification:_identify(install) by extension 'ignore'
[0.521s] Level 1:colcon.colcon_core.package_identification:_identify(install) ignored
[0.521s] Level 1:colcon.colcon_core.package_identification:_identify(log) by extensions ['ignore', 'ignore_ament_install']
[0.521s] Level 1:colcon.colcon_core.package_identification:_identify(log) by extension 'ignore'
[0.521s] Level 1:colcon.colcon_core.package_identification:_identify(log) ignored
[0.521s] Level 1:colcon.colcon_core.package_identification:_identify(src) by extensions ['ignore', 'ignore_ament_install']
[0.521s] Level 1:colcon.colcon_core.package_identification:_identify(src) by extension 'ignore'
[0.522s] Level 1:colcon.colcon_core.package_identification:_identify(src) by extension 'ignore_ament_install'
[0.522s] Level 1:colcon.colcon_core.package_identification:_identify(src) by extensions ['colcon_pkg']
[0.522s] Level 1:colcon.colcon_core.package_identification:_identify(src) by extension 'colcon_pkg'
[0.522s] Level 1:colcon.colcon_core.package_identification:_identify(src) by extensions ['colcon_meta']
[0.522s] Level 1:colcon.colcon_core.package_identification:_identify(src) by extension 'colcon_meta'
[0.522s] Level 1:colcon.colcon_core.package_identification:_identify(src) by extensions ['ament_gradle']
[0.522s] Level 1:colcon.colcon_core.package_identification:_identify(src) by extension 'ament_gradle'
[0.522s] Level 1:colcon.colcon_core.package_identification:_identify(src) by extensions ['ros']
[0.522s] Level 1:colcon.colcon_core.package_identification:_identify(src) by extension 'ros'
[0.522s] Level 1:colcon.colcon_core.package_identification:_identify(src) by extensions ['cmake', 'gradle', 'python']
[0.522s] Level 1:colcon.colcon_core.package_identification:_identify(src) by extension 'cmake'
[0.523s] Level 1:colcon.colcon_core.package_identification:_identify(src) by extension 'gradle'
[0.523s] Level 1:colcon.colcon_core.package_identification:_identify(src) by extension 'python'
[0.523s] Level 1:colcon.colcon_core.package_identification:_identify(src) by extensions ['python_setup_py']
[0.523s] Level 1:colcon.colcon_core.package_identification:_identify(src) by extension 'python_setup_py'
[0.523s] Level 1:colcon.colcon_core.package_identification:_identify(src/bdi_spazza) by extensions ['ignore', 'ignore_ament_install']
[0.523s] Level 1:colcon.colcon_core.package_identification:_identify(src/bdi_spazza) by extension 'ignore'
[0.523s] Level 1:colcon.colcon_core.package_identification:_identify(src/bdi_spazza) by extension 'ignore_ament_install'
[0.523s] Level 1:colcon.colcon_core.package_identification:_identify(src/bdi_spazza) by extensions ['colcon_pkg']
[0.523s] Level 1:colcon.colcon_core.package_identification:_identify(src/bdi_spazza) by extension 'colcon_pkg'
[0.524s] Level 1:colcon.colcon_core.package_identification:_identify(src/bdi_spazza) by extensions ['colcon_meta']
[0.524s] Level 1:colcon.colcon_core.package_identification:_identify(src/bdi_spazza) by extension 'colcon_meta'
[0.524s] Level 1:colcon.colcon_core.package_identification:_identify(src/bdi_spazza) by extensions ['ament_gradle']
[0.524s] Level 1:colcon.colcon_core.package_identification:_identify(src/bdi_spazza) by extension 'ament_gradle'
[0.524s] Level 1:colcon.colcon_core.package_identification:_identify(src/bdi_spazza) by extensions ['ros']
[0.524s] Level 1:colcon.colcon_core.package_identification:_identify(src/bdi_spazza) by extension 'ros'
[0.529s] DEBUG:colcon.colcon_core.package_identification:Package 'src/bdi_spazza' with type 'ros.ament_cmake' and name 'bdi_spazza'
[0.530s] Level 1:colcon.colcon_core.package_identification:_identify(src/collision_avoidance) by extensions ['ignore', 'ignore_ament_install']
[0.530s] Level 1:colcon.colcon_core.package_identification:_identify(src/collision_avoidance) by extension 'ignore'
[0.530s] Level 1:colcon.colcon_core.package_identification:_identify(src/collision_avoidance) by extension 'ignore_ament_install'
[0.530s] Level 1:colcon.colcon_core.package_identification:_identify(src/collision_avoidance) by extensions ['colcon_pkg']
[0.530s] Level 1:colcon.colcon_core.package_identification:_identify(src/collision_avoidance) by extension 'colcon_pkg'
[0.530s] Level 1:colcon.colcon_core.package_identification:_identify(src/collision_avoidance) by extensions ['colcon_meta']
[0.530s] Level 1:colcon.colcon_core.package_identification:_identify(src/collision_avoidance) by extension 'colcon_meta'
[0.530s] Level 1:colcon.colcon_core.package_identification:_identify(src/collision_avoidance) by extensions ['ament_gradle']
[0.531s] Level 1:colcon.colcon_core.package_identification:_identify(src/collision_avoidance) by extension 'ament_gradle'
[0.531s] Level 1:colcon.colcon_core.package_identification:_identify(src/collision_avoidance) by extensions ['ros']
[0.531s] Level 1:colcon.colcon_core.package_identification:_identify(src/collision_avoidance) by extension 'ros'
[0.532s] DEBUG:colcon.colcon_core.package_identification:Package 'src/collision_avoidance' with type 'ros.ament_python' and name 'collision_avoidance'
[0.532s] Level 1:colcon.colcon_core.package_identification:_identify(src/online_bdi_spazza) by extensions ['ignore', 'ignore_ament_install']
[0.532s] Level 1:colcon.colcon_core.package_identification:_identify(src/online_bdi_spazza) by extension 'ignore'
[0.532s] Level 1:colcon.colcon_core.package_identification:_identify(src/online_bdi_spazza) by extension 'ignore_ament_install'
[0.533s] Level 1:colcon.colcon_core.package_identification:_identify(src/online_bdi_spazza) by extensions ['colcon_pkg']
[0.533s] Level 1:colcon.colcon_core.package_identification:_identify(src/online_bdi_spazza) by extension 'colcon_pkg'
[0.533s] Level 1:colcon.colcon_core.package_identification:_identify(src/online_bdi_spazza) by extensions ['colcon_meta']
[0.533s] Level 1:colcon.colcon_core.package_identification:_identify(src/online_bdi_spazza) by extension 'colcon_meta'
[0.533s] Level 1:colcon.colcon_core.package_identification:_identify(src/online_bdi_spazza) by extensions ['ament_gradle']
[0.533s] Level 1:colcon.colcon_core.package_identification:_identify(src/online_bdi_spazza) by extension 'ament_gradle'
[0.533s] Level 1:colcon.colcon_core.package_identification:_identify(src/online_bdi_spazza) by extensions ['ros']
[0.533s] Level 1:colcon.colcon_core.package_identification:_identify(src/online_bdi_spazza) by extension 'ros'
[0.535s] DEBUG:colcon.colcon_core.package_identification:Package 'src/online_bdi_spazza' with type 'ros.ament_cmake' and name 'online_bdi_spazza'
[0.536s] Level 1:colcon.colcon_core.package_identification:_identify(src/spazza) by extensions ['ignore', 'ignore_ament_install']
[0.536s] Level 1:colcon.colcon_core.package_identification:_identify(src/spazza) by extension 'ignore'
[0.536s] Level 1:colcon.colcon_core.package_identification:_identify(src/spazza) by extension 'ignore_ament_install'
[0.536s] Level 1:colcon.colcon_core.package_identification:_identify(src/spazza) by extensions ['colcon_pkg']
[0.536s] Level 1:colcon.colcon_core.package_identification:_identify(src/spazza) by extension 'colcon_pkg'
[0.536s] Level 1:colcon.colcon_core.package_identification:_identify(src/spazza) by extensions ['colcon_meta']
[0.536s] Level 1:colcon.colcon_core.package_identification:_identify(src/spazza) by extension 'colcon_meta'
[0.536s] Level 1:colcon.colcon_core.package_identification:_identify(src/spazza) by extensions ['ament_gradle']
[0.536s] Level 1:colcon.colcon_core.package_identification:_identify(src/spazza) by extension 'ament_gradle'
[0.536s] Level 1:colcon.colcon_core.package_identification:_identify(src/spazza) by extensions ['ros']
[0.537s] Level 1:colcon.colcon_core.package_identification:_identify(src/spazza) by extension 'ros'
[0.538s] DEBUG:colcon.colcon_core.package_identification:Package 'src/spazza' with type 'ros.ament_python' and name 'spazza'
[0.538s] Level 1:colcon.colcon_core.package_identification:_identify(src/spazza_interfaces) by extensions ['ignore', 'ignore_ament_install']
[0.538s] Level 1:colcon.colcon_core.package_identification:_identify(src/spazza_interfaces) by extension 'ignore'
[0.538s] Level 1:colcon.colcon_core.package_identification:_identify(src/spazza_interfaces) by extension 'ignore_ament_install'
[0.539s] Level 1:colcon.colcon_core.package_identification:_identify(src/spazza_interfaces) by extensions ['colcon_pkg']
[0.539s] Level 1:colcon.colcon_core.package_identification:_identify(src/spazza_interfaces) by extension 'colcon_pkg'
[0.539s] Level 1:colcon.colcon_core.package_identification:_identify(src/spazza_interfaces) by extensions ['colcon_meta']
[0.539s] Level 1:colcon.colcon_core.package_identification:_identify(src/spazza_interfaces) by extension 'colcon_meta'
[0.539s] Level 1:colcon.colcon_core.package_identification:_identify(src/spazza_interfaces) by extensions ['ament_gradle']
[0.539s] Level 1:colcon.colcon_core.package_identification:_identify(src/spazza_interfaces) by extension 'ament_gradle'
[0.539s] Level 1:colcon.colcon_core.package_identification:_identify(src/spazza_interfaces) by extensions ['ros']
[0.539s] Level 1:colcon.colcon_core.package_identification:_identify(src/spazza_interfaces) by extension 'ros'
[0.540s] DEBUG:colcon.colcon_core.package_identification:Package 'src/spazza_interfaces' with type 'ros.ament_cmake' and name 'spazza_interfaces'
[0.540s] Level 1:colcon.colcon_core.package_identification:_identify(src/test_pkg) by extensions ['ignore', 'ignore_ament_install']
[0.540s] Level 1:colcon.colcon_core.package_identification:_identify(src/test_pkg) by extension 'ignore'
[0.540s] Level 1:colcon.colcon_core.package_identification:_identify(src/test_pkg) by extension 'ignore_ament_install'
[0.541s] Level 1:colcon.colcon_core.package_identification:_identify(src/test_pkg) by extensions ['colcon_pkg']
[0.541s] Level 1:colcon.colcon_core.package_identification:_identify(src/test_pkg) by extension 'colcon_pkg'
[0.541s] Level 1:colcon.colcon_core.package_identification:_identify(src/test_pkg) by extensions ['colcon_meta']
[0.541s] Level 1:colcon.colcon_core.package_identification:_identify(src/test_pkg) by extension 'colcon_meta'
[0.541s] Level 1:colcon.colcon_core.package_identification:_identify(src/test_pkg) by extensions ['ament_gradle']
[0.541s] Level 1:colcon.colcon_core.package_identification:_identify(src/test_pkg) by extension 'ament_gradle'
[0.541s] Level 1:colcon.colcon_core.package_identification:_identify(src/test_pkg) by extensions ['ros']
[0.541s] Level 1:colcon.colcon_core.package_identification:_identify(src/test_pkg) by extension 'ros'
[0.542s] DEBUG:colcon.colcon_core.package_identification:Package 'src/test_pkg' with type 'ros.ament_python' and name 'test_pkg'
[0.542s] Level 1:colcon.colcon_core.package_discovery:discover_packages(recursive) using defaults
[0.542s] Level 1:colcon.colcon_core.package_discovery:discover_packages(ignore) discover
[0.542s] Level 1:colcon.colcon_core.package_discovery:discover_packages(ignore) using defaults
[0.542s] Level 1:colcon.colcon_core.package_discovery:discover_packages(path) discover
[0.542s] Level 1:colcon.colcon_core.package_discovery:discover_packages(path) using defaults
[0.586s] INFO:colcon.colcon_core.package_selection:Skipping not selected package 'bdi_spazza' in 'src/bdi_spazza'
[0.586s] INFO:colcon.colcon_core.package_selection:Skipping not selected package 'collision_avoidance' in 'src/collision_avoidance'
[0.586s] INFO:colcon.colcon_core.package_selection:Skipping not selected package 'spazza_interfaces' in 'src/spazza_interfaces'
[0.587s] INFO:colcon.colcon_core.package_selection:Skipping not selected package 'test_pkg' in 'src/test_pkg'
[0.587s] INFO:colcon.colcon_core.package_selection:Skipping not selected package 'spazza' in 'src/spazza'
[0.588s] Level 1:colcon.colcon_core.package_discovery:discover_packages(prefix_path) check parameters
[0.588s] Level 1:colcon.colcon_core.package_discovery:discover_packages(prefix_path) discover
[0.599s] DEBUG:colcon.colcon_installed_package_information.package_discovery:Found 6 installed packages in /home/redi/litter/install
[0.603s] DEBUG:colcon.colcon_installed_package_information.package_discovery:Found 60 installed packages in /home/redi/ws2/install
[0.606s] DEBUG:colcon.colcon_installed_package_information.package_discovery:Found 5 installed packages in /home/redi/examples/install
[0.610s] DEBUG:colcon.colcon_installed_package_information.package_discovery:Found 289 installed packages in /opt/ros/foxy
[0.616s] Level 1:colcon.colcon_core.package_discovery:discover_packages(prefix_path) using defaults
[0.778s] Level 5:colcon.colcon_core.verb:set package 'online_bdi_spazza' build argument 'ament_gradle_args' from command line to 'None'
[0.778s] Level 5:colcon.colcon_core.verb:set package 'online_bdi_spazza' build argument 'ament_gradle_task' from command line to 'None'
[0.778s] Level 5:colcon.colcon_core.verb:set package 'online_bdi_spazza' build argument 'cmake_args' from command line to 'None'
[0.779s] Level 5:colcon.colcon_core.verb:set package 'online_bdi_spazza' build argument 'cmake_target' from command line to 'None'
[0.779s] Level 5:colcon.colcon_core.verb:set package 'online_bdi_spazza' build argument 'cmake_target_skip_unavailable' from command line to 'False'
[0.779s] Level 5:colcon.colcon_core.verb:set package 'online_bdi_spazza' build argument 'cmake_clean_cache' from command line to 'False'
[0.779s] Level 5:colcon.colcon_core.verb:set package 'online_bdi_spazza' build argument 'cmake_clean_first' from command line to 'False'
[0.779s] Level 5:colcon.colcon_core.verb:set package 'online_bdi_spazza' build argument 'cmake_force_configure' from command line to 'False'
[0.779s] Level 5:colcon.colcon_core.verb:set package 'online_bdi_spazza' build argument 'gradle_args' from command line to 'None'
[0.779s] Level 5:colcon.colcon_core.verb:set package 'online_bdi_spazza' build argument 'gradle_task' from command line to 'None'
[0.779s] Level 5:colcon.colcon_core.verb:set package 'online_bdi_spazza' build argument 'ament_cmake_args' from command line to 'None'
[0.779s] Level 5:colcon.colcon_core.verb:set package 'online_bdi_spazza' build argument 'catkin_cmake_args' from command line to 'None'
[0.779s] Level 5:colcon.colcon_core.verb:set package 'online_bdi_spazza' build argument 'catkin_skip_building_tests' from command line to 'False'
[0.779s] DEBUG:colcon.colcon_core.verb:Building package 'online_bdi_spazza' with the following arguments: {'ament_cmake_args': None, 'ament_gradle_args': None, 'ament_gradle_task': None, 'build_base': '/home/redi/litter/build/online_bdi_spazza', 'catkin_cmake_args': None, 'catkin_skip_building_tests': False, 'cmake_args': None, 'cmake_clean_cache': False, 'cmake_clean_first': False, 'cmake_force_configure': False, 'cmake_target': None, 'cmake_target_skip_unavailable': False, 'gradle_args': None, 'gradle_task': None, 'install_base': '/home/redi/litter/install/online_bdi_spazza', 'merge_install': False, 'path': '/home/redi/litter/src/online_bdi_spazza', 'symlink_install': False, 'test_result_base': None}
[0.780s] INFO:colcon.colcon_core.executor:Executing jobs using 'parallel' executor
[0.788s] DEBUG:colcon.colcon_parallel_executor.executor.parallel:run_until_complete
[0.788s] INFO:colcon.colcon_ros.task.ament_cmake.build:Building ROS package in '/home/redi/litter/src/online_bdi_spazza' with build type 'ament_cmake'
[0.788s] INFO:colcon.colcon_cmake.task.cmake.build:Building CMake package in '/home/redi/litter/src/online_bdi_spazza'
[0.798s] INFO:colcon.colcon_core.plugin_system:Skipping extension 'colcon_core.shell.bat': Not used on non-Windows systems
[0.798s] INFO:colcon.colcon_core.shell:Skip shell extension 'powershell' for command environment: Not usable outside of PowerShell
[0.798s] DEBUG:colcon.colcon_core.shell:Skip shell extension 'dsv' for command environment
[0.848s] DEBUG:colcon.colcon_core.event_handler.log_command:Invoking command in '/home/redi/litter/build/online_bdi_spazza': CMAKE_PREFIX_PATH=/home/redi/litter/install/spazza_interfaces:/home/redi/litter/install/online_bdi_spazza:/home/redi/litter/install/bdi_spazza:/home/redi/examples/install/spazza_interfaces:/home/redi/examples/install/bdi_spazza:/home/redi/ws2/install/ros2_bdi_on_webots:/home/redi/ws2/install/webots_ros2_simulations_interfaces:/home/redi/ws2/install/common_interfaces:/home/redi/ws2/install/visualization_msgs:/home/redi/ws2/install/test_msgs:/home/redi/ws2/install/ros2_bdi_tests:/home/redi/ws2/install/ros2_bdi_on_litter_world:/home/redi/ws2/install/ros2_bdi_skills:/home/redi/ws2/install/ros2_bdi_core:/home/redi/ws2/install/ros2_bdi_utils:/home/redi/ws2/install/plansys2_javaff_plan_solver:/home/redi/ws2/install/javaff_interfaces:/home/redi/ws2/install/ros2_bdi_interfaces:/home/redi/ws2/install/plansys2_tools:/home/redi/ws2/install/plansys2_terminal:/home/redi/ws2/install/plansys2_bt_actions:/home/redi/ws2/install/plansys2_bringup:/home/redi/ws2/install/plansys2_executor:/home/redi/ws2/install/plansys2_planner:/home/redi/ws2/install/plansys2_problem_expert:/home/redi/ws2/install/plansys2_domain_expert:/home/redi/ws2/install/plansys2_popf_plan_solver:/home/redi/ws2/install/plansys2_core:/home/redi/ws2/install/plansys2_pddl_parser:/home/redi/ws2/install/plansys2_msgs:/home/redi/ws2/install/example_interfaces:/home/redi/ws2/install/action_msgs:/home/redi/ws2/install/unique_identifier_msgs:/home/redi/ws2/install/trajectory_msgs:/home/redi/ws2/install/stereo_msgs:/home/redi/ws2/install/std_srvs:/home/redi/ws2/install/shape_msgs:/home/redi/ws2/install/sensor_msgs:/home/redi/ws2/install/nav_msgs:/home/redi/ws2/install/diagnostic_msgs:/home/redi/ws2/install/geometry_msgs:/home/redi/ws2/install/actionlib_msgs:/home/redi/ws2/install/std_msgs:/home/redi/ws2/install/statistics_msgs:/home/redi/ws2/install/rosgraph_msgs:/home/redi/ws2/install/rcljava:/home/redi/ws2/install/composition_interfaces:/home/redi/ws2/install/rcl_interfaces:/home/redi/ws2/install/plansys2_lifecycle_manager:/home/redi/ws2/install/litter_world_interfaces:/home/redi/ws2/install/lifecycle_msgs:/home/redi/ws2/install/builtin_interfaces:/home/redi/ws2/install/rosidl_default_runtime:/home/redi/ws2/install/rosidl_default_generators:/home/redi/ws2/install/rosidl_generator_java:/home/redi/ws2/install/ros2_bdi_bringup:/home/redi/ws2/install/rcljava_common:/home/redi/ws2/install/ament_cmake_export_jni_libraries:/home/redi/ws2/install/ament_cmake_export_jars:/home/redi/ws2/install/ament_java_resources:/home/redi/litter/install/test_pkg:/home/redi/litter/install/spazza:/home/redi/litter/install/collision_avoidance:/home/redi/examples/install/test_pkg:/home/redi/examples/install/spazza:/home/redi/examples/install/collision_avoidance:/home/redi/ws2/install/webots_ros2_simulations:/home/redi/ws2/install/javaff:/home/redi/ws2/install/litter_world:/home/redi/ws2/install/sensor_msgs_py:/home/redi/ws2/install/ament_build_type_gradle:/opt/ros/foxy LD_LIBRARY_PATH=/home/redi/litter/install/spazza_interfaces/lib:/home/redi/litter/install/online_bdi_spazza/lib:/home/redi/litter/install/spazza_interfaces/lib/jni:/home/redi/examples/install/spazza_interfaces/lib/jni:/home/redi/examples/install/spazza_interfaces/lib:/home/redi/ws2/install/webots_ros2_simulations_interfaces/lib/jni:/home/redi/ws2/install/webots_ros2_simulations_interfaces/lib:/home/redi/ws2/install/visualization_msgs/lib/jni:/home/redi/ws2/install/visualization_msgs/lib:/home/redi/ws2/install/test_msgs/lib/jni:/home/redi/ws2/install/test_msgs/lib:/home/redi/ws2/install/ros2_bdi_on_litter_world/lib:/home/redi/ws2/install/ros2_bdi_skills/lib:/home/redi/ws2/install/ros2_bdi_core/lib:/home/redi/ws2/install/ros2_bdi_utils/lib:/home/redi/ws2/install/plansys2_javaff_plan_solver/lib:/home/redi/ws2/install/javaff_interfaces/lib/jni:/home/redi/ws2/install/javaff_interfaces/lib:/home/redi/ws2/install/ros2_bdi_interfaces/lib/jni:/home/redi/ws2/install/ros2_bdi_interfaces/lib:/home/redi/ws2/install/plansys2_tools/lib:/home/redi/ws2/install/plansys2_terminal/lib:/home/redi/ws2/install/plansys2_bt_actions/lib:/home/redi/ws2/install/plansys2_executor/lib:/home/redi/ws2/install/plansys2_planner/lib:/home/redi/ws2/install/plansys2_problem_expert/lib:/home/redi/ws2/install/plansys2_domain_expert/lib:/home/redi/ws2/install/plansys2_popf_plan_solver/lib:/home/redi/ws2/install/plansys2_core/lib:/home/redi/ws2/install/plansys2_pddl_parser/lib:/home/redi/ws2/install/plansys2_msgs/lib/jni:/home/redi/ws2/install/plansys2_msgs/lib:/home/redi/ws2/install/example_interfaces/lib/jni:/home/redi/ws2/install/example_interfaces/lib:/home/redi/ws2/install/action_msgs/lib/jni:/home/redi/ws2/install/action_msgs/lib:/home/redi/ws2/install/unique_identifier_msgs/lib/jni:/home/redi/ws2/install/unique_identifier_msgs/lib:/home/redi/ws2/install/trajectory_msgs/lib/jni:/home/redi/ws2/install/trajectory_msgs/lib:/home/redi/ws2/install/stereo_msgs/lib/jni:/home/redi/ws2/install/stereo_msgs/lib:/home/redi/ws2/install/std_srvs/lib/jni:/home/redi/ws2/install/std_srvs/lib:/home/redi/ws2/install/shape_msgs/lib/jni:/home/redi/ws2/install/shape_msgs/lib:/home/redi/ws2/install/sensor_msgs/lib/jni:/home/redi/ws2/install/sensor_msgs/lib:/home/redi/ws2/install/nav_msgs/lib/jni:/home/redi/ws2/install/nav_msgs/lib:/home/redi/ws2/install/diagnostic_msgs/lib/jni:/home/redi/ws2/install/diagnostic_msgs/lib:/home/redi/ws2/install/geometry_msgs/lib/jni:/home/redi/ws2/install/geometry_msgs/lib:/home/redi/ws2/install/actionlib_msgs/lib/jni:/home/redi/ws2/install/actionlib_msgs/lib:/home/redi/ws2/install/std_msgs/lib/jni:/home/redi/ws2/install/std_msgs/lib:/home/redi/ws2/install/statistics_msgs/lib/jni:/home/redi/ws2/install/statistics_msgs/lib:/home/redi/ws2/install/rosgraph_msgs/lib/jni:/home/redi/ws2/install/rosgraph_msgs/lib:/home/redi/ws2/install/rcljava/lib/jni:/home/redi/ws2/install/composition_interfaces/lib/jni:/home/redi/ws2/install/composition_interfaces/lib:/home/redi/ws2/install/rcl_interfaces/lib/jni:/home/redi/ws2/install/rcl_interfaces/lib:/home/redi/ws2/install/plansys2_lifecycle_manager/lib:/home/redi/ws2/install/litter_world_interfaces/lib/jni:/home/redi/ws2/install/litter_world_interfaces/lib:/home/redi/ws2/install/lifecycle_msgs/lib/jni:/home/redi/ws2/install/lifecycle_msgs/lib:/home/redi/ws2/install/builtin_interfaces/lib/jni:/home/redi/ws2/install/builtin_interfaces/lib:/home/redi/ws2/install/rcljava_common/lib:/opt/ros/foxy/opt/yaml_cpp_vendor/lib:/opt/ros/foxy/opt/rviz_ogre_vendor/lib:/opt/ros/foxy/lib/x86_64-linux-gnu:/opt/ros/foxy/lib PYTHONPATH=/home/redi/litter/install/spazza_interfaces/lib/python3.8/site-packages:/home/redi/litter/install/test_pkg/lib/python3.8/site-packages:/home/redi/litter/install/spazza/lib/python3.8/site-packages:/home/redi/litter/install/collision_avoidance/lib/python3.8/site-packages:/home/redi/examples/install/test_pkg/lib/python3.8/site-packages:/home/redi/examples/install/spazza/lib/python3.8/site-packages:/home/redi/examples/install/spazza_interfaces/lib/python3.8/site-packages:/home/redi/examples/install/collision_avoidance/lib/python3.8/site-packages:/home/redi/ws2/install/webots_ros2_simulations/lib/python3.8/site-packages:/home/redi/ws2/install/webots_ros2_simulations_interfaces/lib/python3.8/site-packages:/home/redi/ws2/install/visualization_msgs/lib/python3.8/site-packages:/home/redi/ws2/install/test_msgs/lib/python3.8/site-packages:/home/redi/ws2/install/javaff_interfaces/lib/python3.8/site-packages:/home/redi/ws2/install/ros2_bdi_interfaces/lib/python3.8/site-packages:/home/redi/ws2/install/plansys2_msgs/lib/python3.8/site-packages:/home/redi/ws2/build/litter_world:/home/redi/ws2/install/litter_world/lib/python3.8/site-packages:/home/redi/ws2/install/example_interfaces/lib/python3.8/site-packages:/home/redi/ws2/install/action_msgs/lib/python3.8/site-packages:/home/redi/ws2/install/unique_identifier_msgs/lib/python3.8/site-packages:/home/redi/ws2/install/trajectory_msgs/lib/python3.8/site-packages:/home/redi/ws2/install/stereo_msgs/lib/python3.8/site-packages:/home/redi/ws2/install/std_srvs/lib/python3.8/site-packages:/home/redi/ws2/install/shape_msgs/lib/python3.8/site-packages:/home/redi/ws2/install/sensor_msgs_py/lib/python3.8/site-packages:/home/redi/ws2/install/sensor_msgs/lib/python3.8/site-packages:/home/redi/ws2/install/nav_msgs/lib/python3.8/site-packages:/home/redi/ws2/install/diagnostic_msgs/lib/python3.8/site-packages:/home/redi/ws2/install/geometry_msgs/lib/python3.8/site-packages:/home/redi/ws2/install/actionlib_msgs/lib/python3.8/site-packages:/home/redi/ws2/install/std_msgs/lib/python3.8/site-packages:/home/redi/ws2/install/statistics_msgs/lib/python3.8/site-packages:/home/redi/ws2/install/rosgraph_msgs/lib/python3.8/site-packages:/home/redi/ws2/install/composition_interfaces/lib/python3.8/site-packages:/home/redi/ws2/install/rcl_interfaces/lib/python3.8/site-packages:/home/redi/ws2/install/litter_world_interfaces/lib/python3.8/site-packages:/home/redi/ws2/install/lifecycle_msgs/lib/python3.8/site-packages:/home/redi/ws2/install/builtin_interfaces/lib/python3.8/site-packages:/home/redi/ws2/install/rosidl_generator_java/lib/python3.8/site-packages:/home/redi/ws2/install/ament_build_type_gradle/lib/python3.8/site-packages:/opt/ros/foxy/lib/python3.8/site-packages /usr/bin/cmake --build /home/redi/litter/build/online_bdi_spazza -- -j8 -l8
[1.144s] DEBUG:colcon.colcon_core.event_handler.log_command:Invoked command in '/home/redi/litter/build/online_bdi_spazza' returned '0': CMAKE_PREFIX_PATH=/home/redi/litter/install/spazza_interfaces:/home/redi/litter/install/online_bdi_spazza:/home/redi/litter/install/bdi_spazza:/home/redi/examples/install/spazza_interfaces:/home/redi/examples/install/bdi_spazza:/home/redi/ws2/install/ros2_bdi_on_webots:/home/redi/ws2/install/webots_ros2_simulations_interfaces:/home/redi/ws2/install/common_interfaces:/home/redi/ws2/install/visualization_msgs:/home/redi/ws2/install/test_msgs:/home/redi/ws2/install/ros2_bdi_tests:/home/redi/ws2/install/ros2_bdi_on_litter_world:/home/redi/ws2/install/ros2_bdi_skills:/home/redi/ws2/install/ros2_bdi_core:/home/redi/ws2/install/ros2_bdi_utils:/home/redi/ws2/install/plansys2_javaff_plan_solver:/home/redi/ws2/install/javaff_interfaces:/home/redi/ws2/install/ros2_bdi_interfaces:/home/redi/ws2/install/plansys2_tools:/home/redi/ws2/install/plansys2_terminal:/home/redi/ws2/install/plansys2_bt_actions:/home/redi/ws2/install/plansys2_bringup:/home/redi/ws2/install/plansys2_executor:/home/redi/ws2/install/plansys2_planner:/home/redi/ws2/install/plansys2_problem_expert:/home/redi/ws2/install/plansys2_domain_expert:/home/redi/ws2/install/plansys2_popf_plan_solver:/home/redi/ws2/install/plansys2_core:/home/redi/ws2/install/plansys2_pddl_parser:/home/redi/ws2/install/plansys2_msgs:/home/redi/ws2/install/example_interfaces:/home/redi/ws2/install/action_msgs:/home/redi/ws2/install/unique_identifier_msgs:/home/redi/ws2/install/trajectory_msgs:/home/redi/ws2/install/stereo_msgs:/home/redi/ws2/install/std_srvs:/home/redi/ws2/install/shape_msgs:/home/redi/ws2/install/sensor_msgs:/home/redi/ws2/install/nav_msgs:/home/redi/ws2/install/diagnostic_msgs:/home/redi/ws2/install/geometry_msgs:/home/redi/ws2/install/actionlib_msgs:/home/redi/ws2/install/std_msgs:/home/redi/ws2/install/statistics_msgs:/home/redi/ws2/install/rosgraph_msgs:/home/redi/ws2/install/rcljava:/home/redi/ws2/install/composition_interfaces:/home/redi/ws2/install/rcl_interfaces:/home/redi/ws2/install/plansys2_lifecycle_manager:/home/redi/ws2/install/litter_world_interfaces:/home/redi/ws2/install/lifecycle_msgs:/home/redi/ws2/install/builtin_interfaces:/home/redi/ws2/install/rosidl_default_runtime:/home/redi/ws2/install/rosidl_default_generators:/home/redi/ws2/install/rosidl_generator_java:/home/redi/ws2/install/ros2_bdi_bringup:/home/redi/ws2/install/rcljava_common:/home/redi/ws2/install/ament_cmake_export_jni_libraries:/home/redi/ws2/install/ament_cmake_export_jars:/home/redi/ws2/install/ament_java_resources:/home/redi/litter/install/test_pkg:/home/redi/litter/install/spazza:/home/redi/litter/install/collision_avoidance:/home/redi/examples/install/test_pkg:/home/redi/examples/install/spazza:/home/redi/examples/install/collision_avoidance:/home/redi/ws2/install/webots_ros2_simulations:/home/redi/ws2/install/javaff:/home/redi/ws2/install/litter_world:/home/redi/ws2/install/sensor_msgs_py:/home/redi/ws2/install/ament_build_type_gradle:/opt/ros/foxy LD_LIBRARY_PATH=/home/redi/litter/install/spazza_interfaces/lib:/home/redi/litter/install/online_bdi_spazza/lib:/home/redi/litter/install/spazza_interfaces/lib/jni:/home/redi/examples/install/spazza_interfaces/lib/jni:/home/redi/examples/install/spazza_interfaces/lib:/home/redi/ws2/install/webots_ros2_simulations_interfaces/lib/jni:/home/redi/ws2/install/webots_ros2_simulations_interfaces/lib:/home/redi/ws2/install/visualization_msgs/lib/jni:/home/redi/ws2/install/visualization_msgs/lib:/home/redi/ws2/install/test_msgs/lib/jni:/home/redi/ws2/install/test_msgs/lib:/home/redi/ws2/install/ros2_bdi_on_litter_world/lib:/home/redi/ws2/install/ros2_bdi_skills/lib:/home/redi/ws2/install/ros2_bdi_core/lib:/home/redi/ws2/install/ros2_bdi_utils/lib:/home/redi/ws2/install/plansys2_javaff_plan_solver/lib:/home/redi/ws2/install/javaff_interfaces/lib/jni:/home/redi/ws2/install/javaff_interfaces/lib:/home/redi/ws2/install/ros2_bdi_interfaces/lib/jni:/home/redi/ws2/install/ros2_bdi_interfaces/lib:/home/redi/ws2/install/plansys2_tools/lib:/home/redi/ws2/install/plansys2_terminal/lib:/home/redi/ws2/install/plansys2_bt_actions/lib:/home/redi/ws2/install/plansys2_executor/lib:/home/redi/ws2/install/plansys2_planner/lib:/home/redi/ws2/install/plansys2_problem_expert/lib:/home/redi/ws2/install/plansys2_domain_expert/lib:/home/redi/ws2/install/plansys2_popf_plan_solver/lib:/home/redi/ws2/install/plansys2_core/lib:/home/redi/ws2/install/plansys2_pddl_parser/lib:/home/redi/ws2/install/plansys2_msgs/lib/jni:/home/redi/ws2/install/plansys2_msgs/lib:/home/redi/ws2/install/example_interfaces/lib/jni:/home/redi/ws2/install/example_interfaces/lib:/home/redi/ws2/install/action_msgs/lib/jni:/home/redi/ws2/install/action_msgs/lib:/home/redi/ws2/install/unique_identifier_msgs/lib/jni:/home/redi/ws2/install/unique_identifier_msgs/lib:/home/redi/ws2/install/trajectory_msgs/lib/jni:/home/redi/ws2/install/trajectory_msgs/lib:/home/redi/ws2/install/stereo_msgs/lib/jni:/home/redi/ws2/install/stereo_msgs/lib:/home/redi/ws2/install/std_srvs/lib/jni:/home/redi/ws2/install/std_srvs/lib:/home/redi/ws2/install/shape_msgs/lib/jni:/home/redi/ws2/install/shape_msgs/lib:/home/redi/ws2/install/sensor_msgs/lib/jni:/home/redi/ws2/install/sensor_msgs/lib:/home/redi/ws2/install/nav_msgs/lib/jni:/home/redi/ws2/install/nav_msgs/lib:/home/redi/ws2/install/diagnostic_msgs/lib/jni:/home/redi/ws2/install/diagnostic_msgs/lib:/home/redi/ws2/install/geometry_msgs/lib/jni:/home/redi/ws2/install/geometry_msgs/lib:/home/redi/ws2/install/actionlib_msgs/lib/jni:/home/redi/ws2/install/actionlib_msgs/lib:/home/redi/ws2/install/std_msgs/lib/jni:/home/redi/ws2/install/std_msgs/lib:/home/redi/ws2/install/statistics_msgs/lib/jni:/home/redi/ws2/install/statistics_msgs/lib:/home/redi/ws2/install/rosgraph_msgs/lib/jni:/home/redi/ws2/install/rosgraph_msgs/lib:/home/redi/ws2/install/rcljava/lib/jni:/home/redi/ws2/install/composition_interfaces/lib/jni:/home/redi/ws2/install/composition_interfaces/lib:/home/redi/ws2/install/rcl_interfaces/lib/jni:/home/redi/ws2/install/rcl_interfaces/lib:/home/redi/ws2/install/plansys2_lifecycle_manager/lib:/home/redi/ws2/install/litter_world_interfaces/lib/jni:/home/redi/ws2/install/litter_world_interfaces/lib:/home/redi/ws2/install/lifecycle_msgs/lib/jni:/home/redi/ws2/install/lifecycle_msgs/lib:/home/redi/ws2/install/builtin_interfaces/lib/jni:/home/redi/ws2/install/builtin_interfaces/lib:/home/redi/ws2/install/rcljava_common/lib:/opt/ros/foxy/opt/yaml_cpp_vendor/lib:/opt/ros/foxy/opt/rviz_ogre_vendor/lib:/opt/ros/foxy/lib/x86_64-linux-gnu:/opt/ros/foxy/lib PYTHONPATH=/home/redi/litter/install/spazza_interfaces/lib/python3.8/site-packages:/home/redi/litter/install/test_pkg/lib/python3.8/site-packages:/home/redi/litter/install/spazza/lib/python3.8/site-packages:/home/redi/litter/install/collision_avoidance/lib/python3.8/site-packages:/home/redi/examples/install/test_pkg/lib/python3.8/site-packages:/home/redi/examples/install/spazza/lib/python3.8/site-packages:/home/redi/examples/install/spazza_interfaces/lib/python3.8/site-packages:/home/redi/examples/install/collision_avoidance/lib/python3.8/site-packages:/home/redi/ws2/install/webots_ros2_simulations/lib/python3.8/site-packages:/home/redi/ws2/install/webots_ros2_simulations_interfaces/lib/python3.8/site-packages:/home/redi/ws2/install/visualization_msgs/lib/python3.8/site-packages:/home/redi/ws2/install/test_msgs/lib/python3.8/site-packages:/home/redi/ws2/install/javaff_interfaces/lib/python3.8/site-packages:/home/redi/ws2/install/ros2_bdi_interfaces/lib/python3.8/site-packages:/home/redi/ws2/install/plansys2_msgs/lib/python3.8/site-packages:/home/redi/ws2/build/litter_world:/home/redi/ws2/install/litter_world/lib/python3.8/site-packages:/home/redi/ws2/install/example_interfaces/lib/python3.8/site-packages:/home/redi/ws2/install/action_msgs/lib/python3.8/site-packages:/home/redi/ws2/install/unique_identifier_msgs/lib/python3.8/site-packages:/home/redi/ws2/install/trajectory_msgs/lib/python3.8/site-packages:/home/redi/ws2/install/stereo_msgs/lib/python3.8/site-packages:/home/redi/ws2/install/std_srvs/lib/python3.8/site-packages:/home/redi/ws2/install/shape_msgs/lib/python3.8/site-packages:/home/redi/ws2/install/sensor_msgs_py/lib/python3.8/site-packages:/home/redi/ws2/install/sensor_msgs/lib/python3.8/site-packages:/home/redi/ws2/install/nav_msgs/lib/python3.8/site-packages:/home/redi/ws2/install/diagnostic_msgs/lib/python3.8/site-packages:/home/redi/ws2/install/geometry_msgs/lib/python3.8/site-packages:/home/redi/ws2/install/actionlib_msgs/lib/python3.8/site-packages:/home/redi/ws2/install/std_msgs/lib/python3.8/site-packages:/home/redi/ws2/install/statistics_msgs/lib/python3.8/site-packages:/home/redi/ws2/install/rosgraph_msgs/lib/python3.8/site-packages:/home/redi/ws2/install/composition_interfaces/lib/python3.8/site-packages:/home/redi/ws2/install/rcl_interfaces/lib/python3.8/site-packages:/home/redi/ws2/install/litter_world_interfaces/lib/python3.8/site-packages:/home/redi/ws2/install/lifecycle_msgs/lib/python3.8/site-packages:/home/redi/ws2/install/builtin_interfaces/lib/python3.8/site-packages:/home/redi/ws2/install/rosidl_generator_java/lib/python3.8/site-packages:/home/redi/ws2/install/ament_build_type_gradle/lib/python3.8/site-packages:/opt/ros/foxy/lib/python3.8/site-packages /usr/bin/cmake --build /home/redi/litter/build/online_bdi_spazza -- -j8 -l8
[1.341s] DEBUG:colcon.colcon_core.event_handler.log_command:Invoking command in '/home/redi/litter/build/online_bdi_spazza': CMAKE_PREFIX_PATH=/home/redi/litter/install/spazza_interfaces:/home/redi/litter/install/online_bdi_spazza:/home/redi/litter/install/bdi_spazza:/home/redi/examples/install/spazza_interfaces:/home/redi/examples/install/bdi_spazza:/home/redi/ws2/install/ros2_bdi_on_webots:/home/redi/ws2/install/webots_ros2_simulations_interfaces:/home/redi/ws2/install/common_interfaces:/home/redi/ws2/install/visualization_msgs:/home/redi/ws2/install/test_msgs:/home/redi/ws2/install/ros2_bdi_tests:/home/redi/ws2/install/ros2_bdi_on_litter_world:/home/redi/ws2/install/ros2_bdi_skills:/home/redi/ws2/install/ros2_bdi_core:/home/redi/ws2/install/ros2_bdi_utils:/home/redi/ws2/install/plansys2_javaff_plan_solver:/home/redi/ws2/install/javaff_interfaces:/home/redi/ws2/install/ros2_bdi_interfaces:/home/redi/ws2/install/plansys2_tools:/home/redi/ws2/install/plansys2_terminal:/home/redi/ws2/install/plansys2_bt_actions:/home/redi/ws2/install/plansys2_bringup:/home/redi/ws2/install/plansys2_executor:/home/redi/ws2/install/plansys2_planner:/home/redi/ws2/install/plansys2_problem_expert:/home/redi/ws2/install/plansys2_domain_expert:/home/redi/ws2/install/plansys2_popf_plan_solver:/home/redi/ws2/install/plansys2_core:/home/redi/ws2/install/plansys2_pddl_parser:/home/redi/ws2/install/plansys2_msgs:/home/redi/ws2/install/example_interfaces:/home/redi/ws2/install/action_msgs:/home/redi/ws2/install/unique_identifier_msgs:/home/redi/ws2/install/trajectory_msgs:/home/redi/ws2/install/stereo_msgs:/home/redi/ws2/install/std_srvs:/home/redi/ws2/install/shape_msgs:/home/redi/ws2/install/sensor_msgs:/home/redi/ws2/install/nav_msgs:/home/redi/ws2/install/diagnostic_msgs:/home/redi/ws2/install/geometry_msgs:/home/redi/ws2/install/actionlib_msgs:/home/redi/ws2/install/std_msgs:/home/redi/ws2/install/statistics_msgs:/home/redi/ws2/install/rosgraph_msgs:/home/redi/ws2/install/rcljava:/home/redi/ws2/install/composition_interfaces:/home/redi/ws2/install/rcl_interfaces:/home/redi/ws2/install/plansys2_lifecycle_manager:/home/redi/ws2/install/litter_world_interfaces:/home/redi/ws2/install/lifecycle_msgs:/home/redi/ws2/install/builtin_interfaces:/home/redi/ws2/install/rosidl_default_runtime:/home/redi/ws2/install/rosidl_default_generators:/home/redi/ws2/install/rosidl_generator_java:/home/redi/ws2/install/ros2_bdi_bringup:/home/redi/ws2/install/rcljava_common:/home/redi/ws2/install/ament_cmake_export_jni_libraries:/home/redi/ws2/install/ament_cmake_export_jars:/home/redi/ws2/install/ament_java_resources:/home/redi/litter/install/test_pkg:/home/redi/litter/install/spazza:/home/redi/litter/install/collision_avoidance:/home/redi/examples/install/test_pkg:/home/redi/examples/install/spazza:/home/redi/examples/install/collision_avoidance:/home/redi/ws2/install/webots_ros2_simulations:/home/redi/ws2/install/javaff:/home/redi/ws2/install/litter_world:/home/redi/ws2/install/sensor_msgs_py:/home/redi/ws2/install/ament_build_type_gradle:/opt/ros/foxy LD_LIBRARY_PATH=/home/redi/litter/install/spazza_interfaces/lib:/home/redi/litter/install/online_bdi_spazza/lib:/home/redi/litter/install/spazza_interfaces/lib/jni:/home/redi/examples/install/spazza_interfaces/lib/jni:/home/redi/examples/install/spazza_interfaces/lib:/home/redi/ws2/install/webots_ros2_simulations_interfaces/lib/jni:/home/redi/ws2/install/webots_ros2_simulations_interfaces/lib:/home/redi/ws2/install/visualization_msgs/lib/jni:/home/redi/ws2/install/visualization_msgs/lib:/home/redi/ws2/install/test_msgs/lib/jni:/home/redi/ws2/install/test_msgs/lib:/home/redi/ws2/install/ros2_bdi_on_litter_world/lib:/home/redi/ws2/install/ros2_bdi_skills/lib:/home/redi/ws2/install/ros2_bdi_core/lib:/home/redi/ws2/install/ros2_bdi_utils/lib:/home/redi/ws2/install/plansys2_javaff_plan_solver/lib:/home/redi/ws2/install/javaff_interfaces/lib/jni:/home/redi/ws2/install/javaff_interfaces/lib:/home/redi/ws2/install/ros2_bdi_interfaces/lib/jni:/home/redi/ws2/install/ros2_bdi_interfaces/lib:/home/redi/ws2/install/plansys2_tools/lib:/home/redi/ws2/install/plansys2_terminal/lib:/home/redi/ws2/install/plansys2_bt_actions/lib:/home/redi/ws2/install/plansys2_executor/lib:/home/redi/ws2/install/plansys2_planner/lib:/home/redi/ws2/install/plansys2_problem_expert/lib:/home/redi/ws2/install/plansys2_domain_expert/lib:/home/redi/ws2/install/plansys2_popf_plan_solver/lib:/home/redi/ws2/install/plansys2_core/lib:/home/redi/ws2/install/plansys2_pddl_parser/lib:/home/redi/ws2/install/plansys2_msgs/lib/jni:/home/redi/ws2/install/plansys2_msgs/lib:/home/redi/ws2/install/example_interfaces/lib/jni:/home/redi/ws2/install/example_interfaces/lib:/home/redi/ws2/install/action_msgs/lib/jni:/home/redi/ws2/install/action_msgs/lib:/home/redi/ws2/install/unique_identifier_msgs/lib/jni:/home/redi/ws2/install/unique_identifier_msgs/lib:/home/redi/ws2/install/trajectory_msgs/lib/jni:/home/redi/ws2/install/trajectory_msgs/lib:/home/redi/ws2/install/stereo_msgs/lib/jni:/home/redi/ws2/install/stereo_msgs/lib:/home/redi/ws2/install/std_srvs/lib/jni:/home/redi/ws2/install/std_srvs/lib:/home/redi/ws2/install/shape_msgs/lib/jni:/home/redi/ws2/install/shape_msgs/lib:/home/redi/ws2/install/sensor_msgs/lib/jni:/home/redi/ws2/install/sensor_msgs/lib:/home/redi/ws2/install/nav_msgs/lib/jni:/home/redi/ws2/install/nav_msgs/lib:/home/redi/ws2/install/diagnostic_msgs/lib/jni:/home/redi/ws2/install/diagnostic_msgs/lib:/home/redi/ws2/install/geometry_msgs/lib/jni:/home/redi/ws2/install/geometry_msgs/lib:/home/redi/ws2/install/actionlib_msgs/lib/jni:/home/redi/ws2/install/actionlib_msgs/lib:/home/redi/ws2/install/std_msgs/lib/jni:/home/redi/ws2/install/std_msgs/lib:/home/redi/ws2/install/statistics_msgs/lib/jni:/home/redi/ws2/install/statistics_msgs/lib:/home/redi/ws2/install/rosgraph_msgs/lib/jni:/home/redi/ws2/install/rosgraph_msgs/lib:/home/redi/ws2/install/rcljava/lib/jni:/home/redi/ws2/install/composition_interfaces/lib/jni:/home/redi/ws2/install/composition_interfaces/lib:/home/redi/ws2/install/rcl_interfaces/lib/jni:/home/redi/ws2/install/rcl_interfaces/lib:/home/redi/ws2/install/plansys2_lifecycle_manager/lib:/home/redi/ws2/install/litter_world_interfaces/lib/jni:/home/redi/ws2/install/litter_world_interfaces/lib:/home/redi/ws2/install/lifecycle_msgs/lib/jni:/home/redi/ws2/install/lifecycle_msgs/lib:/home/redi/ws2/install/builtin_interfaces/lib/jni:/home/redi/ws2/install/builtin_interfaces/lib:/home/redi/ws2/install/rcljava_common/lib:/opt/ros/foxy/opt/yaml_cpp_vendor/lib:/opt/ros/foxy/opt/rviz_ogre_vendor/lib:/opt/ros/foxy/lib/x86_64-linux-gnu:/opt/ros/foxy/lib PYTHONPATH=/home/redi/litter/install/spazza_interfaces/lib/python3.8/site-packages:/home/redi/litter/install/test_pkg/lib/python3.8/site-packages:/home/redi/litter/install/spazza/lib/python3.8/site-packages:/home/redi/litter/install/collision_avoidance/lib/python3.8/site-packages:/home/redi/examples/install/test_pkg/lib/python3.8/site-packages:/home/redi/examples/install/spazza/lib/python3.8/site-packages:/home/redi/examples/install/spazza_interfaces/lib/python3.8/site-packages:/home/redi/examples/install/collision_avoidance/lib/python3.8/site-packages:/home/redi/ws2/install/webots_ros2_simulations/lib/python3.8/site-packages:/home/redi/ws2/install/webots_ros2_simulations_interfaces/lib/python3.8/site-packages:/home/redi/ws2/install/visualization_msgs/lib/python3.8/site-packages:/home/redi/ws2/install/test_msgs/lib/python3.8/site-packages:/home/redi/ws2/install/javaff_interfaces/lib/python3.8/site-packages:/home/redi/ws2/install/ros2_bdi_interfaces/lib/python3.8/site-packages:/home/redi/ws2/install/plansys2_msgs/lib/python3.8/site-packages:/home/redi/ws2/build/litter_world:/home/redi/ws2/install/litter_world/lib/python3.8/site-packages:/home/redi/ws2/install/example_interfaces/lib/python3.8/site-packages:/home/redi/ws2/install/action_msgs/lib/python3.8/site-packages:/home/redi/ws2/install/unique_identifier_msgs/lib/python3.8/site-packages:/home/redi/ws2/install/trajectory_msgs/lib/python3.8/site-packages:/home/redi/ws2/install/stereo_msgs/lib/python3.8/site-packages:/home/redi/ws2/install/std_srvs/lib/python3.8/site-packages:/home/redi/ws2/install/shape_msgs/lib/python3.8/site-packages:/home/redi/ws2/install/sensor_msgs_py/lib/python3.8/site-packages:/home/redi/ws2/install/sensor_msgs/lib/python3.8/site-packages:/home/redi/ws2/install/nav_msgs/lib/python3.8/site-packages:/home/redi/ws2/install/diagnostic_msgs/lib/python3.8/site-packages:/home/redi/ws2/install/geometry_msgs/lib/python3.8/site-packages:/home/redi/ws2/install/actionlib_msgs/lib/python3.8/site-packages:/home/redi/ws2/install/std_msgs/lib/python3.8/site-packages:/home/redi/ws2/install/statistics_msgs/lib/python3.8/site-packages:/home/redi/ws2/install/rosgraph_msgs/lib/python3.8/site-packages:/home/redi/ws2/install/composition_interfaces/lib/python3.8/site-packages:/home/redi/ws2/install/rcl_interfaces/lib/python3.8/site-packages:/home/redi/ws2/install/litter_world_interfaces/lib/python3.8/site-packages:/home/redi/ws2/install/lifecycle_msgs/lib/python3.8/site-packages:/home/redi/ws2/install/builtin_interfaces/lib/python3.8/site-packages:/home/redi/ws2/install/rosidl_generator_java/lib/python3.8/site-packages:/home/redi/ws2/install/ament_build_type_gradle/lib/python3.8/site-packages:/opt/ros/foxy/lib/python3.8/site-packages /usr/bin/cmake --install /home/redi/litter/build/online_bdi_spazza
[1.388s] Level 1:colcon.colcon_core.environment:create_environment_scripts_only(online_bdi_spazza)
[1.400s] DEBUG:colcon.colcon_core.event_handler.log_command:Invoked command in '/home/redi/litter/build/online_bdi_spazza' returned '0': CMAKE_PREFIX_PATH=/home/redi/litter/install/spazza_interfaces:/home/redi/litter/install/online_bdi_spazza:/home/redi/litter/install/bdi_spazza:/home/redi/examples/install/spazza_interfaces:/home/redi/examples/install/bdi_spazza:/home/redi/ws2/install/ros2_bdi_on_webots:/home/redi/ws2/install/webots_ros2_simulations_interfaces:/home/redi/ws2/install/common_interfaces:/home/redi/ws2/install/visualization_msgs:/home/redi/ws2/install/test_msgs:/home/redi/ws2/install/ros2_bdi_tests:/home/redi/ws2/install/ros2_bdi_on_litter_world:/home/redi/ws2/install/ros2_bdi_skills:/home/redi/ws2/install/ros2_bdi_core:/home/redi/ws2/install/ros2_bdi_utils:/home/redi/ws2/install/plansys2_javaff_plan_solver:/home/redi/ws2/install/javaff_interfaces:/home/redi/ws2/install/ros2_bdi_interfaces:/home/redi/ws2/install/plansys2_tools:/home/redi/ws2/install/plansys2_terminal:/home/redi/ws2/install/plansys2_bt_actions:/home/redi/ws2/install/plansys2_bringup:/home/redi/ws2/install/plansys2_executor:/home/redi/ws2/install/plansys2_planner:/home/redi/ws2/install/plansys2_problem_expert:/home/redi/ws2/install/plansys2_domain_expert:/home/redi/ws2/install/plansys2_popf_plan_solver:/home/redi/ws2/install/plansys2_core:/home/redi/ws2/install/plansys2_pddl_parser:/home/redi/ws2/install/plansys2_msgs:/home/redi/ws2/install/example_interfaces:/home/redi/ws2/install/action_msgs:/home/redi/ws2/install/unique_identifier_msgs:/home/redi/ws2/install/trajectory_msgs:/home/redi/ws2/install/stereo_msgs:/home/redi/ws2/install/std_srvs:/home/redi/ws2/install/shape_msgs:/home/redi/ws2/install/sensor_msgs:/home/redi/ws2/install/nav_msgs:/home/redi/ws2/install/diagnostic_msgs:/home/redi/ws2/install/geometry_msgs:/home/redi/ws2/install/actionlib_msgs:/home/redi/ws2/install/std_msgs:/home/redi/ws2/install/statistics_msgs:/home/redi/ws2/install/rosgraph_msgs:/home/redi/ws2/install/rcljava:/home/redi/ws2/install/composition_interfaces:/home/redi/ws2/install/rcl_interfaces:/home/redi/ws2/install/plansys2_lifecycle_manager:/home/redi/ws2/install/litter_world_interfaces:/home/redi/ws2/install/lifecycle_msgs:/home/redi/ws2/install/builtin_interfaces:/home/redi/ws2/install/rosidl_default_runtime:/home/redi/ws2/install/rosidl_default_generators:/home/redi/ws2/install/rosidl_generator_java:/home/redi/ws2/install/ros2_bdi_bringup:/home/redi/ws2/install/rcljava_common:/home/redi/ws2/install/ament_cmake_export_jni_libraries:/home/redi/ws2/install/ament_cmake_export_jars:/home/redi/ws2/install/ament_java_resources:/home/redi/litter/install/test_pkg:/home/redi/litter/install/spazza:/home/redi/litter/install/collision_avoidance:/home/redi/examples/install/test_pkg:/home/redi/examples/install/spazza:/home/redi/examples/install/collision_avoidance:/home/redi/ws2/install/webots_ros2_simulations:/home/redi/ws2/install/javaff:/home/redi/ws2/install/litter_world:/home/redi/ws2/install/sensor_msgs_py:/home/redi/ws2/install/ament_build_type_gradle:/opt/ros/foxy LD_LIBRARY_PATH=/home/redi/litter/install/spazza_interfaces/lib:/home/redi/litter/install/online_bdi_spazza/lib:/home/redi/litter/install/spazza_interfaces/lib/jni:/home/redi/examples/install/spazza_interfaces/lib/jni:/home/redi/examples/install/spazza_interfaces/lib:/home/redi/ws2/install/webots_ros2_simulations_interfaces/lib/jni:/home/redi/ws2/install/webots_ros2_simulations_interfaces/lib:/home/redi/ws2/install/visualization_msgs/lib/jni:/home/redi/ws2/install/visualization_msgs/lib:/home/redi/ws2/install/test_msgs/lib/jni:/home/redi/ws2/install/test_msgs/lib:/home/redi/ws2/install/ros2_bdi_on_litter_world/lib:/home/redi/ws2/install/ros2_bdi_skills/lib:/home/redi/ws2/install/ros2_bdi_core/lib:/home/redi/ws2/install/ros2_bdi_utils/lib:/home/redi/ws2/install/plansys2_javaff_plan_solver/lib:/home/redi/ws2/install/javaff_interfaces/lib/jni:/home/redi/ws2/install/javaff_interfaces/lib:/home/redi/ws2/install/ros2_bdi_interfaces/lib/jni:/home/redi/ws2/install/ros2_bdi_interfaces/lib:/home/redi/ws2/install/plansys2_tools/lib:/home/redi/ws2/install/plansys2_terminal/lib:/home/redi/ws2/install/plansys2_bt_actions/lib:/home/redi/ws2/install/plansys2_executor/lib:/home/redi/ws2/install/plansys2_planner/lib:/home/redi/ws2/install/plansys2_problem_expert/lib:/home/redi/ws2/install/plansys2_domain_expert/lib:/home/redi/ws2/install/plansys2_popf_plan_solver/lib:/home/redi/ws2/install/plansys2_core/lib:/home/redi/ws2/install/plansys2_pddl_parser/lib:/home/redi/ws2/install/plansys2_msgs/lib/jni:/home/redi/ws2/install/plansys2_msgs/lib:/home/redi/ws2/install/example_interfaces/lib/jni:/home/redi/ws2/install/example_interfaces/lib:/home/redi/ws2/install/action_msgs/lib/jni:/home/redi/ws2/install/action_msgs/lib:/home/redi/ws2/install/unique_identifier_msgs/lib/jni:/home/redi/ws2/install/unique_identifier_msgs/lib:/home/redi/ws2/install/trajectory_msgs/lib/jni:/home/redi/ws2/install/trajectory_msgs/lib:/home/redi/ws2/install/stereo_msgs/lib/jni:/home/redi/ws2/install/stereo_msgs/lib:/home/redi/ws2/install/std_srvs/lib/jni:/home/redi/ws2/install/std_srvs/lib:/home/redi/ws2/install/shape_msgs/lib/jni:/home/redi/ws2/install/shape_msgs/lib:/home/redi/ws2/install/sensor_msgs/lib/jni:/home/redi/ws2/install/sensor_msgs/lib:/home/redi/ws2/install/nav_msgs/lib/jni:/home/redi/ws2/install/nav_msgs/lib:/home/redi/ws2/install/diagnostic_msgs/lib/jni:/home/redi/ws2/install/diagnostic_msgs/lib:/home/redi/ws2/install/geometry_msgs/lib/jni:/home/redi/ws2/install/geometry_msgs/lib:/home/redi/ws2/install/actionlib_msgs/lib/jni:/home/redi/ws2/install/actionlib_msgs/lib:/home/redi/ws2/install/std_msgs/lib/jni:/home/redi/ws2/install/std_msgs/lib:/home/redi/ws2/install/statistics_msgs/lib/jni:/home/redi/ws2/install/statistics_msgs/lib:/home/redi/ws2/install/rosgraph_msgs/lib/jni:/home/redi/ws2/install/rosgraph_msgs/lib:/home/redi/ws2/install/rcljava/lib/jni:/home/redi/ws2/install/composition_interfaces/lib/jni:/home/redi/ws2/install/composition_interfaces/lib:/home/redi/ws2/install/rcl_interfaces/lib/jni:/home/redi/ws2/install/rcl_interfaces/lib:/home/redi/ws2/install/plansys2_lifecycle_manager/lib:/home/redi/ws2/install/litter_world_interfaces/lib/jni:/home/redi/ws2/install/litter_world_interfaces/lib:/home/redi/ws2/install/lifecycle_msgs/lib/jni:/home/redi/ws2/install/lifecycle_msgs/lib:/home/redi/ws2/install/builtin_interfaces/lib/jni:/home/redi/ws2/install/builtin_interfaces/lib:/home/redi/ws2/install/rcljava_common/lib:/opt/ros/foxy/opt/yaml_cpp_vendor/lib:/opt/ros/foxy/opt/rviz_ogre_vendor/lib:/opt/ros/foxy/lib/x86_64-linux-gnu:/opt/ros/foxy/lib PYTHONPATH=/home/redi/litter/install/spazza_interfaces/lib/python3.8/site-packages:/home/redi/litter/install/test_pkg/lib/python3.8/site-packages:/home/redi/litter/install/spazza/lib/python3.8/site-packages:/home/redi/litter/install/collision_avoidance/lib/python3.8/site-packages:/home/redi/examples/install/test_pkg/lib/python3.8/site-packages:/home/redi/examples/install/spazza/lib/python3.8/site-packages:/home/redi/examples/install/spazza_interfaces/lib/python3.8/site-packages:/home/redi/examples/install/collision_avoidance/lib/python3.8/site-packages:/home/redi/ws2/install/webots_ros2_simulations/lib/python3.8/site-packages:/home/redi/ws2/install/webots_ros2_simulations_interfaces/lib/python3.8/site-packages:/home/redi/ws2/install/visualization_msgs/lib/python3.8/site-packages:/home/redi/ws2/install/test_msgs/lib/python3.8/site-packages:/home/redi/ws2/install/javaff_interfaces/lib/python3.8/site-packages:/home/redi/ws2/install/ros2_bdi_interfaces/lib/python3.8/site-packages:/home/redi/ws2/install/plansys2_msgs/lib/python3.8/site-packages:/home/redi/ws2/build/litter_world:/home/redi/ws2/install/litter_world/lib/python3.8/site-packages:/home/redi/ws2/install/example_interfaces/lib/python3.8/site-packages:/home/redi/ws2/install/action_msgs/lib/python3.8/site-packages:/home/redi/ws2/install/unique_identifier_msgs/lib/python3.8/site-packages:/home/redi/ws2/install/trajectory_msgs/lib/python3.8/site-packages:/home/redi/ws2/install/stereo_msgs/lib/python3.8/site-packages:/home/redi/ws2/install/std_srvs/lib/python3.8/site-packages:/home/redi/ws2/install/shape_msgs/lib/python3.8/site-packages:/home/redi/ws2/install/sensor_msgs_py/lib/python3.8/site-packages:/home/redi/ws2/install/sensor_msgs/lib/python3.8/site-packages:/home/redi/ws2/install/nav_msgs/lib/python3.8/site-packages:/home/redi/ws2/install/diagnostic_msgs/lib/python3.8/site-packages:/home/redi/ws2/install/geometry_msgs/lib/python3.8/site-packages:/home/redi/ws2/install/actionlib_msgs/lib/python3.8/site-packages:/home/redi/ws2/install/std_msgs/lib/python3.8/site-packages:/home/redi/ws2/install/statistics_msgs/lib/python3.8/site-packages:/home/redi/ws2/install/rosgraph_msgs/lib/python3.8/site-packages:/home/redi/ws2/install/composition_interfaces/lib/python3.8/site-packages:/home/redi/ws2/install/rcl_interfaces/lib/python3.8/site-packages:/home/redi/ws2/install/litter_world_interfaces/lib/python3.8/site-packages:/home/redi/ws2/install/lifecycle_msgs/lib/python3.8/site-packages:/home/redi/ws2/install/builtin_interfaces/lib/python3.8/site-packages:/home/redi/ws2/install/rosidl_generator_java/lib/python3.8/site-packages:/home/redi/ws2/install/ament_build_type_gradle/lib/python3.8/site-packages:/opt/ros/foxy/lib/python3.8/site-packages /usr/bin/cmake --install /home/redi/litter/build/online_bdi_spazza
[1.406s] Level 1:colcon.colcon_core.environment:checking '/home/redi/litter/install/online_bdi_spazza' for CMake module files
[1.407s] Level 1:colcon.colcon_core.environment:checking '/home/redi/litter/install/online_bdi_spazza' for CMake config files
[1.407s] Level 1:colcon.colcon_core.shell:create_environment_hook('online_bdi_spazza', 'cmake_prefix_path')
[1.410s] INFO:colcon.colcon_core.shell:Creating environment hook '/home/redi/litter/install/online_bdi_spazza/share/online_bdi_spazza/hook/cmake_prefix_path.ps1'
[1.411s] INFO:colcon.colcon_core.shell:Creating environment descriptor '/home/redi/litter/install/online_bdi_spazza/share/online_bdi_spazza/hook/cmake_prefix_path.dsv'
[1.412s] INFO:colcon.colcon_core.shell:Creating environment hook '/home/redi/litter/install/online_bdi_spazza/share/online_bdi_spazza/hook/cmake_prefix_path.sh'
[1.414s] Level 1:colcon.colcon_core.environment:checking '/home/redi/litter/install/online_bdi_spazza/lib'
[1.414s] Level 1:colcon.colcon_core.environment:checking '/home/redi/litter/install/online_bdi_spazza/bin'
[1.414s] Level 1:colcon.colcon_core.environment:checking '/home/redi/litter/install/online_bdi_spazza/lib/pkgconfig/online_bdi_spazza.pc'
[1.415s] Level 1:colcon.colcon_core.environment:checking '/home/redi/litter/install/online_bdi_spazza/lib/python3.8/site-packages'
[1.415s] Level 1:colcon.colcon_core.environment:checking '/home/redi/litter/install/online_bdi_spazza/bin'
[1.418s] INFO:colcon.colcon_core.shell:Creating package script '/home/redi/litter/install/online_bdi_spazza/share/online_bdi_spazza/package.ps1'
[1.419s] INFO:colcon.colcon_core.shell:Creating package descriptor '/home/redi/litter/install/online_bdi_spazza/share/online_bdi_spazza/package.dsv'
[1.420s] INFO:colcon.colcon_core.shell:Creating package script '/home/redi/litter/install/online_bdi_spazza/share/online_bdi_spazza/package.sh'
[1.421s] INFO:colcon.colcon_core.shell:Creating package script '/home/redi/litter/install/online_bdi_spazza/share/online_bdi_spazza/package.bash'
[1.422s] INFO:colcon.colcon_core.shell:Creating package script '/home/redi/litter/install/online_bdi_spazza/share/online_bdi_spazza/package.zsh'
[1.424s] Level 1:colcon.colcon_core.environment:create_file_with_runtime_dependencies(/home/redi/litter/install/online_bdi_spazza/share/colcon-core/packages/online_bdi_spazza)
[1.589s] Level 1:colcon.colcon_core.environment:create_environment_scripts_only(online_bdi_spazza)
[1.594s] Level 1:colcon.colcon_core.environment:checking '/home/redi/litter/install/online_bdi_spazza' for CMake module files
[1.596s] Level 1:colcon.colcon_core.environment:checking '/home/redi/litter/install/online_bdi_spazza' for CMake config files
[1.596s] Level 1:colcon.colcon_core.shell:create_environment_hook('online_bdi_spazza', 'cmake_prefix_path')
[1.599s] INFO:colcon.colcon_core.shell:Creating environment hook '/home/redi/litter/install/online_bdi_spazza/share/online_bdi_spazza/hook/cmake_prefix_path.ps1'
[1.600s] INFO:colcon.colcon_core.shell:Creating environment descriptor '/home/redi/litter/install/online_bdi_spazza/share/online_bdi_spazza/hook/cmake_prefix_path.dsv'
[1.601s] INFO:colcon.colcon_core.shell:Creating environment hook '/home/redi/litter/install/online_bdi_spazza/share/online_bdi_spazza/hook/cmake_prefix_path.sh'
[1.602s] Level 1:colcon.colcon_core.environment:checking '/home/redi/litter/install/online_bdi_spazza/lib'
[1.602s] Level 1:colcon.colcon_core.environment:checking '/home/redi/litter/install/online_bdi_spazza/bin'
[1.602s] Level 1:colcon.colcon_core.environment:checking '/home/redi/litter/install/online_bdi_spazza/lib/pkgconfig/online_bdi_spazza.pc'
[1.602s] Level 1:colcon.colcon_core.environment:checking '/home/redi/litter/install/online_bdi_spazza/lib/python3.8/site-packages'
[1.603s] Level 1:colcon.colcon_core.environment:checking '/home/redi/litter/install/online_bdi_spazza/bin'
[1.605s] INFO:colcon.colcon_core.shell:Creating package script '/home/redi/litter/install/online_bdi_spazza/share/online_bdi_spazza/package.ps1'
[1.606s] INFO:colcon.colcon_core.shell:Creating package descriptor '/home/redi/litter/install/online_bdi_spazza/share/online_bdi_spazza/package.dsv'
[1.607s] INFO:colcon.colcon_core.shell:Creating package script '/home/redi/litter/install/online_bdi_spazza/share/online_bdi_spazza/package.sh'
[1.608s] INFO:colcon.colcon_core.shell:Creating package script '/home/redi/litter/install/online_bdi_spazza/share/online_bdi_spazza/package.bash'
[1.609s] INFO:colcon.colcon_core.shell:Creating package script '/home/redi/litter/install/online_bdi_spazza/share/online_bdi_spazza/package.zsh'
[1.609s] Level 1:colcon.colcon_core.environment:create_file_with_runtime_dependencies(/home/redi/litter/install/online_bdi_spazza/share/colcon-core/packages/online_bdi_spazza)
[1.610s] DEBUG:colcon.colcon_parallel_executor.executor.parallel:closing loop
[1.610s] DEBUG:colcon.colcon_parallel_executor.executor.parallel:loop closed
[1.611s] DEBUG:colcon.colcon_parallel_executor.executor.parallel:run_until_complete finished with '0'
[1.611s] DEBUG:colcon.colcon_core.event_reactor:joining thread
[1.624s] INFO:colcon.colcon_core.plugin_system:Skipping extension 'colcon_notification.desktop_notification.terminal_notifier': Not used on non-Darwin systems
[1.624s] INFO:colcon.colcon_core.plugin_system:Skipping extension 'colcon_notification.desktop_notification.win32': Not used on non-Windows systems
[1.625s] INFO:colcon.colcon_notification.desktop_notification:Sending desktop notification using 'notify2'
[1.650s] DEBUG:colcon.colcon_core.event_reactor:joined thread
[1.653s] INFO:colcon.colcon_core.shell:Creating prefix script '/home/redi/litter/install/local_setup.ps1'
[1.654s] INFO:colcon.colcon_core.shell:Creating prefix util module '/home/redi/litter/install/_local_setup_util_ps1.py'
[1.657s] INFO:colcon.colcon_core.shell:Creating prefix chain script '/home/redi/litter/install/setup.ps1'
[1.665s] INFO:colcon.colcon_core.shell:Creating prefix script '/home/redi/litter/install/local_setup.sh'
[1.666s] INFO:colcon.colcon_core.shell:Creating prefix util module '/home/redi/litter/install/_local_setup_util_sh.py'
[1.667s] INFO:colcon.colcon_core.shell:Creating prefix chain script '/home/redi/litter/install/setup.sh'
[1.675s] INFO:colcon.colcon_core.shell:Creating prefix script '/home/redi/litter/install/local_setup.bash'
[1.676s] INFO:colcon.colcon_core.shell:Creating prefix chain script '/home/redi/litter/install/setup.bash'
[1.684s] INFO:colcon.colcon_core.shell:Creating prefix script '/home/redi/litter/install/local_setup.zsh'
[1.685s] INFO:colcon.colcon_core.shell:Creating prefix chain script '/home/redi/litter/install/setup.zsh'
