[0.374s] DEBUG:colcon:Command line arguments: ['/usr/bin/colcon', 'list', '-p', '--base-paths', '/home/redi/litter']
[0.374s] DEBUG:colcon:Parsed command line arguments: Namespace(allow_overriding=[], base_paths=['/home/redi/litter'], build_base='build', ignore_user_meta=False, log_base=None, log_level=None, main=<bound method ListVerb.main of <colcon_package_information.verb.list.ListVerb object at 0x7f523adc5400>>, metas=['./colcon.meta'], names_only=False, packages_above=None, packages_above_and_dependencies=None, packages_above_depth=None, packages_end=None, packages_ignore=None, packages_ignore_regex=None, packages_select=None, packages_select_build_failed=False, packages_select_by_dep=None, packages_select_regex=None, packages_select_test_failures=False, packages_skip=None, packages_skip_build_finished=False, packages_skip_by_dep=None, packages_skip_regex=None, packages_skip_test_passed=False, packages_skip_up_to=None, packages_start=None, packages_up_to=None, packages_up_to_regex=None, paths=None, paths_only=True, topological_graph=False, topological_graph_density=False, topological_graph_dot=False, topological_graph_dot_cluster=False, topological_graph_dot_include_skipped=False, topological_graph_legend=False, topological_order=False, verb_extension=<colcon_package_information.verb.list.ListVerb object at 0x7f523adc5400>, verb_name='list', verb_parser=<colcon_defaults.argument_parser.defaults.DefaultArgumentsDecorator object at 0x7f523ad5ab50>)
[0.408s] Level 1:colcon.colcon_core.package_discovery:discover_packages(colcon_meta) check parameters
[0.408s] Level 1:colcon.colcon_core.package_discovery:discover_packages(recursive) check parameters
[0.408s] Level 1:colcon.colcon_core.package_discovery:discover_packages(ignore) check parameters
[0.408s] Level 1:colcon.colcon_core.package_discovery:discover_packages(path) check parameters
[0.408s] Level 1:colcon.colcon_core.package_discovery:discover_packages(recursive) discover
[0.408s] INFO:colcon.colcon_core.package_discovery:Crawling recursively for packages in '/home/redi/litter'
[0.408s] Level 1:colcon.colcon_core.package_identification:_identify(/home/redi/litter) by extensions ['ignore', 'ignore_ament_install']
[0.409s] Level 1:colcon.colcon_core.package_identification:_identify(/home/redi/litter) by extension 'ignore'
[0.409s] Level 1:colcon.colcon_core.package_identification:_identify(/home/redi/litter) by extension 'ignore_ament_install'
[0.409s] Level 1:colcon.colcon_core.package_identification:_identify(/home/redi/litter) by extensions ['colcon_pkg']
[0.409s] Level 1:colcon.colcon_core.package_identification:_identify(/home/redi/litter) by extension 'colcon_pkg'
[0.409s] Level 1:colcon.colcon_core.package_identification:_identify(/home/redi/litter) by extensions ['colcon_meta']
[0.409s] Level 1:colcon.colcon_core.package_identification:_identify(/home/redi/litter) by extension 'colcon_meta'
[0.409s] Level 1:colcon.colcon_core.package_identification:_identify(/home/redi/litter) by extensions ['ament_gradle']
[0.409s] Level 1:colcon.colcon_core.package_identification:_identify(/home/redi/litter) by extension 'ament_gradle'
[0.409s] Level 1:colcon.colcon_core.package_identification:_identify(/home/redi/litter) by extensions ['ros']
[0.409s] Level 1:colcon.colcon_core.package_identification:_identify(/home/redi/litter) by extension 'ros'
[0.434s] Level 1:colcon.colcon_core.package_identification:_identify(/home/redi/litter) by extensions ['cmake', 'gradle', 'python']
[0.434s] Level 1:colcon.colcon_core.package_identification:_identify(/home/redi/litter) by extension 'cmake'
[0.434s] Level 1:colcon.colcon_core.package_identification:_identify(/home/redi/litter) by extension 'gradle'
[0.434s] Level 1:colcon.colcon_core.package_identification:_identify(/home/redi/litter) by extension 'python'
[0.435s] Level 1:colcon.colcon_core.package_identification:_identify(/home/redi/litter) by extensions ['python_setup_py']
[0.435s] Level 1:colcon.colcon_core.package_identification:_identify(/home/redi/litter) by extension 'python_setup_py'
[0.435s] Level 1:colcon.colcon_core.package_identification:_identify(/home/redi/litter/build) by extensions ['ignore', 'ignore_ament_install']
[0.435s] Level 1:colcon.colcon_core.package_identification:_identify(/home/redi/litter/build) by extension 'ignore'
[0.435s] Level 1:colcon.colcon_core.package_identification:_identify(/home/redi/litter/build) ignored
[0.435s] Level 1:colcon.colcon_core.package_identification:_identify(/home/redi/litter/install) by extensions ['ignore', 'ignore_ament_install']
[0.436s] Level 1:colcon.colcon_core.package_identification:_identify(/home/redi/litter/install) by extension 'ignore'
[0.436s] Level 1:colcon.colcon_core.package_identification:_identify(/home/redi/litter/install) ignored
[0.436s] Level 1:colcon.colcon_core.package_identification:_identify(/home/redi/litter/log) by extensions ['ignore', 'ignore_ament_install']
[0.436s] Level 1:colcon.colcon_core.package_identification:_identify(/home/redi/litter/log) by extension 'ignore'
[0.436s] Level 1:colcon.colcon_core.package_identification:_identify(/home/redi/litter/log) ignored
[0.436s] Level 1:colcon.colcon_core.package_identification:_identify(/home/redi/litter/src) by extensions ['ignore', 'ignore_ament_install']
[0.436s] Level 1:colcon.colcon_core.package_identification:_identify(/home/redi/litter/src) by extension 'ignore'
[0.436s] Level 1:colcon.colcon_core.package_identification:_identify(/home/redi/litter/src) by extension 'ignore_ament_install'
[0.437s] Level 1:colcon.colcon_core.package_identification:_identify(/home/redi/litter/src) by extensions ['colcon_pkg']
[0.437s] Level 1:colcon.colcon_core.package_identification:_identify(/home/redi/litter/src) by extension 'colcon_pkg'
[0.437s] Level 1:colcon.colcon_core.package_identification:_identify(/home/redi/litter/src) by extensions ['colcon_meta']
[0.437s] Level 1:colcon.colcon_core.package_identification:_identify(/home/redi/litter/src) by extension 'colcon_meta'
[0.437s] Level 1:colcon.colcon_core.package_identification:_identify(/home/redi/litter/src) by extensions ['ament_gradle']
[0.437s] Level 1:colcon.colcon_core.package_identification:_identify(/home/redi/litter/src) by extension 'ament_gradle'
[0.437s] Level 1:colcon.colcon_core.package_identification:_identify(/home/redi/litter/src) by extensions ['ros']
[0.437s] Level 1:colcon.colcon_core.package_identification:_identify(/home/redi/litter/src) by extension 'ros'
[0.437s] Level 1:colcon.colcon_core.package_identification:_identify(/home/redi/litter/src) by extensions ['cmake', 'gradle', 'python']
[0.437s] Level 1:colcon.colcon_core.package_identification:_identify(/home/redi/litter/src) by extension 'cmake'
[0.437s] Level 1:colcon.colcon_core.package_identification:_identify(/home/redi/litter/src) by extension 'gradle'
[0.438s] Level 1:colcon.colcon_core.package_identification:_identify(/home/redi/litter/src) by extension 'python'
[0.438s] Level 1:colcon.colcon_core.package_identification:_identify(/home/redi/litter/src) by extensions ['python_setup_py']
[0.438s] Level 1:colcon.colcon_core.package_identification:_identify(/home/redi/litter/src) by extension 'python_setup_py'
[0.438s] Level 1:colcon.colcon_core.package_identification:_identify(/home/redi/litter/src/bdi_spazza) by extensions ['ignore', 'ignore_ament_install']
[0.438s] Level 1:colcon.colcon_core.package_identification:_identify(/home/redi/litter/src/bdi_spazza) by extension 'ignore'
[0.438s] Level 1:colcon.colcon_core.package_identification:_identify(/home/redi/litter/src/bdi_spazza) by extension 'ignore_ament_install'
[0.438s] Level 1:colcon.colcon_core.package_identification:_identify(/home/redi/litter/src/bdi_spazza) by extensions ['colcon_pkg']
[0.438s] Level 1:colcon.colcon_core.package_identification:_identify(/home/redi/litter/src/bdi_spazza) by extension 'colcon_pkg'
[0.438s] Level 1:colcon.colcon_core.package_identification:_identify(/home/redi/litter/src/bdi_spazza) by extensions ['colcon_meta']
[0.438s] Level 1:colcon.colcon_core.package_identification:_identify(/home/redi/litter/src/bdi_spazza) by extension 'colcon_meta'
[0.438s] Level 1:colcon.colcon_core.package_identification:_identify(/home/redi/litter/src/bdi_spazza) by extensions ['ament_gradle']
[0.438s] Level 1:colcon.colcon_core.package_identification:_identify(/home/redi/litter/src/bdi_spazza) by extension 'ament_gradle'
[0.438s] Level 1:colcon.colcon_core.package_identification:_identify(/home/redi/litter/src/bdi_spazza) by extensions ['ros']
[0.439s] Level 1:colcon.colcon_core.package_identification:_identify(/home/redi/litter/src/bdi_spazza) by extension 'ros'
[0.444s] DEBUG:colcon.colcon_core.package_identification:Package '/home/redi/litter/src/bdi_spazza' with type 'ros.ament_cmake' and name 'bdi_spazza'
[0.445s] Level 1:colcon.colcon_core.package_identification:_identify(/home/redi/litter/src/collision_avoidance) by extensions ['ignore', 'ignore_ament_install']
[0.445s] Level 1:colcon.colcon_core.package_identification:_identify(/home/redi/litter/src/collision_avoidance) by extension 'ignore'
[0.445s] Level 1:colcon.colcon_core.package_identification:_identify(/home/redi/litter/src/collision_avoidance) by extension 'ignore_ament_install'
[0.445s] Level 1:colcon.colcon_core.package_identification:_identify(/home/redi/litter/src/collision_avoidance) by extensions ['colcon_pkg']
[0.445s] Level 1:colcon.colcon_core.package_identification:_identify(/home/redi/litter/src/collision_avoidance) by extension 'colcon_pkg'
[0.445s] Level 1:colcon.colcon_core.package_identification:_identify(/home/redi/litter/src/collision_avoidance) by extensions ['colcon_meta']
[0.445s] Level 1:colcon.colcon_core.package_identification:_identify(/home/redi/litter/src/collision_avoidance) by extension 'colcon_meta'
[0.445s] Level 1:colcon.colcon_core.package_identification:_identify(/home/redi/litter/src/collision_avoidance) by extensions ['ament_gradle']
[0.445s] Level 1:colcon.colcon_core.package_identification:_identify(/home/redi/litter/src/collision_avoidance) by extension 'ament_gradle'
[0.445s] Level 1:colcon.colcon_core.package_identification:_identify(/home/redi/litter/src/collision_avoidance) by extensions ['ros']
[0.445s] Level 1:colcon.colcon_core.package_identification:_identify(/home/redi/litter/src/collision_avoidance) by extension 'ros'
[0.447s] DEBUG:colcon.colcon_core.package_identification:Package '/home/redi/litter/src/collision_avoidance' with type 'ros.ament_python' and name 'collision_avoidance'
[0.447s] Level 1:colcon.colcon_core.package_identification:_identify(/home/redi/litter/src/online_bdi_spazza) by extensions ['ignore', 'ignore_ament_install']
[0.447s] Level 1:colcon.colcon_core.package_identification:_identify(/home/redi/litter/src/online_bdi_spazza) by extension 'ignore'
[0.447s] Level 1:colcon.colcon_core.package_identification:_identify(/home/redi/litter/src/online_bdi_spazza) by extension 'ignore_ament_install'
[0.448s] Level 1:colcon.colcon_core.package_identification:_identify(/home/redi/litter/src/online_bdi_spazza) by extensions ['colcon_pkg']
[0.448s] Level 1:colcon.colcon_core.package_identification:_identify(/home/redi/litter/src/online_bdi_spazza) by extension 'colcon_pkg'
[0.448s] Level 1:colcon.colcon_core.package_identification:_identify(/home/redi/litter/src/online_bdi_spazza) by extensions ['colcon_meta']
[0.448s] Level 1:colcon.colcon_core.package_identification:_identify(/home/redi/litter/src/online_bdi_spazza) by extension 'colcon_meta'
[0.448s] Level 1:colcon.colcon_core.package_identification:_identify(/home/redi/litter/src/online_bdi_spazza) by extensions ['ament_gradle']
[0.448s] Level 1:colcon.colcon_core.package_identification:_identify(/home/redi/litter/src/online_bdi_spazza) by extension 'ament_gradle'
[0.448s] Level 1:colcon.colcon_core.package_identification:_identify(/home/redi/litter/src/online_bdi_spazza) by extensions ['ros']
[0.448s] Level 1:colcon.colcon_core.package_identification:_identify(/home/redi/litter/src/online_bdi_spazza) by extension 'ros'
[0.449s] DEBUG:colcon.colcon_core.package_identification:Package '/home/redi/litter/src/online_bdi_spazza' with type 'ros.ament_cmake' and name 'online_bdi_spazza'
[0.449s] Level 1:colcon.colcon_core.package_identification:_identify(/home/redi/litter/src/spazza) by extensions ['ignore', 'ignore_ament_install']
[0.450s] Level 1:colcon.colcon_core.package_identification:_identify(/home/redi/litter/src/spazza) by extension 'ignore'
[0.450s] Level 1:colcon.colcon_core.package_identification:_identify(/home/redi/litter/src/spazza) by extension 'ignore_ament_install'
[0.450s] Level 1:colcon.colcon_core.package_identification:_identify(/home/redi/litter/src/spazza) by extensions ['colcon_pkg']
[0.450s] Level 1:colcon.colcon_core.package_identification:_identify(/home/redi/litter/src/spazza) by extension 'colcon_pkg'
[0.450s] Level 1:colcon.colcon_core.package_identification:_identify(/home/redi/litter/src/spazza) by extensions ['colcon_meta']
[0.450s] Level 1:colcon.colcon_core.package_identification:_identify(/home/redi/litter/src/spazza) by extension 'colcon_meta'
[0.450s] Level 1:colcon.colcon_core.package_identification:_identify(/home/redi/litter/src/spazza) by extensions ['ament_gradle']
[0.450s] Level 1:colcon.colcon_core.package_identification:_identify(/home/redi/litter/src/spazza) by extension 'ament_gradle'
[0.450s] Level 1:colcon.colcon_core.package_identification:_identify(/home/redi/litter/src/spazza) by extensions ['ros']
[0.450s] Level 1:colcon.colcon_core.package_identification:_identify(/home/redi/litter/src/spazza) by extension 'ros'
[0.452s] DEBUG:colcon.colcon_core.package_identification:Package '/home/redi/litter/src/spazza' with type 'ros.ament_python' and name 'spazza'
[0.452s] Level 1:colcon.colcon_core.package_identification:_identify(/home/redi/litter/src/spazza_interfaces) by extensions ['ignore', 'ignore_ament_install']
[0.452s] Level 1:colcon.colcon_core.package_identification:_identify(/home/redi/litter/src/spazza_interfaces) by extension 'ignore'
[0.452s] Level 1:colcon.colcon_core.package_identification:_identify(/home/redi/litter/src/spazza_interfaces) by extension 'ignore_ament_install'
[0.452s] Level 1:colcon.colcon_core.package_identification:_identify(/home/redi/litter/src/spazza_interfaces) by extensions ['colcon_pkg']
[0.452s] Level 1:colcon.colcon_core.package_identification:_identify(/home/redi/litter/src/spazza_interfaces) by extension 'colcon_pkg'
[0.452s] Level 1:colcon.colcon_core.package_identification:_identify(/home/redi/litter/src/spazza_interfaces) by extensions ['colcon_meta']
[0.452s] Level 1:colcon.colcon_core.package_identification:_identify(/home/redi/litter/src/spazza_interfaces) by extension 'colcon_meta'
[0.453s] Level 1:colcon.colcon_core.package_identification:_identify(/home/redi/litter/src/spazza_interfaces) by extensions ['ament_gradle']
[0.453s] Level 1:colcon.colcon_core.package_identification:_identify(/home/redi/litter/src/spazza_interfaces) by extension 'ament_gradle'
[0.453s] Level 1:colcon.colcon_core.package_identification:_identify(/home/redi/litter/src/spazza_interfaces) by extensions ['ros']
[0.453s] Level 1:colcon.colcon_core.package_identification:_identify(/home/redi/litter/src/spazza_interfaces) by extension 'ros'
[0.454s] DEBUG:colcon.colcon_core.package_identification:Package '/home/redi/litter/src/spazza_interfaces' with type 'ros.ament_cmake' and name 'spazza_interfaces'
[0.454s] Level 1:colcon.colcon_core.package_identification:_identify(/home/redi/litter/src/test_pkg) by extensions ['ignore', 'ignore_ament_install']
[0.454s] Level 1:colcon.colcon_core.package_identification:_identify(/home/redi/litter/src/test_pkg) by extension 'ignore'
[0.454s] Level 1:colcon.colcon_core.package_identification:_identify(/home/redi/litter/src/test_pkg) by extension 'ignore_ament_install'
[0.454s] Level 1:colcon.colcon_core.package_identification:_identify(/home/redi/litter/src/test_pkg) by extensions ['colcon_pkg']
[0.454s] Level 1:colcon.colcon_core.package_identification:_identify(/home/redi/litter/src/test_pkg) by extension 'colcon_pkg'
[0.454s] Level 1:colcon.colcon_core.package_identification:_identify(/home/redi/litter/src/test_pkg) by extensions ['colcon_meta']
[0.454s] Level 1:colcon.colcon_core.package_identification:_identify(/home/redi/litter/src/test_pkg) by extension 'colcon_meta'
[0.454s] Level 1:colcon.colcon_core.package_identification:_identify(/home/redi/litter/src/test_pkg) by extensions ['ament_gradle']
[0.454s] Level 1:colcon.colcon_core.package_identification:_identify(/home/redi/litter/src/test_pkg) by extension 'ament_gradle'
[0.455s] Level 1:colcon.colcon_core.package_identification:_identify(/home/redi/litter/src/test_pkg) by extensions ['ros']
[0.455s] Level 1:colcon.colcon_core.package_identification:_identify(/home/redi/litter/src/test_pkg) by extension 'ros'
[0.456s] DEBUG:colcon.colcon_core.package_identification:Package '/home/redi/litter/src/test_pkg' with type 'ros.ament_python' and name 'test_pkg'
[0.456s] Level 1:colcon.colcon_core.package_discovery:discover_packages(recursive) using defaults
