-- The C compiler identification is GNU 9.4.0
-- The CXX compiler identification is GNU 9.4.0
-- Check for working C compiler: /usr/bin/cc
-- Check for working C compiler: /usr/bin/cc -- works
-- Detecting C compiler ABI info
-- Detecting C compiler ABI info - done
-- Detecting C compile features
-- Detecting C compile features - done
-- Check for working CXX compiler: /usr/bin/c++
-- Check for working CXX compiler: /usr/bin/c++ -- works
-- Detecting CXX compiler ABI info
-- Detecting CXX compiler ABI info - done
-- Detecting CXX compile features
-- Detecting CXX compile features - done
-- Found ament_cmake: 0.9.11 (/opt/ros/foxy/share/ament_cmake/cmake)
-- Found PythonInterp: /usr/bin/python3 (found suitable version "3.8.10", minimum required is "3") 
-- Using PYTHON_EXECUTABLE: /usr/bin/python3
-- Found rclcpp: 2.4.2 (/opt/ros/foxy/share/rclcpp/cmake)
-- Using all available rosidl_typesupport_c: rosidl_typesupport_fastrtps_c;rosidl_typesupport_introspection_c
-- Found rosidl_adapter: 1.3.0 (/opt/ros/foxy/share/rosidl_adapter/cmake)
-- Found OpenSSL: /usr/lib/x86_64-linux-gnu/libcrypto.so (found version "1.1.1f")  
-- Found FastRTPS: /opt/ros/foxy/include  
-- Using all available rosidl_typesupport_cpp: rosidl_typesupport_fastrtps_cpp;rosidl_typesupport_introspection_cpp
-- Found rmw_implementation_cmake: 1.0.3 (/opt/ros/foxy/share/rmw_implementation_cmake/cmake)
-- Using RMW implementation 'rmw_fastrtps_cpp' as default
-- Looking for pthread.h
-- Looking for pthread.h - found
-- Performing Test CMAKE_HAVE_LIBC_PTHREAD
-- Performing Test CMAKE_HAVE_LIBC_PTHREAD - Failed
-- Looking for pthread_create in pthreads
-- Looking for pthread_create in pthreads - not found
-- Looking for pthread_create in pthread
-- Looking for pthread_create in pthread - found
-- Found Threads: TRUE  
-- Found rclcpp_action: 2.4.2 (/opt/ros/foxy/share/rclcpp_action/cmake)
-- Found plansys2_msgs: 2.0.8 (/home/redi/ws2/install/plansys2_msgs/share/plansys2_msgs/cmake)
-- Found plansys2_executor: 2.0.8 (/home/redi/ws2/install/plansys2_executor/share/plansys2_executor/cmake)
-- Found ros2_bdi_utils: 0.0.0 (/home/redi/ws2/install/ros2_bdi_utils/share/ros2_bdi_utils/cmake)
-- Found ros2_bdi_interfaces: 0.0.0 (/home/redi/ws2/install/ros2_bdi_interfaces/share/ros2_bdi_interfaces/cmake)
-- Found ros2_bdi_skills: 0.0.0 (/home/redi/ws2/install/ros2_bdi_skills/share/ros2_bdi_skills/cmake)
-- Found ros2_bdi_core: 0.0.0 (/home/redi/ws2/install/ros2_bdi_core/share/ros2_bdi_core/cmake)
-- Found javaff_interfaces: 0.0.0 (/home/redi/ws2/install/javaff_interfaces/share/javaff_interfaces/cmake)
-- Found geometry_msgs: 2.2.4 (/home/redi/ws2/install/geometry_msgs/share/geometry_msgs/cmake)
-- Found sensor_msgs: 2.2.4 (/home/redi/ws2/install/sensor_msgs/share/sensor_msgs/cmake)
-- Configuring done
-- Generating done
-- Build files have been written to: /home/redi/litter/build/bdi_spazza
[35m[1mScanning dependencies of target putdown[0m
[35m[1mScanning dependencies of target move[0m
[35m[1mScanning dependencies of target pickup[0m
[ 16%] [32mBuilding CXX object CMakeFiles/pickup.dir/src/actions/e_puck/pickup.cpp.o[0m
[ 50%] [32mBuilding CXX object CMakeFiles/move.dir/src/actions/e_puck/move.cpp.o[0m
[ 50%] [32mBuilding CXX object CMakeFiles/putdown.dir/src/actions/e_puck/putdown.cpp.o[0m
[ 66%] [32m[1mLinking CXX executable putdown[0m
[ 83%] [32m[1mLinking CXX executable pickup[0m
[ 83%] Built target putdown
[ 83%] Built target pickup
[100%] [32m[1mLinking CXX executable move[0m
[100%] Built target move
-- Install configuration: ""
-- Installing: /home/redi/litter/install/bdi_spazza/lib/bdi_spazza/move
-- Set runtime path of "/home/redi/litter/install/bdi_spazza/lib/bdi_spazza/move" to ""
-- Installing: /home/redi/litter/install/bdi_spazza/lib/bdi_spazza/pickup
-- Set runtime path of "/home/redi/litter/install/bdi_spazza/lib/bdi_spazza/pickup" to ""
-- Installing: /home/redi/litter/install/bdi_spazza/lib/bdi_spazza/putdown
-- Set runtime path of "/home/redi/litter/install/bdi_spazza/lib/bdi_spazza/putdown" to ""
-- Installing: /home/redi/litter/install/bdi_spazza/share/bdi_spazza/launch
-- Installing: /home/redi/litter/install/bdi_spazza/share/bdi_spazza/launch/init_e_puck
-- Installing: /home/redi/litter/install/bdi_spazza/share/bdi_spazza/launch/init_e_puck/tmp.txt
-- Installing: /home/redi/litter/install/bdi_spazza/share/bdi_spazza/launch/init_e_puck/init_e_puck_dset.yaml
-- Installing: /home/redi/litter/install/bdi_spazza/share/bdi_spazza/launch/init_e_puck/init_e_puck_bset.yaml
-- Installing: /home/redi/litter/install/bdi_spazza/share/bdi_spazza/launch/init_e_puck/init_generator.cpp
-- Installing: /home/redi/litter/install/bdi_spazza/share/bdi_spazza/launch/init_e_puck/a.out
-- Installing: /home/redi/litter/install/bdi_spazza/share/bdi_spazza/launch/init_e_puck/init_bset.yaml
-- Installing: /home/redi/litter/install/bdi_spazza/share/bdi_spazza/launch/init_e_puck/init_dset.yaml
-- Installing: /home/redi/litter/install/bdi_spazza/share/bdi_spazza/launch/init_e_puck/init_e_puck_rrules.yaml
-- Installing: /home/redi/litter/install/bdi_spazza/share/bdi_spazza/launch/online_launcher.launch.py
-- Installing: /home/redi/litter/install/bdi_spazza/share/bdi_spazza/launch/offline_launcher.launch.py
-- Installing: /home/redi/litter/install/bdi_spazza/share/bdi_spazza/pddl
-- Installing: /home/redi/litter/install/bdi_spazza/share/bdi_spazza/pddl/e_puck
-- Installing: /home/redi/litter/install/bdi_spazza/share/bdi_spazza/pddl/e_puck/spazza-domain.pddl
-- Installing: /home/redi/litter/install/bdi_spazza/share/bdi_spazza/pddl/e_puck/generate_pddl_properties.cpp
-- Installing: /home/redi/litter/install/bdi_spazza/share/bdi_spazza/pddl/e_puck/spazza_problem.pddl
-- Installing: /home/redi/litter/install/bdi_spazza/share/ament_index/resource_index/package_run_dependencies/bdi_spazza
-- Installing: /home/redi/litter/install/bdi_spazza/share/ament_index/resource_index/parent_prefix_path/bdi_spazza
-- Installing: /home/redi/litter/install/bdi_spazza/share/bdi_spazza/environment/ament_prefix_path.sh
-- Installing: /home/redi/litter/install/bdi_spazza/share/bdi_spazza/environment/ament_prefix_path.dsv
-- Installing: /home/redi/litter/install/bdi_spazza/share/bdi_spazza/environment/path.sh
-- Installing: /home/redi/litter/install/bdi_spazza/share/bdi_spazza/environment/path.dsv
-- Installing: /home/redi/litter/install/bdi_spazza/share/bdi_spazza/local_setup.bash
-- Installing: /home/redi/litter/install/bdi_spazza/share/bdi_spazza/local_setup.sh
-- Installing: /home/redi/litter/install/bdi_spazza/share/bdi_spazza/local_setup.zsh
-- Installing: /home/redi/litter/install/bdi_spazza/share/bdi_spazza/local_setup.dsv
-- Installing: /home/redi/litter/install/bdi_spazza/share/bdi_spazza/package.dsv
-- Installing: /home/redi/litter/install/bdi_spazza/share/ament_index/resource_index/packages/bdi_spazza
-- Installing: /home/redi/litter/install/bdi_spazza/share/bdi_spazza/cmake/bdi_spazzaConfig.cmake
-- Installing: /home/redi/litter/install/bdi_spazza/share/bdi_spazza/cmake/bdi_spazzaConfig-version.cmake
-- Installing: /home/redi/litter/install/bdi_spazza/share/bdi_spazza/package.xml
