[1.364s] Invoking command in '/home/redi/examples/my_package': PYTHONPATH=/home/redi/examples/build/my_package/prefix_override:/home/redi/examples/install/my_package/lib/python3.8/site-packages:${PYTHONPATH} /usr/bin/python3 setup.py egg_info --egg-base ../build/my_package build --build-base /home/redi/examples/build/my_package/build install --record /home/redi/examples/build/my_package/install.log --install-scripts $base/lib/my_package --single-version-externally-managed
[1.830s] running egg_info
[1.830s] creating ../build/my_package/my_package.egg-info
[1.831s] writing ../build/my_package/my_package.egg-info/PKG-INFO
[1.831s] writing dependency_links to ../build/my_package/my_package.egg-info/dependency_links.txt
[1.832s] writing entry points to ../build/my_package/my_package.egg-info/entry_points.txt
[1.832s] writing requirements to ../build/my_package/my_package.egg-info/requires.txt
[1.832s] writing top-level names to ../build/my_package/my_package.egg-info/top_level.txt
[1.836s] writing manifest file '../build/my_package/my_package.egg-info/SOURCES.txt'
[1.898s] reading manifest file '../build/my_package/my_package.egg-info/SOURCES.txt'
[1.900s] writing manifest file '../build/my_package/my_package.egg-info/SOURCES.txt'
[1.900s] running build
[1.900s] running build_py
[1.901s] creating /home/redi/examples/build/my_package/build
[1.901s] creating /home/redi/examples/build/my_package/build/lib
[1.901s] creating /home/redi/examples/build/my_package/build/lib/my_package
[1.901s] copying my_package/__init__.py -> /home/redi/examples/build/my_package/build/lib/my_package
[1.901s] copying my_package/my_robot_driver.py -> /home/redi/examples/build/my_package/build/lib/my_package
[1.901s] running install
[1.903s] running install_lib
[1.904s] creating /home/redi/examples/install/my_package/lib/python3.8/site-packages/my_package
[1.904s] copying /home/redi/examples/build/my_package/build/lib/my_package/__init__.py -> /home/redi/examples/install/my_package/lib/python3.8/site-packages/my_package
[1.905s] copying /home/redi/examples/build/my_package/build/lib/my_package/my_robot_driver.py -> /home/redi/examples/install/my_package/lib/python3.8/site-packages/my_package
[1.906s] byte-compiling /home/redi/examples/install/my_package/lib/python3.8/site-packages/my_package/__init__.py to __init__.cpython-38.pyc
[1.908s] byte-compiling /home/redi/examples/install/my_package/lib/python3.8/site-packages/my_package/my_robot_driver.py to my_robot_driver.cpython-38.pyc
[1.909s] running install_data
[1.909s] creating /home/redi/examples/install/my_package/share/ament_index
[1.910s] creating /home/redi/examples/install/my_package/share/ament_index/resource_index
[1.910s] creating /home/redi/examples/install/my_package/share/ament_index/resource_index/packages
[1.910s] copying resource/my_package -> /home/redi/examples/install/my_package/share/ament_index/resource_index/packages
[1.911s] creating /home/redi/examples/install/my_package/share/my_package/launch
[1.911s] copying launch/robot_launch.py -> /home/redi/examples/install/my_package/share/my_package/launch
[1.911s] creating /home/redi/examples/install/my_package/share/my_package/worlds
[1.911s] copying worlds/my_world.wbt -> /home/redi/examples/install/my_package/share/my_package/worlds
[1.912s] creating /home/redi/examples/install/my_package/share/my_package/resource
[1.912s] copying resource/my_robot.urdf -> /home/redi/examples/install/my_package/share/my_package/resource
[1.912s] copying package.xml -> /home/redi/examples/install/my_package/share/my_package
[1.912s] running install_egg_info
[1.914s] Copying ../build/my_package/my_package.egg-info to /home/redi/examples/install/my_package/lib/python3.8/site-packages/my_package-0.0.0-py3.8.egg-info
[1.916s] running install_scripts
[1.950s] Installing my_robot_driver script to /home/redi/examples/install/my_package/lib/my_package
[1.951s] writing list of installed files to '/home/redi/examples/build/my_package/install.log'
[1.982s] Invoked command in '/home/redi/examples/my_package' returned '0': PYTHONPATH=/home/redi/examples/build/my_package/prefix_override:/home/redi/examples/install/my_package/lib/python3.8/site-packages:${PYTHONPATH} /usr/bin/python3 setup.py egg_info --egg-base ../build/my_package build --build-base /home/redi/examples/build/my_package/build install --record /home/redi/examples/build/my_package/install.log --install-scripts $base/lib/my_package --single-version-externally-managed
