[0.720s] Invoking command in '/home/redi/examples/collision_avoidance': PYTHONPATH=/home/redi/examples/build/collision_avoidance/prefix_override:/home/redi/examples/install/collision_avoidance/lib/python3.8/site-packages:${PYTHONPATH} /usr/bin/python3 setup.py egg_info --egg-base ../build/collision_avoidance build --build-base /home/redi/examples/build/collision_avoidance/build install --record /home/redi/examples/build/collision_avoidance/install.log --install-scripts $base/lib/collision_avoidance --single-version-externally-managed
[0.967s] running egg_info
[0.967s] writing ../build/collision_avoidance/collision_avoidance.egg-info/PKG-INFO
[0.967s] writing dependency_links to ../build/collision_avoidance/collision_avoidance.egg-info/dependency_links.txt
[0.968s] writing entry points to ../build/collision_avoidance/collision_avoidance.egg-info/entry_points.txt
[0.968s] writing requirements to ../build/collision_avoidance/collision_avoidance.egg-info/requires.txt
[0.968s] writing top-level names to ../build/collision_avoidance/collision_avoidance.egg-info/top_level.txt
[1.000s] reading manifest file '../build/collision_avoidance/collision_avoidance.egg-info/SOURCES.txt'
[1.001s] writing manifest file '../build/collision_avoidance/collision_avoidance.egg-info/SOURCES.txt'
[1.001s] running build
[1.001s] running build_py
[1.001s] running install
[1.003s] running install_lib
[1.005s] running install_data
[1.005s] copying worlds/my_world.wbt -> /home/redi/examples/install/collision_avoidance/share/collision_avoidance/worlds
[1.005s] running install_egg_info
[1.007s] removing '/home/redi/examples/install/collision_avoidance/lib/python3.8/site-packages/collision_avoidance-0.0.0-py3.8.egg-info' (and everything under it)
[1.007s] Copying ../build/collision_avoidance/collision_avoidance.egg-info to /home/redi/examples/install/collision_avoidance/lib/python3.8/site-packages/collision_avoidance-0.0.0-py3.8.egg-info
[1.008s] running install_scripts
[1.026s] Installing my_robot_driver script to /home/redi/examples/install/collision_avoidance/lib/collision_avoidance
[1.027s] writing list of installed files to '/home/redi/examples/build/collision_avoidance/install.log'
[1.048s] Invoked command in '/home/redi/examples/collision_avoidance' returned '0': PYTHONPATH=/home/redi/examples/build/collision_avoidance/prefix_override:/home/redi/examples/install/collision_avoidance/lib/python3.8/site-packages:${PYTHONPATH} /usr/bin/python3 setup.py egg_info --egg-base ../build/collision_avoidance build --build-base /home/redi/examples/build/collision_avoidance/build install --record /home/redi/examples/build/collision_avoidance/install.log --install-scripts $base/lib/collision_avoidance --single-version-externally-managed
