[0.201s] DEBUG:colcon:Command line arguments: ['/usr/bin/colcon', 'build', '--packages-select', 'online_bdi_spazza']
[0.201s] DEBUG:colcon:Parsed command line arguments: Namespace(allow_overriding=[], ament_cmake_args=None, ament_gradle_args=None, ament_gradle_task=None, base_paths=['.'], build_base='build', catkin_cmake_args=None, catkin_skip_building_tests=False, cmake_args=None, cmake_clean_cache=False, cmake_clean_first=False, cmake_force_configure=False, cmake_target=None, cmake_target_skip_unavailable=False, continue_on_error=False, event_handlers=None, executor='parallel', gradle_args=None, gradle_task=None, ignore_user_meta=False, install_base='install', log_base=None, log_level=None, main=<bound method BuildVerb.main of <colcon_core.verb.build.BuildVerb object at 0x7fac1b479220>>, merge_install=False, metas=['./colcon.meta'], packages_above=None, packages_above_and_dependencies=None, packages_above_depth=None, packages_end=None, packages_ignore=None, packages_ignore_regex=None, packages_select=['online_bdi_spazza'], packages_select_build_failed=False, packages_select_by_dep=None, packages_select_regex=None, packages_select_test_failures=False, packages_skip=None, packages_skip_build_finished=False, packages_skip_by_dep=None, packages_skip_regex=None, packages_skip_test_passed=False, packages_skip_up_to=None, packages_start=None, packages_up_to=None, packages_up_to_regex=None, parallel_workers=8, paths=None, symlink_install=False, test_result_base=None, verb_extension=<colcon_core.verb.build.BuildVerb object at 0x7fac1b479220>, verb_name='build', verb_parser=<colcon_defaults.argument_parser.defaults.DefaultArgumentsDecorator object at 0x7fac1b479760>)
[0.235s] Level 1:colcon.colcon_core.package_discovery:discover_packages(colcon_meta) check parameters
[0.236s] Level 1:colcon.colcon_core.package_discovery:discover_packages(recursive) check parameters
[0.236s] Level 1:colcon.colcon_core.package_discovery:discover_packages(ignore) check parameters
[0.236s] Level 1:colcon.colcon_core.package_discovery:discover_packages(path) check parameters
[0.236s] Level 1:colcon.colcon_core.package_discovery:discover_packages(colcon_meta) discover
[0.236s] Level 1:colcon.colcon_core.package_discovery:discover_packages(recursive) discover
[0.236s] INFO:colcon.colcon_core.package_discovery:Crawling recursively for packages in '/home/redi/litter'
[0.236s] Level 1:colcon.colcon_core.package_identification:_identify(.) by extensions ['ignore', 'ignore_ament_install']
[0.236s] Level 1:colcon.colcon_core.package_identification:_identify(.) by extension 'ignore'
[0.236s] Level 1:colcon.colcon_core.package_identification:_identify(.) by extension 'ignore_ament_install'
[0.236s] Level 1:colcon.colcon_core.package_identification:_identify(.) by extensions ['colcon_pkg']
[0.236s] Level 1:colcon.colcon_core.package_identification:_identify(.) by extension 'colcon_pkg'
[0.236s] Level 1:colcon.colcon_core.package_identification:_identify(.) by extensions ['colcon_meta']
[0.236s] Level 1:colcon.colcon_core.package_identification:_identify(.) by extension 'colcon_meta'
[0.236s] Level 1:colcon.colcon_core.package_identification:_identify(.) by extensions ['ament_gradle']
[0.236s] Level 1:colcon.colcon_core.package_identification:_identify(.) by extension 'ament_gradle'
[0.236s] Level 1:colcon.colcon_core.package_identification:_identify(.) by extensions ['ros']
[0.236s] Level 1:colcon.colcon_core.package_identification:_identify(.) by extension 'ros'
[0.248s] Level 1:colcon.colcon_core.package_identification:_identify(.) by extensions ['cmake', 'gradle', 'python']
[0.248s] Level 1:colcon.colcon_core.package_identification:_identify(.) by extension 'cmake'
[0.249s] Level 1:colcon.colcon_core.package_identification:_identify(.) by extension 'gradle'
[0.249s] Level 1:colcon.colcon_core.package_identification:_identify(.) by extension 'python'
[0.249s] Level 1:colcon.colcon_core.package_identification:_identify(.) by extensions ['python_setup_py']
[0.249s] Level 1:colcon.colcon_core.package_identification:_identify(.) by extension 'python_setup_py'
[0.249s] Level 1:colcon.colcon_core.package_identification:_identify(build) by extensions ['ignore', 'ignore_ament_install']
[0.249s] Level 1:colcon.colcon_core.package_identification:_identify(build) by extension 'ignore'
[0.249s] Level 1:colcon.colcon_core.package_identification:_identify(build) ignored
[0.249s] Level 1:colcon.colcon_core.package_identification:_identify(install) by extensions ['ignore', 'ignore_ament_install']
[0.249s] Level 1:colcon.colcon_core.package_identification:_identify(install) by extension 'ignore'
[0.249s] Level 1:colcon.colcon_core.package_identification:_identify(install) ignored
[0.249s] Level 1:colcon.colcon_core.package_identification:_identify(log) by extensions ['ignore', 'ignore_ament_install']
[0.249s] Level 1:colcon.colcon_core.package_identification:_identify(log) by extension 'ignore'
[0.249s] Level 1:colcon.colcon_core.package_identification:_identify(log) ignored
[0.250s] Level 1:colcon.colcon_core.package_identification:_identify(src) by extensions ['ignore', 'ignore_ament_install']
[0.250s] Level 1:colcon.colcon_core.package_identification:_identify(src) by extension 'ignore'
[0.250s] Level 1:colcon.colcon_core.package_identification:_identify(src) by extension 'ignore_ament_install'
[0.250s] Level 1:colcon.colcon_core.package_identification:_identify(src) by extensions ['colcon_pkg']
[0.250s] Level 1:colcon.colcon_core.package_identification:_identify(src) by extension 'colcon_pkg'
[0.250s] Level 1:colcon.colcon_core.package_identification:_identify(src) by extensions ['colcon_meta']
[0.250s] Level 1:colcon.colcon_core.package_identification:_identify(src) by extension 'colcon_meta'
[0.250s] Level 1:colcon.colcon_core.package_identification:_identify(src) by extensions ['ament_gradle']
[0.250s] Level 1:colcon.colcon_core.package_identification:_identify(src) by extension 'ament_gradle'
[0.250s] Level 1:colcon.colcon_core.package_identification:_identify(src) by extensions ['ros']
[0.250s] Level 1:colcon.colcon_core.package_identification:_identify(src) by extension 'ros'
[0.250s] Level 1:colcon.colcon_core.package_identification:_identify(src) by extensions ['cmake', 'gradle', 'python']
[0.250s] Level 1:colcon.colcon_core.package_identification:_identify(src) by extension 'cmake'
[0.250s] Level 1:colcon.colcon_core.package_identification:_identify(src) by extension 'gradle'
[0.250s] Level 1:colcon.colcon_core.package_identification:_identify(src) by extension 'python'
[0.250s] Level 1:colcon.colcon_core.package_identification:_identify(src) by extensions ['python_setup_py']
[0.250s] Level 1:colcon.colcon_core.package_identification:_identify(src) by extension 'python_setup_py'
[0.250s] Level 1:colcon.colcon_core.package_identification:_identify(src/bdi_spazza) by extensions ['ignore', 'ignore_ament_install']
[0.251s] Level 1:colcon.colcon_core.package_identification:_identify(src/bdi_spazza) by extension 'ignore'
[0.251s] Level 1:colcon.colcon_core.package_identification:_identify(src/bdi_spazza) by extension 'ignore_ament_install'
[0.251s] Level 1:colcon.colcon_core.package_identification:_identify(src/bdi_spazza) by extensions ['colcon_pkg']
[0.251s] Level 1:colcon.colcon_core.package_identification:_identify(src/bdi_spazza) by extension 'colcon_pkg'
[0.251s] Level 1:colcon.colcon_core.package_identification:_identify(src/bdi_spazza) by extensions ['colcon_meta']
[0.251s] Level 1:colcon.colcon_core.package_identification:_identify(src/bdi_spazza) by extension 'colcon_meta'
[0.251s] Level 1:colcon.colcon_core.package_identification:_identify(src/bdi_spazza) by extensions ['ament_gradle']
[0.251s] Level 1:colcon.colcon_core.package_identification:_identify(src/bdi_spazza) by extension 'ament_gradle'
[0.251s] Level 1:colcon.colcon_core.package_identification:_identify(src/bdi_spazza) by extensions ['ros']
[0.251s] Level 1:colcon.colcon_core.package_identification:_identify(src/bdi_spazza) by extension 'ros'
[0.254s] DEBUG:colcon.colcon_core.package_identification:Package 'src/bdi_spazza' with type 'ros.ament_cmake' and name 'bdi_spazza'
[0.254s] Level 1:colcon.colcon_core.package_identification:_identify(src/collision_avoidance) by extensions ['ignore', 'ignore_ament_install']
[0.254s] Level 1:colcon.colcon_core.package_identification:_identify(src/collision_avoidance) by extension 'ignore'
[0.254s] Level 1:colcon.colcon_core.package_identification:_identify(src/collision_avoidance) by extension 'ignore_ament_install'
[0.254s] Level 1:colcon.colcon_core.package_identification:_identify(src/collision_avoidance) by extensions ['colcon_pkg']
[0.254s] Level 1:colcon.colcon_core.package_identification:_identify(src/collision_avoidance) by extension 'colcon_pkg'
[0.254s] Level 1:colcon.colcon_core.package_identification:_identify(src/collision_avoidance) by extensions ['colcon_meta']
[0.254s] Level 1:colcon.colcon_core.package_identification:_identify(src/collision_avoidance) by extension 'colcon_meta'
[0.254s] Level 1:colcon.colcon_core.package_identification:_identify(src/collision_avoidance) by extensions ['ament_gradle']
[0.254s] Level 1:colcon.colcon_core.package_identification:_identify(src/collision_avoidance) by extension 'ament_gradle'
[0.254s] Level 1:colcon.colcon_core.package_identification:_identify(src/collision_avoidance) by extensions ['ros']
[0.255s] Level 1:colcon.colcon_core.package_identification:_identify(src/collision_avoidance) by extension 'ros'
[0.255s] DEBUG:colcon.colcon_core.package_identification:Package 'src/collision_avoidance' with type 'ros.ament_python' and name 'collision_avoidance'
[0.255s] Level 1:colcon.colcon_core.package_identification:_identify(src/online_bdi_spazza) by extensions ['ignore', 'ignore_ament_install']
[0.255s] Level 1:colcon.colcon_core.package_identification:_identify(src/online_bdi_spazza) by extension 'ignore'
[0.255s] Level 1:colcon.colcon_core.package_identification:_identify(src/online_bdi_spazza) by extension 'ignore_ament_install'
[0.255s] Level 1:colcon.colcon_core.package_identification:_identify(src/online_bdi_spazza) by extensions ['colcon_pkg']
[0.256s] Level 1:colcon.colcon_core.package_identification:_identify(src/online_bdi_spazza) by extension 'colcon_pkg'
[0.256s] Level 1:colcon.colcon_core.package_identification:_identify(src/online_bdi_spazza) by extensions ['colcon_meta']
[0.256s] Level 1:colcon.colcon_core.package_identification:_identify(src/online_bdi_spazza) by extension 'colcon_meta'
[0.256s] Level 1:colcon.colcon_core.package_identification:_identify(src/online_bdi_spazza) by extensions ['ament_gradle']
[0.256s] Level 1:colcon.colcon_core.package_identification:_identify(src/online_bdi_spazza) by extension 'ament_gradle'
[0.256s] Level 1:colcon.colcon_core.package_identification:_identify(src/online_bdi_spazza) by extensions ['ros']
[0.256s] Level 1:colcon.colcon_core.package_identification:_identify(src/online_bdi_spazza) by extension 'ros'
[0.257s] DEBUG:colcon.colcon_core.package_identification:Package 'src/online_bdi_spazza' with type 'ros.ament_cmake' and name 'online_bdi_spazza'
[0.257s] Level 1:colcon.colcon_core.package_identification:_identify(src/spazza) by extensions ['ignore', 'ignore_ament_install']
[0.257s] Level 1:colcon.colcon_core.package_identification:_identify(src/spazza) by extension 'ignore'
[0.257s] Level 1:colcon.colcon_core.package_identification:_identify(src/spazza) by extension 'ignore_ament_install'
[0.257s] Level 1:colcon.colcon_core.package_identification:_identify(src/spazza) by extensions ['colcon_pkg']
[0.257s] Level 1:colcon.colcon_core.package_identification:_identify(src/spazza) by extension 'colcon_pkg'
[0.257s] Level 1:colcon.colcon_core.package_identification:_identify(src/spazza) by extensions ['colcon_meta']
[0.257s] Level 1:colcon.colcon_core.package_identification:_identify(src/spazza) by extension 'colcon_meta'
[0.257s] Level 1:colcon.colcon_core.package_identification:_identify(src/spazza) by extensions ['ament_gradle']
[0.257s] Level 1:colcon.colcon_core.package_identification:_identify(src/spazza) by extension 'ament_gradle'
[0.257s] Level 1:colcon.colcon_core.package_identification:_identify(src/spazza) by extensions ['ros']
[0.257s] Level 1:colcon.colcon_core.package_identification:_identify(src/spazza) by extension 'ros'
[0.258s] DEBUG:colcon.colcon_core.package_identification:Package 'src/spazza' with type 'ros.ament_python' and name 'spazza'
[0.258s] Level 1:colcon.colcon_core.package_identification:_identify(src/spazza_interfaces) by extensions ['ignore', 'ignore_ament_install']
[0.258s] Level 1:colcon.colcon_core.package_identification:_identify(src/spazza_interfaces) by extension 'ignore'
[0.258s] Level 1:colcon.colcon_core.package_identification:_identify(src/spazza_interfaces) by extension 'ignore_ament_install'
[0.258s] Level 1:colcon.colcon_core.package_identification:_identify(src/spazza_interfaces) by extensions ['colcon_pkg']
[0.259s] Level 1:colcon.colcon_core.package_identification:_identify(src/spazza_interfaces) by extension 'colcon_pkg'
[0.259s] Level 1:colcon.colcon_core.package_identification:_identify(src/spazza_interfaces) by extensions ['colcon_meta']
[0.259s] Level 1:colcon.colcon_core.package_identification:_identify(src/spazza_interfaces) by extension 'colcon_meta'
[0.259s] Level 1:colcon.colcon_core.package_identification:_identify(src/spazza_interfaces) by extensions ['ament_gradle']
[0.259s] Level 1:colcon.colcon_core.package_identification:_identify(src/spazza_interfaces) by extension 'ament_gradle'
[0.259s] Level 1:colcon.colcon_core.package_identification:_identify(src/spazza_interfaces) by extensions ['ros']
[0.259s] Level 1:colcon.colcon_core.package_identification:_identify(src/spazza_interfaces) by extension 'ros'
[0.259s] DEBUG:colcon.colcon_core.package_identification:Package 'src/spazza_interfaces' with type 'ros.ament_cmake' and name 'spazza_interfaces'
[0.259s] Level 1:colcon.colcon_core.package_identification:_identify(src/test_pkg) by extensions ['ignore', 'ignore_ament_install']
[0.259s] Level 1:colcon.colcon_core.package_identification:_identify(src/test_pkg) by extension 'ignore'
[0.259s] Level 1:colcon.colcon_core.package_identification:_identify(src/test_pkg) by extension 'ignore_ament_install'
[0.259s] Level 1:colcon.colcon_core.package_identification:_identify(src/test_pkg) by extensions ['colcon_pkg']
[0.260s] Level 1:colcon.colcon_core.package_identification:_identify(src/test_pkg) by extension 'colcon_pkg'
[0.260s] Level 1:colcon.colcon_core.package_identification:_identify(src/test_pkg) by extensions ['colcon_meta']
[0.260s] Level 1:colcon.colcon_core.package_identification:_identify(src/test_pkg) by extension 'colcon_meta'
[0.260s] Level 1:colcon.colcon_core.package_identification:_identify(src/test_pkg) by extensions ['ament_gradle']
[0.260s] Level 1:colcon.colcon_core.package_identification:_identify(src/test_pkg) by extension 'ament_gradle'
[0.260s] Level 1:colcon.colcon_core.package_identification:_identify(src/test_pkg) by extensions ['ros']
[0.260s] Level 1:colcon.colcon_core.package_identification:_identify(src/test_pkg) by extension 'ros'
[0.260s] DEBUG:colcon.colcon_core.package_identification:Package 'src/test_pkg' with type 'ros.ament_python' and name 'test_pkg'
[0.260s] Level 1:colcon.colcon_core.package_discovery:discover_packages(recursive) using defaults
[0.260s] Level 1:colcon.colcon_core.package_discovery:discover_packages(ignore) discover
[0.260s] Level 1:colcon.colcon_core.package_discovery:discover_packages(ignore) using defaults
[0.260s] Level 1:colcon.colcon_core.package_discovery:discover_packages(path) discover
[0.260s] Level 1:colcon.colcon_core.package_discovery:discover_packages(path) using defaults
[0.282s] INFO:colcon.colcon_core.package_selection:Skipping not selected package 'bdi_spazza' in 'src/bdi_spazza'
[0.282s] INFO:colcon.colcon_core.package_selection:Skipping not selected package 'collision_avoidance' in 'src/collision_avoidance'
[0.282s] INFO:colcon.colcon_core.package_selection:Skipping not selected package 'spazza_interfaces' in 'src/spazza_interfaces'
[0.282s] INFO:colcon.colcon_core.package_selection:Skipping not selected package 'test_pkg' in 'src/test_pkg'
[0.282s] INFO:colcon.colcon_core.package_selection:Skipping not selected package 'spazza' in 'src/spazza'
[0.282s] Level 1:colcon.colcon_core.package_discovery:discover_packages(prefix_path) check parameters
[0.282s] Level 1:colcon.colcon_core.package_discovery:discover_packages(prefix_path) discover
[0.287s] DEBUG:colcon.colcon_installed_package_information.package_discovery:Found 5 installed packages in /home/redi/examples/install
[0.289s] DEBUG:colcon.colcon_installed_package_information.package_discovery:Found 60 installed packages in /home/redi/ws2/install
[0.291s] DEBUG:colcon.colcon_installed_package_information.package_discovery:Found 289 installed packages in /opt/ros/foxy
[0.294s] Level 1:colcon.colcon_core.package_discovery:discover_packages(prefix_path) using defaults
[0.371s] Level 5:colcon.colcon_core.verb:set package 'online_bdi_spazza' build argument 'ament_gradle_args' from command line to 'None'
[0.371s] Level 5:colcon.colcon_core.verb:set package 'online_bdi_spazza' build argument 'ament_gradle_task' from command line to 'None'
[0.371s] Level 5:colcon.colcon_core.verb:set package 'online_bdi_spazza' build argument 'cmake_args' from command line to 'None'
[0.371s] Level 5:colcon.colcon_core.verb:set package 'online_bdi_spazza' build argument 'cmake_target' from command line to 'None'
[0.371s] Level 5:colcon.colcon_core.verb:set package 'online_bdi_spazza' build argument 'cmake_target_skip_unavailable' from command line to 'False'
[0.371s] Level 5:colcon.colcon_core.verb:set package 'online_bdi_spazza' build argument 'cmake_clean_cache' from command line to 'False'
[0.371s] Level 5:colcon.colcon_core.verb:set package 'online_bdi_spazza' build argument 'cmake_clean_first' from command line to 'False'
[0.371s] Level 5:colcon.colcon_core.verb:set package 'online_bdi_spazza' build argument 'cmake_force_configure' from command line to 'False'
[0.371s] Level 5:colcon.colcon_core.verb:set package 'online_bdi_spazza' build argument 'gradle_args' from command line to 'None'
[0.371s] Level 5:colcon.colcon_core.verb:set package 'online_bdi_spazza' build argument 'gradle_task' from command line to 'None'
[0.371s] Level 5:colcon.colcon_core.verb:set package 'online_bdi_spazza' build argument 'ament_cmake_args' from command line to 'None'
[0.371s] Level 5:colcon.colcon_core.verb:set package 'online_bdi_spazza' build argument 'catkin_cmake_args' from command line to 'None'
[0.371s] Level 5:colcon.colcon_core.verb:set package 'online_bdi_spazza' build argument 'catkin_skip_building_tests' from command line to 'False'
[0.371s] DEBUG:colcon.colcon_core.verb:Building package 'online_bdi_spazza' with the following arguments: {'ament_cmake_args': None, 'ament_gradle_args': None, 'ament_gradle_task': None, 'build_base': '/home/redi/litter/build/online_bdi_spazza', 'catkin_cmake_args': None, 'catkin_skip_building_tests': False, 'cmake_args': None, 'cmake_clean_cache': False, 'cmake_clean_first': False, 'cmake_force_configure': False, 'cmake_target': None, 'cmake_target_skip_unavailable': False, 'gradle_args': None, 'gradle_task': None, 'install_base': '/home/redi/litter/install/online_bdi_spazza', 'merge_install': False, 'path': '/home/redi/litter/src/online_bdi_spazza', 'symlink_install': False, 'test_result_base': None}
[0.372s] INFO:colcon.colcon_core.executor:Executing jobs using 'parallel' executor
[0.376s] DEBUG:colcon.colcon_parallel_executor.executor.parallel:run_until_complete
[0.376s] INFO:colcon.colcon_ros.task.ament_cmake.build:Building ROS package in '/home/redi/litter/src/online_bdi_spazza' with build type 'ament_cmake'
[0.376s] INFO:colcon.colcon_cmake.task.cmake.build:Building CMake package in '/home/redi/litter/src/online_bdi_spazza'
[0.381s] INFO:colcon.colcon_core.plugin_system:Skipping extension 'colcon_core.shell.bat': Not used on non-Windows systems
[0.381s] INFO:colcon.colcon_core.shell:Skip shell extension 'powershell' for command environment: Not usable outside of PowerShell
[0.381s] DEBUG:colcon.colcon_core.shell:Skip shell extension 'dsv' for command environment
[0.406s] DEBUG:colcon.colcon_core.event_handler.log_command:Invoking command in '/home/redi/litter/build/online_bdi_spazza': AMENT_PREFIX_PATH=/home/redi/litter/install/spazza_interfaces:${AMENT_PREFIX_PATH} CMAKE_PREFIX_PATH=/home/redi/litter/install/spazza_interfaces:/home/redi/examples/install/spazza_interfaces:/home/redi/examples/install/bdi_spazza:/home/redi/ws2/install/ros2_bdi_on_webots:/home/redi/ws2/install/webots_ros2_simulations_interfaces:/home/redi/ws2/install/common_interfaces:/home/redi/ws2/install/visualization_msgs:/home/redi/ws2/install/test_msgs:/home/redi/ws2/install/ros2_bdi_tests:/home/redi/ws2/install/ros2_bdi_on_litter_world:/home/redi/ws2/install/ros2_bdi_skills:/home/redi/ws2/install/ros2_bdi_core:/home/redi/ws2/install/ros2_bdi_utils:/home/redi/ws2/install/plansys2_javaff_plan_solver:/home/redi/ws2/install/javaff_interfaces:/home/redi/ws2/install/ros2_bdi_interfaces:/home/redi/ws2/install/plansys2_tools:/home/redi/ws2/install/plansys2_terminal:/home/redi/ws2/install/plansys2_bt_actions:/home/redi/ws2/install/plansys2_bringup:/home/redi/ws2/install/plansys2_executor:/home/redi/ws2/install/plansys2_planner:/home/redi/ws2/install/plansys2_problem_expert:/home/redi/ws2/install/plansys2_domain_expert:/home/redi/ws2/install/plansys2_popf_plan_solver:/home/redi/ws2/install/plansys2_core:/home/redi/ws2/install/plansys2_pddl_parser:/home/redi/ws2/install/plansys2_msgs:/home/redi/ws2/install/example_interfaces:/home/redi/ws2/install/action_msgs:/home/redi/ws2/install/unique_identifier_msgs:/home/redi/ws2/install/trajectory_msgs:/home/redi/ws2/install/stereo_msgs:/home/redi/ws2/install/std_srvs:/home/redi/ws2/install/shape_msgs:/home/redi/ws2/install/sensor_msgs:/home/redi/ws2/install/nav_msgs:/home/redi/ws2/install/diagnostic_msgs:/home/redi/ws2/install/geometry_msgs:/home/redi/ws2/install/actionlib_msgs:/home/redi/ws2/install/std_msgs:/home/redi/ws2/install/statistics_msgs:/home/redi/ws2/install/rosgraph_msgs:/home/redi/ws2/install/rcljava:/home/redi/ws2/install/composition_interfaces:/home/redi/ws2/install/rcl_interfaces:/home/redi/ws2/install/plansys2_lifecycle_manager:/home/redi/ws2/install/litter_world_interfaces:/home/redi/ws2/install/lifecycle_msgs:/home/redi/ws2/install/builtin_interfaces:/home/redi/ws2/install/rosidl_default_runtime:/home/redi/ws2/install/rosidl_default_generators:/home/redi/ws2/install/rosidl_generator_java:/home/redi/ws2/install/ros2_bdi_bringup:/home/redi/ws2/install/rcljava_common:/home/redi/ws2/install/ament_cmake_export_jni_libraries:/home/redi/ws2/install/ament_cmake_export_jars:/home/redi/ws2/install/ament_java_resources:/home/redi/examples/install/test_pkg:/home/redi/examples/install/spazza:/home/redi/examples/install/collision_avoidance:/home/redi/ws2/install/webots_ros2_simulations:/home/redi/ws2/install/javaff:/home/redi/ws2/install/litter_world:/home/redi/ws2/install/sensor_msgs_py:/home/redi/ws2/install/ament_build_type_gradle:/opt/ros/foxy LD_LIBRARY_PATH=/home/redi/litter/install/spazza_interfaces/lib:${LD_LIBRARY_PATH} PYTHONPATH=/home/redi/litter/install/spazza_interfaces/lib/python3.8/site-packages:${PYTHONPATH} /usr/bin/cmake --build /home/redi/litter/build/online_bdi_spazza -- -j8 -l8
[7.781s] DEBUG:colcon.colcon_core.event_handler.log_command:Invoked command in '/home/redi/litter/build/online_bdi_spazza' returned '2': AMENT_PREFIX_PATH=/home/redi/litter/install/spazza_interfaces:${AMENT_PREFIX_PATH} CMAKE_PREFIX_PATH=/home/redi/litter/install/spazza_interfaces:/home/redi/examples/install/spazza_interfaces:/home/redi/examples/install/bdi_spazza:/home/redi/ws2/install/ros2_bdi_on_webots:/home/redi/ws2/install/webots_ros2_simulations_interfaces:/home/redi/ws2/install/common_interfaces:/home/redi/ws2/install/visualization_msgs:/home/redi/ws2/install/test_msgs:/home/redi/ws2/install/ros2_bdi_tests:/home/redi/ws2/install/ros2_bdi_on_litter_world:/home/redi/ws2/install/ros2_bdi_skills:/home/redi/ws2/install/ros2_bdi_core:/home/redi/ws2/install/ros2_bdi_utils:/home/redi/ws2/install/plansys2_javaff_plan_solver:/home/redi/ws2/install/javaff_interfaces:/home/redi/ws2/install/ros2_bdi_interfaces:/home/redi/ws2/install/plansys2_tools:/home/redi/ws2/install/plansys2_terminal:/home/redi/ws2/install/plansys2_bt_actions:/home/redi/ws2/install/plansys2_bringup:/home/redi/ws2/install/plansys2_executor:/home/redi/ws2/install/plansys2_planner:/home/redi/ws2/install/plansys2_problem_expert:/home/redi/ws2/install/plansys2_domain_expert:/home/redi/ws2/install/plansys2_popf_plan_solver:/home/redi/ws2/install/plansys2_core:/home/redi/ws2/install/plansys2_pddl_parser:/home/redi/ws2/install/plansys2_msgs:/home/redi/ws2/install/example_interfaces:/home/redi/ws2/install/action_msgs:/home/redi/ws2/install/unique_identifier_msgs:/home/redi/ws2/install/trajectory_msgs:/home/redi/ws2/install/stereo_msgs:/home/redi/ws2/install/std_srvs:/home/redi/ws2/install/shape_msgs:/home/redi/ws2/install/sensor_msgs:/home/redi/ws2/install/nav_msgs:/home/redi/ws2/install/diagnostic_msgs:/home/redi/ws2/install/geometry_msgs:/home/redi/ws2/install/actionlib_msgs:/home/redi/ws2/install/std_msgs:/home/redi/ws2/install/statistics_msgs:/home/redi/ws2/install/rosgraph_msgs:/home/redi/ws2/install/rcljava:/home/redi/ws2/install/composition_interfaces:/home/redi/ws2/install/rcl_interfaces:/home/redi/ws2/install/plansys2_lifecycle_manager:/home/redi/ws2/install/litter_world_interfaces:/home/redi/ws2/install/lifecycle_msgs:/home/redi/ws2/install/builtin_interfaces:/home/redi/ws2/install/rosidl_default_runtime:/home/redi/ws2/install/rosidl_default_generators:/home/redi/ws2/install/rosidl_generator_java:/home/redi/ws2/install/ros2_bdi_bringup:/home/redi/ws2/install/rcljava_common:/home/redi/ws2/install/ament_cmake_export_jni_libraries:/home/redi/ws2/install/ament_cmake_export_jars:/home/redi/ws2/install/ament_java_resources:/home/redi/examples/install/test_pkg:/home/redi/examples/install/spazza:/home/redi/examples/install/collision_avoidance:/home/redi/ws2/install/webots_ros2_simulations:/home/redi/ws2/install/javaff:/home/redi/ws2/install/litter_world:/home/redi/ws2/install/sensor_msgs_py:/home/redi/ws2/install/ament_build_type_gradle:/opt/ros/foxy LD_LIBRARY_PATH=/home/redi/litter/install/spazza_interfaces/lib:${LD_LIBRARY_PATH} PYTHONPATH=/home/redi/litter/install/spazza_interfaces/lib/python3.8/site-packages:${PYTHONPATH} /usr/bin/cmake --build /home/redi/litter/build/online_bdi_spazza -- -j8 -l8
[7.887s] Level 1:colcon.colcon_core.environment:create_environment_scripts_only(online_bdi_spazza)
[7.897s] Level 1:colcon.colcon_core.environment:checking '/home/redi/litter/install/online_bdi_spazza' for CMake module files
[7.898s] Level 1:colcon.colcon_core.environment:checking '/home/redi/litter/install/online_bdi_spazza' for CMake config files
[7.899s] Level 1:colcon.colcon_core.shell:create_environment_hook('online_bdi_spazza', 'cmake_prefix_path')
[7.902s] INFO:colcon.colcon_core.shell:Creating environment hook '/home/redi/litter/install/online_bdi_spazza/share/online_bdi_spazza/hook/cmake_prefix_path.ps1'
[7.903s] INFO:colcon.colcon_core.shell:Creating environment descriptor '/home/redi/litter/install/online_bdi_spazza/share/online_bdi_spazza/hook/cmake_prefix_path.dsv'
[7.904s] INFO:colcon.colcon_core.shell:Creating environment hook '/home/redi/litter/install/online_bdi_spazza/share/online_bdi_spazza/hook/cmake_prefix_path.sh'
[7.905s] Level 1:colcon.colcon_core.environment:checking '/home/redi/litter/install/online_bdi_spazza/bin'
[7.906s] Level 1:colcon.colcon_core.environment:checking '/home/redi/litter/install/online_bdi_spazza/lib/pkgconfig/online_bdi_spazza.pc'
[7.906s] Level 1:colcon.colcon_core.environment:checking '/home/redi/litter/install/online_bdi_spazza/lib/python3.8/site-packages'
[7.906s] Level 1:colcon.colcon_core.environment:checking '/home/redi/litter/install/online_bdi_spazza/bin'
[7.909s] INFO:colcon.colcon_core.shell:Creating package script '/home/redi/litter/install/online_bdi_spazza/share/online_bdi_spazza/package.ps1'
[7.911s] INFO:colcon.colcon_core.shell:Creating package descriptor '/home/redi/litter/install/online_bdi_spazza/share/online_bdi_spazza/package.dsv'
[7.912s] INFO:colcon.colcon_core.shell:Creating package script '/home/redi/litter/install/online_bdi_spazza/share/online_bdi_spazza/package.sh'
[7.913s] INFO:colcon.colcon_core.shell:Creating package script '/home/redi/litter/install/online_bdi_spazza/share/online_bdi_spazza/package.bash'
[7.915s] INFO:colcon.colcon_core.shell:Creating package script '/home/redi/litter/install/online_bdi_spazza/share/online_bdi_spazza/package.zsh'
[7.916s] Level 1:colcon.colcon_core.environment:create_file_with_runtime_dependencies(/home/redi/litter/install/online_bdi_spazza/share/colcon-core/packages/online_bdi_spazza)
[7.927s] DEBUG:colcon.colcon_parallel_executor.executor.parallel:closing loop
[7.927s] DEBUG:colcon.colcon_parallel_executor.executor.parallel:loop closed
[7.927s] DEBUG:colcon.colcon_parallel_executor.executor.parallel:run_until_complete finished with '2'
[7.928s] DEBUG:colcon.colcon_core.event_reactor:joining thread
[7.953s] INFO:colcon.colcon_core.plugin_system:Skipping extension 'colcon_notification.desktop_notification.terminal_notifier': Not used on non-Darwin systems
[7.953s] INFO:colcon.colcon_core.plugin_system:Skipping extension 'colcon_notification.desktop_notification.win32': Not used on non-Windows systems
[7.953s] INFO:colcon.colcon_notification.desktop_notification:Sending desktop notification using 'notify2'
[7.979s] DEBUG:colcon.colcon_core.event_reactor:joined thread
[7.982s] INFO:colcon.colcon_core.shell:Creating prefix script '/home/redi/litter/install/local_setup.ps1'
[7.983s] INFO:colcon.colcon_core.shell:Creating prefix util module '/home/redi/litter/install/_local_setup_util_ps1.py'
[7.986s] INFO:colcon.colcon_core.shell:Creating prefix chain script '/home/redi/litter/install/setup.ps1'
[7.993s] INFO:colcon.colcon_core.shell:Creating prefix script '/home/redi/litter/install/local_setup.sh'
[7.994s] INFO:colcon.colcon_core.shell:Creating prefix util module '/home/redi/litter/install/_local_setup_util_sh.py'
[7.995s] INFO:colcon.colcon_core.shell:Creating prefix chain script '/home/redi/litter/install/setup.sh'
[8.003s] INFO:colcon.colcon_core.shell:Creating prefix script '/home/redi/litter/install/local_setup.bash'
[8.004s] INFO:colcon.colcon_core.shell:Creating prefix chain script '/home/redi/litter/install/setup.bash'
[8.013s] INFO:colcon.colcon_core.shell:Creating prefix script '/home/redi/litter/install/local_setup.zsh'
[8.014s] INFO:colcon.colcon_core.shell:Creating prefix chain script '/home/redi/litter/install/setup.zsh'
