-- The C compiler identification is GNU 9.4.0
-- The CXX compiler identification is GNU 9.4.0
-- Check for working C compiler: /usr/bin/cc
-- Check for working C compiler: /usr/bin/cc -- works
-- Detecting C compiler ABI info
-- Detecting C compiler ABI info - done
-- Detecting C compile features
-- Detecting C compile features - done
-- Check for working CXX compiler: /usr/bin/c++
-- Check for working CXX compiler: /usr/bin/c++ -- works
-- Detecting CXX compiler ABI info
-- Detecting CXX compiler ABI info - done
-- Detecting CXX compile features
-- Detecting CXX compile features - done
-- Found ament_cmake: 0.9.11 (/opt/ros/foxy/share/ament_cmake/cmake)
-- Found PythonInterp: /usr/bin/python3 (found suitable version "3.8.10", minimum required is "3") 
-- Using PYTHON_EXECUTABLE: /usr/bin/python3
-- Found rosidl_default_generators: 1.1.1 (/home/redi/ws2/install/rosidl_default_generators/share/rosidl_default_generators/cmake)
-- Using all available rosidl_typesupport_c: rosidl_typesupport_fastrtps_c;rosidl_typesupport_introspection_c
-- Found rosidl_adapter: 1.3.0 (/opt/ros/foxy/share/rosidl_adapter/cmake)
-- Found OpenSSL: /usr/lib/x86_64-linux-gnu/libcrypto.so (found version "1.1.1f")  
-- Found FastRTPS: /opt/ros/foxy/include  
-- Using all available rosidl_typesupport_cpp: rosidl_typesupport_fastrtps_cpp;rosidl_typesupport_introspection_cpp
-- Found PythonInterp: /usr/bin/python3 (found version "3.8.10") 
-- Found ament_cmake_ros: 0.9.2 (/opt/ros/foxy/share/ament_cmake_ros/cmake)
-- Using all available rosidl_typesupport_c: rosidl_typesupport_fastrtps_c;rosidl_typesupport_introspection_c
-- Using all available rosidl_typesupport_cpp: rosidl_typesupport_fastrtps_cpp;rosidl_typesupport_introspection_cpp
-- Found ament_cmake_export_jars: 0.0.3 (/home/redi/ws2/install/ament_cmake_export_jars/share/ament_cmake_export_jars/cmake)
-- Found ament_cmake_export_jni_libraries: 0.0.3 (/home/redi/ws2/install/ament_cmake_export_jni_libraries/share/ament_cmake_export_jni_libraries/cmake)
-- Found rmw_implementation_cmake: 1.0.3 (/opt/ros/foxy/share/rmw_implementation_cmake/cmake)
-- Found rcljava_common: 0.0.3 (/home/redi/ws2/install/rcljava_common/share/rcljava_common/cmake)
-- Found Java: /usr/bin/java (found version "1.8.0.352") found components: Development 
-- Found JNI: /usr/lib/jvm/java-8-openjdk-amd64/jre/lib/amd64/libjawt.so  
-- Found PythonInterp: /usr/bin/python3 (found suitable version "3.8.10", minimum required is "3.5") 
-- Found python_cmake_module: 0.8.1 (/opt/ros/foxy/share/python_cmake_module/cmake)
-- Found PythonLibs: /usr/lib/x86_64-linux-gnu/libpython3.8.so (found suitable version "3.8.10", minimum required is "3.5") 
-- Using PYTHON_EXECUTABLE: /usr/bin/python3
-- Using PYTHON_INCLUDE_DIRS: /usr/include/python3.8
-- Using PYTHON_LIBRARIES: /usr/lib/x86_64-linux-gnu/libpython3.8.so
-- Found PythonExtra: .so  
-- Configuring done
-- Generating done
-- Build files have been written to: /home/redi/litter/build/spazza_interfaces
[  1%] [34m[1mGenerating C code for ROS interfaces[0m
[35m[1mScanning dependencies of target spazza_interfaces__cpp[0m
[  3%] [34m[1mGenerating C++ code for ROS interfaces[0m
[35m[1mScanning dependencies of target spazza_interfaces__rosidl_generator_c[0m
[  3%] Built target spazza_interfaces__cpp
[  5%] [32mBuilding C object CMakeFiles/spazza_interfaces__rosidl_generator_c.dir/rosidl_generator_c/spazza_interfaces/msg/detail/pose__functions.c.o[0m
[  7%] [32mBuilding C object CMakeFiles/spazza_interfaces__rosidl_generator_c.dir/rosidl_generator_c/spazza_interfaces/msg/detail/position__functions.c.o[0m
[  8%] [34m[1mGenerating C++ introspection for ROS interfaces[0m
[ 10%] [34m[1mGenerating C++ type support for eProsima Fast-RTPS[0m
[ 12%] [34m[1mGenerating C++ type support dispatch for ROS interfaces[0m
[ 14%] [32m[1mLinking C shared library libspazza_interfaces__rosidl_generator_c.so[0m
[ 14%] Built target spazza_interfaces__rosidl_generator_c
[ 16%] [34m[1mGenerating C introspection for ROS interfaces[0m
[ 17%] [34m[1mGenerating C type support dispatch for ROS interfaces[0m
[35m[1mScanning dependencies of target spazza_interfaces__rosidl_typesupport_cpp[0m
[ 19%] [32mBuilding CXX object CMakeFiles/spazza_interfaces__rosidl_typesupport_cpp.dir/rosidl_typesupport_cpp/spazza_interfaces/msg/pose__type_support.cpp.o[0m
[ 21%] [32mBuilding CXX object CMakeFiles/spazza_interfaces__rosidl_typesupport_cpp.dir/rosidl_typesupport_cpp/spazza_interfaces/msg/position__type_support.cpp.o[0m
[35m[1mScanning dependencies of target spazza_interfaces__rosidl_typesupport_introspection_cpp[0m
[ 23%] [32mBuilding CXX object CMakeFiles/spazza_interfaces__rosidl_typesupport_introspection_cpp.dir/rosidl_typesupport_introspection_cpp/spazza_interfaces/msg/detail/pose__type_support.cpp.o[0m
[ 25%] [32mBuilding CXX object CMakeFiles/spazza_interfaces__rosidl_typesupport_introspection_cpp.dir/rosidl_typesupport_introspection_cpp/spazza_interfaces/msg/detail/position__type_support.cpp.o[0m
[35m[1mScanning dependencies of target spazza_interfaces__rosidl_typesupport_fastrtps_cpp[0m
[ 26%] [32mBuilding CXX object CMakeFiles/spazza_interfaces__rosidl_typesupport_fastrtps_cpp.dir/rosidl_typesupport_fastrtps_cpp/spazza_interfaces/msg/detail/dds_fastrtps/pose__type_support.cpp.o[0m
[ 28%] [32mBuilding CXX object CMakeFiles/spazza_interfaces__rosidl_typesupport_fastrtps_cpp.dir/rosidl_typesupport_fastrtps_cpp/spazza_interfaces/msg/detail/dds_fastrtps/position__type_support.cpp.o[0m
[35m[1mScanning dependencies of target spazza_interfaces__rosidl_typesupport_c[0m
[ 30%] [32mBuilding CXX object CMakeFiles/spazza_interfaces__rosidl_typesupport_c.dir/rosidl_typesupport_c/spazza_interfaces/msg/pose__type_support.cpp.o[0m
[35m[1mScanning dependencies of target spazza_interfaces__rosidl_typesupport_introspection_c[0m
[ 32%] [32mBuilding CXX object CMakeFiles/spazza_interfaces__rosidl_typesupport_c.dir/rosidl_typesupport_c/spazza_interfaces/msg/position__type_support.cpp.o[0m
[ 33%] [32mBuilding C object CMakeFiles/spazza_interfaces__rosidl_typesupport_introspection_c.dir/rosidl_typesupport_introspection_c/spazza_interfaces/msg/detail/position__type_support.c.o[0m
[ 35%] [32m[1mLinking CXX shared library libspazza_interfaces__rosidl_typesupport_cpp.so[0m
[ 37%] [32mBuilding C object CMakeFiles/spazza_interfaces__rosidl_typesupport_introspection_c.dir/rosidl_typesupport_introspection_c/spazza_interfaces/msg/detail/pose__type_support.c.o[0m
[ 39%] [32m[1mLinking CXX shared library libspazza_interfaces__rosidl_typesupport_c.so[0m
[ 41%] [32m[1mLinking CXX shared library libspazza_interfaces__rosidl_typesupport_introspection_cpp.so[0m
[ 42%] [32m[1mLinking C shared library libspazza_interfaces__rosidl_typesupport_introspection_c.so[0m
[ 42%] Built target spazza_interfaces__rosidl_typesupport_cpp
[ 42%] Built target spazza_interfaces__rosidl_typesupport_c
[ 42%] Built target spazza_interfaces__rosidl_typesupport_introspection_cpp
[ 42%] Built target spazza_interfaces__rosidl_typesupport_introspection_c
[ 44%] [32m[1mLinking CXX shared library libspazza_interfaces__rosidl_typesupport_fastrtps_cpp.so[0m
[ 44%] Built target spazza_interfaces__rosidl_typesupport_fastrtps_cpp
[ 46%] [34m[1mGenerating C type support for eProsima Fast-RTPS[0m
[35m[1mScanning dependencies of target spazza_interfaces__rosidl_typesupport_fastrtps_c[0m
[ 48%] [32mBuilding CXX object CMakeFiles/spazza_interfaces__rosidl_typesupport_fastrtps_c.dir/rosidl_typesupport_fastrtps_c/spazza_interfaces/msg/detail/position__type_support_c.cpp.o[0m
[ 50%] [32mBuilding CXX object CMakeFiles/spazza_interfaces__rosidl_typesupport_fastrtps_c.dir/rosidl_typesupport_fastrtps_c/spazza_interfaces/msg/detail/pose__type_support_c.cpp.o[0m
[ 51%] [32m[1mLinking CXX shared library libspazza_interfaces__rosidl_typesupport_fastrtps_c.so[0m
[ 51%] Built target spazza_interfaces__rosidl_typesupport_fastrtps_c
[35m[1mScanning dependencies of target spazza_interfaces[0m
[ 51%] Built target spazza_interfaces
[35m[1mScanning dependencies of target spazza_interfaces__py[0m
[35m[1mScanning dependencies of target spazza_interfaces__java[0m
[ 53%] [34m[1mGenerating Java code for ROS interfaces[0m
[ 55%] [34m[1mGenerating Python code for ROS interfaces[0m
[ 55%] Built target spazza_interfaces__java
[35m[1mScanning dependencies of target msgPositionfastrtps_c[0m
[35m[1mScanning dependencies of target msgPositionintrospection_c[0m
[35m[1mScanning dependencies of target msgPosec[0m
[35m[1mScanning dependencies of target msgPoseintrospection_c[0m
[35m[1mScanning dependencies of target msgPositionc[0m
[35m[1mScanning dependencies of target msgPosefastrtps_c[0m
[35m[1mScanning dependencies of target spazza_interfaces_messages_jar[0m
[ 57%] [32mBuilding CXX object CMakeFiles/msgPoseintrospection_c.dir/rosidl_generator_java/spazza_interfaces/msg/Pose.ep.rosidl_typesupport_introspection_c.cpp.o[0m
[ 58%] [32mBuilding CXX object CMakeFiles/msgPosec.dir/rosidl_generator_java/spazza_interfaces/msg/Pose.ep.rosidl_typesupport_c.cpp.o[0m
[ 60%] [32mBuilding CXX object CMakeFiles/msgPositionc.dir/rosidl_generator_java/spazza_interfaces/msg/Position.ep.rosidl_typesupport_c.cpp.o[0m
[ 62%] [32mBuilding CXX object CMakeFiles/msgPositionintrospection_c.dir/rosidl_generator_java/spazza_interfaces/msg/Position.ep.rosidl_typesupport_introspection_c.cpp.o[0m
[ 64%] [32mBuilding CXX object CMakeFiles/msgPositionfastrtps_c.dir/rosidl_generator_java/spazza_interfaces/msg/Position.ep.rosidl_typesupport_fastrtps_c.cpp.o[0m
[ 66%] [32mBuilding CXX object CMakeFiles/msgPosefastrtps_c.dir/rosidl_generator_java/spazza_interfaces/msg/Pose.ep.rosidl_typesupport_fastrtps_c.cpp.o[0m
[ 67%] [34m[1mBuilding Java objects for spazza_interfaces_messages_jar.jar[0m
[ 67%] Built target spazza_interfaces__py
[35m[1mScanning dependencies of target spazza_interfaces__python[0m
[ 69%] [32mBuilding C object CMakeFiles/spazza_interfaces__python.dir/rosidl_generator_py/spazza_interfaces/msg/_pose_s.c.o[0m
[ 71%] [32m[1mLinking CXX shared library rosidl_generator_java/spazza_interfaces/msg/libspazza_interfaces_msg__pose__jni__rosidl_typesupport_c.so[0m
[ 73%] [32m[1mLinking CXX shared library rosidl_generator_java/spazza_interfaces/msg/libspazza_interfaces_msg__position__jni__rosidl_typesupport_introspection_c.so[0m
[ 75%] [32m[1mLinking CXX shared library rosidl_generator_java/spazza_interfaces/msg/libspazza_interfaces_msg__position__jni__rosidl_typesupport_c.so[0m
[ 76%] [32m[1mLinking CXX shared library rosidl_generator_java/spazza_interfaces/msg/libspazza_interfaces_msg__pose__jni__rosidl_typesupport_fastrtps_c.so[0m
[ 78%] [32m[1mLinking CXX shared library rosidl_generator_java/spazza_interfaces/msg/libspazza_interfaces_msg__position__jni__rosidl_typesupport_fastrtps_c.so[0m
[ 80%] [32m[1mLinking CXX shared library rosidl_generator_java/spazza_interfaces/msg/libspazza_interfaces_msg__pose__jni__rosidl_typesupport_introspection_c.so[0m
[ 80%] Built target msgPosec
[ 82%] [32mBuilding C object CMakeFiles/spazza_interfaces__python.dir/rosidl_generator_py/spazza_interfaces/msg/_position_s.c.o[0m
[ 82%] Built target msgPositionintrospection_c
[ 82%] Built target msgPositionc
[ 82%] Built target msgPoseintrospection_c
[ 82%] Built target msgPositionfastrtps_c
[ 82%] Built target msgPosefastrtps_c
[ 83%] [32m[1mLinking C shared library rosidl_generator_py/spazza_interfaces/libspazza_interfaces__python.so[0m
[ 83%] Built target spazza_interfaces__python
[35m[1mScanning dependencies of target spazza_interfaces__rosidl_typesupport_c__pyext[0m
[35m[1mScanning dependencies of target spazza_interfaces__rosidl_typesupport_fastrtps_c__pyext[0m
[35m[1mScanning dependencies of target spazza_interfaces__rosidl_typesupport_introspection_c__pyext[0m
[ 87%] [32mBuilding C object CMakeFiles/spazza_interfaces__rosidl_typesupport_introspection_c__pyext.dir/rosidl_generator_py/spazza_interfaces/_spazza_interfaces_s.ep.rosidl_typesupport_introspection_c.c.o[0m
[ 87%] [32mBuilding C object CMakeFiles/spazza_interfaces__rosidl_typesupport_fastrtps_c__pyext.dir/rosidl_generator_py/spazza_interfaces/_spazza_interfaces_s.ep.rosidl_typesupport_fastrtps_c.c.o[0m
[ 89%] [32mBuilding C object CMakeFiles/spazza_interfaces__rosidl_typesupport_c__pyext.dir/rosidl_generator_py/spazza_interfaces/_spazza_interfaces_s.ep.rosidl_typesupport_c.c.o[0m
[ 91%] [34m[1mGenerating CMakeFiles/spazza_interfaces_messages_jar.dir/java_class_filelist[0m
[ 92%] [32m[1mLinking CXX shared library rosidl_generator_py/spazza_interfaces/spazza_interfaces_s__rosidl_typesupport_fastrtps_c.cpython-38-x86_64-linux-gnu.so[0m
[ 94%] [32m[1mLinking C shared library rosidl_generator_py/spazza_interfaces/spazza_interfaces_s__rosidl_typesupport_introspection_c.cpython-38-x86_64-linux-gnu.so[0m
[ 96%] [32m[1mLinking C shared library rosidl_generator_py/spazza_interfaces/spazza_interfaces_s__rosidl_typesupport_c.cpython-38-x86_64-linux-gnu.so[0m
[ 98%] [34m[1mCreating Java archive spazza_interfaces_messages.jar[0m
[ 98%] Built target spazza_interfaces__rosidl_typesupport_introspection_c__pyext
[ 98%] Built target spazza_interfaces__rosidl_typesupport_c__pyext
[ 98%] Built target spazza_interfaces__rosidl_typesupport_fastrtps_c__pyext
[100%] Built target spazza_interfaces_messages_jar
-- Install configuration: ""
-- Installing: /home/redi/litter/install/spazza_interfaces/share/ament_index/resource_index/rosidl_interfaces/spazza_interfaces
-- Up-to-date: /home/redi/litter/install/spazza_interfaces/include/spazza_interfaces
-- Up-to-date: /home/redi/litter/install/spazza_interfaces/include/spazza_interfaces/msg
-- Up-to-date: /home/redi/litter/install/spazza_interfaces/include/spazza_interfaces/msg/detail
-- Installing: /home/redi/litter/install/spazza_interfaces/include/spazza_interfaces/msg/detail/position__struct.h
-- Installing: /home/redi/litter/install/spazza_interfaces/include/spazza_interfaces/msg/detail/position__functions.h
-- Installing: /home/redi/litter/install/spazza_interfaces/include/spazza_interfaces/msg/detail/pose__functions.h
-- Installing: /home/redi/litter/install/spazza_interfaces/include/spazza_interfaces/msg/detail/pose__struct.h
-- Installing: /home/redi/litter/install/spazza_interfaces/include/spazza_interfaces/msg/detail/pose__type_support.h
-- Installing: /home/redi/litter/install/spazza_interfaces/include/spazza_interfaces/msg/detail/pose__functions.c
-- Installing: /home/redi/litter/install/spazza_interfaces/include/spazza_interfaces/msg/detail/position__functions.c
-- Installing: /home/redi/litter/install/spazza_interfaces/include/spazza_interfaces/msg/detail/position__type_support.h
-- Installing: /home/redi/litter/install/spazza_interfaces/include/spazza_interfaces/msg/pose.h
-- Installing: /home/redi/litter/install/spazza_interfaces/include/spazza_interfaces/msg/position.h
-- Installing: /home/redi/litter/install/spazza_interfaces/include/spazza_interfaces/msg/rosidl_generator_c__visibility_control.h
-- Installing: /home/redi/litter/install/spazza_interfaces/share/spazza_interfaces/environment/library_path.sh
-- Installing: /home/redi/litter/install/spazza_interfaces/share/spazza_interfaces/environment/library_path.dsv
-- Installing: /home/redi/litter/install/spazza_interfaces/lib/libspazza_interfaces__rosidl_generator_c.so
-- Set runtime path of "/home/redi/litter/install/spazza_interfaces/lib/libspazza_interfaces__rosidl_generator_c.so" to ""
-- Up-to-date: /home/redi/litter/install/spazza_interfaces/include/spazza_interfaces
-- Up-to-date: /home/redi/litter/install/spazza_interfaces/include/spazza_interfaces/msg
-- Installing: /home/redi/litter/install/spazza_interfaces/include/spazza_interfaces/msg/rosidl_typesupport_fastrtps_c__visibility_control.h
-- Up-to-date: /home/redi/litter/install/spazza_interfaces/include/spazza_interfaces/msg/detail
-- Installing: /home/redi/litter/install/spazza_interfaces/include/spazza_interfaces/msg/detail/pose__rosidl_typesupport_fastrtps_c.h
-- Installing: /home/redi/litter/install/spazza_interfaces/include/spazza_interfaces/msg/detail/position__rosidl_typesupport_fastrtps_c.h
-- Installing: /home/redi/litter/install/spazza_interfaces/lib/libspazza_interfaces__rosidl_typesupport_fastrtps_c.so
-- Set runtime path of "/home/redi/litter/install/spazza_interfaces/lib/libspazza_interfaces__rosidl_typesupport_fastrtps_c.so" to ""
-- Up-to-date: /home/redi/litter/install/spazza_interfaces/include/spazza_interfaces
-- Up-to-date: /home/redi/litter/install/spazza_interfaces/include/spazza_interfaces/msg
-- Up-to-date: /home/redi/litter/install/spazza_interfaces/include/spazza_interfaces/msg/detail
-- Installing: /home/redi/litter/install/spazza_interfaces/include/spazza_interfaces/msg/detail/position__rosidl_typesupport_fastrtps_cpp.hpp
-- Installing: /home/redi/litter/install/spazza_interfaces/include/spazza_interfaces/msg/detail/pose__rosidl_typesupport_fastrtps_cpp.hpp
-- Up-to-date: /home/redi/litter/install/spazza_interfaces/include/spazza_interfaces/msg/detail/dds_fastrtps
-- Installing: /home/redi/litter/install/spazza_interfaces/include/spazza_interfaces/msg/rosidl_typesupport_fastrtps_cpp__visibility_control.h
-- Installing: /home/redi/litter/install/spazza_interfaces/lib/libspazza_interfaces__rosidl_typesupport_fastrtps_cpp.so
-- Set runtime path of "/home/redi/litter/install/spazza_interfaces/lib/libspazza_interfaces__rosidl_typesupport_fastrtps_cpp.so" to ""
-- Up-to-date: /home/redi/litter/install/spazza_interfaces/include/spazza_interfaces
-- Up-to-date: /home/redi/litter/install/spazza_interfaces/include/spazza_interfaces/msg
-- Up-to-date: /home/redi/litter/install/spazza_interfaces/include/spazza_interfaces/msg/detail
-- Installing: /home/redi/litter/install/spazza_interfaces/include/spazza_interfaces/msg/detail/pose__rosidl_typesupport_introspection_c.h
-- Installing: /home/redi/litter/install/spazza_interfaces/include/spazza_interfaces/msg/detail/position__rosidl_typesupport_introspection_c.h
-- Installing: /home/redi/litter/install/spazza_interfaces/include/spazza_interfaces/msg/detail/position__type_support.c
-- Installing: /home/redi/litter/install/spazza_interfaces/include/spazza_interfaces/msg/detail/pose__type_support.c
-- Installing: /home/redi/litter/install/spazza_interfaces/include/spazza_interfaces/msg/rosidl_typesupport_introspection_c__visibility_control.h
-- Installing: /home/redi/litter/install/spazza_interfaces/lib/libspazza_interfaces__rosidl_typesupport_introspection_c.so
-- Set runtime path of "/home/redi/litter/install/spazza_interfaces/lib/libspazza_interfaces__rosidl_typesupport_introspection_c.so" to ""
-- Installing: /home/redi/litter/install/spazza_interfaces/lib/libspazza_interfaces__rosidl_typesupport_c.so
-- Set runtime path of "/home/redi/litter/install/spazza_interfaces/lib/libspazza_interfaces__rosidl_typesupport_c.so" to ""
-- Up-to-date: /home/redi/litter/install/spazza_interfaces/include/spazza_interfaces
-- Up-to-date: /home/redi/litter/install/spazza_interfaces/include/spazza_interfaces/msg
-- Up-to-date: /home/redi/litter/install/spazza_interfaces/include/spazza_interfaces/msg/detail
-- Installing: /home/redi/litter/install/spazza_interfaces/include/spazza_interfaces/msg/detail/position__builder.hpp
-- Installing: /home/redi/litter/install/spazza_interfaces/include/spazza_interfaces/msg/detail/position__struct.hpp
-- Installing: /home/redi/litter/install/spazza_interfaces/include/spazza_interfaces/msg/detail/position__traits.hpp
-- Installing: /home/redi/litter/install/spazza_interfaces/include/spazza_interfaces/msg/detail/pose__struct.hpp
-- Installing: /home/redi/litter/install/spazza_interfaces/include/spazza_interfaces/msg/detail/pose__builder.hpp
-- Installing: /home/redi/litter/install/spazza_interfaces/include/spazza_interfaces/msg/detail/pose__traits.hpp
-- Installing: /home/redi/litter/install/spazza_interfaces/include/spazza_interfaces/msg/pose.hpp
-- Installing: /home/redi/litter/install/spazza_interfaces/include/spazza_interfaces/msg/position.hpp
-- Up-to-date: /home/redi/litter/install/spazza_interfaces/include/spazza_interfaces
-- Up-to-date: /home/redi/litter/install/spazza_interfaces/include/spazza_interfaces/msg
-- Up-to-date: /home/redi/litter/install/spazza_interfaces/include/spazza_interfaces/msg/detail
-- Installing: /home/redi/litter/install/spazza_interfaces/include/spazza_interfaces/msg/detail/position__rosidl_typesupport_introspection_cpp.hpp
-- Installing: /home/redi/litter/install/spazza_interfaces/include/spazza_interfaces/msg/detail/pose__type_support.cpp
-- Installing: /home/redi/litter/install/spazza_interfaces/include/spazza_interfaces/msg/detail/pose__rosidl_typesupport_introspection_cpp.hpp
-- Installing: /home/redi/litter/install/spazza_interfaces/include/spazza_interfaces/msg/detail/position__type_support.cpp
-- Installing: /home/redi/litter/install/spazza_interfaces/lib/libspazza_interfaces__rosidl_typesupport_introspection_cpp.so
-- Set runtime path of "/home/redi/litter/install/spazza_interfaces/lib/libspazza_interfaces__rosidl_typesupport_introspection_cpp.so" to ""
-- Installing: /home/redi/litter/install/spazza_interfaces/lib/libspazza_interfaces__rosidl_typesupport_cpp.so
-- Set runtime path of "/home/redi/litter/install/spazza_interfaces/lib/libspazza_interfaces__rosidl_typesupport_cpp.so" to ""
-- Installing: /home/redi/litter/install/spazza_interfaces/lib/jni/libspazza_interfaces_msg__pose__jni__rosidl_typesupport_fastrtps_c.so
-- Set runtime path of "/home/redi/litter/install/spazza_interfaces/lib/jni/libspazza_interfaces_msg__pose__jni__rosidl_typesupport_fastrtps_c.so" to ""
-- Installing: /home/redi/litter/install/spazza_interfaces/share/spazza_interfaces/environment/ament_build_type_gradle_jni_library_path.dsv
-- Installing: /home/redi/litter/install/spazza_interfaces/lib/jni/libspazza_interfaces_msg__position__jni__rosidl_typesupport_fastrtps_c.so
-- Set runtime path of "/home/redi/litter/install/spazza_interfaces/lib/jni/libspazza_interfaces_msg__position__jni__rosidl_typesupport_fastrtps_c.so" to ""
-- Up-to-date: /home/redi/litter/install/spazza_interfaces/share/spazza_interfaces/environment/ament_build_type_gradle_jni_library_path.dsv
-- Installing: /home/redi/litter/install/spazza_interfaces/lib/jni/libspazza_interfaces_msg__pose__jni__rosidl_typesupport_introspection_c.so
-- Set runtime path of "/home/redi/litter/install/spazza_interfaces/lib/jni/libspazza_interfaces_msg__pose__jni__rosidl_typesupport_introspection_c.so" to ""
-- Up-to-date: /home/redi/litter/install/spazza_interfaces/share/spazza_interfaces/environment/ament_build_type_gradle_jni_library_path.dsv
-- Installing: /home/redi/litter/install/spazza_interfaces/lib/jni/libspazza_interfaces_msg__position__jni__rosidl_typesupport_introspection_c.so
-- Set runtime path of "/home/redi/litter/install/spazza_interfaces/lib/jni/libspazza_interfaces_msg__position__jni__rosidl_typesupport_introspection_c.so" to ""
-- Up-to-date: /home/redi/litter/install/spazza_interfaces/share/spazza_interfaces/environment/ament_build_type_gradle_jni_library_path.dsv
-- Installing: /home/redi/litter/install/spazza_interfaces/lib/jni/libspazza_interfaces_msg__pose__jni__rosidl_typesupport_c.so
-- Set runtime path of "/home/redi/litter/install/spazza_interfaces/lib/jni/libspazza_interfaces_msg__pose__jni__rosidl_typesupport_c.so" to ""
-- Up-to-date: /home/redi/litter/install/spazza_interfaces/share/spazza_interfaces/environment/ament_build_type_gradle_jni_library_path.dsv
-- Installing: /home/redi/litter/install/spazza_interfaces/lib/jni/libspazza_interfaces_msg__position__jni__rosidl_typesupport_c.so
-- Set runtime path of "/home/redi/litter/install/spazza_interfaces/lib/jni/libspazza_interfaces_msg__position__jni__rosidl_typesupport_c.so" to ""
-- Up-to-date: /home/redi/litter/install/spazza_interfaces/share/spazza_interfaces/environment/ament_build_type_gradle_jni_library_path.dsv
-- Installing: /home/redi/litter/install/spazza_interfaces/share/spazza_interfaces/java/spazza_interfaces_messages.jar
-- Installing: /home/redi/litter/install/spazza_interfaces/share/spazza_interfaces/environment/ament_build_type_gradle_classpath.dsv
-- Installing: /home/redi/litter/install/spazza_interfaces/share/spazza_interfaces/environment/pythonpath.sh
-- Installing: /home/redi/litter/install/spazza_interfaces/share/spazza_interfaces/environment/pythonpath.dsv
-- Installing: /home/redi/litter/install/spazza_interfaces/lib/python3.8/site-packages/spazza_interfaces/__init__.py
Compiling '/home/redi/litter/install/spazza_interfaces/lib/python3.8/site-packages/spazza_interfaces/__init__.py'...
-- Installing: /home/redi/litter/install/spazza_interfaces/lib/python3.8/site-packages/spazza_interfaces/msg
-- Installing: /home/redi/litter/install/spazza_interfaces/lib/python3.8/site-packages/spazza_interfaces/msg/__init__.py
-- Installing: /home/redi/litter/install/spazza_interfaces/lib/python3.8/site-packages/spazza_interfaces/msg/_position.py
-- Installing: /home/redi/litter/install/spazza_interfaces/lib/python3.8/site-packages/spazza_interfaces/msg/_pose_s.c
-- Installing: /home/redi/litter/install/spazza_interfaces/lib/python3.8/site-packages/spazza_interfaces/msg/_position_s.c
-- Installing: /home/redi/litter/install/spazza_interfaces/lib/python3.8/site-packages/spazza_interfaces/msg/_pose.py
-- Installing: /home/redi/litter/install/spazza_interfaces/lib/python3.8/site-packages/spazza_interfaces/spazza_interfaces_s__rosidl_typesupport_fastrtps_c.cpython-38-x86_64-linux-gnu.so
-- Set runtime path of "/home/redi/litter/install/spazza_interfaces/lib/python3.8/site-packages/spazza_interfaces/spazza_interfaces_s__rosidl_typesupport_fastrtps_c.cpython-38-x86_64-linux-gnu.so" to ""
-- Installing: /home/redi/litter/install/spazza_interfaces/lib/python3.8/site-packages/spazza_interfaces/spazza_interfaces_s__rosidl_typesupport_introspection_c.cpython-38-x86_64-linux-gnu.so
-- Set runtime path of "/home/redi/litter/install/spazza_interfaces/lib/python3.8/site-packages/spazza_interfaces/spazza_interfaces_s__rosidl_typesupport_introspection_c.cpython-38-x86_64-linux-gnu.so" to ""
-- Installing: /home/redi/litter/install/spazza_interfaces/lib/python3.8/site-packages/spazza_interfaces/spazza_interfaces_s__rosidl_typesupport_c.cpython-38-x86_64-linux-gnu.so
-- Set runtime path of "/home/redi/litter/install/spazza_interfaces/lib/python3.8/site-packages/spazza_interfaces/spazza_interfaces_s__rosidl_typesupport_c.cpython-38-x86_64-linux-gnu.so" to ""
-- Installing: /home/redi/litter/install/spazza_interfaces/lib/libspazza_interfaces__python.so
-- Set runtime path of "/home/redi/litter/install/spazza_interfaces/lib/libspazza_interfaces__python.so" to ""
-- Installing: /home/redi/litter/install/spazza_interfaces/share/spazza_interfaces/msg/Pose.idl
-- Installing: /home/redi/litter/install/spazza_interfaces/share/spazza_interfaces/msg/Position.idl
-- Installing: /home/redi/litter/install/spazza_interfaces/share/spazza_interfaces/msg/Pose.msg
-- Installing: /home/redi/litter/install/spazza_interfaces/share/spazza_interfaces/msg/Position.msg
-- Installing: /home/redi/litter/install/spazza_interfaces/share/ament_index/resource_index/package_run_dependencies/spazza_interfaces
-- Installing: /home/redi/litter/install/spazza_interfaces/share/ament_index/resource_index/parent_prefix_path/spazza_interfaces
-- Installing: /home/redi/litter/install/spazza_interfaces/share/spazza_interfaces/environment/ament_prefix_path.sh
-- Installing: /home/redi/litter/install/spazza_interfaces/share/spazza_interfaces/environment/ament_prefix_path.dsv
-- Installing: /home/redi/litter/install/spazza_interfaces/share/spazza_interfaces/environment/path.sh
-- Installing: /home/redi/litter/install/spazza_interfaces/share/spazza_interfaces/environment/path.dsv
-- Installing: /home/redi/litter/install/spazza_interfaces/share/spazza_interfaces/local_setup.bash
-- Installing: /home/redi/litter/install/spazza_interfaces/share/spazza_interfaces/local_setup.sh
-- Installing: /home/redi/litter/install/spazza_interfaces/share/spazza_interfaces/local_setup.zsh
-- Installing: /home/redi/litter/install/spazza_interfaces/share/spazza_interfaces/local_setup.dsv
-- Installing: /home/redi/litter/install/spazza_interfaces/share/spazza_interfaces/package.dsv
-- Installing: /home/redi/litter/install/spazza_interfaces/share/ament_index/resource_index/packages/spazza_interfaces
-- Installing: /home/redi/litter/install/spazza_interfaces/share/spazza_interfaces/cmake/spazza_interfaces__rosidl_generator_cExport.cmake
-- Installing: /home/redi/litter/install/spazza_interfaces/share/spazza_interfaces/cmake/spazza_interfaces__rosidl_generator_cExport-noconfig.cmake
-- Installing: /home/redi/litter/install/spazza_interfaces/share/spazza_interfaces/cmake/spazza_interfaces__rosidl_typesupport_introspection_cExport.cmake
-- Installing: /home/redi/litter/install/spazza_interfaces/share/spazza_interfaces/cmake/spazza_interfaces__rosidl_typesupport_introspection_cExport-noconfig.cmake
-- Installing: /home/redi/litter/install/spazza_interfaces/share/spazza_interfaces/cmake/spazza_interfaces__rosidl_typesupport_cExport.cmake
-- Installing: /home/redi/litter/install/spazza_interfaces/share/spazza_interfaces/cmake/spazza_interfaces__rosidl_typesupport_cExport-noconfig.cmake
-- Installing: /home/redi/litter/install/spazza_interfaces/share/spazza_interfaces/cmake/spazza_interfaces__rosidl_generator_cppExport.cmake
-- Installing: /home/redi/litter/install/spazza_interfaces/share/spazza_interfaces/cmake/spazza_interfaces__rosidl_typesupport_introspection_cppExport.cmake
-- Installing: /home/redi/litter/install/spazza_interfaces/share/spazza_interfaces/cmake/spazza_interfaces__rosidl_typesupport_introspection_cppExport-noconfig.cmake
-- Installing: /home/redi/litter/install/spazza_interfaces/share/spazza_interfaces/cmake/spazza_interfaces__rosidl_typesupport_cppExport.cmake
-- Installing: /home/redi/litter/install/spazza_interfaces/share/spazza_interfaces/cmake/spazza_interfaces__rosidl_typesupport_cppExport-noconfig.cmake
-- Installing: /home/redi/litter/install/spazza_interfaces/share/spazza_interfaces/cmake/rosidl_cmake-extras.cmake
-- Installing: /home/redi/litter/install/spazza_interfaces/share/spazza_interfaces/cmake/ament_cmake_export_dependencies-extras.cmake
-- Installing: /home/redi/litter/install/spazza_interfaces/share/spazza_interfaces/cmake/ament_cmake_export_libraries-extras.cmake
-- Installing: /home/redi/litter/install/spazza_interfaces/share/spazza_interfaces/cmake/ament_cmake_export_targets-extras.cmake
-- Installing: /home/redi/litter/install/spazza_interfaces/share/spazza_interfaces/cmake/ament_cmake_export_include_directories-extras.cmake
-- Installing: /home/redi/litter/install/spazza_interfaces/share/spazza_interfaces/cmake/rosidl_cmake_export_typesupport_libraries-extras.cmake
-- Installing: /home/redi/litter/install/spazza_interfaces/share/spazza_interfaces/cmake/rosidl_cmake_export_typesupport_targets-extras.cmake
-- Installing: /home/redi/litter/install/spazza_interfaces/share/spazza_interfaces/cmake/ament_cmake_export_jni_libraries-extras.cmake
-- Installing: /home/redi/litter/install/spazza_interfaces/share/spazza_interfaces/cmake/ament_cmake_export_jars-extras.cmake
-- Installing: /home/redi/litter/install/spazza_interfaces/share/spazza_interfaces/cmake/spazza_interfacesConfig.cmake
-- Installing: /home/redi/litter/install/spazza_interfaces/share/spazza_interfaces/cmake/spazza_interfacesConfig-version.cmake
-- Installing: /home/redi/litter/install/spazza_interfaces/share/spazza_interfaces/package.xml
