[0.074s] Invoking command in '/home/redi/litter/build/spazza_interfaces': CMAKE_PREFIX_PATH=${CMAKE_PREFIX_PATH}:/home/redi/examples/install/test_pkg:/home/redi/examples/install/spazza:/home/redi/examples/install/collision_avoidance:/home/redi/ws2/install/webots_ros2_simulations:/home/redi/ws2/install/javaff:/home/redi/ws2/install/litter_world:/home/redi/ws2/install/sensor_msgs_py:/home/redi/ws2/install/ament_build_type_gradle:/opt/ros/foxy /usr/bin/cmake /home/redi/litter/src/spazza_interfaces -DCMAKE_INSTALL_PREFIX=/home/redi/litter/install/spazza_interfaces
[0.385s] -- The C compiler identification is GNU 9.4.0
[0.388s] -- The CXX compiler identification is GNU 9.4.0
[0.388s] -- Check for working C compiler: /usr/bin/cc
[0.388s] -- Check for working C compiler: /usr/bin/cc -- works
[0.388s] -- Detecting C compiler ABI info
[0.502s] -- Detecting C compiler ABI info - done
[0.513s] -- Detecting C compile features
[0.514s] -- Detecting C compile features - done
[0.516s] -- Check for working CXX compiler: /usr/bin/c++
[0.646s] -- Check for working CXX compiler: /usr/bin/c++ -- works
[0.647s] -- Detecting CXX compiler ABI info
[0.785s] -- Detecting CXX compiler ABI info - done
[0.807s] -- Detecting CXX compile features
[0.808s] -- Detecting CXX compile features - done
[0.820s] -- Found ament_cmake: 0.9.11 (/opt/ros/foxy/share/ament_cmake/cmake)
[0.891s] -- Found PythonInterp: /usr/bin/python3 (found suitable version "3.8.10", minimum required is "3") 
[0.891s] -- Using PYTHON_EXECUTABLE: /usr/bin/python3
[1.236s] -- Found rosidl_default_generators: 1.1.1 (/home/redi/ws2/install/rosidl_default_generators/share/rosidl_default_generators/cmake)
[1.263s] -- Using all available rosidl_typesupport_c: rosidl_typesupport_fastrtps_c;rosidl_typesupport_introspection_c
[1.285s] -- Found rosidl_adapter: 1.3.0 (/opt/ros/foxy/share/rosidl_adapter/cmake)
[1.518s] -- Found OpenSSL: /usr/lib/x86_64-linux-gnu/libcrypto.so (found version "1.1.1f")  
[1.571s] -- Found FastRTPS: /opt/ros/foxy/include  
[1.713s] -- Using all available rosidl_typesupport_cpp: rosidl_typesupport_fastrtps_cpp;rosidl_typesupport_introspection_cpp
[1.811s] -- Found PythonInterp: /usr/bin/python3 (found version "3.8.10") 
[2.004s] -- Found ament_cmake_ros: 0.9.2 (/opt/ros/foxy/share/ament_cmake_ros/cmake)
[2.175s] -- Using all available rosidl_typesupport_c: rosidl_typesupport_fastrtps_c;rosidl_typesupport_introspection_c
[2.190s] -- Using all available rosidl_typesupport_cpp: rosidl_typesupport_fastrtps_cpp;rosidl_typesupport_introspection_cpp
[2.199s] -- Found ament_cmake_export_jars: 0.0.3 (/home/redi/ws2/install/ament_cmake_export_jars/share/ament_cmake_export_jars/cmake)
[2.205s] -- Found ament_cmake_export_jni_libraries: 0.0.3 (/home/redi/ws2/install/ament_cmake_export_jni_libraries/share/ament_cmake_export_jni_libraries/cmake)
[2.213s] -- Found rmw_implementation_cmake: 1.0.3 (/opt/ros/foxy/share/rmw_implementation_cmake/cmake)
[2.220s] -- Found rcljava_common: 0.0.3 (/home/redi/ws2/install/rcljava_common/share/rcljava_common/cmake)
[2.303s] -- Found Java: /usr/bin/java (found version "1.8.0.352") found components: Development 
[2.315s] -- Found JNI: /usr/lib/jvm/java-8-openjdk-amd64/jre/lib/amd64/libjawt.so  
[2.460s] -- Found PythonInterp: /usr/bin/python3 (found suitable version "3.8.10", minimum required is "3.5") 
[2.467s] -- Found python_cmake_module: 0.8.1 (/opt/ros/foxy/share/python_cmake_module/cmake)
[2.522s] -- Found PythonLibs: /usr/lib/x86_64-linux-gnu/libpython3.8.so (found suitable version "3.8.10", minimum required is "3.5") 
[2.522s] -- Using PYTHON_EXECUTABLE: /usr/bin/python3
[2.522s] -- Using PYTHON_INCLUDE_DIRS: /usr/include/python3.8
[2.522s] -- Using PYTHON_LIBRARIES: /usr/lib/x86_64-linux-gnu/libpython3.8.so
[2.568s] -- Found PythonExtra: .so  
[2.671s] -- Configuring done
[2.719s] -- Generating done
[2.722s] -- Build files have been written to: /home/redi/litter/build/spazza_interfaces
[2.731s] Invoked command in '/home/redi/litter/build/spazza_interfaces' returned '0': CMAKE_PREFIX_PATH=${CMAKE_PREFIX_PATH}:/home/redi/examples/install/test_pkg:/home/redi/examples/install/spazza:/home/redi/examples/install/collision_avoidance:/home/redi/ws2/install/webots_ros2_simulations:/home/redi/ws2/install/javaff:/home/redi/ws2/install/litter_world:/home/redi/ws2/install/sensor_msgs_py:/home/redi/ws2/install/ament_build_type_gradle:/opt/ros/foxy /usr/bin/cmake /home/redi/litter/src/spazza_interfaces -DCMAKE_INSTALL_PREFIX=/home/redi/litter/install/spazza_interfaces
[2.734s] Invoking command in '/home/redi/litter/build/spazza_interfaces': CMAKE_PREFIX_PATH=${CMAKE_PREFIX_PATH}:/home/redi/examples/install/test_pkg:/home/redi/examples/install/spazza:/home/redi/examples/install/collision_avoidance:/home/redi/ws2/install/webots_ros2_simulations:/home/redi/ws2/install/javaff:/home/redi/ws2/install/litter_world:/home/redi/ws2/install/sensor_msgs_py:/home/redi/ws2/install/ament_build_type_gradle:/opt/ros/foxy /usr/bin/cmake --build /home/redi/litter/build/spazza_interfaces -- -j8 -l8
[2.821s] [  1%] [34m[1mGenerating C code for ROS interfaces[0m
[2.821s] [35m[1mScanning dependencies of target spazza_interfaces__cpp[0m
[2.845s] [  3%] [34m[1mGenerating C++ code for ROS interfaces[0m
[3.151s] [35m[1mScanning dependencies of target spazza_interfaces__rosidl_generator_c[0m
[3.175s] [  3%] Built target spazza_interfaces__cpp
[3.175s] [  5%] [32mBuilding C object CMakeFiles/spazza_interfaces__rosidl_generator_c.dir/rosidl_generator_c/spazza_interfaces/msg/detail/pose__functions.c.o[0m
[3.176s] [  7%] [32mBuilding C object CMakeFiles/spazza_interfaces__rosidl_generator_c.dir/rosidl_generator_c/spazza_interfaces/msg/detail/position__functions.c.o[0m
[3.198s] [  8%] [34m[1mGenerating C++ introspection for ROS interfaces[0m
[3.201s] [ 10%] [34m[1mGenerating C++ type support for eProsima Fast-RTPS[0m
[3.208s] [ 12%] [34m[1mGenerating C++ type support dispatch for ROS interfaces[0m
[3.272s] [ 14%] [32m[1mLinking C shared library libspazza_interfaces__rosidl_generator_c.so[0m
[3.358s] [ 14%] Built target spazza_interfaces__rosidl_generator_c
[3.391s] [ 16%] [34m[1mGenerating C introspection for ROS interfaces[0m
[3.392s] [ 17%] [34m[1mGenerating C type support dispatch for ROS interfaces[0m
[3.517s] [35m[1mScanning dependencies of target spazza_interfaces__rosidl_typesupport_cpp[0m
[3.555s] [ 19%] [32mBuilding CXX object CMakeFiles/spazza_interfaces__rosidl_typesupport_cpp.dir/rosidl_typesupport_cpp/spazza_interfaces/msg/pose__type_support.cpp.o[0m
[3.555s] [ 21%] [32mBuilding CXX object CMakeFiles/spazza_interfaces__rosidl_typesupport_cpp.dir/rosidl_typesupport_cpp/spazza_interfaces/msg/position__type_support.cpp.o[0m
[3.588s] [35m[1mScanning dependencies of target spazza_interfaces__rosidl_typesupport_introspection_cpp[0m
[3.626s] [ 23%] [32mBuilding CXX object CMakeFiles/spazza_interfaces__rosidl_typesupport_introspection_cpp.dir/rosidl_typesupport_introspection_cpp/spazza_interfaces/msg/detail/pose__type_support.cpp.o[0m
[3.643s] [ 25%] [32mBuilding CXX object CMakeFiles/spazza_interfaces__rosidl_typesupport_introspection_cpp.dir/rosidl_typesupport_introspection_cpp/spazza_interfaces/msg/detail/position__type_support.cpp.o[0m
[3.645s] [35m[1mScanning dependencies of target spazza_interfaces__rosidl_typesupport_fastrtps_cpp[0m
[3.691s] [ 26%] [32mBuilding CXX object CMakeFiles/spazza_interfaces__rosidl_typesupport_fastrtps_cpp.dir/rosidl_typesupport_fastrtps_cpp/spazza_interfaces/msg/detail/dds_fastrtps/pose__type_support.cpp.o[0m
[3.716s] [ 28%] [32mBuilding CXX object CMakeFiles/spazza_interfaces__rosidl_typesupport_fastrtps_cpp.dir/rosidl_typesupport_fastrtps_cpp/spazza_interfaces/msg/detail/dds_fastrtps/position__type_support.cpp.o[0m
[4.062s] [35m[1mScanning dependencies of target spazza_interfaces__rosidl_typesupport_c[0m
[4.150s] [ 30%] [32mBuilding CXX object CMakeFiles/spazza_interfaces__rosidl_typesupport_c.dir/rosidl_typesupport_c/spazza_interfaces/msg/pose__type_support.cpp.o[0m
[4.237s] [35m[1mScanning dependencies of target spazza_interfaces__rosidl_typesupport_introspection_c[0m
[4.281s] [ 32%] [32mBuilding CXX object CMakeFiles/spazza_interfaces__rosidl_typesupport_c.dir/rosidl_typesupport_c/spazza_interfaces/msg/position__type_support.cpp.o[0m
[4.308s] [ 33%] [32mBuilding C object CMakeFiles/spazza_interfaces__rosidl_typesupport_introspection_c.dir/rosidl_typesupport_introspection_c/spazza_interfaces/msg/detail/position__type_support.c.o[0m
[4.313s] [ 35%] [32m[1mLinking CXX shared library libspazza_interfaces__rosidl_typesupport_cpp.so[0m
[4.343s] [ 37%] [32mBuilding C object CMakeFiles/spazza_interfaces__rosidl_typesupport_introspection_c.dir/rosidl_typesupport_introspection_c/spazza_interfaces/msg/detail/pose__type_support.c.o[0m
[4.416s] [ 39%] [32m[1mLinking CXX shared library libspazza_interfaces__rosidl_typesupport_c.so[0m
[4.470s] [ 41%] [32m[1mLinking CXX shared library libspazza_interfaces__rosidl_typesupport_introspection_cpp.so[0m
[4.496s] [ 42%] [32m[1mLinking C shared library libspazza_interfaces__rosidl_typesupport_introspection_c.so[0m
[4.514s] [ 42%] Built target spazza_interfaces__rosidl_typesupport_cpp
[4.606s] [ 42%] Built target spazza_interfaces__rosidl_typesupport_c
[4.653s] [ 42%] Built target spazza_interfaces__rosidl_typesupport_introspection_cpp
[4.653s] [ 42%] Built target spazza_interfaces__rosidl_typesupport_introspection_c
[4.891s] [ 44%] [32m[1mLinking CXX shared library libspazza_interfaces__rosidl_typesupport_fastrtps_cpp.so[0m
[5.094s] [ 44%] Built target spazza_interfaces__rosidl_typesupport_fastrtps_cpp
[5.136s] [ 46%] [34m[1mGenerating C type support for eProsima Fast-RTPS[0m
[5.674s] [35m[1mScanning dependencies of target spazza_interfaces__rosidl_typesupport_fastrtps_c[0m
[5.725s] [ 48%] [32mBuilding CXX object CMakeFiles/spazza_interfaces__rosidl_typesupport_fastrtps_c.dir/rosidl_typesupport_fastrtps_c/spazza_interfaces/msg/detail/position__type_support_c.cpp.o[0m
[5.725s] [ 50%] [32mBuilding CXX object CMakeFiles/spazza_interfaces__rosidl_typesupport_fastrtps_c.dir/rosidl_typesupport_fastrtps_c/spazza_interfaces/msg/detail/pose__type_support_c.cpp.o[0m
[6.247s] [ 51%] [32m[1mLinking CXX shared library libspazza_interfaces__rosidl_typesupport_fastrtps_c.so[0m
[6.359s] [ 51%] Built target spazza_interfaces__rosidl_typesupport_fastrtps_c
[6.381s] [35m[1mScanning dependencies of target spazza_interfaces[0m
[6.404s] [ 51%] Built target spazza_interfaces
[6.426s] [35m[1mScanning dependencies of target spazza_interfaces__py[0m
[6.426s] [35m[1mScanning dependencies of target spazza_interfaces__java[0m
[6.449s] [ 53%] [34m[1mGenerating Java code for ROS interfaces[0m
[6.449s] [ 55%] [34m[1mGenerating Python code for ROS interfaces[0m
[6.882s] [ 55%] Built target spazza_interfaces__java
[6.914s] [35m[1mScanning dependencies of target msgPositionfastrtps_c[0m
[6.916s] [35m[1mScanning dependencies of target msgPositionintrospection_c[0m
[6.916s] [35m[1mScanning dependencies of target msgPosec[0m
[6.916s] [35m[1mScanning dependencies of target msgPoseintrospection_c[0m
[6.919s] [35m[1mScanning dependencies of target msgPositionc[0m
[6.919s] [35m[1mScanning dependencies of target msgPosefastrtps_c[0m
[6.936s] [35m[1mScanning dependencies of target spazza_interfaces_messages_jar[0m
[6.951s] [ 57%] [32mBuilding CXX object CMakeFiles/msgPoseintrospection_c.dir/rosidl_generator_java/spazza_interfaces/msg/Pose.ep.rosidl_typesupport_introspection_c.cpp.o[0m
[6.951s] [ 58%] [32mBuilding CXX object CMakeFiles/msgPosec.dir/rosidl_generator_java/spazza_interfaces/msg/Pose.ep.rosidl_typesupport_c.cpp.o[0m
[6.960s] [ 60%] [32mBuilding CXX object CMakeFiles/msgPositionc.dir/rosidl_generator_java/spazza_interfaces/msg/Position.ep.rosidl_typesupport_c.cpp.o[0m
[6.964s] [ 62%] [32mBuilding CXX object CMakeFiles/msgPositionintrospection_c.dir/rosidl_generator_java/spazza_interfaces/msg/Position.ep.rosidl_typesupport_introspection_c.cpp.o[0m
[6.981s] [ 64%] [32mBuilding CXX object CMakeFiles/msgPositionfastrtps_c.dir/rosidl_generator_java/spazza_interfaces/msg/Position.ep.rosidl_typesupport_fastrtps_c.cpp.o[0m
[6.981s] [ 66%] [32mBuilding CXX object CMakeFiles/msgPosefastrtps_c.dir/rosidl_generator_java/spazza_interfaces/msg/Pose.ep.rosidl_typesupport_fastrtps_c.cpp.o[0m
[7.004s] [ 67%] [34m[1mBuilding Java objects for spazza_interfaces_messages_jar.jar[0m
[7.196s] [ 67%] Built target spazza_interfaces__py
[7.252s] [35m[1mScanning dependencies of target spazza_interfaces__python[0m
[7.304s] [ 69%] [32mBuilding C object CMakeFiles/spazza_interfaces__python.dir/rosidl_generator_py/spazza_interfaces/msg/_pose_s.c.o[0m
[7.320s] [ 71%] [32m[1mLinking CXX shared library rosidl_generator_java/spazza_interfaces/msg/libspazza_interfaces_msg__pose__jni__rosidl_typesupport_c.so[0m
[7.356s] [ 73%] [32m[1mLinking CXX shared library rosidl_generator_java/spazza_interfaces/msg/libspazza_interfaces_msg__position__jni__rosidl_typesupport_introspection_c.so[0m
[7.361s] [ 75%] [32m[1mLinking CXX shared library rosidl_generator_java/spazza_interfaces/msg/libspazza_interfaces_msg__position__jni__rosidl_typesupport_c.so[0m
[7.371s] [ 76%] [32m[1mLinking CXX shared library rosidl_generator_java/spazza_interfaces/msg/libspazza_interfaces_msg__pose__jni__rosidl_typesupport_fastrtps_c.so[0m
[7.383s] [ 78%] [32m[1mLinking CXX shared library rosidl_generator_java/spazza_interfaces/msg/libspazza_interfaces_msg__position__jni__rosidl_typesupport_fastrtps_c.so[0m
[7.395s] [ 80%] [32m[1mLinking CXX shared library rosidl_generator_java/spazza_interfaces/msg/libspazza_interfaces_msg__pose__jni__rosidl_typesupport_introspection_c.so[0m
[7.447s] [ 80%] Built target msgPosec
[7.483s] [ 82%] [32mBuilding C object CMakeFiles/spazza_interfaces__python.dir/rosidl_generator_py/spazza_interfaces/msg/_position_s.c.o[0m
[7.496s] [ 82%] Built target msgPositionintrospection_c
[7.501s] [ 82%] Built target msgPositionc
[7.518s] [ 82%] Built target msgPoseintrospection_c
[7.527s] [ 82%] Built target msgPositionfastrtps_c
[7.537s] [ 82%] Built target msgPosefastrtps_c
[7.661s] [ 83%] [32m[1mLinking C shared library rosidl_generator_py/spazza_interfaces/libspazza_interfaces__python.so[0m
[7.740s] [ 83%] Built target spazza_interfaces__python
[7.774s] [35m[1mScanning dependencies of target spazza_interfaces__rosidl_typesupport_c__pyext[0m
[7.775s] [35m[1mScanning dependencies of target spazza_interfaces__rosidl_typesupport_fastrtps_c__pyext[0m
[7.775s] [35m[1mScanning dependencies of target spazza_interfaces__rosidl_typesupport_introspection_c__pyext[0m
[7.823s] [ 87%] [32mBuilding C object CMakeFiles/spazza_interfaces__rosidl_typesupport_introspection_c__pyext.dir/rosidl_generator_py/spazza_interfaces/_spazza_interfaces_s.ep.rosidl_typesupport_introspection_c.c.o[0m
[7.823s] [ 87%] [32mBuilding C object CMakeFiles/spazza_interfaces__rosidl_typesupport_fastrtps_c__pyext.dir/rosidl_generator_py/spazza_interfaces/_spazza_interfaces_s.ep.rosidl_typesupport_fastrtps_c.c.o[0m
[7.826s] [ 89%] [32mBuilding C object CMakeFiles/spazza_interfaces__rosidl_typesupport_c__pyext.dir/rosidl_generator_py/spazza_interfaces/_spazza_interfaces_s.ep.rosidl_typesupport_c.c.o[0m
[7.904s] [ 91%] [34m[1mGenerating CMakeFiles/spazza_interfaces_messages_jar.dir/java_class_filelist[0m
[7.928s] [ 92%] [32m[1mLinking CXX shared library rosidl_generator_py/spazza_interfaces/spazza_interfaces_s__rosidl_typesupport_fastrtps_c.cpython-38-x86_64-linux-gnu.so[0m
[7.934s] [ 94%] [32m[1mLinking C shared library rosidl_generator_py/spazza_interfaces/spazza_interfaces_s__rosidl_typesupport_introspection_c.cpython-38-x86_64-linux-gnu.so[0m
[7.944s] [ 96%] [32m[1mLinking C shared library rosidl_generator_py/spazza_interfaces/spazza_interfaces_s__rosidl_typesupport_c.cpython-38-x86_64-linux-gnu.so[0m
[7.955s] [ 98%] [34m[1mCreating Java archive spazza_interfaces_messages.jar[0m
[7.997s] [ 98%] Built target spazza_interfaces__rosidl_typesupport_introspection_c__pyext
[8.009s] [ 98%] Built target spazza_interfaces__rosidl_typesupport_c__pyext
[8.031s] [ 98%] Built target spazza_interfaces__rosidl_typesupport_fastrtps_c__pyext
[8.083s] [100%] Built target spazza_interfaces_messages_jar
[8.104s] Invoked command in '/home/redi/litter/build/spazza_interfaces' returned '0': CMAKE_PREFIX_PATH=${CMAKE_PREFIX_PATH}:/home/redi/examples/install/test_pkg:/home/redi/examples/install/spazza:/home/redi/examples/install/collision_avoidance:/home/redi/ws2/install/webots_ros2_simulations:/home/redi/ws2/install/javaff:/home/redi/ws2/install/litter_world:/home/redi/ws2/install/sensor_msgs_py:/home/redi/ws2/install/ament_build_type_gradle:/opt/ros/foxy /usr/bin/cmake --build /home/redi/litter/build/spazza_interfaces -- -j8 -l8
[8.448s] Invoking command in '/home/redi/litter/build/spazza_interfaces': CMAKE_PREFIX_PATH=${CMAKE_PREFIX_PATH}:/home/redi/examples/install/test_pkg:/home/redi/examples/install/spazza:/home/redi/examples/install/collision_avoidance:/home/redi/ws2/install/webots_ros2_simulations:/home/redi/ws2/install/javaff:/home/redi/ws2/install/litter_world:/home/redi/ws2/install/sensor_msgs_py:/home/redi/ws2/install/ament_build_type_gradle:/opt/ros/foxy /usr/bin/cmake --install /home/redi/litter/build/spazza_interfaces
[8.482s] -- Install configuration: ""
[8.483s] -- Installing: /home/redi/litter/install/spazza_interfaces/share/ament_index/resource_index/rosidl_interfaces/spazza_interfaces
[8.483s] -- Up-to-date: /home/redi/litter/install/spazza_interfaces/include/spazza_interfaces
[8.483s] -- Up-to-date: /home/redi/litter/install/spazza_interfaces/include/spazza_interfaces/msg
[8.484s] -- Up-to-date: /home/redi/litter/install/spazza_interfaces/include/spazza_interfaces/msg/detail
[8.484s] -- Installing: /home/redi/litter/install/spazza_interfaces/include/spazza_interfaces/msg/detail/position__struct.h
[8.484s] -- Installing: /home/redi/litter/install/spazza_interfaces/include/spazza_interfaces/msg/detail/position__functions.h
[8.485s] -- Installing: /home/redi/litter/install/spazza_interfaces/include/spazza_interfaces/msg/detail/pose__functions.h
[8.485s] -- Installing: /home/redi/litter/install/spazza_interfaces/include/spazza_interfaces/msg/detail/pose__struct.h
[8.485s] -- Installing: /home/redi/litter/install/spazza_interfaces/include/spazza_interfaces/msg/detail/pose__type_support.h
[8.486s] -- Installing: /home/redi/litter/install/spazza_interfaces/include/spazza_interfaces/msg/detail/pose__functions.c
[8.486s] -- Installing: /home/redi/litter/install/spazza_interfaces/include/spazza_interfaces/msg/detail/position__functions.c
[8.486s] -- Installing: /home/redi/litter/install/spazza_interfaces/include/spazza_interfaces/msg/detail/position__type_support.h
[8.487s] -- Installing: /home/redi/litter/install/spazza_interfaces/include/spazza_interfaces/msg/pose.h
[8.487s] -- Installing: /home/redi/litter/install/spazza_interfaces/include/spazza_interfaces/msg/position.h
[8.487s] -- Installing: /home/redi/litter/install/spazza_interfaces/include/spazza_interfaces/msg/rosidl_generator_c__visibility_control.h
[8.488s] -- Installing: /home/redi/litter/install/spazza_interfaces/share/spazza_interfaces/environment/library_path.sh
[8.488s] -- Installing: /home/redi/litter/install/spazza_interfaces/share/spazza_interfaces/environment/library_path.dsv
[8.488s] -- Installing: /home/redi/litter/install/spazza_interfaces/lib/libspazza_interfaces__rosidl_generator_c.so
[8.489s] -- Set runtime path of "/home/redi/litter/install/spazza_interfaces/lib/libspazza_interfaces__rosidl_generator_c.so" to ""
[8.490s] -- Up-to-date: /home/redi/litter/install/spazza_interfaces/include/spazza_interfaces
[8.490s] -- Up-to-date: /home/redi/litter/install/spazza_interfaces/include/spazza_interfaces/msg
[8.490s] -- Installing: /home/redi/litter/install/spazza_interfaces/include/spazza_interfaces/msg/rosidl_typesupport_fastrtps_c__visibility_control.h
[8.491s] -- Up-to-date: /home/redi/litter/install/spazza_interfaces/include/spazza_interfaces/msg/detail
[8.491s] -- Installing: /home/redi/litter/install/spazza_interfaces/include/spazza_interfaces/msg/detail/pose__rosidl_typesupport_fastrtps_c.h
[8.491s] -- Installing: /home/redi/litter/install/spazza_interfaces/include/spazza_interfaces/msg/detail/position__rosidl_typesupport_fastrtps_c.h
[8.492s] -- Installing: /home/redi/litter/install/spazza_interfaces/lib/libspazza_interfaces__rosidl_typesupport_fastrtps_c.so
[8.492s] -- Set runtime path of "/home/redi/litter/install/spazza_interfaces/lib/libspazza_interfaces__rosidl_typesupport_fastrtps_c.so" to ""
[8.492s] -- Up-to-date: /home/redi/litter/install/spazza_interfaces/include/spazza_interfaces
[8.493s] -- Up-to-date: /home/redi/litter/install/spazza_interfaces/include/spazza_interfaces/msg
[8.493s] -- Up-to-date: /home/redi/litter/install/spazza_interfaces/include/spazza_interfaces/msg/detail
[8.493s] -- Installing: /home/redi/litter/install/spazza_interfaces/include/spazza_interfaces/msg/detail/position__rosidl_typesupport_fastrtps_cpp.hpp
[8.494s] -- Installing: /home/redi/litter/install/spazza_interfaces/include/spazza_interfaces/msg/detail/pose__rosidl_typesupport_fastrtps_cpp.hpp
[8.494s] -- Up-to-date: /home/redi/litter/install/spazza_interfaces/include/spazza_interfaces/msg/detail/dds_fastrtps
[8.494s] -- Installing: /home/redi/litter/install/spazza_interfaces/include/spazza_interfaces/msg/rosidl_typesupport_fastrtps_cpp__visibility_control.h
[8.495s] -- Installing: /home/redi/litter/install/spazza_interfaces/lib/libspazza_interfaces__rosidl_typesupport_fastrtps_cpp.so
[8.495s] -- Set runtime path of "/home/redi/litter/install/spazza_interfaces/lib/libspazza_interfaces__rosidl_typesupport_fastrtps_cpp.so" to ""
[8.495s] -- Up-to-date: /home/redi/litter/install/spazza_interfaces/include/spazza_interfaces
[8.496s] -- Up-to-date: /home/redi/litter/install/spazza_interfaces/include/spazza_interfaces/msg
[8.496s] -- Up-to-date: /home/redi/litter/install/spazza_interfaces/include/spazza_interfaces/msg/detail
[8.497s] -- Installing: /home/redi/litter/install/spazza_interfaces/include/spazza_interfaces/msg/detail/pose__rosidl_typesupport_introspection_c.h
[8.497s] -- Installing: /home/redi/litter/install/spazza_interfaces/include/spazza_interfaces/msg/detail/position__rosidl_typesupport_introspection_c.h
[8.497s] -- Installing: /home/redi/litter/install/spazza_interfaces/include/spazza_interfaces/msg/detail/position__type_support.c
[8.497s] -- Installing: /home/redi/litter/install/spazza_interfaces/include/spazza_interfaces/msg/detail/pose__type_support.c
[8.498s] -- Installing: /home/redi/litter/install/spazza_interfaces/include/spazza_interfaces/msg/rosidl_typesupport_introspection_c__visibility_control.h
[8.498s] -- Installing: /home/redi/litter/install/spazza_interfaces/lib/libspazza_interfaces__rosidl_typesupport_introspection_c.so
[8.498s] -- Set runtime path of "/home/redi/litter/install/spazza_interfaces/lib/libspazza_interfaces__rosidl_typesupport_introspection_c.so" to ""
[8.499s] -- Installing: /home/redi/litter/install/spazza_interfaces/lib/libspazza_interfaces__rosidl_typesupport_c.so
[8.500s] -- Set runtime path of "/home/redi/litter/install/spazza_interfaces/lib/libspazza_interfaces__rosidl_typesupport_c.so" to ""
[8.500s] -- Up-to-date: /home/redi/litter/install/spazza_interfaces/include/spazza_interfaces
[8.500s] -- Up-to-date: /home/redi/litter/install/spazza_interfaces/include/spazza_interfaces/msg
[8.501s] -- Up-to-date: /home/redi/litter/install/spazza_interfaces/include/spazza_interfaces/msg/detail
[8.501s] -- Installing: /home/redi/litter/install/spazza_interfaces/include/spazza_interfaces/msg/detail/position__builder.hpp
[8.502s] -- Installing: /home/redi/litter/install/spazza_interfaces/include/spazza_interfaces/msg/detail/position__struct.hpp
[8.502s] -- Installing: /home/redi/litter/install/spazza_interfaces/include/spazza_interfaces/msg/detail/position__traits.hpp
[8.502s] -- Installing: /home/redi/litter/install/spazza_interfaces/include/spazza_interfaces/msg/detail/pose__struct.hpp
[8.503s] -- Installing: /home/redi/litter/install/spazza_interfaces/include/spazza_interfaces/msg/detail/pose__builder.hpp
[8.503s] -- Installing: /home/redi/litter/install/spazza_interfaces/include/spazza_interfaces/msg/detail/pose__traits.hpp
[8.503s] -- Installing: /home/redi/litter/install/spazza_interfaces/include/spazza_interfaces/msg/pose.hpp
[8.504s] -- Installing: /home/redi/litter/install/spazza_interfaces/include/spazza_interfaces/msg/position.hpp
[8.504s] -- Up-to-date: /home/redi/litter/install/spazza_interfaces/include/spazza_interfaces
[8.504s] -- Up-to-date: /home/redi/litter/install/spazza_interfaces/include/spazza_interfaces/msg
[8.505s] -- Up-to-date: /home/redi/litter/install/spazza_interfaces/include/spazza_interfaces/msg/detail
[8.505s] -- Installing: /home/redi/litter/install/spazza_interfaces/include/spazza_interfaces/msg/detail/position__rosidl_typesupport_introspection_cpp.hpp
[8.505s] -- Installing: /home/redi/litter/install/spazza_interfaces/include/spazza_interfaces/msg/detail/pose__type_support.cpp
[8.506s] -- Installing: /home/redi/litter/install/spazza_interfaces/include/spazza_interfaces/msg/detail/pose__rosidl_typesupport_introspection_cpp.hpp
[8.506s] -- Installing: /home/redi/litter/install/spazza_interfaces/include/spazza_interfaces/msg/detail/position__type_support.cpp
[8.506s] -- Installing: /home/redi/litter/install/spazza_interfaces/lib/libspazza_interfaces__rosidl_typesupport_introspection_cpp.so
[8.506s] -- Set runtime path of "/home/redi/litter/install/spazza_interfaces/lib/libspazza_interfaces__rosidl_typesupport_introspection_cpp.so" to ""
[8.507s] -- Installing: /home/redi/litter/install/spazza_interfaces/lib/libspazza_interfaces__rosidl_typesupport_cpp.so
[8.507s] -- Set runtime path of "/home/redi/litter/install/spazza_interfaces/lib/libspazza_interfaces__rosidl_typesupport_cpp.so" to ""
[8.507s] -- Installing: /home/redi/litter/install/spazza_interfaces/lib/jni/libspazza_interfaces_msg__pose__jni__rosidl_typesupport_fastrtps_c.so
[8.508s] -- Set runtime path of "/home/redi/litter/install/spazza_interfaces/lib/jni/libspazza_interfaces_msg__pose__jni__rosidl_typesupport_fastrtps_c.so" to ""
[8.509s] -- Installing: /home/redi/litter/install/spazza_interfaces/share/spazza_interfaces/environment/ament_build_type_gradle_jni_library_path.dsv
[8.509s] -- Installing: /home/redi/litter/install/spazza_interfaces/lib/jni/libspazza_interfaces_msg__position__jni__rosidl_typesupport_fastrtps_c.so
[8.510s] -- Set runtime path of "/home/redi/litter/install/spazza_interfaces/lib/jni/libspazza_interfaces_msg__position__jni__rosidl_typesupport_fastrtps_c.so" to ""
[8.511s] -- Up-to-date: /home/redi/litter/install/spazza_interfaces/share/spazza_interfaces/environment/ament_build_type_gradle_jni_library_path.dsv
[8.511s] -- Installing: /home/redi/litter/install/spazza_interfaces/lib/jni/libspazza_interfaces_msg__pose__jni__rosidl_typesupport_introspection_c.so
[8.512s] -- Set runtime path of "/home/redi/litter/install/spazza_interfaces/lib/jni/libspazza_interfaces_msg__pose__jni__rosidl_typesupport_introspection_c.so" to ""
[8.512s] -- Up-to-date: /home/redi/litter/install/spazza_interfaces/share/spazza_interfaces/environment/ament_build_type_gradle_jni_library_path.dsv
[8.512s] -- Installing: /home/redi/litter/install/spazza_interfaces/lib/jni/libspazza_interfaces_msg__position__jni__rosidl_typesupport_introspection_c.so
[8.513s] -- Set runtime path of "/home/redi/litter/install/spazza_interfaces/lib/jni/libspazza_interfaces_msg__position__jni__rosidl_typesupport_introspection_c.so" to ""
[8.514s] -- Up-to-date: /home/redi/litter/install/spazza_interfaces/share/spazza_interfaces/environment/ament_build_type_gradle_jni_library_path.dsv
[8.514s] -- Installing: /home/redi/litter/install/spazza_interfaces/lib/jni/libspazza_interfaces_msg__pose__jni__rosidl_typesupport_c.so
[8.515s] -- Set runtime path of "/home/redi/litter/install/spazza_interfaces/lib/jni/libspazza_interfaces_msg__pose__jni__rosidl_typesupport_c.so" to ""
[8.515s] -- Up-to-date: /home/redi/litter/install/spazza_interfaces/share/spazza_interfaces/environment/ament_build_type_gradle_jni_library_path.dsv
[8.515s] -- Installing: /home/redi/litter/install/spazza_interfaces/lib/jni/libspazza_interfaces_msg__position__jni__rosidl_typesupport_c.so
[8.516s] -- Set runtime path of "/home/redi/litter/install/spazza_interfaces/lib/jni/libspazza_interfaces_msg__position__jni__rosidl_typesupport_c.so" to ""
[8.516s] -- Up-to-date: /home/redi/litter/install/spazza_interfaces/share/spazza_interfaces/environment/ament_build_type_gradle_jni_library_path.dsv
[8.516s] -- Installing: /home/redi/litter/install/spazza_interfaces/share/spazza_interfaces/java/spazza_interfaces_messages.jar
[8.517s] -- Installing: /home/redi/litter/install/spazza_interfaces/share/spazza_interfaces/environment/ament_build_type_gradle_classpath.dsv
[8.517s] -- Installing: /home/redi/litter/install/spazza_interfaces/share/spazza_interfaces/environment/pythonpath.sh
[8.517s] -- Installing: /home/redi/litter/install/spazza_interfaces/share/spazza_interfaces/environment/pythonpath.dsv
[8.518s] -- Installing: /home/redi/litter/install/spazza_interfaces/lib/python3.8/site-packages/spazza_interfaces/__init__.py
[8.629s] Compiling '/home/redi/litter/install/spazza_interfaces/lib/python3.8/site-packages/spazza_interfaces/__init__.py'...
[8.636s] -- Installing: /home/redi/litter/install/spazza_interfaces/lib/python3.8/site-packages/spazza_interfaces/msg
[8.637s] -- Installing: /home/redi/litter/install/spazza_interfaces/lib/python3.8/site-packages/spazza_interfaces/msg/__init__.py
[8.637s] -- Installing: /home/redi/litter/install/spazza_interfaces/lib/python3.8/site-packages/spazza_interfaces/msg/_position.py
[8.637s] -- Installing: /home/redi/litter/install/spazza_interfaces/lib/python3.8/site-packages/spazza_interfaces/msg/_pose_s.c
[8.637s] -- Installing: /home/redi/litter/install/spazza_interfaces/lib/python3.8/site-packages/spazza_interfaces/msg/_position_s.c
[8.637s] -- Installing: /home/redi/litter/install/spazza_interfaces/lib/python3.8/site-packages/spazza_interfaces/msg/_pose.py
[8.638s] -- Installing: /home/redi/litter/install/spazza_interfaces/lib/python3.8/site-packages/spazza_interfaces/spazza_interfaces_s__rosidl_typesupport_fastrtps_c.cpython-38-x86_64-linux-gnu.so
[8.639s] -- Set runtime path of "/home/redi/litter/install/spazza_interfaces/lib/python3.8/site-packages/spazza_interfaces/spazza_interfaces_s__rosidl_typesupport_fastrtps_c.cpython-38-x86_64-linux-gnu.so" to ""
[8.639s] -- Installing: /home/redi/litter/install/spazza_interfaces/lib/python3.8/site-packages/spazza_interfaces/spazza_interfaces_s__rosidl_typesupport_introspection_c.cpython-38-x86_64-linux-gnu.so
[8.640s] -- Set runtime path of "/home/redi/litter/install/spazza_interfaces/lib/python3.8/site-packages/spazza_interfaces/spazza_interfaces_s__rosidl_typesupport_introspection_c.cpython-38-x86_64-linux-gnu.so" to ""
[8.641s] -- Installing: /home/redi/litter/install/spazza_interfaces/lib/python3.8/site-packages/spazza_interfaces/spazza_interfaces_s__rosidl_typesupport_c.cpython-38-x86_64-linux-gnu.so
[8.642s] -- Set runtime path of "/home/redi/litter/install/spazza_interfaces/lib/python3.8/site-packages/spazza_interfaces/spazza_interfaces_s__rosidl_typesupport_c.cpython-38-x86_64-linux-gnu.so" to ""
[8.642s] -- Installing: /home/redi/litter/install/spazza_interfaces/lib/libspazza_interfaces__python.so
[8.643s] -- Set runtime path of "/home/redi/litter/install/spazza_interfaces/lib/libspazza_interfaces__python.so" to ""
[8.643s] -- Installing: /home/redi/litter/install/spazza_interfaces/share/spazza_interfaces/msg/Pose.idl
[8.643s] -- Installing: /home/redi/litter/install/spazza_interfaces/share/spazza_interfaces/msg/Position.idl
[8.644s] -- Installing: /home/redi/litter/install/spazza_interfaces/share/spazza_interfaces/msg/Pose.msg
[8.644s] -- Installing: /home/redi/litter/install/spazza_interfaces/share/spazza_interfaces/msg/Position.msg
[8.644s] -- Installing: /home/redi/litter/install/spazza_interfaces/share/ament_index/resource_index/package_run_dependencies/spazza_interfaces
[8.644s] -- Installing: /home/redi/litter/install/spazza_interfaces/share/ament_index/resource_index/parent_prefix_path/spazza_interfaces
[8.645s] -- Installing: /home/redi/litter/install/spazza_interfaces/share/spazza_interfaces/environment/ament_prefix_path.sh
[8.645s] -- Installing: /home/redi/litter/install/spazza_interfaces/share/spazza_interfaces/environment/ament_prefix_path.dsv
[8.646s] -- Installing: /home/redi/litter/install/spazza_interfaces/share/spazza_interfaces/environment/path.sh
[8.646s] -- Installing: /home/redi/litter/install/spazza_interfaces/share/spazza_interfaces/environment/path.dsv
[8.646s] -- Installing: /home/redi/litter/install/spazza_interfaces/share/spazza_interfaces/local_setup.bash
[8.647s] -- Installing: /home/redi/litter/install/spazza_interfaces/share/spazza_interfaces/local_setup.sh
[8.647s] -- Installing: /home/redi/litter/install/spazza_interfaces/share/spazza_interfaces/local_setup.zsh
[8.647s] -- Installing: /home/redi/litter/install/spazza_interfaces/share/spazza_interfaces/local_setup.dsv
[8.647s] -- Installing: /home/redi/litter/install/spazza_interfaces/share/spazza_interfaces/package.dsv
[8.648s] -- Installing: /home/redi/litter/install/spazza_interfaces/share/ament_index/resource_index/packages/spazza_interfaces
[8.648s] -- Installing: /home/redi/litter/install/spazza_interfaces/share/spazza_interfaces/cmake/spazza_interfaces__rosidl_generator_cExport.cmake
[8.648s] -- Installing: /home/redi/litter/install/spazza_interfaces/share/spazza_interfaces/cmake/spazza_interfaces__rosidl_generator_cExport-noconfig.cmake
[8.649s] -- Installing: /home/redi/litter/install/spazza_interfaces/share/spazza_interfaces/cmake/spazza_interfaces__rosidl_typesupport_introspection_cExport.cmake
[8.649s] -- Installing: /home/redi/litter/install/spazza_interfaces/share/spazza_interfaces/cmake/spazza_interfaces__rosidl_typesupport_introspection_cExport-noconfig.cmake
[8.649s] -- Installing: /home/redi/litter/install/spazza_interfaces/share/spazza_interfaces/cmake/spazza_interfaces__rosidl_typesupport_cExport.cmake
[8.650s] -- Installing: /home/redi/litter/install/spazza_interfaces/share/spazza_interfaces/cmake/spazza_interfaces__rosidl_typesupport_cExport-noconfig.cmake
[8.650s] -- Installing: /home/redi/litter/install/spazza_interfaces/share/spazza_interfaces/cmake/spazza_interfaces__rosidl_generator_cppExport.cmake
[8.650s] -- Installing: /home/redi/litter/install/spazza_interfaces/share/spazza_interfaces/cmake/spazza_interfaces__rosidl_typesupport_introspection_cppExport.cmake
[8.651s] -- Installing: /home/redi/litter/install/spazza_interfaces/share/spazza_interfaces/cmake/spazza_interfaces__rosidl_typesupport_introspection_cppExport-noconfig.cmake
[8.651s] -- Installing: /home/redi/litter/install/spazza_interfaces/share/spazza_interfaces/cmake/spazza_interfaces__rosidl_typesupport_cppExport.cmake
[8.651s] -- Installing: /home/redi/litter/install/spazza_interfaces/share/spazza_interfaces/cmake/spazza_interfaces__rosidl_typesupport_cppExport-noconfig.cmake
[8.651s] -- Installing: /home/redi/litter/install/spazza_interfaces/share/spazza_interfaces/cmake/rosidl_cmake-extras.cmake
[8.652s] -- Installing: /home/redi/litter/install/spazza_interfaces/share/spazza_interfaces/cmake/ament_cmake_export_dependencies-extras.cmake
[8.652s] -- Installing: /home/redi/litter/install/spazza_interfaces/share/spazza_interfaces/cmake/ament_cmake_export_libraries-extras.cmake
[8.652s] -- Installing: /home/redi/litter/install/spazza_interfaces/share/spazza_interfaces/cmake/ament_cmake_export_targets-extras.cmake
[8.652s] -- Installing: /home/redi/litter/install/spazza_interfaces/share/spazza_interfaces/cmake/ament_cmake_export_include_directories-extras.cmake
[8.653s] -- Installing: /home/redi/litter/install/spazza_interfaces/share/spazza_interfaces/cmake/rosidl_cmake_export_typesupport_libraries-extras.cmake
[8.653s] -- Installing: /home/redi/litter/install/spazza_interfaces/share/spazza_interfaces/cmake/rosidl_cmake_export_typesupport_targets-extras.cmake
[8.653s] -- Installing: /home/redi/litter/install/spazza_interfaces/share/spazza_interfaces/cmake/ament_cmake_export_jni_libraries-extras.cmake
[8.653s] -- Installing: /home/redi/litter/install/spazza_interfaces/share/spazza_interfaces/cmake/ament_cmake_export_jars-extras.cmake
[8.654s] -- Installing: /home/redi/litter/install/spazza_interfaces/share/spazza_interfaces/cmake/spazza_interfacesConfig.cmake
[8.654s] -- Installing: /home/redi/litter/install/spazza_interfaces/share/spazza_interfaces/cmake/spazza_interfacesConfig-version.cmake
[8.654s] -- Installing: /home/redi/litter/install/spazza_interfaces/share/spazza_interfaces/package.xml
[8.667s] Invoked command in '/home/redi/litter/build/spazza_interfaces' returned '0': CMAKE_PREFIX_PATH=${CMAKE_PREFIX_PATH}:/home/redi/examples/install/test_pkg:/home/redi/examples/install/spazza:/home/redi/examples/install/collision_avoidance:/home/redi/ws2/install/webots_ros2_simulations:/home/redi/ws2/install/javaff:/home/redi/ws2/install/litter_world:/home/redi/ws2/install/sensor_msgs_py:/home/redi/ws2/install/ament_build_type_gradle:/opt/ros/foxy /usr/bin/cmake --install /home/redi/litter/build/spazza_interfaces
