[1.434s] Invoking command in '/home/redi/litter/src/spazza': AMENT_PREFIX_PATH=/home/redi/litter/install/spazza_interfaces:${AMENT_PREFIX_PATH} CMAKE_PREFIX_PATH=/home/redi/litter/install/spazza_interfaces:${CMAKE_PREFIX_PATH} LD_LIBRARY_PATH=/home/redi/litter/install/spazza_interfaces/lib:${LD_LIBRARY_PATH} PYTHONPATH=/home/redi/litter/build/spazza/prefix_override:/home/redi/litter/install/spazza/lib/python3.8/site-packages:/home/redi/litter/install/spazza_interfaces/lib/python3.8/site-packages:${PYTHONPATH} /usr/bin/python3 setup.py egg_info --egg-base ../../build/spazza build --build-base /home/redi/litter/build/spazza/build install --record /home/redi/litter/build/spazza/install.log --install-scripts $base/lib/spazza --single-version-externally-managed
[1.735s] running egg_info
[1.735s] creating ../../build/spazza/spazza.egg-info
[1.736s] writing ../../build/spazza/spazza.egg-info/PKG-INFO
[1.736s] writing dependency_links to ../../build/spazza/spazza.egg-info/dependency_links.txt
[1.736s] writing entry points to ../../build/spazza/spazza.egg-info/entry_points.txt
[1.736s] writing requirements to ../../build/spazza/spazza.egg-info/requires.txt
[1.736s] writing top-level names to ../../build/spazza/spazza.egg-info/top_level.txt
[1.738s] writing manifest file '../../build/spazza/spazza.egg-info/SOURCES.txt'
[1.775s] reading manifest file '../../build/spazza/spazza.egg-info/SOURCES.txt'
[1.776s] writing manifest file '../../build/spazza/spazza.egg-info/SOURCES.txt'
[1.776s] running build
[1.777s] running build_py
[1.777s] creating /home/redi/litter/build/spazza/build
[1.777s] creating /home/redi/litter/build/spazza/build/lib
[1.777s] creating /home/redi/litter/build/spazza/build/lib/spazza
[1.777s] copying spazza/__init__.py -> /home/redi/litter/build/spazza/build/lib/spazza
[1.777s] copying spazza/supervisor_controller.py -> /home/redi/litter/build/spazza/build/lib/spazza
[1.778s] copying spazza/pm.py -> /home/redi/litter/build/spazza/build/lib/spazza
[1.778s] copying spazza/e_puck_controller.py -> /home/redi/litter/build/spazza/build/lib/spazza
[1.779s] running install
[1.782s] running install_lib
[1.783s] creating /home/redi/litter/install/spazza/lib/python3.8/site-packages/spazza
[1.783s] copying /home/redi/litter/build/spazza/build/lib/spazza/__init__.py -> /home/redi/litter/install/spazza/lib/python3.8/site-packages/spazza
[1.783s] copying /home/redi/litter/build/spazza/build/lib/spazza/supervisor_controller.py -> /home/redi/litter/install/spazza/lib/python3.8/site-packages/spazza
[1.784s] copying /home/redi/litter/build/spazza/build/lib/spazza/pm.py -> /home/redi/litter/install/spazza/lib/python3.8/site-packages/spazza
[1.784s] copying /home/redi/litter/build/spazza/build/lib/spazza/e_puck_controller.py -> /home/redi/litter/install/spazza/lib/python3.8/site-packages/spazza
[1.784s] byte-compiling /home/redi/litter/install/spazza/lib/python3.8/site-packages/spazza/__init__.py to __init__.cpython-38.pyc
[1.786s] byte-compiling /home/redi/litter/install/spazza/lib/python3.8/site-packages/spazza/supervisor_controller.py to supervisor_controller.cpython-38.pyc
[1.787s] byte-compiling /home/redi/litter/install/spazza/lib/python3.8/site-packages/spazza/pm.py to pm.cpython-38.pyc
[1.787s] byte-compiling /home/redi/litter/install/spazza/lib/python3.8/site-packages/spazza/e_puck_controller.py to e_puck_controller.cpython-38.pyc
[1.789s] running install_data
[1.789s] creating /home/redi/litter/install/spazza/share/ament_index
[1.790s] creating /home/redi/litter/install/spazza/share/ament_index/resource_index
[1.790s] creating /home/redi/litter/install/spazza/share/ament_index/resource_index/packages
[1.790s] copying resource/spazza -> /home/redi/litter/install/spazza/share/ament_index/resource_index/packages
[1.790s] creating /home/redi/litter/install/spazza/share/spazza/launch
[1.790s] copying launch/launcher.launch.py -> /home/redi/litter/install/spazza/share/spazza/launch
[1.791s] creating /home/redi/litter/install/spazza/share/spazza/worlds
[1.791s] copying worlds/litter.wbt -> /home/redi/litter/install/spazza/share/spazza/worlds
[1.791s] creating /home/redi/litter/install/spazza/share/spazza/resource
[1.791s] copying resource/e_puck.urdf -> /home/redi/litter/install/spazza/share/spazza/resource
[1.791s] copying resource/supervisor.urdf -> /home/redi/litter/install/spazza/share/spazza/resource
[1.791s] copying package.xml -> /home/redi/litter/install/spazza/share/spazza
[1.792s] running install_egg_info
[1.794s] Copying ../../build/spazza/spazza.egg-info to /home/redi/litter/install/spazza/lib/python3.8/site-packages/spazza-0.0.0-py3.8.egg-info
[1.795s] running install_scripts
[1.818s] Installing my_robot_driver script to /home/redi/litter/install/spazza/lib/spazza
[1.818s] writing list of installed files to '/home/redi/litter/build/spazza/install.log'
[1.851s] Invoked command in '/home/redi/litter/src/spazza' returned '0': AMENT_PREFIX_PATH=/home/redi/litter/install/spazza_interfaces:${AMENT_PREFIX_PATH} CMAKE_PREFIX_PATH=/home/redi/litter/install/spazza_interfaces:${CMAKE_PREFIX_PATH} LD_LIBRARY_PATH=/home/redi/litter/install/spazza_interfaces/lib:${LD_LIBRARY_PATH} PYTHONPATH=/home/redi/litter/build/spazza/prefix_override:/home/redi/litter/install/spazza/lib/python3.8/site-packages:/home/redi/litter/install/spazza_interfaces/lib/python3.8/site-packages:${PYTHONPATH} /usr/bin/python3 setup.py egg_info --egg-base ../../build/spazza build --build-base /home/redi/litter/build/spazza/build install --record /home/redi/litter/build/spazza/install.log --install-scripts $base/lib/spazza --single-version-externally-managed
