[0.028s] Invoking command in '/home/redi/litter/build/online_bdi_spazza': AMENT_PREFIX_PATH=/home/redi/litter/install/spazza_interfaces:${AMENT_PREFIX_PATH} CMAKE_PREFIX_PATH=/home/redi/litter/install/spazza_interfaces:/home/redi/examples/install/spazza_interfaces:/home/redi/examples/install/bdi_spazza:/home/redi/ws2/install/ros2_bdi_on_webots:/home/redi/ws2/install/webots_ros2_simulations_interfaces:/home/redi/ws2/install/common_interfaces:/home/redi/ws2/install/visualization_msgs:/home/redi/ws2/install/test_msgs:/home/redi/ws2/install/ros2_bdi_tests:/home/redi/ws2/install/ros2_bdi_on_litter_world:/home/redi/ws2/install/ros2_bdi_skills:/home/redi/ws2/install/ros2_bdi_core:/home/redi/ws2/install/ros2_bdi_utils:/home/redi/ws2/install/plansys2_javaff_plan_solver:/home/redi/ws2/install/javaff_interfaces:/home/redi/ws2/install/ros2_bdi_interfaces:/home/redi/ws2/install/plansys2_tools:/home/redi/ws2/install/plansys2_terminal:/home/redi/ws2/install/plansys2_bt_actions:/home/redi/ws2/install/plansys2_bringup:/home/redi/ws2/install/plansys2_executor:/home/redi/ws2/install/plansys2_planner:/home/redi/ws2/install/plansys2_problem_expert:/home/redi/ws2/install/plansys2_domain_expert:/home/redi/ws2/install/plansys2_popf_plan_solver:/home/redi/ws2/install/plansys2_core:/home/redi/ws2/install/plansys2_pddl_parser:/home/redi/ws2/install/plansys2_msgs:/home/redi/ws2/install/example_interfaces:/home/redi/ws2/install/action_msgs:/home/redi/ws2/install/unique_identifier_msgs:/home/redi/ws2/install/trajectory_msgs:/home/redi/ws2/install/stereo_msgs:/home/redi/ws2/install/std_srvs:/home/redi/ws2/install/shape_msgs:/home/redi/ws2/install/sensor_msgs:/home/redi/ws2/install/nav_msgs:/home/redi/ws2/install/diagnostic_msgs:/home/redi/ws2/install/geometry_msgs:/home/redi/ws2/install/actionlib_msgs:/home/redi/ws2/install/std_msgs:/home/redi/ws2/install/statistics_msgs:/home/redi/ws2/install/rosgraph_msgs:/home/redi/ws2/install/rcljava:/home/redi/ws2/install/composition_interfaces:/home/redi/ws2/install/rcl_interfaces:/home/redi/ws2/install/plansys2_lifecycle_manager:/home/redi/ws2/install/litter_world_interfaces:/home/redi/ws2/install/lifecycle_msgs:/home/redi/ws2/install/builtin_interfaces:/home/redi/ws2/install/rosidl_default_runtime:/home/redi/ws2/install/rosidl_default_generators:/home/redi/ws2/install/rosidl_generator_java:/home/redi/ws2/install/ros2_bdi_bringup:/home/redi/ws2/install/rcljava_common:/home/redi/ws2/install/ament_cmake_export_jni_libraries:/home/redi/ws2/install/ament_cmake_export_jars:/home/redi/ws2/install/ament_java_resources:/home/redi/examples/install/test_pkg:/home/redi/examples/install/spazza:/home/redi/examples/install/collision_avoidance:/home/redi/ws2/install/webots_ros2_simulations:/home/redi/ws2/install/javaff:/home/redi/ws2/install/litter_world:/home/redi/ws2/install/sensor_msgs_py:/home/redi/ws2/install/ament_build_type_gradle:/opt/ros/foxy LD_LIBRARY_PATH=/home/redi/litter/install/spazza_interfaces/lib:${LD_LIBRARY_PATH} PYTHONPATH=/home/redi/litter/install/spazza_interfaces/lib/python3.8/site-packages:${PYTHONPATH} /usr/bin/cmake --build /home/redi/litter/build/online_bdi_spazza -- -j8 -l8
[0.081s] -- Found ament_cmake: 0.9.11 (/opt/ros/foxy/share/ament_cmake/cmake)
[0.132s] -- Using PYTHON_EXECUTABLE: /usr/bin/python3
[0.343s] -- Found rclcpp: 2.4.2 (/opt/ros/foxy/share/rclcpp/cmake)
[0.416s] -- Using all available rosidl_typesupport_c: rosidl_typesupport_fastrtps_c;rosidl_typesupport_introspection_c
[0.422s] -- Found rosidl_adapter: 1.3.0 (/opt/ros/foxy/share/rosidl_adapter/cmake)
[0.723s] -- Using all available rosidl_typesupport_cpp: rosidl_typesupport_fastrtps_cpp;rosidl_typesupport_introspection_cpp
[0.836s] -- Found rmw_implementation_cmake: 1.0.3 (/opt/ros/foxy/share/rmw_implementation_cmake/cmake)
[0.846s] -- Using RMW implementation 'rmw_fastrtps_cpp' as default
[1.149s] -- Found rclcpp_action: 2.4.2 (/opt/ros/foxy/share/rclcpp_action/cmake)
[1.302s] -- Found spazza_interfaces: 0.0.0 (/home/redi/litter/install/spazza_interfaces/share/spazza_interfaces/cmake)
[1.319s] -- Found plansys2_executor: 2.0.8 (/home/redi/ws2/install/plansys2_executor/share/plansys2_executor/cmake)
[6.587s] -- Found ros2_bdi_core: 0.0.0 (/home/redi/ws2/install/ros2_bdi_core/share/ros2_bdi_core/cmake)
[6.590s] -- Found ros2_bdi_interfaces: 0.0.0 (/home/redi/ws2/install/ros2_bdi_interfaces/share/ros2_bdi_interfaces/cmake)
[6.898s] -- Found ros2_bdi_utils: 0.0.0 (/home/redi/ws2/install/ros2_bdi_utils/share/ros2_bdi_utils/cmake)
[6.901s] -- Found ros2_bdi_skills: 0.0.0 (/home/redi/ws2/install/ros2_bdi_skills/share/ros2_bdi_skills/cmake)
[6.903s] -- Found javaff_interfaces: 0.0.0 (/home/redi/ws2/install/javaff_interfaces/share/javaff_interfaces/cmake)
[10.267s] -- Configuring done
[10.501s] -- Generating done
[10.508s] -- Build files have been written to: /home/redi/litter/build/online_bdi_spazza
[10.601s] [35m[1mScanning dependencies of target move[0m
[10.602s] [35m[1mScanning dependencies of target pickup[0m
[10.602s] [35m[1mScanning dependencies of target putdown[0m
[10.806s] [ 16%] [32mBuilding CXX object CMakeFiles/pickup.dir/src/actions/e_puck/pickup.cpp.o[0m
[10.819s] [ 33%] [32mBuilding CXX object CMakeFiles/putdown.dir/src/actions/e_puck/putdown.cpp.o[0m
[10.829s] [ 50%] [32mBuilding CXX object CMakeFiles/move.dir/src/actions/e_puck/move.cpp.o[0m
[18.245s] [ 66%] [32m[1mLinking CXX executable pickup[0m
[18.450s] [ 83%] [32m[1mLinking CXX executable putdown[0m
[19.986s] [ 83%] Built target pickup
[20.111s] [ 83%] Built target putdown
[22.952s] [100%] [32m[1mLinking CXX executable move[0m
[24.466s] [100%] Built target move
[24.505s] Invoked command in '/home/redi/litter/build/online_bdi_spazza' returned '0': AMENT_PREFIX_PATH=/home/redi/litter/install/spazza_interfaces:${AMENT_PREFIX_PATH} CMAKE_PREFIX_PATH=/home/redi/litter/install/spazza_interfaces:/home/redi/examples/install/spazza_interfaces:/home/redi/examples/install/bdi_spazza:/home/redi/ws2/install/ros2_bdi_on_webots:/home/redi/ws2/install/webots_ros2_simulations_interfaces:/home/redi/ws2/install/common_interfaces:/home/redi/ws2/install/visualization_msgs:/home/redi/ws2/install/test_msgs:/home/redi/ws2/install/ros2_bdi_tests:/home/redi/ws2/install/ros2_bdi_on_litter_world:/home/redi/ws2/install/ros2_bdi_skills:/home/redi/ws2/install/ros2_bdi_core:/home/redi/ws2/install/ros2_bdi_utils:/home/redi/ws2/install/plansys2_javaff_plan_solver:/home/redi/ws2/install/javaff_interfaces:/home/redi/ws2/install/ros2_bdi_interfaces:/home/redi/ws2/install/plansys2_tools:/home/redi/ws2/install/plansys2_terminal:/home/redi/ws2/install/plansys2_bt_actions:/home/redi/ws2/install/plansys2_bringup:/home/redi/ws2/install/plansys2_executor:/home/redi/ws2/install/plansys2_planner:/home/redi/ws2/install/plansys2_problem_expert:/home/redi/ws2/install/plansys2_domain_expert:/home/redi/ws2/install/plansys2_popf_plan_solver:/home/redi/ws2/install/plansys2_core:/home/redi/ws2/install/plansys2_pddl_parser:/home/redi/ws2/install/plansys2_msgs:/home/redi/ws2/install/example_interfaces:/home/redi/ws2/install/action_msgs:/home/redi/ws2/install/unique_identifier_msgs:/home/redi/ws2/install/trajectory_msgs:/home/redi/ws2/install/stereo_msgs:/home/redi/ws2/install/std_srvs:/home/redi/ws2/install/shape_msgs:/home/redi/ws2/install/sensor_msgs:/home/redi/ws2/install/nav_msgs:/home/redi/ws2/install/diagnostic_msgs:/home/redi/ws2/install/geometry_msgs:/home/redi/ws2/install/actionlib_msgs:/home/redi/ws2/install/std_msgs:/home/redi/ws2/install/statistics_msgs:/home/redi/ws2/install/rosgraph_msgs:/home/redi/ws2/install/rcljava:/home/redi/ws2/install/composition_interfaces:/home/redi/ws2/install/rcl_interfaces:/home/redi/ws2/install/plansys2_lifecycle_manager:/home/redi/ws2/install/litter_world_interfaces:/home/redi/ws2/install/lifecycle_msgs:/home/redi/ws2/install/builtin_interfaces:/home/redi/ws2/install/rosidl_default_runtime:/home/redi/ws2/install/rosidl_default_generators:/home/redi/ws2/install/rosidl_generator_java:/home/redi/ws2/install/ros2_bdi_bringup:/home/redi/ws2/install/rcljava_common:/home/redi/ws2/install/ament_cmake_export_jni_libraries:/home/redi/ws2/install/ament_cmake_export_jars:/home/redi/ws2/install/ament_java_resources:/home/redi/examples/install/test_pkg:/home/redi/examples/install/spazza:/home/redi/examples/install/collision_avoidance:/home/redi/ws2/install/webots_ros2_simulations:/home/redi/ws2/install/javaff:/home/redi/ws2/install/litter_world:/home/redi/ws2/install/sensor_msgs_py:/home/redi/ws2/install/ament_build_type_gradle:/opt/ros/foxy LD_LIBRARY_PATH=/home/redi/litter/install/spazza_interfaces/lib:${LD_LIBRARY_PATH} PYTHONPATH=/home/redi/litter/install/spazza_interfaces/lib/python3.8/site-packages:${PYTHONPATH} /usr/bin/cmake --build /home/redi/litter/build/online_bdi_spazza -- -j8 -l8
[24.704s] Invoking command in '/home/redi/litter/build/online_bdi_spazza': AMENT_PREFIX_PATH=/home/redi/litter/install/spazza_interfaces:${AMENT_PREFIX_PATH} CMAKE_PREFIX_PATH=/home/redi/litter/install/spazza_interfaces:/home/redi/examples/install/spazza_interfaces:/home/redi/examples/install/bdi_spazza:/home/redi/ws2/install/ros2_bdi_on_webots:/home/redi/ws2/install/webots_ros2_simulations_interfaces:/home/redi/ws2/install/common_interfaces:/home/redi/ws2/install/visualization_msgs:/home/redi/ws2/install/test_msgs:/home/redi/ws2/install/ros2_bdi_tests:/home/redi/ws2/install/ros2_bdi_on_litter_world:/home/redi/ws2/install/ros2_bdi_skills:/home/redi/ws2/install/ros2_bdi_core:/home/redi/ws2/install/ros2_bdi_utils:/home/redi/ws2/install/plansys2_javaff_plan_solver:/home/redi/ws2/install/javaff_interfaces:/home/redi/ws2/install/ros2_bdi_interfaces:/home/redi/ws2/install/plansys2_tools:/home/redi/ws2/install/plansys2_terminal:/home/redi/ws2/install/plansys2_bt_actions:/home/redi/ws2/install/plansys2_bringup:/home/redi/ws2/install/plansys2_executor:/home/redi/ws2/install/plansys2_planner:/home/redi/ws2/install/plansys2_problem_expert:/home/redi/ws2/install/plansys2_domain_expert:/home/redi/ws2/install/plansys2_popf_plan_solver:/home/redi/ws2/install/plansys2_core:/home/redi/ws2/install/plansys2_pddl_parser:/home/redi/ws2/install/plansys2_msgs:/home/redi/ws2/install/example_interfaces:/home/redi/ws2/install/action_msgs:/home/redi/ws2/install/unique_identifier_msgs:/home/redi/ws2/install/trajectory_msgs:/home/redi/ws2/install/stereo_msgs:/home/redi/ws2/install/std_srvs:/home/redi/ws2/install/shape_msgs:/home/redi/ws2/install/sensor_msgs:/home/redi/ws2/install/nav_msgs:/home/redi/ws2/install/diagnostic_msgs:/home/redi/ws2/install/geometry_msgs:/home/redi/ws2/install/actionlib_msgs:/home/redi/ws2/install/std_msgs:/home/redi/ws2/install/statistics_msgs:/home/redi/ws2/install/rosgraph_msgs:/home/redi/ws2/install/rcljava:/home/redi/ws2/install/composition_interfaces:/home/redi/ws2/install/rcl_interfaces:/home/redi/ws2/install/plansys2_lifecycle_manager:/home/redi/ws2/install/litter_world_interfaces:/home/redi/ws2/install/lifecycle_msgs:/home/redi/ws2/install/builtin_interfaces:/home/redi/ws2/install/rosidl_default_runtime:/home/redi/ws2/install/rosidl_default_generators:/home/redi/ws2/install/rosidl_generator_java:/home/redi/ws2/install/ros2_bdi_bringup:/home/redi/ws2/install/rcljava_common:/home/redi/ws2/install/ament_cmake_export_jni_libraries:/home/redi/ws2/install/ament_cmake_export_jars:/home/redi/ws2/install/ament_java_resources:/home/redi/examples/install/test_pkg:/home/redi/examples/install/spazza:/home/redi/examples/install/collision_avoidance:/home/redi/ws2/install/webots_ros2_simulations:/home/redi/ws2/install/javaff:/home/redi/ws2/install/litter_world:/home/redi/ws2/install/sensor_msgs_py:/home/redi/ws2/install/ament_build_type_gradle:/opt/ros/foxy LD_LIBRARY_PATH=/home/redi/litter/install/spazza_interfaces/lib:${LD_LIBRARY_PATH} PYTHONPATH=/home/redi/litter/install/spazza_interfaces/lib/python3.8/site-packages:${PYTHONPATH} /usr/bin/cmake --install /home/redi/litter/build/online_bdi_spazza
[24.735s] -- Install configuration: ""
[24.736s] -- Installing: /home/redi/litter/install/online_bdi_spazza/include/
[24.736s] -- Installing: /home/redi/litter/install/online_bdi_spazza/include//online_bdi_spazza
[24.736s] -- Installing: /home/redi/litter/install/online_bdi_spazza/share/online_bdi_spazza/environment/library_path.sh
[24.736s] -- Installing: /home/redi/litter/install/online_bdi_spazza/share/online_bdi_spazza/environment/library_path.dsv
[24.736s] -- Installing: /home/redi/litter/install/online_bdi_spazza/lib/online_bdi_spazza/move
[24.745s] -- Set runtime path of "/home/redi/litter/install/online_bdi_spazza/lib/online_bdi_spazza/move" to ""
[24.745s] -- Installing: /home/redi/litter/install/online_bdi_spazza/lib/online_bdi_spazza/pickup
[24.750s] -- Set runtime path of "/home/redi/litter/install/online_bdi_spazza/lib/online_bdi_spazza/pickup" to ""
[24.750s] -- Installing: /home/redi/litter/install/online_bdi_spazza/lib/online_bdi_spazza/putdown
[24.754s] -- Set runtime path of "/home/redi/litter/install/online_bdi_spazza/lib/online_bdi_spazza/putdown" to ""
[24.755s] -- Installing: /home/redi/litter/install/online_bdi_spazza/share/online_bdi_spazza/launch
[24.755s] -- Installing: /home/redi/litter/install/online_bdi_spazza/share/online_bdi_spazza/launch/init_e_puck
[24.755s] -- Installing: /home/redi/litter/install/online_bdi_spazza/share/online_bdi_spazza/launch/init_e_puck/tmp.txt
[24.760s] -- Installing: /home/redi/litter/install/online_bdi_spazza/share/online_bdi_spazza/launch/init_e_puck/init_rrules.yaml
[24.761s] -- Installing: /home/redi/litter/install/online_bdi_spazza/share/online_bdi_spazza/launch/init_e_puck/init_e_puck_dset.yaml
[24.761s] -- Installing: /home/redi/litter/install/online_bdi_spazza/share/online_bdi_spazza/launch/init_e_puck/init_e_puck_bset.yaml
[24.761s] -- Installing: /home/redi/litter/install/online_bdi_spazza/share/online_bdi_spazza/launch/init_e_puck/init_generator.cpp
[24.762s] -- Installing: /home/redi/litter/install/online_bdi_spazza/share/online_bdi_spazza/launch/init_e_puck/a.out
[24.763s] -- Installing: /home/redi/litter/install/online_bdi_spazza/share/online_bdi_spazza/launch/init_e_puck/init_bset.yaml
[24.763s] -- Installing: /home/redi/litter/install/online_bdi_spazza/share/online_bdi_spazza/launch/init_e_puck/init_dset.yaml
[24.763s] -- Installing: /home/redi/litter/install/online_bdi_spazza/share/online_bdi_spazza/launch/init_e_puck/init_e_puck_rrules.yaml
[24.764s] -- Installing: /home/redi/litter/install/online_bdi_spazza/share/online_bdi_spazza/launch/online_launcher.launch.py
[24.764s] -- Installing: /home/redi/litter/install/online_bdi_spazza/share/online_bdi_spazza/pddl
[24.764s] -- Installing: /home/redi/litter/install/online_bdi_spazza/share/online_bdi_spazza/pddl/e_puck
[24.765s] -- Installing: /home/redi/litter/install/online_bdi_spazza/share/online_bdi_spazza/pddl/e_puck/spazza-domain.pddl
[24.765s] -- Installing: /home/redi/litter/install/online_bdi_spazza/share/online_bdi_spazza/pddl/e_puck/generate_pddl_properties.cpp
[24.765s] -- Installing: /home/redi/litter/install/online_bdi_spazza/share/online_bdi_spazza/pddl/e_puck/spazza_problem.pddl
[24.765s] -- Installing: /home/redi/litter/install/online_bdi_spazza/share/ament_index/resource_index/package_run_dependencies/online_bdi_spazza
[24.766s] -- Installing: /home/redi/litter/install/online_bdi_spazza/share/ament_index/resource_index/parent_prefix_path/online_bdi_spazza
[24.766s] -- Up-to-date: /home/redi/litter/install/online_bdi_spazza/share/online_bdi_spazza/environment/ament_prefix_path.sh
[24.767s] -- Installing: /home/redi/litter/install/online_bdi_spazza/share/online_bdi_spazza/environment/ament_prefix_path.dsv
[24.767s] -- Up-to-date: /home/redi/litter/install/online_bdi_spazza/share/online_bdi_spazza/environment/path.sh
[24.767s] -- Installing: /home/redi/litter/install/online_bdi_spazza/share/online_bdi_spazza/environment/path.dsv
[24.768s] -- Up-to-date: /home/redi/litter/install/online_bdi_spazza/share/online_bdi_spazza/local_setup.bash
[24.768s] -- Installing: /home/redi/litter/install/online_bdi_spazza/share/online_bdi_spazza/local_setup.sh
[24.768s] -- Up-to-date: /home/redi/litter/install/online_bdi_spazza/share/online_bdi_spazza/local_setup.zsh
[24.769s] -- Installing: /home/redi/litter/install/online_bdi_spazza/share/online_bdi_spazza/local_setup.dsv
[24.769s] -- Installing: /home/redi/litter/install/online_bdi_spazza/share/online_bdi_spazza/package.dsv
[24.770s] -- Up-to-date: /home/redi/litter/install/online_bdi_spazza/share/ament_index/resource_index/packages/online_bdi_spazza
[24.770s] -- Installing: /home/redi/litter/install/online_bdi_spazza/share/online_bdi_spazza/cmake/ament_cmake_export_include_directories-extras.cmake
[24.770s] -- Installing: /home/redi/litter/install/online_bdi_spazza/share/online_bdi_spazza/cmake/ament_cmake_export_libraries-extras.cmake
[24.771s] -- Installing: /home/redi/litter/install/online_bdi_spazza/share/online_bdi_spazza/cmake/online_bdi_spazzaConfig.cmake
[24.771s] -- Up-to-date: /home/redi/litter/install/online_bdi_spazza/share/online_bdi_spazza/cmake/online_bdi_spazzaConfig-version.cmake
[24.771s] -- Installing: /home/redi/litter/install/online_bdi_spazza/share/online_bdi_spazza/package.xml
[24.776s] Invoked command in '/home/redi/litter/build/online_bdi_spazza' returned '0': AMENT_PREFIX_PATH=/home/redi/litter/install/spazza_interfaces:${AMENT_PREFIX_PATH} CMAKE_PREFIX_PATH=/home/redi/litter/install/spazza_interfaces:/home/redi/examples/install/spazza_interfaces:/home/redi/examples/install/bdi_spazza:/home/redi/ws2/install/ros2_bdi_on_webots:/home/redi/ws2/install/webots_ros2_simulations_interfaces:/home/redi/ws2/install/common_interfaces:/home/redi/ws2/install/visualization_msgs:/home/redi/ws2/install/test_msgs:/home/redi/ws2/install/ros2_bdi_tests:/home/redi/ws2/install/ros2_bdi_on_litter_world:/home/redi/ws2/install/ros2_bdi_skills:/home/redi/ws2/install/ros2_bdi_core:/home/redi/ws2/install/ros2_bdi_utils:/home/redi/ws2/install/plansys2_javaff_plan_solver:/home/redi/ws2/install/javaff_interfaces:/home/redi/ws2/install/ros2_bdi_interfaces:/home/redi/ws2/install/plansys2_tools:/home/redi/ws2/install/plansys2_terminal:/home/redi/ws2/install/plansys2_bt_actions:/home/redi/ws2/install/plansys2_bringup:/home/redi/ws2/install/plansys2_executor:/home/redi/ws2/install/plansys2_planner:/home/redi/ws2/install/plansys2_problem_expert:/home/redi/ws2/install/plansys2_domain_expert:/home/redi/ws2/install/plansys2_popf_plan_solver:/home/redi/ws2/install/plansys2_core:/home/redi/ws2/install/plansys2_pddl_parser:/home/redi/ws2/install/plansys2_msgs:/home/redi/ws2/install/example_interfaces:/home/redi/ws2/install/action_msgs:/home/redi/ws2/install/unique_identifier_msgs:/home/redi/ws2/install/trajectory_msgs:/home/redi/ws2/install/stereo_msgs:/home/redi/ws2/install/std_srvs:/home/redi/ws2/install/shape_msgs:/home/redi/ws2/install/sensor_msgs:/home/redi/ws2/install/nav_msgs:/home/redi/ws2/install/diagnostic_msgs:/home/redi/ws2/install/geometry_msgs:/home/redi/ws2/install/actionlib_msgs:/home/redi/ws2/install/std_msgs:/home/redi/ws2/install/statistics_msgs:/home/redi/ws2/install/rosgraph_msgs:/home/redi/ws2/install/rcljava:/home/redi/ws2/install/composition_interfaces:/home/redi/ws2/install/rcl_interfaces:/home/redi/ws2/install/plansys2_lifecycle_manager:/home/redi/ws2/install/litter_world_interfaces:/home/redi/ws2/install/lifecycle_msgs:/home/redi/ws2/install/builtin_interfaces:/home/redi/ws2/install/rosidl_default_runtime:/home/redi/ws2/install/rosidl_default_generators:/home/redi/ws2/install/rosidl_generator_java:/home/redi/ws2/install/ros2_bdi_bringup:/home/redi/ws2/install/rcljava_common:/home/redi/ws2/install/ament_cmake_export_jni_libraries:/home/redi/ws2/install/ament_cmake_export_jars:/home/redi/ws2/install/ament_java_resources:/home/redi/examples/install/test_pkg:/home/redi/examples/install/spazza:/home/redi/examples/install/collision_avoidance:/home/redi/ws2/install/webots_ros2_simulations:/home/redi/ws2/install/javaff:/home/redi/ws2/install/litter_world:/home/redi/ws2/install/sensor_msgs_py:/home/redi/ws2/install/ament_build_type_gradle:/opt/ros/foxy LD_LIBRARY_PATH=/home/redi/litter/install/spazza_interfaces/lib:${LD_LIBRARY_PATH} PYTHONPATH=/home/redi/litter/install/spazza_interfaces/lib/python3.8/site-packages:${PYTHONPATH} /usr/bin/cmake --install /home/redi/litter/build/online_bdi_spazza
