running egg_info
writing ../build/my_package/my_package.egg-info/PKG-INFO
writing dependency_links to ../build/my_package/my_package.egg-info/dependency_links.txt
writing entry points to ../build/my_package/my_package.egg-info/entry_points.txt
writing requirements to ../build/my_package/my_package.egg-info/requires.txt
writing top-level names to ../build/my_package/my_package.egg-info/top_level.txt
reading manifest file '../build/my_package/my_package.egg-info/SOURCES.txt'
writing manifest file '../build/my_package/my_package.egg-info/SOURCES.txt'
running build
running build_py
copying my_package/my_robot_driver.py -> /home/redi/examples/build/my_package/build/lib/my_package
running install
running install_lib
copying /home/redi/examples/build/my_package/build/lib/my_package/my_robot_driver.py -> /home/redi/examples/install/my_package/lib/python3.8/site-packages/my_package
byte-compiling /home/redi/examples/install/my_package/lib/python3.8/site-packages/my_package/my_robot_driver.py to my_robot_driver.cpython-38.pyc
running install_data
copying launch/robot_launch.py -> /home/redi/examples/install/my_package/share/my_package/launch
running install_egg_info
removing '/home/redi/examples/install/my_package/lib/python3.8/site-packages/my_package-0.0.0-py3.8.egg-info' (and everything under it)
Copying ../build/my_package/my_package.egg-info to /home/redi/examples/install/my_package/lib/python3.8/site-packages/my_package-0.0.0-py3.8.egg-info
running install_scripts
Installing my_robot_driver script to /home/redi/examples/install/my_package/lib/my_package
writing list of installed files to '/home/redi/examples/build/my_package/install.log'
