[0.827s] Invoking command in '/home/redi/examples/my_package': PYTHONPATH=/home/redi/examples/build/my_package/prefix_override:/home/redi/examples/install/my_package/lib/python3.8/site-packages:${PYTHONPATH} /usr/bin/python3 setup.py egg_info --egg-base ../build/my_package build --build-base /home/redi/examples/build/my_package/build install --record /home/redi/examples/build/my_package/install.log --install-scripts $base/lib/my_package --single-version-externally-managed
[1.071s] running egg_info
[1.071s] writing ../build/my_package/my_package.egg-info/PKG-INFO
[1.077s] writing dependency_links to ../build/my_package/my_package.egg-info/dependency_links.txt
[1.077s] writing entry points to ../build/my_package/my_package.egg-info/entry_points.txt
[1.077s] writing requirements to ../build/my_package/my_package.egg-info/requires.txt
[1.077s] writing top-level names to ../build/my_package/my_package.egg-info/top_level.txt
[1.110s] reading manifest file '../build/my_package/my_package.egg-info/SOURCES.txt'
[1.111s] writing manifest file '../build/my_package/my_package.egg-info/SOURCES.txt'
[1.111s] running build
[1.111s] running build_py
[1.113s] copying my_package/my_robot_driver.py -> /home/redi/examples/build/my_package/build/lib/my_package
[1.113s] running install
[1.114s] running install_lib
[1.115s] copying /home/redi/examples/build/my_package/build/lib/my_package/my_robot_driver.py -> /home/redi/examples/install/my_package/lib/python3.8/site-packages/my_package
[1.115s] byte-compiling /home/redi/examples/install/my_package/lib/python3.8/site-packages/my_package/my_robot_driver.py to my_robot_driver.cpython-38.pyc
[1.117s] running install_data
[1.118s] copying launch/robot_launch.py -> /home/redi/examples/install/my_package/share/my_package/launch
[1.119s] running install_egg_info
[1.121s] removing '/home/redi/examples/install/my_package/lib/python3.8/site-packages/my_package-0.0.0-py3.8.egg-info' (and everything under it)
[1.121s] Copying ../build/my_package/my_package.egg-info to /home/redi/examples/install/my_package/lib/python3.8/site-packages/my_package-0.0.0-py3.8.egg-info
[1.122s] running install_scripts
[1.142s] Installing my_robot_driver script to /home/redi/examples/install/my_package/lib/my_package
[1.142s] writing list of installed files to '/home/redi/examples/build/my_package/install.log'
[1.163s] Invoked command in '/home/redi/examples/my_package' returned '0': PYTHONPATH=/home/redi/examples/build/my_package/prefix_override:/home/redi/examples/install/my_package/lib/python3.8/site-packages:${PYTHONPATH} /usr/bin/python3 setup.py egg_info --egg-base ../build/my_package build --build-base /home/redi/examples/build/my_package/build install --record /home/redi/examples/build/my_package/install.log --install-scripts $base/lib/my_package --single-version-externally-managed
