[0.727s] Invoking command in '/home/redi/examples/collision_avoidance': PYTHONPATH=/home/redi/examples/build/collision_avoidance/prefix_override:/home/redi/examples/install/collision_avoidance/lib/python3.8/site-packages:${PYTHONPATH} /usr/bin/python3 setup.py egg_info --egg-base ../build/collision_avoidance build --build-base /home/redi/examples/build/collision_avoidance/build install --record /home/redi/examples/build/collision_avoidance/install.log --install-scripts $base/lib/collision_avoidance --single-version-externally-managed
[0.975s] running egg_info
[0.975s] writing ../build/collision_avoidance/collision_avoidance.egg-info/PKG-INFO
[0.975s] writing dependency_links to ../build/collision_avoidance/collision_avoidance.egg-info/dependency_links.txt
[0.975s] writing entry points to ../build/collision_avoidance/collision_avoidance.egg-info/entry_points.txt
[0.976s] writing requirements to ../build/collision_avoidance/collision_avoidance.egg-info/requires.txt
[0.976s] writing top-level names to ../build/collision_avoidance/collision_avoidance.egg-info/top_level.txt
[1.009s] reading manifest file '../build/collision_avoidance/collision_avoidance.egg-info/SOURCES.txt'
[1.010s] writing manifest file '../build/collision_avoidance/collision_avoidance.egg-info/SOURCES.txt'
[1.010s] running build
[1.010s] running build_py
[1.011s] running install
[1.012s] running install_lib
[1.014s] running install_data
[1.015s] running install_egg_info
[1.016s] removing '/home/redi/examples/install/collision_avoidance/lib/python3.8/site-packages/collision_avoidance-0.0.0-py3.8.egg-info' (and everything under it)
[1.017s] Copying ../build/collision_avoidance/collision_avoidance.egg-info to /home/redi/examples/install/collision_avoidance/lib/python3.8/site-packages/collision_avoidance-0.0.0-py3.8.egg-info
[1.017s] running install_scripts
[1.034s] Installing my_robot_driver script to /home/redi/examples/install/collision_avoidance/lib/collision_avoidance
[1.034s] writing list of installed files to '/home/redi/examples/build/collision_avoidance/install.log'
[1.062s] Invoked command in '/home/redi/examples/collision_avoidance' returned '0': PYTHONPATH=/home/redi/examples/build/collision_avoidance/prefix_override:/home/redi/examples/install/collision_avoidance/lib/python3.8/site-packages:${PYTHONPATH} /usr/bin/python3 setup.py egg_info --egg-base ../build/collision_avoidance build --build-base /home/redi/examples/build/collision_avoidance/build install --record /home/redi/examples/build/collision_avoidance/install.log --install-scripts $base/lib/collision_avoidance --single-version-externally-managed
