[0.021s] Invoking command in '/home/redi/litter/build/online_bdi_spazza': CMAKE_PREFIX_PATH=${CMAKE_PREFIX_PATH}:/home/redi/examples/install/test_pkg:/home/redi/examples/install/spazza:/home/redi/examples/install/collision_avoidance:/home/redi/ws2/install/webots_ros2_simulations:/home/redi/ws2/install/javaff:/home/redi/ws2/install/litter_world:/home/redi/ws2/install/sensor_msgs_py:/home/redi/ws2/install/ament_build_type_gradle:/opt/ros/foxy /usr/bin/cmake /home/redi/litter/src/online_bdi_spazza -DCMAKE_INSTALL_PREFIX=/home/redi/litter/install/online_bdi_spazza
[0.143s] -- The C compiler identification is GNU 9.4.0
[0.222s] -- The CXX compiler identification is GNU 9.4.0
[0.230s] -- Check for working C compiler: /usr/bin/cc
[0.355s] -- Check for working C compiler: /usr/bin/cc -- works
[0.356s] -- Detecting C compiler ABI info
[0.486s] -- Detecting C compiler ABI info - done
[0.498s] -- Detecting C compile features
[0.499s] -- Detecting C compile features - done
[0.501s] -- Check for working CXX compiler: /usr/bin/c++
[0.638s] -- Check for working CXX compiler: /usr/bin/c++ -- works
[0.639s] -- Detecting CXX compiler ABI info
[0.781s] -- Detecting CXX compiler ABI info - done
[0.794s] -- Detecting CXX compile features
[0.794s] -- Detecting CXX compile features - done
[0.804s] -- Found ament_cmake: 0.9.11 (/opt/ros/foxy/share/ament_cmake/cmake)
[0.866s] -- Found PythonInterp: /usr/bin/python3 (found suitable version "3.8.10", minimum required is "3") 
[0.866s] -- Using PYTHON_EXECUTABLE: /usr/bin/python3
[1.178s] -- Found rclpy: 1.0.11 (/opt/ros/foxy/share/rclpy/cmake)
[1.187s] -- Found ament_lint_auto: 0.9.7 (/opt/ros/foxy/share/ament_lint_auto/cmake)
[1.358s] -- Added test 'copyright' to check source files copyright and LICENSE
[1.362s] -- Added test 'lint_cmake' to check CMake code style
[1.364s] -- Added test 'xmllint' to check XML markup files
[1.368s] -- Configuring done
[1.369s] -- Generating done
[1.370s] -- Build files have been written to: /home/redi/litter/build/online_bdi_spazza
[1.374s] Invoked command in '/home/redi/litter/build/online_bdi_spazza' returned '0': CMAKE_PREFIX_PATH=${CMAKE_PREFIX_PATH}:/home/redi/examples/install/test_pkg:/home/redi/examples/install/spazza:/home/redi/examples/install/collision_avoidance:/home/redi/ws2/install/webots_ros2_simulations:/home/redi/ws2/install/javaff:/home/redi/ws2/install/litter_world:/home/redi/ws2/install/sensor_msgs_py:/home/redi/ws2/install/ament_build_type_gradle:/opt/ros/foxy /usr/bin/cmake /home/redi/litter/src/online_bdi_spazza -DCMAKE_INSTALL_PREFIX=/home/redi/litter/install/online_bdi_spazza
[1.377s] Invoking command in '/home/redi/litter/build/online_bdi_spazza': CMAKE_PREFIX_PATH=${CMAKE_PREFIX_PATH}:/home/redi/examples/install/test_pkg:/home/redi/examples/install/spazza:/home/redi/examples/install/collision_avoidance:/home/redi/ws2/install/webots_ros2_simulations:/home/redi/ws2/install/javaff:/home/redi/ws2/install/litter_world:/home/redi/ws2/install/sensor_msgs_py:/home/redi/ws2/install/ament_build_type_gradle:/opt/ros/foxy /usr/bin/cmake --build /home/redi/litter/build/online_bdi_spazza -- -j8 -l8
[1.469s] Invoked command in '/home/redi/litter/build/online_bdi_spazza' returned '0': CMAKE_PREFIX_PATH=${CMAKE_PREFIX_PATH}:/home/redi/examples/install/test_pkg:/home/redi/examples/install/spazza:/home/redi/examples/install/collision_avoidance:/home/redi/ws2/install/webots_ros2_simulations:/home/redi/ws2/install/javaff:/home/redi/ws2/install/litter_world:/home/redi/ws2/install/sensor_msgs_py:/home/redi/ws2/install/ament_build_type_gradle:/opt/ros/foxy /usr/bin/cmake --build /home/redi/litter/build/online_bdi_spazza -- -j8 -l8
[1.553s] Invoking command in '/home/redi/litter/build/online_bdi_spazza': CMAKE_PREFIX_PATH=${CMAKE_PREFIX_PATH}:/home/redi/examples/install/test_pkg:/home/redi/examples/install/spazza:/home/redi/examples/install/collision_avoidance:/home/redi/ws2/install/webots_ros2_simulations:/home/redi/ws2/install/javaff:/home/redi/ws2/install/litter_world:/home/redi/ws2/install/sensor_msgs_py:/home/redi/ws2/install/ament_build_type_gradle:/opt/ros/foxy /usr/bin/cmake --install /home/redi/litter/build/online_bdi_spazza
[1.573s] -- Install configuration: ""
[1.574s] -- Installing: /home/redi/litter/install/online_bdi_spazza/share/ament_index/resource_index/package_run_dependencies/online_bdi_spazza
[1.574s] -- Installing: /home/redi/litter/install/online_bdi_spazza/share/ament_index/resource_index/parent_prefix_path/online_bdi_spazza
[1.574s] -- Installing: /home/redi/litter/install/online_bdi_spazza/share/online_bdi_spazza/environment/ament_prefix_path.sh
[1.574s] -- Installing: /home/redi/litter/install/online_bdi_spazza/share/online_bdi_spazza/environment/ament_prefix_path.dsv
[1.574s] -- Installing: /home/redi/litter/install/online_bdi_spazza/share/online_bdi_spazza/environment/path.sh
[1.574s] -- Installing: /home/redi/litter/install/online_bdi_spazza/share/online_bdi_spazza/environment/path.dsv
[1.575s] -- Installing: /home/redi/litter/install/online_bdi_spazza/share/online_bdi_spazza/local_setup.bash
[1.575s] -- Installing: /home/redi/litter/install/online_bdi_spazza/share/online_bdi_spazza/local_setup.sh
[1.575s] -- Installing: /home/redi/litter/install/online_bdi_spazza/share/online_bdi_spazza/local_setup.zsh
[1.575s] -- Installing: /home/redi/litter/install/online_bdi_spazza/share/online_bdi_spazza/local_setup.dsv
[1.575s] -- Installing: /home/redi/litter/install/online_bdi_spazza/share/online_bdi_spazza/package.dsv
[1.575s] -- Installing: /home/redi/litter/install/online_bdi_spazza/share/ament_index/resource_index/packages/online_bdi_spazza
[1.576s] -- Installing: /home/redi/litter/install/online_bdi_spazza/share/online_bdi_spazza/cmake/online_bdi_spazzaConfig.cmake
[1.576s] -- Installing: /home/redi/litter/install/online_bdi_spazza/share/online_bdi_spazza/cmake/online_bdi_spazzaConfig-version.cmake
[1.576s] -- Installing: /home/redi/litter/install/online_bdi_spazza/share/online_bdi_spazza/package.xml
[1.579s] Invoked command in '/home/redi/litter/build/online_bdi_spazza' returned '0': CMAKE_PREFIX_PATH=${CMAKE_PREFIX_PATH}:/home/redi/examples/install/test_pkg:/home/redi/examples/install/spazza:/home/redi/examples/install/collision_avoidance:/home/redi/ws2/install/webots_ros2_simulations:/home/redi/ws2/install/javaff:/home/redi/ws2/install/litter_world:/home/redi/ws2/install/sensor_msgs_py:/home/redi/ws2/install/ament_build_type_gradle:/opt/ros/foxy /usr/bin/cmake --install /home/redi/litter/build/online_bdi_spazza
