running egg_info
writing ../build/collision_avoidance/collision_avoidance.egg-info/PKG-INFO
writing dependency_links to ../build/collision_avoidance/collision_avoidance.egg-info/dependency_links.txt
writing entry points to ../build/collision_avoidance/collision_avoidance.egg-info/entry_points.txt
writing requirements to ../build/collision_avoidance/collision_avoidance.egg-info/requires.txt
writing top-level names to ../build/collision_avoidance/collision_avoidance.egg-info/top_level.txt
reading manifest file '../build/collision_avoidance/collision_avoidance.egg-info/SOURCES.txt'
writing manifest file '../build/collision_avoidance/collision_avoidance.egg-info/SOURCES.txt'
running build
running build_py
running install
running install_lib
running install_data
copying launch/robot_launch.py -> /home/redi/examples/install/collision_avoidance/share/collision_avoidance/launch
running install_egg_info
removing '/home/redi/examples/install/collision_avoidance/lib/python3.8/site-packages/collision_avoidance-0.0.0-py3.8.egg-info' (and everything under it)
Copying ../build/collision_avoidance/collision_avoidance.egg-info to /home/redi/examples/install/collision_avoidance/lib/python3.8/site-packages/collision_avoidance-0.0.0-py3.8.egg-info
running install_scripts
Installing my_robot_driver script to /home/redi/examples/install/collision_avoidance/lib/collision_avoidance
writing list of installed files to '/home/redi/examples/build/collision_avoidance/install.log'
