[0.703s] Invoking command in '/home/redi/examples/litter': PYTHONPATH=/home/redi/examples/build/litter/prefix_override:/home/redi/examples/install/litter/lib/python3.8/site-packages:${PYTHONPATH} /usr/bin/python3 setup.py egg_info --egg-base ../build/litter build --build-base /home/redi/examples/build/litter/build install --record /home/redi/examples/build/litter/install.log --install-scripts $base/lib/litter --single-version-externally-managed
[0.958s] running egg_info
[0.959s] writing ../build/litter/litter.egg-info/PKG-INFO
[0.959s] writing dependency_links to ../build/litter/litter.egg-info/dependency_links.txt
[0.959s] writing entry points to ../build/litter/litter.egg-info/entry_points.txt
[0.959s] writing requirements to ../build/litter/litter.egg-info/requires.txt
[0.960s] writing top-level names to ../build/litter/litter.egg-info/top_level.txt
[0.991s] reading manifest file '../build/litter/litter.egg-info/SOURCES.txt'
[0.991s] writing manifest file '../build/litter/litter.egg-info/SOURCES.txt'
[0.992s] running build
[0.992s] running build_py
[0.992s] running install
[0.993s] running install_lib
[0.994s] running install_data
[0.994s] running install_egg_info
[0.996s] removing '/home/redi/examples/install/litter/lib/python3.8/site-packages/litter-0.0.0-py3.8.egg-info' (and everything under it)
[0.996s] Copying ../build/litter/litter.egg-info to /home/redi/examples/install/litter/lib/python3.8/site-packages/litter-0.0.0-py3.8.egg-info
[0.997s] running install_scripts
[1.014s] Installing robot_driver script to /home/redi/examples/install/litter/lib/litter
[1.014s] writing list of installed files to '/home/redi/examples/build/litter/install.log'
[1.036s] Invoked command in '/home/redi/examples/litter' returned '0': PYTHONPATH=/home/redi/examples/build/litter/prefix_override:/home/redi/examples/install/litter/lib/python3.8/site-packages:${PYTHONPATH} /usr/bin/python3 setup.py egg_info --egg-base ../build/litter build --build-base /home/redi/examples/build/litter/build install --record /home/redi/examples/build/litter/install.log --install-scripts $base/lib/litter --single-version-externally-managed
