[0.526s] DEBUG:colcon:Command line arguments: ['/usr/bin/colcon', 'build', '--packages-select', 'litter']
[0.526s] DEBUG:colcon:Parsed command line arguments: Namespace(allow_overriding=[], ament_cmake_args=None, ament_gradle_args=None, ament_gradle_task=None, base_paths=['.'], build_base='build', catkin_cmake_args=None, catkin_skip_building_tests=False, cmake_args=None, cmake_clean_cache=False, cmake_clean_first=False, cmake_force_configure=False, cmake_target=None, cmake_target_skip_unavailable=False, continue_on_error=False, event_handlers=None, executor='parallel', gradle_args=None, gradle_task=None, ignore_user_meta=False, install_base='install', log_base=None, log_level=None, main=<bound method BuildVerb.main of <colcon_core.verb.build.BuildVerb object at 0x7fa25c792250>>, merge_install=False, metas=['./colcon.meta'], packages_above=None, packages_above_and_dependencies=None, packages_above_depth=None, packages_end=None, packages_ignore=None, packages_ignore_regex=None, packages_select=['litter'], packages_select_build_failed=False, packages_select_by_dep=None, packages_select_regex=None, packages_select_test_failures=False, packages_skip=None, packages_skip_build_finished=False, packages_skip_by_dep=None, packages_skip_regex=None, packages_skip_test_passed=False, packages_skip_up_to=None, packages_start=None, packages_up_to=None, packages_up_to_regex=None, parallel_workers=8, paths=None, symlink_install=False, test_result_base=None, verb_extension=<colcon_core.verb.build.BuildVerb object at 0x7fa25c792250>, verb_name='build', verb_parser=<colcon_defaults.argument_parser.defaults.DefaultArgumentsDecorator object at 0x7fa25c792790>)
[0.628s] Level 1:colcon.colcon_core.package_discovery:discover_packages(colcon_meta) check parameters
[0.628s] Level 1:colcon.colcon_core.package_discovery:discover_packages(recursive) check parameters
[0.628s] Level 1:colcon.colcon_core.package_discovery:discover_packages(ignore) check parameters
[0.628s] Level 1:colcon.colcon_core.package_discovery:discover_packages(path) check parameters
[0.629s] Level 1:colcon.colcon_core.package_discovery:discover_packages(colcon_meta) discover
[0.629s] Level 1:colcon.colcon_core.package_discovery:discover_packages(recursive) discover
[0.629s] INFO:colcon.colcon_core.package_discovery:Crawling recursively for packages in '/home/redi/examples'
[0.629s] Level 1:colcon.colcon_core.package_identification:_identify(.) by extensions ['ignore', 'ignore_ament_install']
[0.629s] Level 1:colcon.colcon_core.package_identification:_identify(.) by extension 'ignore'
[0.629s] Level 1:colcon.colcon_core.package_identification:_identify(.) by extension 'ignore_ament_install'
[0.630s] Level 1:colcon.colcon_core.package_identification:_identify(.) by extensions ['colcon_pkg']
[0.630s] Level 1:colcon.colcon_core.package_identification:_identify(.) by extension 'colcon_pkg'
[0.630s] Level 1:colcon.colcon_core.package_identification:_identify(.) by extensions ['colcon_meta']
[0.630s] Level 1:colcon.colcon_core.package_identification:_identify(.) by extension 'colcon_meta'
[0.630s] Level 1:colcon.colcon_core.package_identification:_identify(.) by extensions ['ament_gradle']
[0.630s] Level 1:colcon.colcon_core.package_identification:_identify(.) by extension 'ament_gradle'
[0.630s] Level 1:colcon.colcon_core.package_identification:_identify(.) by extensions ['ros']
[0.630s] Level 1:colcon.colcon_core.package_identification:_identify(.) by extension 'ros'
[0.655s] Level 1:colcon.colcon_core.package_identification:_identify(.) by extensions ['cmake', 'gradle', 'python']
[0.655s] Level 1:colcon.colcon_core.package_identification:_identify(.) by extension 'cmake'
[0.655s] Level 1:colcon.colcon_core.package_identification:_identify(.) by extension 'gradle'
[0.655s] Level 1:colcon.colcon_core.package_identification:_identify(.) by extension 'python'
[0.655s] Level 1:colcon.colcon_core.package_identification:_identify(.) by extensions ['python_setup_py']
[0.655s] Level 1:colcon.colcon_core.package_identification:_identify(.) by extension 'python_setup_py'
[0.656s] Level 1:colcon.colcon_core.package_identification:_identify(4_wheel_ros) by extensions ['ignore', 'ignore_ament_install']
[0.656s] Level 1:colcon.colcon_core.package_identification:_identify(4_wheel_ros) by extension 'ignore'
[0.656s] Level 1:colcon.colcon_core.package_identification:_identify(4_wheel_ros) by extension 'ignore_ament_install'
[0.656s] Level 1:colcon.colcon_core.package_identification:_identify(4_wheel_ros) by extensions ['colcon_pkg']
[0.656s] Level 1:colcon.colcon_core.package_identification:_identify(4_wheel_ros) by extension 'colcon_pkg'
[0.656s] Level 1:colcon.colcon_core.package_identification:_identify(4_wheel_ros) by extensions ['colcon_meta']
[0.656s] Level 1:colcon.colcon_core.package_identification:_identify(4_wheel_ros) by extension 'colcon_meta'
[0.656s] Level 1:colcon.colcon_core.package_identification:_identify(4_wheel_ros) by extensions ['ament_gradle']
[0.656s] Level 1:colcon.colcon_core.package_identification:_identify(4_wheel_ros) by extension 'ament_gradle'
[0.656s] Level 1:colcon.colcon_core.package_identification:_identify(4_wheel_ros) by extensions ['ros']
[0.657s] Level 1:colcon.colcon_core.package_identification:_identify(4_wheel_ros) by extension 'ros'
[0.664s] DEBUG:colcon.colcon_core.package_identification:Package '4_wheel_ros' with type 'ros.ament_python' and name 'my_package'
[0.664s] Level 1:colcon.colcon_core.package_identification:_identify(build) by extensions ['ignore', 'ignore_ament_install']
[0.664s] Level 1:colcon.colcon_core.package_identification:_identify(build) by extension 'ignore'
[0.665s] Level 1:colcon.colcon_core.package_identification:_identify(build) ignored
[0.665s] Level 1:colcon.colcon_core.package_identification:_identify(collision_avoidance) by extensions ['ignore', 'ignore_ament_install']
[0.665s] Level 1:colcon.colcon_core.package_identification:_identify(collision_avoidance) by extension 'ignore'
[0.665s] Level 1:colcon.colcon_core.package_identification:_identify(collision_avoidance) by extension 'ignore_ament_install'
[0.665s] Level 1:colcon.colcon_core.package_identification:_identify(collision_avoidance) by extensions ['colcon_pkg']
[0.666s] Level 1:colcon.colcon_core.package_identification:_identify(collision_avoidance) by extension 'colcon_pkg'
[0.666s] Level 1:colcon.colcon_core.package_identification:_identify(collision_avoidance) by extensions ['colcon_meta']
[0.666s] Level 1:colcon.colcon_core.package_identification:_identify(collision_avoidance) by extension 'colcon_meta'
[0.666s] Level 1:colcon.colcon_core.package_identification:_identify(collision_avoidance) by extensions ['ament_gradle']
[0.666s] Level 1:colcon.colcon_core.package_identification:_identify(collision_avoidance) by extension 'ament_gradle'
[0.666s] Level 1:colcon.colcon_core.package_identification:_identify(collision_avoidance) by extensions ['ros']
[0.666s] Level 1:colcon.colcon_core.package_identification:_identify(collision_avoidance) by extension 'ros'
[0.668s] DEBUG:colcon.colcon_core.package_identification:Package 'collision_avoidance' with type 'ros.ament_python' and name 'collision_avoidance'
[0.668s] Level 1:colcon.colcon_core.package_identification:_identify(install) by extensions ['ignore', 'ignore_ament_install']
[0.668s] Level 1:colcon.colcon_core.package_identification:_identify(install) by extension 'ignore'
[0.668s] Level 1:colcon.colcon_core.package_identification:_identify(install) ignored
[0.668s] Level 1:colcon.colcon_core.package_identification:_identify(litter) by extensions ['ignore', 'ignore_ament_install']
[0.669s] Level 1:colcon.colcon_core.package_identification:_identify(litter) by extension 'ignore'
[0.669s] Level 1:colcon.colcon_core.package_identification:_identify(litter) by extension 'ignore_ament_install'
[0.669s] Level 1:colcon.colcon_core.package_identification:_identify(litter) by extensions ['colcon_pkg']
[0.669s] Level 1:colcon.colcon_core.package_identification:_identify(litter) by extension 'colcon_pkg'
[0.669s] Level 1:colcon.colcon_core.package_identification:_identify(litter) by extensions ['colcon_meta']
[0.669s] Level 1:colcon.colcon_core.package_identification:_identify(litter) by extension 'colcon_meta'
[0.669s] Level 1:colcon.colcon_core.package_identification:_identify(litter) by extensions ['ament_gradle']
[0.669s] Level 1:colcon.colcon_core.package_identification:_identify(litter) by extension 'ament_gradle'
[0.670s] Level 1:colcon.colcon_core.package_identification:_identify(litter) by extensions ['ros']
[0.670s] Level 1:colcon.colcon_core.package_identification:_identify(litter) by extension 'ros'
[0.671s] DEBUG:colcon.colcon_core.package_identification:Package 'litter' with type 'ros.ament_python' and name 'litter'
[0.672s] Level 1:colcon.colcon_core.package_identification:_identify(log) by extensions ['ignore', 'ignore_ament_install']
[0.672s] Level 1:colcon.colcon_core.package_identification:_identify(log) by extension 'ignore'
[0.672s] Level 1:colcon.colcon_core.package_identification:_identify(log) ignored
[0.672s] Level 1:colcon.colcon_core.package_identification:_identify(my_package) by extensions ['ignore', 'ignore_ament_install']
[0.673s] Level 1:colcon.colcon_core.package_identification:_identify(my_package) by extension 'ignore'
[0.673s] Level 1:colcon.colcon_core.package_identification:_identify(my_package) by extension 'ignore_ament_install'
[0.673s] Level 1:colcon.colcon_core.package_identification:_identify(my_package) by extensions ['colcon_pkg']
[0.673s] Level 1:colcon.colcon_core.package_identification:_identify(my_package) by extension 'colcon_pkg'
[0.673s] Level 1:colcon.colcon_core.package_identification:_identify(my_package) by extensions ['colcon_meta']
[0.673s] Level 1:colcon.colcon_core.package_identification:_identify(my_package) by extension 'colcon_meta'
[0.673s] Level 1:colcon.colcon_core.package_identification:_identify(my_package) by extensions ['ament_gradle']
[0.673s] Level 1:colcon.colcon_core.package_identification:_identify(my_package) by extension 'ament_gradle'
[0.673s] Level 1:colcon.colcon_core.package_identification:_identify(my_package) by extensions ['ros']
[0.673s] Level 1:colcon.colcon_core.package_identification:_identify(my_package) by extension 'ros'
[0.675s] DEBUG:colcon.colcon_core.package_identification:Package 'my_package' with type 'ros.ament_python' and name 'my_package'
[0.675s] Level 1:colcon.colcon_core.package_discovery:discover_packages(recursive) using defaults
[0.675s] Level 1:colcon.colcon_core.package_discovery:discover_packages(ignore) discover
[0.675s] Level 1:colcon.colcon_core.package_discovery:discover_packages(ignore) using defaults
[0.675s] Level 1:colcon.colcon_core.package_discovery:discover_packages(path) discover
[0.675s] Level 1:colcon.colcon_core.package_discovery:discover_packages(path) using defaults
[0.745s] INFO:colcon.colcon_core.package_selection:Skipping not selected package 'collision_avoidance' in 'collision_avoidance'
[0.745s] INFO:colcon.colcon_core.package_selection:Skipping not selected package 'my_package' in 'my_package'
[0.745s] INFO:colcon.colcon_core.package_selection:Skipping not selected package 'my_package' in '4_wheel_ros'
[0.747s] Level 1:colcon.colcon_core.package_discovery:discover_packages(prefix_path) check parameters
[0.747s] Level 1:colcon.colcon_core.package_discovery:discover_packages(prefix_path) discover
[0.759s] DEBUG:colcon.colcon_installed_package_information.package_discovery:Found 3 installed packages in /home/redi/examples/install
[0.764s] DEBUG:colcon.colcon_installed_package_information.package_discovery:Found 60 installed packages in /home/redi/ws2/install
[0.768s] DEBUG:colcon.colcon_installed_package_information.package_discovery:Found 289 installed packages in /opt/ros/foxy
[0.774s] Level 1:colcon.colcon_core.package_discovery:discover_packages(prefix_path) using defaults
[0.984s] Level 5:colcon.colcon_core.verb:set package 'litter' build argument 'ament_gradle_args' from command line to 'None'
[0.984s] Level 5:colcon.colcon_core.verb:set package 'litter' build argument 'ament_gradle_task' from command line to 'None'
[0.984s] Level 5:colcon.colcon_core.verb:set package 'litter' build argument 'cmake_args' from command line to 'None'
[0.984s] Level 5:colcon.colcon_core.verb:set package 'litter' build argument 'cmake_target' from command line to 'None'
[0.984s] Level 5:colcon.colcon_core.verb:set package 'litter' build argument 'cmake_target_skip_unavailable' from command line to 'False'
[0.984s] Level 5:colcon.colcon_core.verb:set package 'litter' build argument 'cmake_clean_cache' from command line to 'False'
[0.984s] Level 5:colcon.colcon_core.verb:set package 'litter' build argument 'cmake_clean_first' from command line to 'False'
[0.984s] Level 5:colcon.colcon_core.verb:set package 'litter' build argument 'cmake_force_configure' from command line to 'False'
[0.984s] Level 5:colcon.colcon_core.verb:set package 'litter' build argument 'gradle_args' from command line to 'None'
[0.985s] Level 5:colcon.colcon_core.verb:set package 'litter' build argument 'gradle_task' from command line to 'None'
[0.985s] Level 5:colcon.colcon_core.verb:set package 'litter' build argument 'ament_cmake_args' from command line to 'None'
[0.985s] Level 5:colcon.colcon_core.verb:set package 'litter' build argument 'catkin_cmake_args' from command line to 'None'
[0.985s] Level 5:colcon.colcon_core.verb:set package 'litter' build argument 'catkin_skip_building_tests' from command line to 'False'
[0.985s] DEBUG:colcon.colcon_core.verb:Building package 'litter' with the following arguments: {'ament_cmake_args': None, 'ament_gradle_args': None, 'ament_gradle_task': None, 'build_base': '/home/redi/examples/build/litter', 'catkin_cmake_args': None, 'catkin_skip_building_tests': False, 'cmake_args': None, 'cmake_clean_cache': False, 'cmake_clean_first': False, 'cmake_force_configure': False, 'cmake_target': None, 'cmake_target_skip_unavailable': False, 'gradle_args': None, 'gradle_task': None, 'install_base': '/home/redi/examples/install/litter', 'merge_install': False, 'path': '/home/redi/examples/litter', 'symlink_install': False, 'test_result_base': None}
[0.986s] INFO:colcon.colcon_core.executor:Executing jobs using 'parallel' executor
[0.995s] DEBUG:colcon.colcon_parallel_executor.executor.parallel:run_until_complete
[0.995s] INFO:colcon.colcon_ros.task.ament_python.build:Building ROS package in '/home/redi/examples/litter' with build type 'ament_python'
[0.996s] Level 1:colcon.colcon_core.shell:create_environment_hook('litter', 'ament_prefix_path')
[1.010s] INFO:colcon.colcon_core.plugin_system:Skipping extension 'colcon_core.shell.bat': Not used on non-Windows systems
[1.010s] INFO:colcon.colcon_core.shell:Creating environment hook '/home/redi/examples/install/litter/share/litter/hook/ament_prefix_path.ps1'
[1.012s] INFO:colcon.colcon_core.shell:Creating environment descriptor '/home/redi/examples/install/litter/share/litter/hook/ament_prefix_path.dsv'
[1.013s] INFO:colcon.colcon_core.shell:Creating environment hook '/home/redi/examples/install/litter/share/litter/hook/ament_prefix_path.sh'
[1.018s] INFO:colcon.colcon_core.shell:Skip shell extension 'powershell' for command environment: Not usable outside of PowerShell
[1.018s] DEBUG:colcon.colcon_core.shell:Skip shell extension 'dsv' for command environment
[1.851s] INFO:colcon.colcon_core.task.python.build:Building Python package in '/home/redi/examples/litter'
[1.855s] INFO:colcon.colcon_core.shell:Skip shell extension 'powershell' for command environment: Not usable outside of PowerShell
[1.855s] DEBUG:colcon.colcon_core.shell:Skip shell extension 'dsv' for command environment
[2.849s] DEBUG:colcon.colcon_core.event_handler.log_command:Invoking command in '/home/redi/examples/litter': PYTHONPATH=/home/redi/examples/build/litter/prefix_override:/home/redi/examples/install/litter/lib/python3.8/site-packages:${PYTHONPATH} /usr/bin/python3 setup.py egg_info --egg-base ../build/litter build --build-base /home/redi/examples/build/litter/build install --record /home/redi/examples/build/litter/install.log --install-scripts $base/lib/litter --single-version-externally-managed
[3.480s] DEBUG:colcon.colcon_core.event_handler.log_command:Invoked command in '/home/redi/examples/litter' returned '0': PYTHONPATH=/home/redi/examples/build/litter/prefix_override:/home/redi/examples/install/litter/lib/python3.8/site-packages:${PYTHONPATH} /usr/bin/python3 setup.py egg_info --egg-base ../build/litter build --build-base /home/redi/examples/build/litter/build install --record /home/redi/examples/build/litter/install.log --install-scripts $base/lib/litter --single-version-externally-managed
[3.496s] Level 1:colcon.colcon_core.environment:checking '/home/redi/examples/install/litter' for CMake module files
[3.497s] Level 1:colcon.colcon_core.environment:checking '/home/redi/examples/install/litter' for CMake config files
[3.498s] Level 1:colcon.colcon_core.environment:checking '/home/redi/examples/install/litter/lib'
[3.499s] Level 1:colcon.colcon_core.environment:checking '/home/redi/examples/install/litter/bin'
[3.499s] Level 1:colcon.colcon_core.environment:checking '/home/redi/examples/install/litter/lib/pkgconfig/litter.pc'
[3.499s] Level 1:colcon.colcon_core.environment:checking '/home/redi/examples/install/litter/lib/python3.8/site-packages'
[3.499s] Level 1:colcon.colcon_core.shell:create_environment_hook('litter', 'pythonpath')
[3.502s] INFO:colcon.colcon_core.shell:Creating environment hook '/home/redi/examples/install/litter/share/litter/hook/pythonpath.ps1'
[3.503s] INFO:colcon.colcon_core.shell:Creating environment descriptor '/home/redi/examples/install/litter/share/litter/hook/pythonpath.dsv'
[3.504s] INFO:colcon.colcon_core.shell:Creating environment hook '/home/redi/examples/install/litter/share/litter/hook/pythonpath.sh'
[3.505s] Level 1:colcon.colcon_core.environment:checking '/home/redi/examples/install/litter/bin'
[3.505s] Level 1:colcon.colcon_core.environment:create_environment_scripts_only(litter)
[3.508s] INFO:colcon.colcon_core.shell:Creating package script '/home/redi/examples/install/litter/share/litter/package.ps1'
[3.510s] INFO:colcon.colcon_core.shell:Creating package descriptor '/home/redi/examples/install/litter/share/litter/package.dsv'
[3.512s] INFO:colcon.colcon_core.shell:Creating package script '/home/redi/examples/install/litter/share/litter/package.sh'
[3.514s] INFO:colcon.colcon_core.shell:Creating package script '/home/redi/examples/install/litter/share/litter/package.bash'
[3.515s] INFO:colcon.colcon_core.shell:Creating package script '/home/redi/examples/install/litter/share/litter/package.zsh'
[3.517s] Level 1:colcon.colcon_core.environment:create_file_with_runtime_dependencies(/home/redi/examples/install/litter/share/colcon-core/packages/litter)
[3.518s] DEBUG:colcon.colcon_parallel_executor.executor.parallel:closing loop
[3.518s] DEBUG:colcon.colcon_parallel_executor.executor.parallel:loop closed
[3.518s] DEBUG:colcon.colcon_parallel_executor.executor.parallel:run_until_complete finished with '0'
[3.519s] DEBUG:colcon.colcon_core.event_reactor:joining thread
[3.541s] INFO:colcon.colcon_core.plugin_system:Skipping extension 'colcon_notification.desktop_notification.terminal_notifier': Not used on non-Darwin systems
[3.542s] INFO:colcon.colcon_core.plugin_system:Skipping extension 'colcon_notification.desktop_notification.win32': Not used on non-Windows systems
[3.542s] INFO:colcon.colcon_notification.desktop_notification:Sending desktop notification using 'notify2'
[3.570s] DEBUG:colcon.colcon_core.event_reactor:joined thread
[3.572s] INFO:colcon.colcon_core.shell:Creating prefix script '/home/redi/examples/install/local_setup.ps1'
[3.574s] INFO:colcon.colcon_core.shell:Creating prefix util module '/home/redi/examples/install/_local_setup_util_ps1.py'
[3.577s] INFO:colcon.colcon_core.shell:Creating prefix chain script '/home/redi/examples/install/setup.ps1'
[3.585s] INFO:colcon.colcon_core.shell:Creating prefix script '/home/redi/examples/install/local_setup.sh'
[3.587s] INFO:colcon.colcon_core.shell:Creating prefix util module '/home/redi/examples/install/_local_setup_util_sh.py'
[3.588s] INFO:colcon.colcon_core.shell:Creating prefix chain script '/home/redi/examples/install/setup.sh'
[3.596s] INFO:colcon.colcon_core.shell:Creating prefix script '/home/redi/examples/install/local_setup.bash'
[3.598s] INFO:colcon.colcon_core.shell:Creating prefix chain script '/home/redi/examples/install/setup.bash'
[3.606s] INFO:colcon.colcon_core.shell:Creating prefix script '/home/redi/examples/install/local_setup.zsh'
[3.608s] INFO:colcon.colcon_core.shell:Creating prefix chain script '/home/redi/examples/install/setup.zsh'
