/home/redi/litter/install/spazza/lib/python3.8/site-packages/spazza/__init__.py
/home/redi/litter/install/spazza/lib/python3.8/site-packages/spazza/supervisor_controller.py
/home/redi/litter/install/spazza/lib/python3.8/site-packages/spazza/pm.py
/home/redi/litter/install/spazza/lib/python3.8/site-packages/spazza/e_puck_controller.py
/home/redi/litter/install/spazza/lib/python3.8/site-packages/spazza/__pycache__/__init__.cpython-38.pyc
/home/redi/litter/install/spazza/lib/python3.8/site-packages/spazza/__pycache__/supervisor_controller.cpython-38.pyc
/home/redi/litter/install/spazza/lib/python3.8/site-packages/spazza/__pycache__/pm.cpython-38.pyc
/home/redi/litter/install/spazza/lib/python3.8/site-packages/spazza/__pycache__/e_puck_controller.cpython-38.pyc
/home/redi/litter/install/spazza/share/ament_index/resource_index/packages/spazza
/home/redi/litter/install/spazza/share/spazza/launch/launcher.launch.py
/home/redi/litter/install/spazza/share/spazza/worlds/litter.wbt
/home/redi/litter/install/spazza/share/spazza/resource/e_puck.urdf
/home/redi/litter/install/spazza/share/spazza/resource/supervisor.urdf
/home/redi/litter/install/spazza/share/spazza/package.xml
/home/redi/litter/install/spazza/lib/python3.8/site-packages/spazza-0.0.0-py3.8.egg-info/entry_points.txt
/home/redi/litter/install/spazza/lib/python3.8/site-packages/spazza-0.0.0-py3.8.egg-info/top_level.txt
/home/redi/litter/install/spazza/lib/python3.8/site-packages/spazza-0.0.0-py3.8.egg-info/PKG-INFO
/home/redi/litter/install/spazza/lib/python3.8/site-packages/spazza-0.0.0-py3.8.egg-info/dependency_links.txt
/home/redi/litter/install/spazza/lib/python3.8/site-packages/spazza-0.0.0-py3.8.egg-info/zip-safe
/home/redi/litter/install/spazza/lib/python3.8/site-packages/spazza-0.0.0-py3.8.egg-info/requires.txt
/home/redi/litter/install/spazza/lib/python3.8/site-packages/spazza-0.0.0-py3.8.egg-info/SOURCES.txt
/home/redi/litter/install/spazza/lib/spazza/my_robot_driver
