[0.686s] Invoking command in '/home/redi/examples/collision_avoidance': PYTHONPATH=/home/redi/examples/build/collision_avoidance/prefix_override:/home/redi/examples/install/collision_avoidance/lib/python3.8/site-packages:${PYTHONPATH} /usr/bin/python3 setup.py egg_info --egg-base ../build/collision_avoidance build --build-base /home/redi/examples/build/collision_avoidance/build install --record /home/redi/examples/build/collision_avoidance/install.log --install-scripts $base/lib/collision_avoidance --single-version-externally-managed
[0.932s] running egg_info
[0.932s] writing ../build/collision_avoidance/collision_avoidance.egg-info/PKG-INFO
[0.932s] writing dependency_links to ../build/collision_avoidance/collision_avoidance.egg-info/dependency_links.txt
[0.932s] writing entry points to ../build/collision_avoidance/collision_avoidance.egg-info/entry_points.txt
[0.932s] writing requirements to ../build/collision_avoidance/collision_avoidance.egg-info/requires.txt
[0.933s] writing top-level names to ../build/collision_avoidance/collision_avoidance.egg-info/top_level.txt
[0.964s] reading manifest file '../build/collision_avoidance/collision_avoidance.egg-info/SOURCES.txt'
[0.964s] writing manifest file '../build/collision_avoidance/collision_avoidance.egg-info/SOURCES.txt'
[0.965s] running build
[0.965s] running build_py
[0.965s] running install
[0.966s] running install_lib
[0.967s] running install_data
[0.967s] copying launch/robot_launch.py -> /home/redi/examples/install/collision_avoidance/share/collision_avoidance/launch
[0.968s] running install_egg_info
[0.969s] removing '/home/redi/examples/install/collision_avoidance/lib/python3.8/site-packages/collision_avoidance-0.0.0-py3.8.egg-info' (and everything under it)
[0.970s] Copying ../build/collision_avoidance/collision_avoidance.egg-info to /home/redi/examples/install/collision_avoidance/lib/python3.8/site-packages/collision_avoidance-0.0.0-py3.8.egg-info
[0.971s] running install_scripts
[0.988s] Installing my_robot_driver script to /home/redi/examples/install/collision_avoidance/lib/collision_avoidance
[0.988s] writing list of installed files to '/home/redi/examples/build/collision_avoidance/install.log'
[1.009s] Invoked command in '/home/redi/examples/collision_avoidance' returned '0': PYTHONPATH=/home/redi/examples/build/collision_avoidance/prefix_override:/home/redi/examples/install/collision_avoidance/lib/python3.8/site-packages:${PYTHONPATH} /usr/bin/python3 setup.py egg_info --egg-base ../build/collision_avoidance build --build-base /home/redi/examples/build/collision_avoidance/build install --record /home/redi/examples/build/collision_avoidance/install.log --install-scripts $base/lib/collision_avoidance --single-version-externally-managed
